2020-08-24 07:17:40 1598246259 DEBUG: URL to check 2
2020-08-24 07:17:40 1598246259 DEBUG: Checking Verifone e-commerce URL https://tpeweb.paybox.com/load.html
2020-08-24 07:17:40 1598246259 DEBUG:   Valid url found: https://tpeweb.paybox.com/cgi/MYframepagepaiement_ip.cgi
2020-08-24 07:17:40 1598246259 DEBUG: Cart 47192: Redirecting customer to Verifone e-commerce (CARTE, CB).
2020-08-24 09:27:27 1598254046 DEBUG: URL to check 2
2020-08-24 09:27:27 1598254046 DEBUG: Checking Verifone e-commerce URL https://tpeweb.paybox.com/load.html
2020-08-24 09:27:27 1598254046 DEBUG:   Valid url found: https://tpeweb.paybox.com/cgi/MYchoix_pagepaiement.cgi
2020-08-24 09:27:27 1598254046 DEBUG: Cart 47197: Redirecting customer to Verifone e-commerce (CARTE, CB).
2020-08-24 10:35:55 1598258155 DEBUG: URL to check 2
2020-08-24 10:35:55 1598258155 DEBUG: Checking Verifone e-commerce URL https://tpeweb.paybox.com/load.html
2020-08-24 10:35:56 1598258155 DEBUG:   Valid url found: https://tpeweb.paybox.com/cgi/MYframepagepaiement_ip.cgi
2020-08-24 10:35:56 1598258155 DEBUG: Cart 47202: Redirecting customer to Verifone e-commerce (CARTE, CB).
2020-08-24 10:37:18 1598258238 DEBUG: URL to check 2
2020-08-24 10:37:18 1598258238 DEBUG: Checking Verifone e-commerce URL https://tpeweb.paybox.com/load.html
2020-08-24 10:37:18 1598258238 DEBUG:   Valid url found: https://tpeweb.paybox.com/cgi/MYframepagepaiement_ip.cgi
2020-08-24 10:37:18 1598258238 DEBUG: Cart 47202: Redirecting customer to Verifone e-commerce (CARTE, CB).
2020-08-24 10:38:21 1598258301 DEBUG: URL to check 2
2020-08-24 10:38:21 1598258301 DEBUG: Checking Verifone e-commerce URL https://tpeweb.paybox.com/load.html
2020-08-24 10:38:21 1598258301 DEBUG:   Valid url found: https://tpeweb.paybox.com/cgi/MYframepagepaiement_ip.cgi
2020-08-24 10:38:21 1598258301 DEBUG: Cart 47202: Redirecting customer to Verifone e-commerce (CARTE, CB).
2020-08-24 10:44:19 1598258659 DEBUG: URL to check 2
2020-08-24 10:44:19 1598258659 DEBUG: Checking Verifone e-commerce URL https://tpeweb.paybox.com/load.html
2020-08-24 10:44:19 1598258659 DEBUG:   Valid url found: https://tpeweb.paybox.com/cgi/MYframepagepaiement_ip.cgi
2020-08-24 10:44:19 1598258659 DEBUG: Cart 47202: Redirecting customer to Verifone e-commerce (CARTE, CB).
2020-08-24 10:45:14 1598258714 DEBUG: URL to check 2
2020-08-24 10:45:14 1598258714 DEBUG: Checking Verifone e-commerce URL https://tpeweb.paybox.com/load.html
2020-08-24 10:45:14 1598258714 DEBUG:   Valid url found: https://tpeweb.paybox.com/cgi/MYframepagepaiement_ip.cgi
2020-08-24 10:45:14 1598258714 DEBUG: Cart 47202: Redirecting customer to Verifone e-commerce (CARTE, CB).
2020-08-24 13:54:18 1598270058 DEBUG: URL to check 2
2020-08-24 13:54:18 1598270058 DEBUG: Checking Verifone e-commerce URL https://tpeweb.paybox.com/load.html
2020-08-24 13:54:18 1598270058 DEBUG:   Valid url found: https://tpeweb.paybox.com/cgi/MYframepagepaiement_ip.cgi
2020-08-24 13:54:18 1598270058 DEBUG: Cart 47206: Redirecting customer to Verifone e-commerce (CARTE, CB).
2020-08-24 13:55:31 1598270131 DEBUG: URL to check 2
2020-08-24 13:55:31 1598270131 DEBUG: Checking Verifone e-commerce URL https://tpeweb.paybox.com/load.html
2020-08-24 13:55:31 1598270131 DEBUG:   Valid url found: https://tpeweb.paybox.com/cgi/MYframepagepaiement_ip.cgi
2020-08-24 13:55:31 1598270131 DEBUG: Cart 47206: Redirecting customer to Verifone e-commerce (CARTE, CB).
2020-08-24 18:25:53 1598286353 DEBUG: URL to check 2
2020-08-24 18:25:53 1598286353 DEBUG: Checking Verifone e-commerce URL https://tpeweb.paybox.com/load.html
2020-08-24 18:25:53 1598286353 DEBUG:   Valid url found: https://tpeweb.paybox.com/cgi/MYchoix_pagepaiement.cgi
2020-08-24 18:25:53 1598286353 DEBUG: Cart 47214: Redirecting customer to Verifone e-commerce (CARTE, CB).
2020-08-24 18:31:42 1598286702 DEBUG: URL to check 2
2020-08-24 18:31:42 1598286702 DEBUG: Checking Verifone e-commerce URL https://tpeweb.paybox.com/load.html
2020-08-24 18:31:42 1598286702 DEBUG:   Valid url found: https://tpeweb.paybox.com/cgi/MYframepagepaiement_ip.cgi
2020-08-24 18:31:42 1598286702 DEBUG: Cart 47213: Redirecting customer to Verifone e-commerce (CARTE, CB).
2020-08-24 18:31:44 1598286704 DEBUG: URL to check 2
2020-08-24 18:31:44 1598286704 DEBUG: Checking Verifone e-commerce URL https://tpeweb.paybox.com/load.html
2020-08-24 18:31:44 1598286704 DEBUG:   Valid url found: https://tpeweb.paybox.com/cgi/MYframepagepaiement_ip.cgi
2020-08-24 18:31:44 1598286704 DEBUG: Cart 47213: Redirecting customer to Verifone e-commerce (CARTE, CB).
2020-08-24 18:32:50 1598286770 DEBUG: Call params: M=4650&R=47213%20-%20Natalia%20%20Lara%20%20Gallardo&T=1497169911&A=962593&B=0&C=Visa&D=2304&E=00000&F=Y&G=O&I=ESP&J=35&N=476664&O=Y&P=CARTE&Q=18%3A31%3A42&S=346976257&W=24082020&Y=ESP&Z=0-0&K=doGn%2FIBleG3GeKwP2wUPoWLEJ00LHQ5j%2BVY4K0WAaxHofmh%2BK8M87vKTYstqLGNqUi7k1xlsC66iprOM6tK%2Bq8LqsKMmjrdR8IUEIrxNXxK3%2B%2FNSpfsF2m%2Bde6V1XX2fCwlj1Ss%2FPUXUgq7A9YCzRtzS2uRNN3LUa%2BDPbUU2LbU%3D
2020-08-24 18:32:50 1598286770 DEBUG: Cart 47213: Standard IPN
2020-08-24 18:32:50 1598286770 DEBUG: Cart 47213: Validating order
2020-08-24 18:32:50 1598286770 DEBUG: Cart 47213: Customer is back from Verifone e-commerce payment page. Waiting order validation (loop 0).
2020-08-24 18:32:51 1598286771 DEBUG: Cart 47213: Customer is back from Verifone e-commerce payment page. Waiting order validation (loop 1).
2020-08-24 18:32:52 1598286770 DEBUG: Cart 47213: Order 5013 validated, creating details
2020-08-24 18:32:52 1598286770 DEBUG: Cart 47213: Order 5013 / Le paiement a été autorisé et capturé par Paybox.
2020-08-24 18:32:52 1598286772 DEBUG: Cart 47213: Customer is back from Verifone e-commerce payment page. Payment success.
2020-08-24 19:42:06 1598290926 DEBUG: URL to check 2
2020-08-24 19:42:06 1598290926 DEBUG: Checking Verifone e-commerce URL https://tpeweb.paybox.com/load.html
2020-08-24 19:42:06 1598290926 DEBUG:   Valid url found: https://tpeweb.paybox.com/cgi/MYchoix_pagepaiement.cgi
2020-08-24 19:42:06 1598290926 DEBUG: Cart 47217: Redirecting customer to Verifone e-commerce (CARTE, CB).
2020-08-24 19:52:11 1598291531 DEBUG: URL to check 2
2020-08-24 19:52:11 1598291531 DEBUG: Checking Verifone e-commerce URL https://tpeweb.paybox.com/load.html
2020-08-24 19:52:11 1598291531 DEBUG:   Valid url found: https://tpeweb.paybox.com/cgi/MYchoix_pagepaiement.cgi
2020-08-24 19:52:11 1598291531 DEBUG: Cart 47217: Redirecting customer to Verifone e-commerce (CARTE, CB).
2020-08-24 20:03:04 1598292184 DEBUG: Cart 47217: Customer is back from Verifone e-commerce payment page. Payment refused by Verifone e-commerce (30).
2020-08-24 20:03:05 1598292185 DEBUG: Cart 47217: Customer is back from Verifone e-commerce payment page. Payment refused by Verifone e-commerce (30).
2020-08-24 20:03:23 1598292203 DEBUG: URL to check 2
2020-08-24 20:03:23 1598292203 DEBUG: Checking Verifone e-commerce URL https://tpeweb.paybox.com/load.html
2020-08-24 20:03:23 1598292203 DEBUG:   Valid url found: https://tpeweb.paybox.com/cgi/MYchoix_pagepaiement.cgi
2020-08-24 20:03:23 1598292203 DEBUG: Cart 47217: Redirecting customer to Verifone e-commerce (CARTE, CB).
2020-08-24 20:03:59 1598292239 DEBUG: URL to check 2
2020-08-24 20:03:59 1598292239 DEBUG: Checking Verifone e-commerce URL https://tpeweb.paybox.com/load.html
2020-08-24 20:03:59 1598292239 DEBUG:   Valid url found: https://tpeweb.paybox.com/cgi/MYchoix_pagepaiement.cgi
2020-08-24 20:03:59 1598292239 DEBUG: Cart 47217: Redirecting customer to Verifone e-commerce (CARTE, CB).
2020-08-24 20:07:01 1598292420 DEBUG: URL to check 2
2020-08-24 20:07:01 1598292420 DEBUG: Checking Verifone e-commerce URL https://tpeweb.paybox.com/load.html
2020-08-24 20:07:01 1598292420 DEBUG:   Valid url found: https://tpeweb.paybox.com/cgi/MYchoix_pagepaiement.cgi
2020-08-24 20:07:01 1598292420 DEBUG: Cart 47217: Redirecting customer to Verifone e-commerce (CARTE, CB).
2020-08-24 20:12:54 1598292774 DEBUG: URL to check 2
2020-08-24 20:12:54 1598292774 DEBUG: Checking Verifone e-commerce URL https://tpeweb.paybox.com/load.html
2020-08-24 20:12:54 1598292774 DEBUG:   Valid url found: https://tpeweb.paybox.com/cgi/MYchoix_pagepaiement.cgi
2020-08-24 20:12:54 1598292774 DEBUG: Cart 47218: Redirecting customer to Verifone e-commerce (CARTE, CB).
2020-08-24 20:16:35 1598292995 DEBUG: Call params: M=18083&R=47218%20-%20laurine%20ben-chaalia&T=1497198593&B=0&C=MasterCard&D=2203&E=00151&F=Y&G=O&I=FRA&J=--&N=534102&O=Y&P=3DSECURE&Q=20%3A12%3A55&S=346998491&W=24082020&Y=FRA&Z=0-0&K=lYK5%2BEB%2BoCuV3qENlIckxSEkC%2FrFnKluQPK88KeZLekBcO0ptnPUF9cWOidrqb14FXgp3kG8jV4calpcfHJHQyVD3nsxpDrt9xadJn8zr%2BJLCM3iV2woRlxT21vNhk4MxZ55ftkS4MV9ETeqyodj86yl1UaaZq8K1OOd1QMNdS0%3D
2020-08-24 20:16:35 1598292995 DEBUG: Cart 47218: (IPN) Payment was refused by Verifone e-commerce (151).
