2022-01-30 13:21:15 1643545275 DEBUG: URL to check 2
2022-01-30 13:21:15 1643545275 DEBUG: Checking Verifone e-commerce URL https://tpeweb.paybox.com/load.html
2022-01-30 13:21:15 1643545275 DEBUG:   Valid url found: https://tpeweb.paybox.com/cgi/MYchoix_pagepaiement.cgi
2022-01-30 13:21:15 1643545275 DEBUG: Cart 57983: Redirecting customer to Verifone e-commerce (CARTE, CB).
2022-01-30 13:23:01 1643545381 DEBUG: Call params: M=9509&R=57983%20-%20Mathias%20BERTIL&T=1588933447&A=344230&B=0&C=CB&D=2501&E=00000&F=Y&G=O&I=REU&J=66&N=513770&O=Y&P=3DSECURE&Q=13%3A23%3A00&S=1873365&W=30012022&Y=FRA&Z=0-0&K=fa18chW5n%2FqTFyAMDdTlDI5e2Ugu%2Fh1zLr68BqEIP%2BifFB49vVU2S%2B5l8uD%2FZ9sp3pZrNVQBkpODWoMoBUzD4IbVR0bsmqLSMedkzmZQmv4LYhh1P9OWXA%2FD75Ud3ZE6GZXGpx7fn028KHOrd208fEf1LxNYvjkA9H7KnFBrVns%3D
2022-01-30 13:23:02 1643545381 DEBUG: Cart 57983: Standard IPN
2022-01-30 13:23:02 1643545381 DEBUG: Cart 57983: Validating order
2022-01-30 13:23:03 1643545383 DEBUG: Cart 57983: Customer is back from Verifone e-commerce payment page. Waiting order validation (loop 0).
2022-01-30 13:23:05 1643545385 DEBUG: Cart 57983: Customer is back from Verifone e-commerce payment page. Waiting order validation (loop 1).
2022-01-30 13:23:06 1643545386 DEBUG: Cart 57983: Customer is back from Verifone e-commerce payment page. Waiting order validation (loop 2).
2022-01-30 13:23:07 1643545381 DEBUG: Cart 57983: Order 5677 validated, creating details
2022-01-30 13:23:07 1643545381 DEBUG: Cart 57983: Order 5677 / Le paiement a été autorisé et capturé par Paybox.
2022-01-30 13:23:08 1643545388 DEBUG: Cart 57983: Customer is back from Verifone e-commerce payment page. Payment success.
2022-01-30 15:58:01 1643554681 DEBUG: URL to check 2
2022-01-30 15:58:01 1643554681 DEBUG: Checking Verifone e-commerce URL https://tpeweb.paybox.com/load.html
2022-01-30 15:58:02 1643554681 DEBUG:   Valid url found: https://tpeweb.paybox.com/cgi/MYframepagepaiement_ip.cgi
2022-01-30 15:58:02 1643554681 DEBUG: Cart 57988: Redirecting customer to Verifone e-commerce (CARTE, CB).
2022-01-30 16:07:56 1643555275 DEBUG: URL to check 2
2022-01-30 16:07:56 1643555275 DEBUG: Checking Verifone e-commerce URL https://tpeweb.paybox.com/load.html
2022-01-30 16:07:56 1643555275 DEBUG:   Valid url found: https://tpeweb.paybox.com/cgi/MYframepagepaiement_ip.cgi
2022-01-30 16:07:56 1643555275 DEBUG: Cart 57988: Redirecting customer to Verifone e-commerce (CARTE, CB).
2022-01-30 16:09:02 1643555342 DEBUG: Cart 57988: Payment was canceled by user on Verifone e-commerce payment page.
2022-01-30 16:09:22 1643555362 DEBUG: URL to check 2
2022-01-30 16:09:22 1643555362 DEBUG: Checking Verifone e-commerce URL https://tpeweb.paybox.com/load.html
2022-01-30 16:09:22 1643555362 DEBUG:   Valid url found: https://tpeweb.paybox.com/cgi/MYframepagepaiement_ip.cgi
2022-01-30 16:09:22 1643555362 DEBUG: Cart 57988: Redirecting customer to Verifone e-commerce (CARTE, CB).
2022-01-30 16:10:27 1643555427 DEBUG: URL to check 2
2022-01-30 16:10:27 1643555427 DEBUG: Checking Verifone e-commerce URL https://tpeweb.paybox.com/load.html
2022-01-30 16:10:27 1643555427 DEBUG:   Valid url found: https://tpeweb.paybox.com/cgi/MYframepagepaiement_ip.cgi
2022-01-30 16:10:27 1643555427 DEBUG: Cart 57988: Redirecting customer to Verifone e-commerce (CARTE, CB).
2022-01-30 16:12:41 1643555561 DEBUG: URL to check 2
2022-01-30 16:12:41 1643555561 DEBUG: Checking Verifone e-commerce URL https://tpeweb.paybox.com/load.html
2022-01-30 16:12:41 1643555561 DEBUG:   Valid url found: https://tpeweb.paybox.com/cgi/MYframepagepaiement_ip.cgi
2022-01-30 16:12:41 1643555561 DEBUG: Cart 57988: Redirecting customer to Verifone e-commerce (CARTE, CB).
2022-01-30 16:14:21 1643555661 DEBUG: Call params: M=9312&R=57988%20-%20Delphine%20Janin&T=1588968745&A=636121&B=0&C=CB&D=2305&E=00000&F=Y&G=O&I=FRA&J=11&N=513162&O=Y&P=CARTE&Q=16%3A14%3A16&S=1906954&W=30012022&Y=FRA&Z=0-0&K=tqkQqSq1%2B8IF26EA11FIThir1BE6qnUDVa9o3GxUtlwu67f1YNbu6J3bPTLn%2FEM9zWt1eEb79oLFuAIukf9JW6Jj7SG8ek1SetqYd9ye6zTNjqx3Q9KtyAjOZtggMBUleEb60bGRgdZAdVEgmrZ0MXpOFFvIRxy5n544j1Y78hQ%3D
2022-01-30 16:14:21 1643555661 DEBUG: Cart 57988: Standard IPN
2022-01-30 16:14:21 1643555661 DEBUG: Cart 57988: Validating order
2022-01-30 16:14:21 1643555661 DEBUG: Cart 57988: Customer is back from Verifone e-commerce payment page. Waiting order validation (loop 0).
2022-01-30 16:14:23 1643555661 DEBUG: Cart 57988: Order 5678 validated, creating details
2022-01-30 16:14:23 1643555661 DEBUG: Cart 57988: Order 5678 / Le paiement a été autorisé et capturé par Paybox.
2022-01-30 16:14:23 1643555663 DEBUG: Cart 57988: Customer is back from Verifone e-commerce payment page. Payment success.
