2020-07-16 14:06:35 1594901195 DEBUG: URL to check 2
2020-07-16 14:06:35 1594901195 DEBUG: Checking Verifone e-commerce URL https://tpeweb.paybox.com/load.html
2020-07-16 14:06:35 1594901195 DEBUG:   Valid url found: https://tpeweb.paybox.com/cgi/MYframepagepaiement_ip.cgi
2020-07-16 14:06:35 1594901195 DEBUG: Cart 46067: Redirecting customer to Verifone e-commerce (CARTE, CB).
2020-07-16 14:06:58 1594901217 DEBUG: Cart 46067: Payment was canceled by user on Verifone e-commerce payment page.
2020-07-16 14:07:29 1594901249 DEBUG: URL to check 2
2020-07-16 14:07:29 1594901249 DEBUG: Checking Verifone e-commerce URL https://tpeweb.paybox.com/load.html
2020-07-16 14:07:29 1594901249 DEBUG:   Valid url found: https://tpeweb.paybox.com/cgi/MYframepagepaiement_ip.cgi
2020-07-16 14:07:29 1594901249 DEBUG: Cart 46067: Redirecting customer to Verifone e-commerce (CARTE, CB).
2020-07-16 14:07:35 1594901255 DEBUG: Cart 46067: Payment was canceled by user on Verifone e-commerce payment page.
2020-07-16 14:08:25 1594901305 DEBUG: URL to check 2
2020-07-16 14:08:25 1594901305 DEBUG: Checking Verifone e-commerce URL https://tpeweb.paybox.com/load.html
2020-07-16 14:08:25 1594901305 DEBUG:   Valid url found: https://tpeweb.paybox.com/cgi/MYframepagepaiement_ip.cgi
2020-07-16 14:08:25 1594901305 DEBUG: Cart 46067: Redirecting customer to Verifone e-commerce (CARTE, CB).
2020-07-16 14:09:21 1594901361 DEBUG: Call params: M=17023&R=46067%20-%20Gina%20Picard&T=940204077&A=791091&B=0&C=MasterCard&D=2209&E=00000&F=Y&G=O&I=FRA&J=38&N=536568&O=Y&P=CARTE&Q=14%3A08%3A25&S=201865891&W=16072020&Y=FRA&Z=0-0&K=Oi9wWzSDxyjjKEmxG5yD68%2B4c9z1sHwLLBuPeV4WSWospFu2ltIzugo41xrOB6yD1TKCNJ29ysHr%2Bu%2BHdRgsRoBACZokkjWMJl6vz3CRs2huXGz5OVjPxq%2FMiBpNvhvXkGFPbe1aYahA0KPPB1GiuDKw2R7WyfDY1vdVmM4G2uA%3D
2020-07-16 14:09:21 1594901361 DEBUG: Cart 46067: Standard IPN
2020-07-16 14:09:21 1594901361 DEBUG: Cart 46067: Validating order
2020-07-16 14:09:21 1594901361 DEBUG: Cart 46067: Customer is back from Verifone e-commerce payment page. Waiting order validation (loop 0).
2020-07-16 14:09:22 1594901362 DEBUG: Cart 46067: Customer is back from Verifone e-commerce payment page. Waiting order validation (loop 1).
2020-07-16 14:09:24 1594901364 DEBUG: Cart 46067: Customer is back from Verifone e-commerce payment page. Waiting order validation (loop 2).
2020-07-16 14:09:25 1594901365 DEBUG: Cart 46067: Customer is back from Verifone e-commerce payment page. Waiting order validation (loop 3).
2020-07-16 14:09:25 1594901361 DEBUG: Cart 46067: Order 4935 validated, creating details
2020-07-16 14:09:25 1594901361 DEBUG: Cart 46067: Order 4935 / Le paiement a été autorisé et capturé par Paybox.
2020-07-16 14:09:26 1594901366 DEBUG: Cart 46067: Customer is back from Verifone e-commerce payment page. Payment success.
2020-07-16 23:38:20 1594935500 DEBUG: URL to check 2
2020-07-16 23:38:20 1594935500 DEBUG: Checking Verifone e-commerce URL https://tpeweb.paybox.com/load.html
2020-07-16 23:38:20 1594935500 DEBUG:   Valid url found: https://tpeweb.paybox.com/cgi/MYchoix_pagepaiement.cgi
2020-07-16 23:38:20 1594935500 DEBUG: Cart 46083: Redirecting customer to Verifone e-commerce (CARTE, CB).
2020-07-16 23:40:20 1594935620 DEBUG: URL to check 2
2020-07-16 23:40:20 1594935620 DEBUG: Checking Verifone e-commerce URL https://tpeweb.paybox.com/load.html
2020-07-16 23:40:20 1594935620 DEBUG:   Valid url found: https://tpeweb.paybox.com/cgi/MYchoix_pagepaiement.cgi
2020-07-16 23:40:20 1594935620 DEBUG: Cart 46083: Redirecting customer to Verifone e-commerce (CARTE, CB).
2020-07-16 23:41:15 1594935675 DEBUG: Call params: M=12353&R=46083%20-%20Natalia%20SERRANO&T=940398350&A=097092&B=0&C=Visa&D=2212&E=00000&F=Y&G=O&I=CHE&J=59&N=495000&O=Y&P=3DSECURE&Q=23%3A38%3A19&S=202024930&W=16072020&Y=CHE&Z=0-0&K=E048dWrhvCwd3bJv5NQk6peivohxYio5azBiPge%2Fo65ZT0yTFJ8Mn8%2BxU8REsLAozD7sJ%2Bcy%2FNhR8fbbh90FgT66WLKc1daFc%2B7AD1qENp9Wx58h8djpOqgALXE23k4qDbtb9nHOE%2BoXIY1MFijaRhSCmtiNEdVH%2FDhVqvaLOvg%3D
2020-07-16 23:41:15 1594935675 DEBUG: Cart 46083: Standard IPN
2020-07-16 23:41:15 1594935675 DEBUG: Cart 46083: Validating order
2020-07-16 23:41:15 1594935675 DEBUG: Cart 46083: Customer is back from Verifone e-commerce payment page. Waiting order validation (loop 0).
2020-07-16 23:41:16 1594935676 DEBUG: Cart 46083: Customer is back from Verifone e-commerce payment page. Waiting order validation (loop 1).
2020-07-16 23:41:17 1594935675 DEBUG: Cart 46083: Order 4936 validated, creating details
2020-07-16 23:41:17 1594935675 DEBUG: Cart 46083: Order 4936 / Le paiement a été autorisé et capturé par Paybox.
2020-07-16 23:41:17 1594935677 DEBUG: Cart 46083: Customer is back from Verifone e-commerce payment page. Payment success.
