2020-10-02 11:59:59 1601632799 DEBUG: URL to check 2
2020-10-02 11:59:59 1601632799 DEBUG: Checking Verifone e-commerce URL https://tpeweb.paybox.com/load.html
2020-10-02 11:59:59 1601632799 DEBUG:   Valid url found: https://tpeweb.paybox.com/cgi/MYframepagepaiement_ip.cgi
2020-10-02 11:59:59 1601632799 DEBUG: Cart 48207: Redirecting customer to Verifone e-commerce (CARTE, CB).
2020-10-02 12:01:10 1601632870 DEBUG: Call params: M=4684&R=48207%20-%20Julie%20Bailleul&T=955629199&A=422539&B=0&C=Visa&D=2103&E=00000&F=Y&G=O&I=FRA&J=95&N=497874&O=Y&P=CARTE&Q=12%3A00%3A00&S=215546921&W=02102020&Y=FRA&Z=0-0&K=o1WQw8qALIdGZ08BXJEJoPKX%2BqfeBD5UjBHd6UIuXFeHe066Z3k5ke92578mH8RanoV3YQhutzS2ukg9Hkx2JKRQe2h1FnT%2F2C58bh2hHpnzRbUmD4LM7HVI7e%2BVN64UZkQusKk%2BdUTjfjwtLpi22ZnwmL8mjsCq47xufL90f5A%3D
2020-10-02 12:01:10 1601632870 DEBUG: Cart 48207: Standard IPN
2020-10-02 12:01:10 1601632870 DEBUG: Cart 48207: Validating order
2020-10-02 12:01:10 1601632870 DEBUG: Cart 48207: Customer is back from Verifone e-commerce payment page. Waiting order validation (loop 0).
2020-10-02 12:01:12 1601632872 DEBUG: Cart 48207: Customer is back from Verifone e-commerce payment page. Waiting order validation (loop 1).
2020-10-02 12:01:13 1601632873 DEBUG: Cart 48207: Customer is back from Verifone e-commerce payment page. Waiting order validation (loop 2).
2020-10-02 12:01:14 1601632874 DEBUG: Cart 48207: Customer is back from Verifone e-commerce payment page. Waiting order validation (loop 3).
2020-10-02 12:01:15 1601632875 DEBUG: Cart 48207: Customer is back from Verifone e-commerce payment page. Waiting order validation (loop 4).
2020-10-02 12:01:17 1601632877 DEBUG: Cart 48207: Customer is back from Verifone e-commerce payment page. Waiting order validation (loop 5).
2020-10-02 12:01:18 1601632878 DEBUG: Cart 48207: Customer is back from Verifone e-commerce payment page. Waiting order validation (loop 6).
2020-10-02 12:01:19 1601632879 DEBUG: Cart 48207: Customer is back from Verifone e-commerce payment page. Waiting order validation (loop 7).
2020-10-02 12:01:20 1601632880 DEBUG: Cart 48207: Customer is back from Verifone e-commerce payment page. Waiting order validation (loop 8).
2020-10-02 12:01:22 1601632882 DEBUG: Cart 48207: Customer is back from Verifone e-commerce payment page. Waiting order validation (loop 9).
2020-10-02 12:01:23 1601632883 DEBUG: Cart 48207: Customer is back from Verifone e-commerce payment page. Waiting order validation (loop 10).
2020-10-02 12:01:23 1601632870 DEBUG: Cart 48207: Order 5085 validated, creating details
2020-10-02 12:01:23 1601632870 DEBUG: Cart 48207: Order 5085 / Le paiement a été autorisé et capturé par Paybox.
2020-10-02 12:01:24 1601632884 DEBUG: Cart 48207: Customer is back from Verifone e-commerce payment page. Payment success.
