2020-08-27 01:26:44 1598484404 DEBUG: URL to check 2
2020-08-27 01:26:44 1598484404 DEBUG: Checking Verifone e-commerce URL https://tpeweb.paybox.com/load.html
2020-08-27 01:26:44 1598484404 DEBUG:   Valid url found: https://tpeweb.paybox.com/cgi/MYframepagepaiement_ip.cgi
2020-08-27 01:26:44 1598484404 DEBUG: Cart 47289: Redirecting customer to Verifone e-commerce (CARTE, CB).
2020-08-27 01:29:31 1598484571 DEBUG: Call params: M=2442&R=47289%20-%20Marie-Celine%20DORMOY&T=948099212&A=481211&B=0&C=Visa&D=2209&E=00000&F=Y&G=O&I=FRA&J=33&N=497040&O=Y&P=CARTE&Q=01%3A26%3A44&S=208899621&W=27082020&Y=FRA&Z=0-0&K=kptLQcO3PRvQ47dzQu0v%2BbCXsrUlZtJyjdIo3EdRfY%2FmLy1xr7cOxAfGpR4oESJ%2FK2%2FOyAJIzkkDFM1cs6w4SxQJSXPVJdWzYBmBzDcRq7fMuhGaLD4vv8mr%2FVIqdiK1Iox3FmAaAxytg9upCAbU2EnV99Y4DZallXAOmep8HaE%3D
2020-08-27 01:29:31 1598484571 DEBUG: Cart 47289: Standard IPN
2020-08-27 01:29:31 1598484571 DEBUG: Cart 47289: Validating order
2020-08-27 01:29:32 1598484572 DEBUG: Cart 47289: Customer is back from Verifone e-commerce payment page. Waiting order validation (loop 0).
2020-08-27 01:29:33 1598484573 DEBUG: Cart 47289: Customer is back from Verifone e-commerce payment page. Waiting order validation (loop 1).
2020-08-27 01:29:33 1598484571 DEBUG: Cart 47289: Order 5019 validated, creating details
2020-08-27 01:29:33 1598484571 DEBUG: Cart 47289: Order 5019 / Le paiement a été autorisé et capturé par Paybox.
2020-08-27 01:29:35 1598484575 DEBUG: Cart 47289: Customer is back from Verifone e-commerce payment page. Payment success.
2020-08-27 21:14:08 1598555648 DEBUG: URL to check 2
2020-08-27 21:14:08 1598555648 DEBUG: Checking Verifone e-commerce URL https://tpeweb.paybox.com/load.html
2020-08-27 21:14:08 1598555648 DEBUG:   Valid url found: https://tpeweb.paybox.com/cgi/MYchoix_pagepaiement.cgi
2020-08-27 21:14:08 1598555648 DEBUG: Cart 47306: Redirecting customer to Verifone e-commerce (CARTE, CB).
2020-08-27 21:16:00 1598555760 DEBUG: Call params: M=17919&R=47306%20-%20carole%20Degres&T=948242230&A=246445&B=0&C=MasterCard&D=2012&E=00000&F=Y&G=O&I=FRA&J=05&N=513770&O=Y&P=3DSECURE&Q=21%3A14%3A08&S=209037615&W=27082020&Y=FRA&Z=0-0&K=L2Yr0hU47z9rUbLlsT4YhGZgv4s9Wx4aykvQ4z3cKGoY0JTPyU2TUKVDftVQQ4jOrsHncemXXorQIRbNkzS7ijW6IphpqYQRGrXtIARk55vsa6U0sPXkACZV1zi5S1M5TWZmYjPEkgemMl3Iptr8qpvQNdlW6ttDoX2BvFOscRI%3D
2020-08-27 21:16:00 1598555760 DEBUG: Cart 47306: Standard IPN
2020-08-27 21:16:00 1598555760 DEBUG: Cart 47306: Validating order
2020-08-27 21:16:00 1598555760 DEBUG: Cart 47306: Customer is back from Verifone e-commerce payment page. Waiting order validation (loop 0).
2020-08-27 21:16:02 1598555762 DEBUG: Cart 47306: Customer is back from Verifone e-commerce payment page. Waiting order validation (loop 1).
2020-08-27 21:16:03 1598555763 DEBUG: Cart 47306: Customer is back from Verifone e-commerce payment page. Waiting order validation (loop 2).
2020-08-27 21:16:03 1598555760 DEBUG: Cart 47306: Order 5021 validated, creating details
2020-08-27 21:16:03 1598555760 DEBUG: Cart 47306: Order 5021 / Le paiement a été autorisé et capturé par Paybox.
2020-08-27 21:16:04 1598555764 DEBUG: Cart 47306: Customer is back from Verifone e-commerce payment page. Payment success.
