2020-08-23 12:35:30 1598178930 DEBUG: URL to check 2
2020-08-23 12:35:30 1598178930 DEBUG: Checking Verifone e-commerce URL https://tpeweb.paybox.com/load.html
2020-08-23 12:35:30 1598178930 DEBUG:   Valid url found: https://tpeweb.paybox.com/cgi/MYframepagepaiement_ip.cgi
2020-08-23 12:35:30 1598178930 DEBUG: Cart 47027: Redirecting customer to Verifone e-commerce (CARTE, CB).
2020-08-23 12:39:36 1598179176 DEBUG: URL to check 2
2020-08-23 12:39:36 1598179176 DEBUG: Checking Verifone e-commerce URL https://tpeweb.paybox.com/load.html
2020-08-23 12:39:36 1598179176 DEBUG:   Valid url found: https://tpeweb.paybox.com/cgi/MYframepagepaiement_ip.cgi
2020-08-23 12:39:36 1598179176 DEBUG: Cart 47027: Redirecting customer to Verifone e-commerce (CARTE, CB).
2020-08-23 12:40:59 1598179259 DEBUG: Call params: M=17620&R=47027%20-%20Vanessa%20Frezel&T=1496858217&A=531354&B=0&C=Visa&D=2303&E=00000&F=Y&G=O&I=FRA&J=53&N=497641&O=Y&P=CARTE&Q=12%3A35%3A31&S=346722086&W=23082020&Y=FRA&Z=0-0&K=Cyol8w9pPjkS45IDn5g%2FhcwQ7VC3emuomrBKfYw8Xs2Sn0%2FuHy9o62N1GlKx7J2zpDYIgnpGlwRAhqcckz1OqmqWwqlliLDHI1jZ5mb8QXLCVSXr53GDOg6xJXLpO%2BH%2Bx%2FsOLO%2FL5WBZBqpvsuKET8Q7UkwYBMgaJQHgXRAEE%2FU%3D
2020-08-23 12:40:59 1598179259 DEBUG: Cart 47027: Standard IPN
2020-08-23 12:40:59 1598179259 DEBUG: Cart 47027: Validating order
2020-08-23 12:40:59 1598179259 DEBUG: Cart 47027: Customer is back from Verifone e-commerce payment page. Waiting order validation (loop 0).
2020-08-23 12:41:01 1598179261 DEBUG: Cart 47027: Customer is back from Verifone e-commerce payment page. Waiting order validation (loop 1).
2020-08-23 12:41:02 1598179262 DEBUG: Cart 47027: Customer is back from Verifone e-commerce payment page. Waiting order validation (loop 2).
2020-08-23 12:41:03 1598179263 DEBUG: Cart 47027: Customer is back from Verifone e-commerce payment page. Waiting order validation (loop 3).
2020-08-23 12:41:05 1598179265 DEBUG: Cart 47027: Customer is back from Verifone e-commerce payment page. Waiting order validation (loop 4).
2020-08-23 12:41:06 1598179259 DEBUG: Cart 47027: Order 5011 validated, creating details
2020-08-23 12:41:06 1598179259 DEBUG: Cart 47027: Order 5011 / Le paiement a été autorisé et capturé par Paybox.
2020-08-23 12:41:06 1598179266 DEBUG: Cart 47027: Customer is back from Verifone e-commerce payment page. Payment success.
2020-08-23 23:01:11 1598216471 DEBUG: URL to check 2
2020-08-23 23:01:11 1598216471 DEBUG: Checking Verifone e-commerce URL https://tpeweb.paybox.com/load.html
2020-08-23 23:01:11 1598216471 DEBUG:   Valid url found: https://tpeweb.paybox.com/cgi/MYframepagepaiement_ip.cgi
2020-08-23 23:01:11 1598216471 DEBUG: Cart 46981: Redirecting customer to Verifone e-commerce (CARTE, CB).
2020-08-23 23:03:35 1598216615 DEBUG: Call params: M=10213&R=46981%20-%20Marie%20LOHEZIC&T=947576926&A=221545&B=0&C=E_CARD&D=2010&E=00000&F=Y&G=O&I=FRA&J=28&N=417174&O=Y&P=CARTE&Q=23%3A01%3A11&S=208406529&W=23082020&Y=FRA&Z=0-0&K=2a85FnwFhXxu2ujZZAVKuP1wtXBJIlj6U7pWa3X9E3TJ1ircBV6V%2FKkGMQXyatz8%2FbRDWqKrIw5GPJ6M11XHuO0r5qQTg%2BwYWz8xgx7%2FC3%2BGTmNGh4WCLRsgWnV%2FoLHWFrBaJQFfrDmZxasIa0wwUpoacO1iRDKAB%2BewGztju7g%3D
2020-08-23 23:03:35 1598216615 DEBUG: Cart 46981: Standard IPN
2020-08-23 23:03:35 1598216615 DEBUG: Cart 46981: Validating order
2020-08-23 23:03:35 1598216615 DEBUG: Cart 46981: Customer is back from Verifone e-commerce payment page. Waiting order validation (loop 0).
2020-08-23 23:03:37 1598216617 DEBUG: Cart 46981: Customer is back from Verifone e-commerce payment page. Waiting order validation (loop 1).
2020-08-23 23:03:37 1598216615 DEBUG: Cart 46981: Order 5012 validated, creating details
2020-08-23 23:03:37 1598216615 DEBUG: Cart 46981: Order 5012 / Le paiement a été autorisé et capturé par Paybox.
2020-08-23 23:03:38 1598216618 DEBUG: Cart 46981: Customer is back from Verifone e-commerce payment page. Payment success.
