2020-09-21 01:05:10 1600643110 DEBUG: URL to check 2
2020-09-21 01:05:10 1600643110 DEBUG: Checking Verifone e-commerce URL https://tpeweb.paybox.com/load.html
2020-09-21 01:05:10 1600643110 DEBUG:   Valid url found: https://tpeweb.paybox.com/cgi/MYframepagepaiement_ip.cgi
2020-09-21 01:05:10 1600643110 DEBUG: Cart 47954: Redirecting customer to Verifone e-commerce (CARTE, CB).
2020-09-21 11:33:10 1600680790 DEBUG: URL to check 2
2020-09-21 11:33:10 1600680790 DEBUG: Checking Verifone e-commerce URL https://tpeweb.paybox.com/load.html
2020-09-21 11:33:10 1600680790 DEBUG:   Valid url found: https://tpeweb.paybox.com/cgi/MYchoix_pagepaiement.cgi
2020-09-21 11:33:10 1600680790 DEBUG: Cart 47968: Redirecting customer to Verifone e-commerce (CARTE, CB).
2020-09-21 11:36:33 1600680993 DEBUG: Call params: M=24510&R=47968%20-%20Gabriel%20%20Miguez&T=1503256534&A=658121&B=0&C=Visa&D=2309&E=00000&F=Y&G=O&I=FRA&J=11&N=497783&O=Y&P=3DSECURE&Q=11%3A33%3A11&S=352383317&W=21092020&Y=FRA&Z=0-0&K=jKWkgmXePSAK3UzPiCDLHL60%2BqIAbkaDMJRYsBVgWKEMidAEpgvmy8SLJ1MnMtdvEJ0DPxlUM6c%2FW%2BJ1BtLz4UQWfremYP0SAmec1W%2FXs1Ifeo2vEX8YVG8ZQ9Dgq2HL%2BXIRK8sz9gg%2FyN8tpS6EwIZ3oKqvdnNCWFpJGvpQY%2BE%3D
2020-09-21 11:36:33 1600680993 DEBUG: Cart 47968: Standard IPN
2020-09-21 11:36:33 1600680993 DEBUG: Cart 47968: Validating order
2020-09-21 11:36:34 1600680994 DEBUG: Cart 47968: Customer is back from Verifone e-commerce payment page. Waiting order validation (loop 0).
2020-09-21 11:36:35 1600680995 DEBUG: Cart 47968: Customer is back from Verifone e-commerce payment page. Waiting order validation (loop 1).
2020-09-21 11:36:36 1600680996 DEBUG: Cart 47968: Customer is back from Verifone e-commerce payment page. Waiting order validation (loop 2).
2020-09-21 11:36:37 1600680997 DEBUG: Cart 47968: Customer is back from Verifone e-commerce payment page. Waiting order validation (loop 3).
2020-09-21 11:36:38 1600680998 DEBUG: Cart 47968: Customer is back from Verifone e-commerce payment page. Waiting order validation (loop 4).
2020-09-21 11:36:39 1600680999 DEBUG: Cart 47968: Customer is back from Verifone e-commerce payment page. Waiting order validation (loop 5).
2020-09-21 11:36:40 1600681000 DEBUG: Cart 47968: Customer is back from Verifone e-commerce payment page. Waiting order validation (loop 6).
2020-09-21 11:36:42 1600681002 DEBUG: Cart 47968: Customer is back from Verifone e-commerce payment page. Waiting order validation (loop 7).
2020-09-21 11:36:43 1600681003 DEBUG: Cart 47968: Customer is back from Verifone e-commerce payment page. Waiting order validation (loop 8).
2020-09-21 11:36:43 1600680993 DEBUG: Cart 47968: Order 5072 validated, creating details
2020-09-21 11:36:43 1600680993 DEBUG: Cart 47968: Order 5072 / Le paiement a été autorisé et capturé par Paybox.
2020-09-21 11:36:44 1600681004 DEBUG: Cart 47968: Customer is back from Verifone e-commerce payment page. Payment success.
2020-09-21 12:27:28 1600684048 DEBUG: URL to check 2
2020-09-21 12:27:28 1600684048 DEBUG: Checking Verifone e-commerce URL https://tpeweb.paybox.com/load.html
2020-09-21 12:27:29 1600684048 DEBUG:   Valid url found: https://tpeweb.paybox.com/cgi/MYframepagepaiement_ip.cgi
2020-09-21 12:27:29 1600684048 DEBUG: Cart 47972: Redirecting customer to Verifone e-commerce (CARTE, CB).
2020-09-21 12:29:45 1600684185 DEBUG: Call params: M=8762&R=47972%20-%20Heline%20Bosviel&T=953128905&A=134236&B=0&C=Visa&D=2105&E=00000&F=Y&G=O&I=FRA&J=11&N=497887&O=Y&P=CARTE&Q=12%3A27%3A30&S=213433791&W=21092020&Y=FRA&Z=0-0&K=cw1Y8dqjb7jhgFY314svqxg3lanol%2FeT1VK7SvW6gcsdtNNWz7DONoG6De57mk8fEBj%2BndcNNemFv6YAMZcqKgzLE2ds1RePNXQPu02XgpHqhfxJyePkHN%2FMv%2FbUGmW55oHkjkYrLM%2FwQauaSnmeEirpz8eU93EfUEPp0F7i%2Fmo%3D
2020-09-21 12:29:45 1600684185 DEBUG: Cart 47972: Standard IPN
2020-09-21 12:29:45 1600684185 DEBUG: Cart 47972: Validating order
2020-09-21 12:29:46 1600684186 DEBUG: Cart 47972: Customer is back from Verifone e-commerce payment page. Waiting order validation (loop 0).
2020-09-21 12:29:47 1600684187 DEBUG: Cart 47972: Customer is back from Verifone e-commerce payment page. Waiting order validation (loop 1).
2020-09-21 12:29:48 1600684188 DEBUG: Cart 47972: Customer is back from Verifone e-commerce payment page. Waiting order validation (loop 2).
2020-09-21 12:29:50 1600684190 DEBUG: Cart 47972: Customer is back from Verifone e-commerce payment page. Waiting order validation (loop 3).
2020-09-21 12:29:51 1600684191 DEBUG: Cart 47972: Customer is back from Verifone e-commerce payment page. Waiting order validation (loop 4).
2020-09-21 12:29:52 1600684192 DEBUG: Cart 47972: Customer is back from Verifone e-commerce payment page. Waiting order validation (loop 5).
2020-09-21 12:29:53 1600684193 DEBUG: Cart 47972: Customer is back from Verifone e-commerce payment page. Waiting order validation (loop 6).
2020-09-21 12:29:54 1600684185 DEBUG: Cart 47972: Order 5073 validated, creating details
2020-09-21 12:29:54 1600684185 DEBUG: Cart 47972: Order 5073 / Le paiement a été autorisé et capturé par Paybox.
2020-09-21 12:29:55 1600684195 DEBUG: Cart 47972: Customer is back from Verifone e-commerce payment page. Payment success.
2020-09-21 16:19:36 1600697976 DEBUG: URL to check 2
2020-09-21 16:19:36 1600697976 DEBUG: Checking Verifone e-commerce URL https://tpeweb.paybox.com/load.html
2020-09-21 16:19:36 1600697976 DEBUG:   Valid url found: https://tpeweb.paybox.com/cgi/MYchoix_pagepaiement.cgi
2020-09-21 16:19:36 1600697976 DEBUG: Cart 47975: Redirecting customer to Verifone e-commerce (CARTE, CB).
2020-09-21 20:37:50 1600713470 DEBUG: URL to check 2
2020-09-21 20:37:50 1600713470 DEBUG: Checking Verifone e-commerce URL https://tpeweb.paybox.com/load.html
2020-09-21 20:37:50 1600713470 DEBUG:   Valid url found: https://tpeweb.paybox.com/cgi/MYchoix_pagepaiement.cgi
2020-09-21 20:37:50 1600713470 DEBUG: Cart 47980: Redirecting customer to Verifone e-commerce (CARTE, CB).
2020-09-21 20:39:47 1600713587 DEBUG: Call params: M=22889&R=47980%20-%20Ursula%20Adjam-Bachofner&T=953224306&B=0&C=CB&D=2308&E=00040&F=N&G=N&I=CHE&J=27&N=510197&O=Y&P=3DSECURE&Q=20%3A37%3A50&S=213512910&W=21092020&Z=0-0&K=VDgTLzFaV77vDZX2MfpJkYZyX%2Bqwq9OzVsmLeuONPepXtT4BPoocYdua%2BQ77p8d5tdDbSUIfx9pu2uh9tlotfSO4PpyJpxOGDD8vIiFpMOLxLnSz4Vl4GVjxqM6rRRIf1uI0wUMgNhMgTRuD%2FiLwP51jpPIrhqbxc3%2FVFNVspOo%3D
2020-09-21 20:39:47 1600713587 DEBUG: Cart 47980: (IPN) Payment was refused by Verifone e-commerce (40).
2020-09-21 20:40:54 1600713654 DEBUG: Call params: M=22889&R=47980%20-%20Ursula%20Adjam-Bachofner&T=953224306&B=0&C=CB&D=2108&E=00040&F=N&G=N&I=CHE&J=48&N=490117&O=Y&P=3DSECURE&Q=20%3A37%3A50&S=213513021&W=21092020&Z=0-0&K=Caf1k5x1NJxMuKHldDtf3YyedctRjjfc4TNQV8JXe8kKPwd7GmiEJsSnCO2NKAbObniaPN%2FcTPmkR5bPBrER0eSMYcpi51cJlTDpLwY4pzBZydcwLpc5PhbZQMWGqneM0jFJSIXoA69Hf7Flj1986ooqQIyH6V4AM%2FpnohXeYL4%3D
2020-09-21 20:40:54 1600713654 DEBUG: Cart 47980: (IPN) Payment was refused by Verifone e-commerce (40).
2020-09-21 20:44:15 1600713854 DEBUG: URL to check 2
2020-09-21 20:44:15 1600713854 DEBUG: Checking Verifone e-commerce URL https://tpeweb.paybox.com/load.html
2020-09-21 20:44:15 1600713854 DEBUG:   Valid url found: https://tpeweb.paybox.com/cgi/MYchoix_pagepaiement.cgi
2020-09-21 20:44:15 1600713854 DEBUG: Cart 47980: Redirecting customer to Verifone e-commerce (CARTE, CB).
2020-09-21 20:44:40 1600713880 DEBUG: Cart 47980: Payment was canceled by user on Verifone e-commerce payment page.
2020-09-21 20:51:46 1600714305 DEBUG: URL to check 2
2020-09-21 20:51:46 1600714305 DEBUG: Checking Verifone e-commerce URL https://tpeweb.paybox.com/load.html
2020-09-21 20:51:46 1600714305 DEBUG:   Valid url found: https://tpeweb.paybox.com/cgi/MYchoix_pagepaiement.cgi
2020-09-21 20:51:46 1600714305 DEBUG: Cart 47980: Redirecting customer to Verifone e-commerce (CARTE, CB).
2020-09-21 20:53:01 1600714381 DEBUG: Cart 47980: Customer is back from Verifone e-commerce payment page. Payment refused by Verifone e-commerce (30).
