2021-06-04 10:23:35 1622795015 DEBUG: URL to check 2
2021-06-04 10:23:35 1622795015 DEBUG: Checking Verifone e-commerce URL https://tpeweb.paybox.com/load.html
2021-06-04 10:23:35 1622795015 DEBUG:   Valid url found: https://tpeweb.paybox.com/cgi/MYchoix_pagepaiement.cgi
2021-06-04 10:23:35 1622795015 DEBUG: Cart 53108: Redirecting customer to Verifone e-commerce (CARTE, CB).
2021-06-04 10:25:26 1622795126 DEBUG: Call params: M=8590&R=53108%20-%20Benoit%20Bongard&T=1000399589&A=057690&B=0&C=Visa&D=2309&E=00000&F=Y&G=O&I=CHE&J=15&N=405912&O=Y&P=3DSECURE&Q=10%3A23%3A36&S=256186160&W=04062021&Y=CHE&Z=0-0&K=Hwy1AQXhbPqOntAITzyc6roI8zO0v8gu0%2Bc1gPXrRaMVumG6dcJHsvpCscc79mGIN8raKTVUtarT76RVk7r9Baul7uQP4M2N0FMrb20Qo2vkOaidVUy8kac0tnMhFeTLdYvaVwsD%2FWcp2onqUh%2BJfx4Sd7RL2IFzFwal32%2BgAnk%3D
2021-06-04 10:25:26 1622795126 DEBUG: Cart 53108: Standard IPN
2021-06-04 10:25:26 1622795126 DEBUG: Cart 53108: Validating order
2021-06-04 10:25:26 1622795126 DEBUG: Cart 53108: Customer is back from Verifone e-commerce payment page. Waiting order validation (loop 0).
2021-06-04 10:25:27 1622795127 DEBUG: Cart 53108: Customer is back from Verifone e-commerce payment page. Waiting order validation (loop 1).
2021-06-04 10:25:29 1622795129 DEBUG: Cart 53108: Customer is back from Verifone e-commerce payment page. Waiting order validation (loop 2).
2021-06-04 10:25:29 1622795126 DEBUG: Cart 53108: Order 5358 validated, creating details
2021-06-04 10:25:29 1622795126 DEBUG: Cart 53108: Order 5358 / Le paiement a été autorisé et capturé par Paybox.
2021-06-04 10:25:30 1622795130 DEBUG: Cart 53108: Customer is back from Verifone e-commerce payment page. Payment success.
2021-06-04 14:31:40 1622809900 DEBUG: URL to check 2
2021-06-04 14:31:40 1622809900 DEBUG: Checking Verifone e-commerce URL https://tpeweb.paybox.com/load.html
2021-06-04 14:31:40 1622809900 DEBUG:   Valid url found: https://tpeweb.paybox.com/cgi/MYchoix_pagepaiement.cgi
2021-06-04 14:31:40 1622809900 DEBUG: Cart 53114: Redirecting customer to Verifone e-commerce (CARTE, CB).
2021-06-04 14:33:30 1622810010 DEBUG: Call params: M=17197&R=53114%20-%20Alice%20DICHARRY&T=1549774618&A=739699&B=0&C=Visa&D=2309&E=00000&F=Y&G=O&I=FRA&J=42&N=497203&O=Y&P=3DSECURE&Q=14%3A31%3A58&S=398554103&W=04062021&Y=FRA&Z=0-0&K=Lhz1txkvKbJ2eJ7wJkd3ADrLKvPfc7p4qB9Z6Onp%2FXu34bmkhTSEwtzoINiR6jbGu5BXg1hAg0KG9xW1i1ilTGIa40nB7BEEZ6VwYv4r0EZ9umsxhQ%2BnN5pU0AuFKB39u3q54uqAhKhRWHHZ%2BZ%2FcZrp4Vz7EuYfKZc4v2Snu3CI%3D
2021-06-04 14:33:30 1622810010 DEBUG: Cart 53114: Standard IPN
2021-06-04 14:33:30 1622810010 DEBUG: Cart 53114: Validating order
2021-06-04 14:33:31 1622810011 DEBUG: Cart 53114: Customer is back from Verifone e-commerce payment page. Waiting order validation (loop 0).
2021-06-04 14:33:32 1622810012 DEBUG: Cart 53114: Customer is back from Verifone e-commerce payment page. Waiting order validation (loop 1).
2021-06-04 14:33:33 1622810010 DEBUG: Cart 53114: Order 5359 validated, creating details
2021-06-04 14:33:33 1622810010 DEBUG: Cart 53114: Order 5359 / Le paiement a été autorisé et capturé par Paybox.
2021-06-04 14:33:33 1622810013 DEBUG: Cart 53114: Customer is back from Verifone e-commerce payment page. Payment success.
2021-06-04 17:23:00 1622820180 DEBUG: URL to check 2
2021-06-04 17:23:00 1622820180 DEBUG: Checking Verifone e-commerce URL https://tpeweb.paybox.com/load.html
2021-06-04 17:23:00 1622820180 DEBUG:   Valid url found: https://tpeweb.paybox.com/cgi/MYchoix_pagepaiement.cgi
2021-06-04 17:23:00 1622820180 DEBUG: Cart 53128: Redirecting customer to Verifone e-commerce (CARTE, CB).
2021-06-04 17:26:26 1622820386 DEBUG: Call params: M=19062&R=53128%20-%20Beatrice%20Vranckx&T=1549808931&A=462785&B=0&C=MasterCard&D=2111&E=00000&F=Y&G=O&I=BEL&J=49&N=539848&O=Y&P=3DSECURE&Q=17%3A23%3A01&S=398588755&W=04062021&Y=BEL&Z=0-0&K=zUYW%2F6PHzWggSn0OA8%2BeooH5lM4h396RrJoUMu3x5z1qN8%2FN6WEWVMpxGQf6PK9PeW%2BXOsh8eZpMRnCQst0fU7NyVox4gzjL3r5yWiTGmna7nLbcreOUaJq3tJLYmJseBeyd92VZPWm0hDEr85R3hT5ogtBtcwn9kWTpSwOEHNQ%3D
2021-06-04 17:26:26 1622820386 DEBUG: Cart 53128: Standard IPN
2021-06-04 17:26:26 1622820386 DEBUG: Cart 53128: Validating order
2021-06-04 17:26:27 1622820387 DEBUG: Cart 53128: Customer is back from Verifone e-commerce payment page. Waiting order validation (loop 0).
2021-06-04 17:26:28 1622820388 DEBUG: Cart 53128: Customer is back from Verifone e-commerce payment page. Waiting order validation (loop 1).
2021-06-04 17:26:28 1622820386 DEBUG: Cart 53128: Order 5360 validated, creating details
2021-06-04 17:26:28 1622820386 DEBUG: Cart 53128: Order 5360 / Le paiement a été autorisé et capturé par Paybox.
2021-06-04 17:26:29 1622820389 DEBUG: Cart 53128: Customer is back from Verifone e-commerce payment page. Payment success.
2021-06-04 22:51:17 1622839877 DEBUG: URL to check 2
2021-06-04 22:51:17 1622839877 DEBUG: Checking Verifone e-commerce URL https://tpeweb.paybox.com/load.html
2021-06-04 22:51:17 1622839877 DEBUG:   Valid url found: https://tpeweb.paybox.com/cgi/MYframepagepaiement_ip.cgi
2021-06-04 22:51:17 1622839877 DEBUG: Cart 53136: Redirecting customer to Verifone e-commerce (CARTE, CB).
2021-06-04 22:53:50 1622840030 DEBUG: Call params: M=9276&R=53136%20-%20Patricia%20%20CREVET&T=1000576305&A=171811&B=0&C=Visa&D=2209&E=00000&F=Y&G=O&I=FRA&J=44&N=497401&O=Y&P=CARTE&Q=22%3A51%3A18&S=256342598&W=04062021&Y=FRA&Z=0-0&K=PlGGhn2sZWzPb6V7uYNcOT8MQMprep2tWGhKxEAiuc2dPSqjPRBOOS%2BctiqPfsANJVCFyCi4%2FKfoRZzcXFNSoilI2J9f42LJrtdlrcNe0tdGMrXG8FDiIfgMaGI74mUKP3ge5LI3ZLgJlIRuwhhWb69z8ytRqUkHeJ2Wph9lV5E%3D
2021-06-04 22:53:50 1622840030 DEBUG: Cart 53136: Standard IPN
2021-06-04 22:53:50 1622840030 DEBUG: Cart 53136: Validating order
2021-06-04 22:53:50 1622840030 DEBUG: Cart 53136: Customer is back from Verifone e-commerce payment page. Waiting order validation (loop 0).
2021-06-04 22:53:51 1622840030 DEBUG: Cart 53136: Order 5361 validated, creating details
2021-06-04 22:53:51 1622840030 DEBUG: Cart 53136: Order 5361 / Le paiement a été autorisé et capturé par Paybox.
2021-06-04 22:53:51 1622840031 DEBUG: Cart 53136: Customer is back from Verifone e-commerce payment page. Payment success.
