2021-08-02 14:02:20 1627905740 DEBUG: URL to check 2
2021-08-02 14:02:20 1627905740 DEBUG: Checking Verifone e-commerce URL https://tpeweb.paybox.com/load.html
2021-08-02 14:02:20 1627905740 DEBUG:   Valid url found: https://tpeweb.paybox.com/cgi/MYchoix_pagepaiement.cgi
2021-08-02 14:02:20 1627905740 DEBUG: Cart 54573: Redirecting customer to Verifone e-commerce (CARTE, CB).
2021-08-02 14:04:13 1627905853 DEBUG: Call params: M=16961&R=54573%20-%20Olympia%20De%20Amorin&T=1010706546&A=503705&B=0&C=CB&D=2404&E=00000&F=Y&G=O&I=FRA&J=01&N=497861&O=Y&P=3DSECURE&Q=14%3A04%3A11&S=264957476&W=02082021&Y=FRA&Z=0-0&K=ih6VTtg6ft7QZ9Z%2BihxQz5sW8JyOKMVTc8Jsl5a6sZtWOb7HuNPOyAfHowQEXjx6oqApy1TA%2FhxriDW4F6sDQ7aeMyufIGeCXtvSzQq7AA6DUrBk2g%2FEUhyfwRQJrq0S1uk7Z6BM53%2BiJsUQKFvLgpRPblHzbYbYEEL4oxbcE6o%3D
2021-08-02 14:04:13 1627905853 DEBUG: Cart 54573: Standard IPN
2021-08-02 14:04:13 1627905853 DEBUG: Cart 54573: Validating order
2021-08-02 14:04:14 1627905854 DEBUG: Cart 54573: Customer is back from Verifone e-commerce payment page. Waiting order validation (loop 0).
2021-08-02 14:04:15 1627905855 DEBUG: Cart 54573: Customer is back from Verifone e-commerce payment page. Waiting order validation (loop 1).
2021-08-02 14:04:16 1627905856 DEBUG: Cart 54573: Customer is back from Verifone e-commerce payment page. Waiting order validation (loop 2).
2021-08-02 14:04:17 1627905857 DEBUG: Cart 54573: Customer is back from Verifone e-commerce payment page. Waiting order validation (loop 3).
2021-08-02 14:04:19 1627905859 DEBUG: Cart 54573: Customer is back from Verifone e-commerce payment page. Waiting order validation (loop 4).
2021-08-02 14:04:19 1627905853 DEBUG: Cart 54573: Order 5498 validated, creating details
2021-08-02 14:04:19 1627905853 DEBUG: Cart 54573: Order 5498 / Le paiement a été autorisé et capturé par Paybox.
2021-08-02 14:04:20 1627905860 DEBUG: Cart 54573: Customer is back from Verifone e-commerce payment page. Payment success.
2021-08-02 17:34:29 1627918469 DEBUG: URL to check 2
2021-08-02 17:34:29 1627918469 DEBUG: Checking Verifone e-commerce URL https://tpeweb.paybox.com/load.html
2021-08-02 17:34:29 1627918469 DEBUG:   Valid url found: https://tpeweb.paybox.com/cgi/MYchoix_pagepaiement.cgi
2021-08-02 17:34:29 1627918469 DEBUG: Cart 54576: Redirecting customer to Verifone e-commerce (CARTE, CB).
2021-08-02 17:36:13 1627918573 DEBUG: Call params: M=12992&R=54576%20-%20Vanessa%20Ferace&T=1010764056&A=785884&B=0&C=Visa&D=2312&E=00000&F=Y&G=O&I=CHE&J=47&N=434960&O=Y&P=3DSECURE&Q=17%3A36%3A11&S=265010877&W=02082021&Y=CHE&Z=0-0&K=aF80Rx0G8siyoXtZiGfsV3j74795KVAyEeLH1%2FCNh805meaN6g9PvyzXsPsMFs%2FABJKW%2BiD0INPL%2FREKD%2FhJD3Ggx9bI8pfqxjPamxvOW12QGLHCcHAUqrGhZ576dzWxzeUoxit6S%2B8fDTF3uA4ludvecoD8K5SpBd921imK7gw%3D
2021-08-02 17:36:13 1627918573 DEBUG: Cart 54576: Standard IPN
2021-08-02 17:36:13 1627918573 DEBUG: Cart 54576: Validating order
2021-08-02 17:36:13 1627918573 DEBUG: Cart 54576: Customer is back from Verifone e-commerce payment page. Waiting order validation (loop 0).
2021-08-02 17:36:15 1627918575 DEBUG: Cart 54576: Customer is back from Verifone e-commerce payment page. Waiting order validation (loop 1).
2021-08-02 17:36:15 1627918573 DEBUG: Cart 54576: Order 5499 validated, creating details
2021-08-02 17:36:15 1627918573 DEBUG: Cart 54576: Order 5499 / Le paiement a été autorisé et capturé par Paybox.
2021-08-02 17:36:16 1627918576 DEBUG: Cart 54576: Customer is back from Verifone e-commerce payment page. Payment success.
