2022-01-02 16:40:59 1641138059 DEBUG: URL to check 2
2022-01-02 16:40:59 1641138059 DEBUG: Checking Verifone e-commerce URL https://tpeweb.paybox.com/load.html
2022-01-02 16:40:59 1641138059 DEBUG:   Valid url found: https://tpeweb.paybox.com/cgi/MYchoix_pagepaiement.cgi
2022-01-02 16:40:59 1641138059 DEBUG: Cart 57341: Redirecting customer to Verifone e-commerce (CARTE, CB).
2022-01-02 16:41:04 1641138064 DEBUG: Cart 57341: Payment was canceled by user on Verifone e-commerce payment page.
2022-01-02 17:00:42 1641139241 DEBUG: URL to check 2
2022-01-02 17:00:42 1641139241 DEBUG: Checking Verifone e-commerce URL https://tpeweb.paybox.com/load.html
2022-01-02 17:00:42 1641139241 DEBUG:   Valid url found: https://tpeweb.paybox.com/cgi/MYframepagepaiement_ip.cgi
2022-01-02 17:00:42 1641139241 DEBUG: Cart 57342: Redirecting customer to Verifone e-commerce (CARTE, CB).
2022-01-02 17:02:19 1641139339 DEBUG: Call params: M=21986&R=57342%20-%20Alexandra%20Picquot&T=1039526818&A=590132&B=0&C=CB&D=2209&E=00000&F=Y&G=O&I=FRA&J=26&N=497202&O=Y&P=CARTE&Q=17%3A02%3A17&S=293855841&W=02012022&Y=FRA&Z=0-0&K=dHj98E7eR%2F0h0bT%2F9KW3FJHu2vUN9oqwrRWOJX6MKtYqmIbhZDGYU%2Fo4dCHBJcQbgICbINvhC8AAO6HCxxwivek30%2FzXA0fMyRVrZ0QASGbdTONBgmLoWnv3CSRSY6WjVdkJMgIvG8lvBlrev3gK7a6nxcWjYzxBcT9sh6GG3yY%3D
2022-01-02 17:02:19 1641139339 DEBUG: Cart 57342: Standard IPN
2022-01-02 17:02:19 1641139339 DEBUG: Cart 57342: Validating order
2022-01-02 17:02:19 1641139339 DEBUG: Cart 57342: Customer is back from Verifone e-commerce payment page. Waiting order validation (loop 0).
2022-01-02 17:02:20 1641139340 DEBUG: Cart 57342: Customer is back from Verifone e-commerce payment page. Waiting order validation (loop 1).
2022-01-02 17:02:22 1641139342 DEBUG: Cart 57342: Customer is back from Verifone e-commerce payment page. Waiting order validation (loop 2).
2022-01-02 17:02:22 1641139339 DEBUG: Cart 57342: Order 5639 validated, creating details
2022-01-02 17:02:22 1641139339 DEBUG: Cart 57342: Order 5639 / Le paiement a été autorisé et capturé par Paybox.
2022-01-02 17:02:23 1641139343 DEBUG: Cart 57342: Customer is back from Verifone e-commerce payment page. Payment success.
2022-01-02 18:39:25 1641145165 DEBUG: URL to check 2
2022-01-02 18:39:25 1641145165 DEBUG: Checking Verifone e-commerce URL https://tpeweb.paybox.com/load.html
2022-01-02 18:39:25 1641145165 DEBUG:   Valid url found: https://tpeweb.paybox.com/cgi/MYframepagepaiement_ip.cgi
2022-01-02 18:39:25 1641145165 DEBUG: Cart 57346: Redirecting customer to Verifone e-commerce (CARTE, CB).
2022-01-02 18:42:24 1641145344 DEBUG: Call params: M=14858&R=57346%20-%20Valod%20Poghossian&T=1583083277&A=451467&B=0&C=CB&D=2402&E=00000&F=Y&G=O&I=FRA&J=89&N=497040&O=Y&P=CARTE&Q=18%3A42%3A22&S=435613310&W=02012022&Y=FRA&Z=0-0&K=AGg%2F%2BXKCrGxgoMW%2Fe8hIhyViznA0ZXGGbGls9MoWuYkTP4kOY7T8gfKkcmZotmv5aCYgqMqawX59z4pMJ70tBk6e4EMNGTX%2BCuqk1o%2FtxNehDiBGlSPY0RPOFdDCZtAGL0iRwNPn%2BQKYIoA1g3ZEhM%2FgMizQTtBI0Bxr18Jm9dI%3D
2022-01-02 18:42:24 1641145344 DEBUG: Cart 57346: Standard IPN
2022-01-02 18:42:24 1641145344 DEBUG: Cart 57346: Validating order
2022-01-02 18:42:25 1641145345 DEBUG: Cart 57346: Customer is back from Verifone e-commerce payment page. Waiting order validation (loop 0).
2022-01-02 18:42:26 1641145346 DEBUG: Cart 57346: Customer is back from Verifone e-commerce payment page. Waiting order validation (loop 1).
2022-01-02 18:42:26 1641145344 DEBUG: Cart 57346: Order 5640 validated, creating details
2022-01-02 18:42:26 1641145344 DEBUG: Cart 57346: Order 5640 / Le paiement a été autorisé et capturé par Paybox.
2022-01-02 18:42:27 1641145347 DEBUG: Cart 57346: Customer is back from Verifone e-commerce payment page. Payment success.
2022-01-02 20:20:27 1641151227 DEBUG: URL to check 2
2022-01-02 20:20:27 1641151227 DEBUG: Checking Verifone e-commerce URL https://tpeweb.paybox.com/load.html
2022-01-02 20:20:27 1641151227 DEBUG:   Valid url found: https://tpeweb.paybox.com/cgi/MYframepagepaiement_ip.cgi
2022-01-02 20:20:27 1641151227 DEBUG: Cart 57347: Redirecting customer to Verifone e-commerce (CARTE, CB).
2022-01-02 20:22:44 1641151364 DEBUG: Call params: M=25768&R=57347%20-%20Christelle%20Tournier&T=1039557352&A=452564&B=0&C=Visa&D=2406&E=00000&F=Y&G=O&I=FRA&J=25&N=497874&O=Y&P=CARTE&Q=20%3A22%3A42&S=293885249&W=02012022&Y=FRA&Z=0-0&K=3Jl6sqWtfhosKsi1ws1CRsbXNniJ0DVnJtHkdw3oT6as5Pa89gVVatZo8InvGzA%2BsR6ORB3ezHlp8BlgDgI8fNoFSDHpHYOTsjQ549ExefoAfwWP2eJHzZbklDm4WPt7e5HjNcaBCwIKmDG1Iq6DDBLHFDquqyAV%2B0e%2BSwm6cUE%3D
2022-01-02 20:22:44 1641151364 DEBUG: Cart 57347: Standard IPN
2022-01-02 20:22:44 1641151364 DEBUG: Cart 57347: Validating order
2022-01-02 20:22:44 1641151364 DEBUG: Cart 57347: Customer is back from Verifone e-commerce payment page. Waiting order validation (loop 0).
2022-01-02 20:22:45 1641151365 DEBUG: Cart 57347: Customer is back from Verifone e-commerce payment page. Waiting order validation (loop 1).
2022-01-02 20:22:46 1641151364 DEBUG: Cart 57347: Order 5641 validated, creating details
2022-01-02 20:22:46 1641151364 DEBUG: Cart 57347: Order 5641 / Le paiement a été autorisé et capturé par Paybox.
2022-01-02 20:22:46 1641151366 DEBUG: Cart 57347: Customer is back from Verifone e-commerce payment page. Payment success.
2022-01-02 21:26:37 1641155197 DEBUG: URL to check 2
2022-01-02 21:26:37 1641155197 DEBUG: Checking Verifone e-commerce URL https://tpeweb.paybox.com/load.html
2022-01-02 21:26:37 1641155197 DEBUG:   Valid url found: https://tpeweb.paybox.com/cgi/MYframepagepaiement_ip.cgi
2022-01-02 21:26:37 1641155197 DEBUG: Cart 57348: Redirecting customer to Verifone e-commerce (CARTE, CB).
2022-01-02 21:28:36 1641155316 DEBUG: Call params: M=4191&R=57348%20-%20Lyvia%20Albuixech&T=1583105895&A=714146&B=0&C=CB&D=2403&E=00000&F=Y&G=O&I=FRA&J=63&N=513647&O=Y&P=CARTE&Q=21%3A28%3A34&S=435638267&W=02012022&Y=FRA&Z=0-0&K=h6XeKx9kmtzClwktGMUWtp4iWzUzY%2ByDZ3a2LYHRoyKaBeP0HucEyi3kh8QiogA5Z%2FPSrMihq%2Fu7Au%2B3Zi7%2BTHIxnDrtp%2B9nqvucu04DA0ZUMQEkFKr57DTOcVVa9ucE1xLhMy3ItymwyhPtNk9xwUpUkG64soF7LzWEqIM6qeQ%3D
2022-01-02 21:28:36 1641155316 DEBUG: Cart 57348: Standard IPN
2022-01-02 21:28:36 1641155316 DEBUG: Cart 57348: Validating order
2022-01-02 21:28:36 1641155316 DEBUG: Cart 57348: Customer is back from Verifone e-commerce payment page. Waiting order validation (loop 0).
2022-01-02 21:28:37 1641155316 DEBUG: Cart 57348: Order 5642 validated, creating details
2022-01-02 21:28:37 1641155316 DEBUG: Cart 57348: Order 5642 / Le paiement a été autorisé et capturé par Paybox.
2022-01-02 21:28:38 1641155318 DEBUG: Cart 57348: Customer is back from Verifone e-commerce payment page. Payment success.
