2022-06-10 00:38:36 1654814316 DEBUG: URL to check 2
2022-06-10 00:38:36 1654814316 DEBUG: Checking Verifone e-commerce URL https://tpeweb.paybox.com/load.html
2022-06-10 00:38:37 1654814316 DEBUG:   Valid url found: https://tpeweb.paybox.com/cgi/MYframepagepaiement_ip.cgi
2022-06-10 00:38:37 1654814316 DEBUG: Cart 62273: Redirecting customer to Verifone e-commerce (CARTE, CB).
2022-06-10 00:39:37 1654814377 DEBUG: Call params: M=17591&R=62273%20-%20Marjory%20MONESTIER&T=1063257051&A=195194&B=0&C=CB&D=2206&E=00000&F=Y&G=O&I=FRA&J=47&N=513162&O=Y&P=CARTE&Q=00%3A39%3A35&S=917988446&W=10062022&Y=FRA&Z=0-0&K=otOHo5gLXYJJcc8027GOxhDt6xv5rGYbxbKqUIq5pbZLJAi%2BNz9RuZ8gMwpjEewDWilPx50XzrOA5umh64kAb4dQIdyhZ4pLKXqcr6odMBrHTNYe91PiV%2F%2BZhHRVWdAThdVaBm59jor7pXJefuDIMm969Nhk1JH97IJuYa3M7gg%3D
2022-06-10 00:39:37 1654814377 DEBUG: Cart 62273: Standard IPN
2022-06-10 00:39:37 1654814377 DEBUG: Cart 62273: Validating order
2022-06-10 00:39:38 1654814378 DEBUG: Cart 62273: Customer is back from Verifone e-commerce payment page. Waiting order validation (loop 0).
2022-06-10 00:39:39 1654814377 DEBUG: Cart 62273: Order 5915 validated, creating details
2022-06-10 00:39:39 1654814377 DEBUG: Cart 62273: Order 5915 / Le paiement a été autorisé et capturé par Paybox.
2022-06-10 00:39:39 1654814379 DEBUG: Cart 62273: Customer is back from Verifone e-commerce payment page. Payment success.
2022-06-10 09:28:51 1654846131 DEBUG: URL to check 2
2022-06-10 09:28:51 1654846131 DEBUG: Checking Verifone e-commerce URL https://tpeweb.paybox.com/load.html
2022-06-10 09:28:51 1654846131 DEBUG:   Valid url found: https://tpeweb.paybox.com/cgi/MYchoix_pagepaiement.cgi
2022-06-10 09:28:51 1654846131 DEBUG: Cart 62287: Redirecting customer to Verifone e-commerce (CARTE, CB).
2022-06-10 13:07:00 1654859220 DEBUG: URL to check 2
2022-06-10 13:07:00 1654859220 DEBUG: Checking Verifone e-commerce URL https://tpeweb.paybox.com/load.html
2022-06-10 13:07:00 1654859220 DEBUG:   Valid url found: https://tpeweb.paybox.com/cgi/MYchoix_pagepaiement.cgi
2022-06-10 13:07:00 1654859220 DEBUG: Cart 62300: Redirecting customer to Verifone e-commerce (CARTE, CB).
2022-06-10 13:13:15 1654859595 DEBUG: Call params: M=4850&R=62300%20-%20Karine%20Soucheire&T=1063350196&B=0&C=CB&D=2304&E=00040&F=N&G=N&I=FRA&J=70&N=497307&O=Y&P=3DSECURE&Q=13%3A13%3A15&S=918081494&W=10062022&Y=FRA&Z=0-0&K=Y3g4XmKraX4jmGPOhjtbu0fwb70QWt8iYJbnMofzypACflDpslFr2Itk10V%2F00CWn%2FscuXNYPN8xB7Sr0tSF%2BXzVGDVXxfU92LAfxWCUJc1J0MYnjLg2CWBd529X4hTRy0fBbSCBI5n803aoQkwKsaEXnrArn9O9WtiiDaO4GGk%3D
2022-06-10 13:13:15 1654859595 DEBUG: Cart 62300: (IPN) Payment was refused by Verifone e-commerce (40).
2022-06-10 17:16:16 1654874175 DEBUG: URL to check 2
2022-06-10 17:16:16 1654874175 DEBUG: Checking Verifone e-commerce URL https://tpeweb.paybox.com/load.html
2022-06-10 17:16:16 1654874175 DEBUG:   Valid url found: https://tpeweb.paybox.com/cgi/MYchoix_pagepaiement.cgi
2022-06-10 17:16:16 1654874175 DEBUG: Cart 62319: Redirecting customer to Verifone e-commerce (CARTE, CB).
2022-06-10 17:17:20 1654874240 DEBUG: Call params: M=7659&R=62319%20-%20Julie%20de%20Ronne&T=1610281027&A=065560&B=0&C=Visa&D=2403&E=00000&F=Y&G=O&I=BEL&J=61&N=423608&O=Y&P=3DSECURE&Q=17%3A17%3A19&S=25713866&W=10062022&Y=BEL&Z=0-0&K=eQ%2FGAojJgRtw56M5DGTgt%2Fq3PPwarchQ2QtyTqlG3VXkqQT9SRyS9TGx1OAkAk8INiYKsU9xVNDLzKcNzZf2EUACpHI5PyEI36f8vQok717%2F72Rk1QM5hh427hZAzffjH9DzIoJsLv3CCAiEWIgtGhdyhEoo%2BGXb9fiWNvGS5Mo%3D
2022-06-10 17:17:20 1654874240 DEBUG: Cart 62319: Standard IPN
2022-06-10 17:17:20 1654874240 DEBUG: Cart 62319: Validating order
2022-06-10 17:17:20 1654874240 DEBUG: Cart 62319: Customer is back from Verifone e-commerce payment page. Waiting order validation (loop 0).
2022-06-10 17:17:21 1654874241 DEBUG: Cart 62319: Customer is back from Verifone e-commerce payment page. Waiting order validation (loop 1).
2022-06-10 17:17:22 1654874242 DEBUG: Cart 62319: Customer is back from Verifone e-commerce payment page. Waiting order validation (loop 2).
2022-06-10 17:17:23 1654874240 DEBUG: Cart 62319: Order 5916 validated, creating details
2022-06-10 17:17:23 1654874240 DEBUG: Cart 62319: Order 5916 / Le paiement a été autorisé et capturé par Paybox.
2022-06-10 17:17:24 1654874244 DEBUG: Cart 62319: Customer is back from Verifone e-commerce payment page. Payment success.
