2022-04-25 20:23:17 1650910997 DEBUG: URL to check 2
2022-04-25 20:23:17 1650910997 DEBUG: Checking Verifone e-commerce URL https://tpeweb.paybox.com/load.html
2022-04-25 20:23:17 1650910997 DEBUG:   Valid url found: https://tpeweb.paybox.com/cgi/MYchoix_pagepaiement.cgi
2022-04-25 20:23:17 1650910997 DEBUG: Cart 60696: Redirecting customer to Verifone e-commerce (CARTE, CB).
2022-04-25 20:24:42 1650911082 DEBUG: Call params: M=17870&R=60696%20-%20Sebastien%20Gence&T=1055331895&A=110832&B=0&C=CB&D=2311&E=00000&F=Y&G=O&I=FRA&J=00&N=497887&O=Y&P=3DSECURE&Q=20%3A24%3A40&S=910099744&W=25042022&Y=FRA&Z=0-0&K=LB9x9t9umdKVgzNJeYYqKIyMxq9DCSxy7nOU4IZUecID8R5saPvK0U00Ds7bdY1b2cx6K6UtAA8o6uEM4EAXnL3S2fiTwzBrvonHUxQsa3dMu5ktw2wULXNgYp8X%2Fh7zEv7mkD8fOvrUv72op%2BOzx06qC3V6hnjJ8fzGU0F8Uok%3D
2022-04-25 20:24:42 1650911082 DEBUG: Cart 60696: Standard IPN
2022-04-25 20:24:42 1650911082 DEBUG: Cart 60696: Validating order
2022-04-25 20:24:43 1650911083 DEBUG: Cart 60696: Customer is back from Verifone e-commerce payment page. Waiting order validation (loop 0).
2022-04-25 20:24:44 1650911084 DEBUG: Cart 60696: Customer is back from Verifone e-commerce payment page. Waiting order validation (loop 1).
2022-04-25 20:24:44 1650911082 DEBUG: Cart 60696: Order 5807 validated, creating details
2022-04-25 20:24:44 1650911082 DEBUG: Cart 60696: Order 5807 / Le paiement a été autorisé et capturé par Paybox.
2022-04-25 20:24:45 1650911085 DEBUG: Cart 60696: Customer is back from Verifone e-commerce payment page. Payment success.
2022-04-25 21:27:41 1650914861 DEBUG: URL to check 2
2022-04-25 21:27:41 1650914861 DEBUG: Checking Verifone e-commerce URL https://tpeweb.paybox.com/load.html
2022-04-25 21:27:41 1650914861 DEBUG:   Valid url found: https://tpeweb.paybox.com/cgi/MYchoix_pagepaiement.cgi
2022-04-25 21:27:41 1650914861 DEBUG: Cart 60701: Redirecting customer to Verifone e-commerce (CARTE, CB).
2022-04-25 21:30:55 1650915055 DEBUG: Call params: M=4063&R=60701%20-%20Emilie%20Bailly&T=1055341425&A=832742&B=0&C=CB&D=2209&E=00000&F=Y&G=O&I=FRA&J=54&N=497040&O=Y&P=3DSECURE&Q=21%3A30%3A53&S=910109643&W=25042022&Y=FRA&Z=0-0&K=nRd9WaFUUVdVO78WmDUohyPpiLT7bSOQG3VXnUsVvpaaPqQPpxR8skWh53c%2F01JSgFFl1vEvbrB7ssyzRX219KY1sZJDHiVWFG9fM8XmPTDQAlNRgAGyv4wLz2jm7M45wP970rWJDn%2B14tQfUqAGpB4Np25OMkCvKoh5PlyXLD4%3D
2022-04-25 21:30:55 1650915055 DEBUG: Cart 60701: Standard IPN
2022-04-25 21:30:55 1650915055 DEBUG: Cart 60701: Validating order
2022-04-25 21:30:55 1650915055 DEBUG: Cart 60701: Customer is back from Verifone e-commerce payment page. Waiting order validation (loop 0).
2022-04-25 21:30:57 1650915057 DEBUG: Cart 60701: Customer is back from Verifone e-commerce payment page. Waiting order validation (loop 1).
2022-04-25 21:30:57 1650915055 DEBUG: Cart 60701: Order 5808 validated, creating details
2022-04-25 21:30:57 1650915055 DEBUG: Cart 60701: Order 5808 / Le paiement a été autorisé et capturé par Paybox.
2022-04-25 21:30:58 1650915058 DEBUG: Cart 60701: Customer is back from Verifone e-commerce payment page. Payment success.
