2022-10-05 10:23:07 1664958187 DEBUG: URL to check 2
2022-10-05 10:23:07 1664958187 DEBUG: Checking Verifone e-commerce URL https://tpeweb.paybox.com/load.html
2022-10-05 10:23:07 1664958187 DEBUG:   Valid url found: https://tpeweb.paybox.com/cgi/MYchoix_pagepaiement.cgi
2022-10-05 10:23:07 1664958187 DEBUG: Cart 67063: Redirecting customer to Verifone e-commerce (CARTE, CB).
2022-10-05 10:24:16 1664958256 DEBUG: Call params: M=7820&R=67063%20-%20Vibeke%20Diemer&T=1627264793&B=0&C=MasterCard&D=2604&E=00105&G=N&I=DNK&J=--&N=547512&O=U&P=3DSECURE&Q=10%3A24%3A16&S=44222317&W=05102022&Y=DNK&Z=0-0&K=O4n3nAD%2FX%2BJcV%2FSvPbYkYSjfnuPQtcCk%2F0UlZtaS4yI5NHP1dfPGJIeqP0vYeq3wqTAx%2Fb%2B5cpFc9fSF0Z%2BGAKloxZH2vdxzTcjgZhAalKb3FNbMOFYweGhiCngdYkkE6u61T65HjGfWMSBFKK0JpRUZulX%2BoYHmMMTs6V%2BbXXQ%3D
2022-10-05 10:24:16 1664958256 DEBUG: Cart 67063: (IPN) Payment was refused by Verifone e-commerce (105).
2022-10-05 21:35:40 1664998540 DEBUG: URL to check 2
2022-10-05 21:35:40 1664998540 DEBUG: Checking Verifone e-commerce URL https://tpeweb.paybox.com/load.html
2022-10-05 21:35:40 1664998540 DEBUG:   Valid url found: https://tpeweb.paybox.com/cgi/MYchoix_pagepaiement.cgi
2022-10-05 21:35:40 1664998540 DEBUG: Cart 67072: Redirecting customer to Verifone e-commerce (CARTE, CB).
2022-10-05 21:38:01 1664998681 DEBUG: Call params: M=4279&R=67072%20-%20Meireles%20sandra&T=1082320262&A=265983&B=0&C=CB&D=2503&E=00000&F=Y&G=O&I=FRA&J=50&N=513162&O=Y&P=3DSECURE&Q=21%3A38%3A01&S=936707006&W=05102022&Y=FRA&Z=0-0&K=RTaTuT1QJ5JiVU97zLI1Da37LTFssrYiqyifLBbHSca365pLlfdxDtnBHUCA5VkmESy%2BXrVXW%2B%2BzxlBiaumybgk3CfNxPAv5GcPREwOwioN5br5vEES1mcbQyiHfDOB36uxMbaXSmTKwJ3I%2FupXL7Rb6HfbWlXPSyyWKdf8zNHY%3D
2022-10-05 21:38:01 1664998681 DEBUG: Cart 67072: Standard IPN
2022-10-05 21:38:01 1664998681 DEBUG: Cart 67072: Validating order
2022-10-05 21:38:01 1664998681 DEBUG: Cart 67072: Customer is back from Verifone e-commerce payment page. Waiting order validation (loop 0).
2022-10-05 21:38:03 1664998683 DEBUG: Cart 67072: Customer is back from Verifone e-commerce payment page. Waiting order validation (loop 1).
2022-10-05 21:38:04 1664998684 DEBUG: Cart 67072: Customer is back from Verifone e-commerce payment page. Waiting order validation (loop 2).
2022-10-05 21:38:05 1664998685 DEBUG: Cart 67072: Customer is back from Verifone e-commerce payment page. Waiting order validation (loop 3).
2022-10-05 21:38:05 1664998681 DEBUG: Cart 67072: Order 6103 validated, creating details
2022-10-05 21:38:05 1664998681 DEBUG: Cart 67072: Order 6103 / Le paiement a été autorisé et capturé par Paybox.
2022-10-05 21:38:06 1664998686 DEBUG: Cart 67072: Customer is back from Verifone e-commerce payment page. Payment success.
