2022-07-18 09:37:18 1658129838 DEBUG: URL to check 2
2022-07-18 09:37:18 1658129838 DEBUG: Checking Verifone e-commerce URL https://tpeweb.paybox.com/load.html
2022-07-18 09:37:18 1658129838 DEBUG:   Valid url found: https://tpeweb.paybox.com/cgi/MYchoix_pagepaiement.cgi
2022-07-18 09:37:18 1658129838 DEBUG: Cart 64004: Redirecting customer to Verifone e-commerce (CARTE, CB).
2022-07-18 09:39:32 1658129972 DEBUG: Call params: M=30988&R=64004%20-%20Mathieu%20DELOS&T=1616337023&A=836594&B=0&C=CB&D=2210&E=00000&F=Y&G=O&I=FRA&J=65&N=497044&O=Y&P=3DSECURE&Q=09%3A39%3A31&S=32073925&W=18072022&Y=FRA&Z=0-0&K=c9x6QI468Ri11ihRnx%2BrYUGmA5ss3sMcD%2FjhTtdsD3hSPoLipoIdcPVsjOflyDVdCx1MOwExslxCVOYRZNMcMXbTa4wWUZkD7kwh9YSglEAZvbqkfhTJCi9sWEonIV1hQ2jt%2Fawz4kW2nU5tO0YEPbEwReg%2BG185%2BV3bZl6Dr8E%3D
2022-07-18 09:39:32 1658129972 DEBUG: Cart 64004: Standard IPN
2022-07-18 09:39:32 1658129972 DEBUG: Cart 64004: Validating order
2022-07-18 09:39:33 1658129973 DEBUG: Cart 64004: Customer is back from Verifone e-commerce payment page. Waiting order validation (loop 0).
2022-07-18 09:39:34 1658129974 DEBUG: Cart 64004: Customer is back from Verifone e-commerce payment page. Waiting order validation (loop 1).
2022-07-18 09:39:36 1658129976 DEBUG: Cart 64004: Customer is back from Verifone e-commerce payment page. Waiting order validation (loop 2).
2022-07-18 09:39:36 1658129972 DEBUG: Cart 64004: Order 5990 validated, creating details
2022-07-18 09:39:36 1658129972 DEBUG: Cart 64004: Order 5990 / Le paiement a été autorisé et capturé par Paybox.
2022-07-18 09:39:37 1658129977 DEBUG: Cart 64004: Customer is back from Verifone e-commerce payment page. Payment success.
2022-07-18 14:54:06 1658148846 DEBUG: URL to check 2
2022-07-18 14:54:06 1658148846 DEBUG: Checking Verifone e-commerce URL https://tpeweb.paybox.com/load.html
2022-07-18 14:54:06 1658148846 DEBUG:   Valid url found: https://tpeweb.paybox.com/cgi/MYframepagepaiement_ip.cgi
2022-07-18 14:54:06 1658148846 DEBUG: Cart 64099: Redirecting customer to Verifone e-commerce (CARTE, CB).
2022-07-18 14:56:43 1658149003 DEBUG: Call params: M=19630&R=64099%20-%20Marion%20burfin&T=451896411&A=144064&B=0&C=CB&D=2503&E=00000&F=Y&G=O&I=FRA&J=43&N=497401&O=Y&P=CARTE&Q=14%3A56%3A42&S=470158858&W=18072022&Y=FRA&Z=0-0&K=fyUJMLliUooCSFaz08e3aq%2Fxi8f%2FRFp5T79JlTJDbMYieQFW9pdyIKA%2BeotgLIABaNzHseKRjwhBjBeQZ%2F01dRqfdL4iu8qkPQetPUMQoaQtBnsQKw3gqr0X1%2B7jv4LFTW%2FHpks%2BC0AxG8OoTXcN4IwUIkt293n2RXB93o%2BTih8%3D
2022-07-18 14:56:43 1658149003 DEBUG: Cart 64099: Standard IPN
2022-07-18 14:56:43 1658149003 DEBUG: Cart 64099: Validating order
2022-07-18 14:56:44 1658149004 DEBUG: Cart 64099: Customer is back from Verifone e-commerce payment page. Waiting order validation (loop 0).
2022-07-18 14:56:45 1658149005 DEBUG: Cart 64099: Customer is back from Verifone e-commerce payment page. Waiting order validation (loop 1).
2022-07-18 14:56:46 1658149006 DEBUG: Cart 64099: Customer is back from Verifone e-commerce payment page. Waiting order validation (loop 2).
2022-07-18 14:56:46 1658149003 DEBUG: Cart 64099: Order 5991 validated, creating details
2022-07-18 14:56:46 1658149003 DEBUG: Cart 64099: Order 5991 / Le paiement a été autorisé et capturé par Paybox.
2022-07-18 14:56:47 1658149007 DEBUG: Cart 64099: Customer is back from Verifone e-commerce payment page. Payment success.
2022-07-18 22:16:04 1658175364 DEBUG: URL to check 2
2022-07-18 22:16:04 1658175364 DEBUG: Checking Verifone e-commerce URL https://tpeweb.paybox.com/load.html
2022-07-18 22:16:04 1658175364 DEBUG:   Valid url found: https://tpeweb.paybox.com/cgi/MYchoix_pagepaiement.cgi
2022-07-18 22:16:04 1658175364 DEBUG: Cart 64119: Redirecting customer to Verifone e-commerce (CARTE, CB).
2022-07-18 22:17:28 1658175448 DEBUG: Call params: M=15069&R=64119%20-%20lydie%20GALIBERT&T=1616421352&A=463156&B=0&C=CB&D=2209&E=00000&F=Y&G=O&I=FRA&J=30&N=497040&O=Y&P=3DSECURE&Q=22%3A17%3A26&S=32179305&W=18072022&Y=FRA&Z=0-0&K=hvYmJZmSAgiDb8Us0SqX7TYNxu%2BXsFmW6YsYKEFaOGSgjXymClVIC%2BIT%2FU3c2Trg32ckqZmAlzrMGl1vvCOFZxA%2F3wCk5FjozUgkH8NIkcTEFq4Lnn1dKA1AVhWXBkTKNawdMmABYWJFlpJgd8liBikpDCQh1nI4IWhvmujGk4c%3D
2022-07-18 22:17:28 1658175448 DEBUG: Cart 64119: Standard IPN
2022-07-18 22:17:28 1658175448 DEBUG: Cart 64119: Validating order
2022-07-18 22:17:29 1658175449 DEBUG: Cart 64119: Customer is back from Verifone e-commerce payment page. Waiting order validation (loop 0).
2022-07-18 22:17:29 1658175448 DEBUG: Cart 64119: Order 5992 validated, creating details
2022-07-18 22:17:29 1658175448 DEBUG: Cart 64119: Order 5992 / Le paiement a été autorisé et capturé par Paybox.
2022-07-18 22:17:30 1658175450 DEBUG: Cart 64119: Customer is back from Verifone e-commerce payment page. Payment success.
