2021-10-25 06:22:05 1635135725 DEBUG: URL to check 2
2021-10-25 06:22:05 1635135725 DEBUG: Checking Verifone e-commerce URL https://tpeweb.paybox.com/load.html
2021-10-25 06:22:05 1635135725 DEBUG:   Valid url found: https://tpeweb.paybox.com/cgi/MYframepagepaiement_ip.cgi
2021-10-25 06:22:05 1635135725 DEBUG: Cart 56336: Redirecting customer to Verifone e-commerce (CARTE, CB).
2021-10-25 06:25:07 1635135907 DEBUG: Call params: M=11976&R=56336%20-%20Laurent%20%20Virginie&T=1027675868&A=037351&B=0&C=Visa&D=2402&E=00000&F=Y&G=O&I=BEL&J=95&N=489103&O=Y&P=CARTE&Q=06%3A25%3A06&S=282279619&W=25102021&Y=BEL&Z=0-0&K=zQflD7QndHQi1Dx4GSDf%2Bz3sYu%2FiYn%2BFr4S97xnD5%2FLiBrzizKtuUa0vu3nGVDg9okvYrjIzI%2BAvb3oKTAdIbzJnrPzAB9hLKr%2FBh4fMeEROm7y%2FZBgrJJiVEaUXkMhDhi3jqH0QZdHCkDmJEmklAbgFDqzMhHokKP9%2FUDuAg9Y%3D
2021-10-25 06:25:07 1635135907 DEBUG: Cart 56336: Standard IPN
2021-10-25 06:25:07 1635135907 DEBUG: Cart 56336: Validating order
2021-10-25 06:25:07 1635135907 DEBUG: Cart 56336: Customer is back from Verifone e-commerce payment page. Waiting order validation (loop 0).
2021-10-25 06:25:08 1635135908 DEBUG: Cart 56336: Customer is back from Verifone e-commerce payment page. Waiting order validation (loop 1).
2021-10-25 06:25:10 1635135910 DEBUG: Cart 56336: Customer is back from Verifone e-commerce payment page. Waiting order validation (loop 2).
2021-10-25 06:25:11 1635135911 DEBUG: Cart 56336: Customer is back from Verifone e-commerce payment page. Waiting order validation (loop 3).
2021-10-25 06:25:12 1635135912 DEBUG: Cart 56336: Customer is back from Verifone e-commerce payment page. Waiting order validation (loop 4).
2021-10-25 06:25:13 1635135913 DEBUG: Cart 56336: Customer is back from Verifone e-commerce payment page. Waiting order validation (loop 5).
2021-10-25 06:25:14 1635135914 DEBUG: Cart 56336: Customer is back from Verifone e-commerce payment page. Waiting order validation (loop 6).
2021-10-25 06:25:16 1635135916 DEBUG: Cart 56336: Customer is back from Verifone e-commerce payment page. Waiting order validation (loop 7).
2021-10-25 06:25:17 1635135917 DEBUG: Cart 56336: Customer is back from Verifone e-commerce payment page. Waiting order validation (loop 8).
2021-10-25 06:25:18 1635135918 DEBUG: Cart 56336: Customer is back from Verifone e-commerce payment page. Waiting order validation (loop 9).
2021-10-25 06:25:19 1635135919 DEBUG: Cart 56336: Customer is back from Verifone e-commerce payment page. Waiting order validation (loop 10).
2021-10-25 06:25:20 1635135907 DEBUG: Cart 56336: Order 5582 validated, creating details
2021-10-25 06:25:20 1635135907 DEBUG: Cart 56336: Order 5582 / Le paiement a été autorisé et capturé par Paybox.
2021-10-25 06:25:21 1635135921 DEBUG: Cart 56336: Customer is back from Verifone e-commerce payment page. Payment success.
2021-10-25 15:49:49 1635169789 DEBUG: URL to check 2
2021-10-25 15:49:49 1635169789 DEBUG: Checking Verifone e-commerce URL https://tpeweb.paybox.com/load.html
2021-10-25 15:49:49 1635169789 DEBUG:   Valid url found: https://tpeweb.paybox.com/cgi/MYchoix_pagepaiement.cgi
2021-10-25 15:49:49 1635169789 DEBUG: Cart 56273: Redirecting customer to Verifone e-commerce (CARTE, CB).
2021-10-25 15:50:53 1635169853 DEBUG: Call params: M=14150&R=56273%20-%20Audrey%20GUYOMARD&T=1571758459&A=994118&B=0&C=CB&D=2312&E=00000&F=Y&G=O&I=FRA&J=28&N=497307&O=Y&P=3DSECURE&Q=15%3A50%3A52&S=422699309&W=25102021&Y=FRA&Z=0-0&K=PtI5UiqpZq0USVzvXLoEHG7zWfx8xdb6vjUh7FBPDS5iRRwCkRZbHec3G3gjPOorVx%2F6%2FqprnzyRBxmvFSPZwPcUaFSD%2BL7%2BiIZD9iNBv2eVkW4KWdAbKc%2FSYwx2AI35Xqmw7skFiTF856AHpgJFqrOWgybZwp26tvny%2FtH8cOo%3D
2021-10-25 15:50:53 1635169853 DEBUG: Cart 56273: Standard IPN
2021-10-25 15:50:53 1635169853 DEBUG: Cart 56273: Validating order
2021-10-25 15:50:54 1635169854 DEBUG: Cart 56273: Customer is back from Verifone e-commerce payment page. Waiting order validation (loop 0).
2021-10-25 15:50:55 1635169855 DEBUG: Cart 56273: Customer is back from Verifone e-commerce payment page. Waiting order validation (loop 1).
2021-10-25 15:50:56 1635169856 DEBUG: Cart 56273: Customer is back from Verifone e-commerce payment page. Waiting order validation (loop 2).
2021-10-25 15:50:57 1635169857 DEBUG: Cart 56273: Customer is back from Verifone e-commerce payment page. Waiting order validation (loop 3).
2021-10-25 15:50:57 1635169853 DEBUG: Cart 56273: Order 5583 validated, creating details
2021-10-25 15:50:57 1635169853 DEBUG: Cart 56273: Order 5583 / Le paiement a été autorisé et capturé par Paybox.
2021-10-25 15:50:58 1635169858 DEBUG: Cart 56273: Customer is back from Verifone e-commerce payment page. Payment success.
2021-10-25 16:09:25 1635170965 DEBUG: URL to check 2
2021-10-25 16:09:25 1635170965 DEBUG: Checking Verifone e-commerce URL https://tpeweb.paybox.com/load.html
2021-10-25 16:09:25 1635170965 DEBUG:   Valid url found: https://tpeweb.paybox.com/cgi/MYchoix_pagepaiement.cgi
2021-10-25 16:09:25 1635170965 DEBUG: Cart 56348: Redirecting customer to Verifone e-commerce (CARTE, CB).
2021-10-25 16:10:29 1635171029 DEBUG: Call params: M=6345&R=56348%20-%20GEOFFREY%20CHALVET&T=1027784354&A=832426&B=0&C=CB&D=2312&E=00000&F=Y&G=O&I=FRA&J=79&N=513162&O=Y&P=3DSECURE&Q=16%3A10%3A28&S=282381376&W=25102021&Y=FRA&Z=0-0&K=Qu4Rq70Oup0Rf5U9JVV73uhOnQgU5J63Q8HDqfpzIwIk2ExqYE7j19pHmS%2Fut5TPctdnxsmTrkbSpgziNSONNZVq5FZ7%2BU%2FZ2K7H02ZYnwEVbP9FUHy3zT4UZvVhqAPvZIOFvrcJA3QVqm6xZTvUEcWAJSfpoufsUrjsi3f6DwI%3D
2021-10-25 16:10:29 1635171029 DEBUG: Cart 56348: Standard IPN
2021-10-25 16:10:29 1635171029 DEBUG: Cart 56348: Validating order
2021-10-25 16:10:30 1635171030 DEBUG: Cart 56348: Customer is back from Verifone e-commerce payment page. Waiting order validation (loop 0).
2021-10-25 16:10:31 1635171031 DEBUG: Cart 56348: Customer is back from Verifone e-commerce payment page. Waiting order validation (loop 1).
2021-10-25 16:10:31 1635171029 DEBUG: Cart 56348: Order 5584 validated, creating details
2021-10-25 16:10:31 1635171029 DEBUG: Cart 56348: Order 5584 / Le paiement a été autorisé et capturé par Paybox.
2021-10-25 16:10:32 1635171032 DEBUG: Cart 56348: Customer is back from Verifone e-commerce payment page. Payment success.
