2022-05-19 17:14:07 1652973247 DEBUG: URL to check 2
2022-05-19 17:14:07 1652973247 DEBUG: Checking Verifone e-commerce URL https://tpeweb.paybox.com/load.html
2022-05-19 17:14:07 1652973247 DEBUG:   Valid url found: https://tpeweb.paybox.com/cgi/MYframepagepaiement_ip.cgi
2022-05-19 17:14:07 1652973247 DEBUG: Cart 61501: Redirecting customer to Verifone e-commerce (CARTE, CB).
2022-05-19 17:16:56 1652973416 DEBUG: Call params: M=6258&R=61501%20-%20Bertrand%20Lyon&T=1607120923&A=947080&B=0&C=MasterCard&D=2301&E=00000&F=Y&G=O&I=BEL&J=35&N=525636&O=Y&P=CARTE&Q=17%3A16%3A54&S=22037521&W=19052022&Y=BEL&Z=0-0&K=CIDeOvKfcAKbi3hDjQ8u%2FyQzoZBYN4NJaK7UgiH6SlLlxMRJ6dLLTncx4rLYqAwz0iSjnXFc3Rgq%2BSTbD9vQ1HQF%2FVpEqgwrE8Xop1EqdY8t3J46yocZXzcpN%2FxBXzHxX1KMn1BIWTBF8XgN9vijcY5t1NSU1MuTbdorgsdL2%2Fg%3D
2022-05-19 17:16:56 1652973416 DEBUG: Cart 61501: Standard IPN
2022-05-19 17:16:56 1652973416 DEBUG: Cart 61501: Validating order
2022-05-19 17:16:56 1652973416 DEBUG: Cart 61501: Customer is back from Verifone e-commerce payment page. Waiting order validation (loop 0).
2022-05-19 17:16:57 1652973417 DEBUG: Cart 61501: Customer is back from Verifone e-commerce payment page. Waiting order validation (loop 1).
2022-05-19 17:16:58 1652973418 DEBUG: Cart 61501: Customer is back from Verifone e-commerce payment page. Waiting order validation (loop 2).
2022-05-19 17:16:58 1652973416 DEBUG: Cart 61501: Order 5862 validated, creating details
2022-05-19 17:16:58 1652973416 DEBUG: Cart 61501: Order 5862 / Le paiement a été autorisé et capturé par Paybox.
2022-05-19 17:16:59 1652973419 DEBUG: Cart 61501: Customer is back from Verifone e-commerce payment page. Payment success.
2022-05-19 20:53:15 1652986395 DEBUG: URL to check 2
2022-05-19 20:53:15 1652986395 DEBUG: Checking Verifone e-commerce URL https://tpeweb.paybox.com/load.html
2022-05-19 20:53:15 1652986395 DEBUG:   Valid url found: https://tpeweb.paybox.com/cgi/MYframepagepaiement_ip.cgi
2022-05-19 20:53:15 1652986395 DEBUG: Cart 61505: Redirecting customer to Verifone e-commerce (CARTE, CB).
2022-05-19 20:55:27 1652986527 DEBUG: Call params: M=11377&R=61505%20-%20Veronique%20Queriaud&T=1607158557&A=166120&B=0&C=E_CARD&D=2207&E=00000&F=Y&G=O&I=FRA&J=09&N=417174&O=Y&P=CARTE&Q=20%3A55%3A25&S=22071857&W=19052022&Y=FRA&Z=0-0&K=NPfLoNtoTTPlD7tr2C6l5agO12QiWrIZyuAioRkGRqrt7v6czRgpq58%2BjXLA5rFY3%2FS7eqtrQMH0lxzmf6T16%2BPr5GbiclJVDvHqBaIAj1%2F0B2RAim2jmaeulbyR4dE8ioTwomdpfn%2FtM2oPQVexZiut4nGQw8SfWWanVi%2FnI5Y%3D
2022-05-19 20:55:27 1652986527 DEBUG: Cart 61505: Standard IPN
2022-05-19 20:55:27 1652986527 DEBUG: Cart 61505: Validating order
2022-05-19 20:55:27 1652986527 DEBUG: Cart 61505: Customer is back from Verifone e-commerce payment page. Waiting order validation (loop 0).
2022-05-19 20:55:28 1652986528 DEBUG: Cart 61505: Customer is back from Verifone e-commerce payment page. Waiting order validation (loop 1).
2022-05-19 20:55:28 1652986527 DEBUG: Cart 61505: Order 5863 validated, creating details
2022-05-19 20:55:28 1652986527 DEBUG: Cart 61505: Order 5863 / Le paiement a été autorisé et capturé par Paybox.
2022-05-19 20:55:29 1652986529 DEBUG: Cart 61505: Customer is back from Verifone e-commerce payment page. Payment success.
