2020-07-17 15:01:42 1594990902 DEBUG: URL to check 2
2020-07-17 15:01:42 1594990902 DEBUG: Checking Verifone e-commerce URL https://tpeweb.paybox.com/load.html
2020-07-17 15:01:42 1594990902 DEBUG:   Valid url found: https://tpeweb.paybox.com/cgi/MYchoix_pagepaiement.cgi
2020-07-17 15:01:42 1594990902 DEBUG: Cart 46094: Redirecting customer to Verifone e-commerce (CARTE, CB).
2020-07-17 15:04:11 1594991051 DEBUG: Call params: M=18663&R=46094%20-%20emilie%20zanato&T=940567110&A=166151&B=0&C=Visa&D=2211&E=00000&F=Y&G=O&I=FRA&J=54&N=497412&O=Y&P=3DSECURE&Q=15%3A01%3A42&S=202159105&W=17072020&Y=FRA&Z=0-0&K=vTyKb93rHio7t1EIM6qODH8C9lun4wo22piWtKMMKc9M5wVHr4j06KmYE%2FoTTfmIlZIZckfYS8LTDSZy5A5JfmqY21TbLgGiQ2IZI41G7yHLPt94SK%2BN0uGZpDwqzwnN2yNc2ZNKbvdryNa%2Bl4YJVX8ZHHqM5C5ZRgmc6fzAK4U%3D
2020-07-17 15:04:11 1594991051 DEBUG: Cart 46094: Standard IPN
2020-07-17 15:04:11 1594991051 DEBUG: Cart 46094: Validating order
2020-07-17 15:04:11 1594991051 DEBUG: Cart 46094: Customer is back from Verifone e-commerce payment page. Waiting order validation (loop 0).
2020-07-17 15:04:12 1594991052 DEBUG: Cart 46094: Customer is back from Verifone e-commerce payment page. Waiting order validation (loop 1).
2020-07-17 15:04:13 1594991053 DEBUG: Cart 46094: Customer is back from Verifone e-commerce payment page. Waiting order validation (loop 2).
2020-07-17 15:04:14 1594991054 DEBUG: Cart 46094: Customer is back from Verifone e-commerce payment page. Waiting order validation (loop 3).
2020-07-17 15:04:15 1594991051 DEBUG: Cart 46094: Order 4937 validated, creating details
2020-07-17 15:04:15 1594991051 DEBUG: Cart 46094: Order 4937 / Le paiement a été autorisé et capturé par Paybox.
2020-07-17 15:04:15 1594991055 DEBUG: Cart 46094: Customer is back from Verifone e-commerce payment page. Payment success.
2020-07-17 18:11:04 1595002264 DEBUG: URL to check 2
2020-07-17 18:11:04 1595002264 DEBUG: Checking Verifone e-commerce URL https://tpeweb.paybox.com/load.html
2020-07-17 18:11:04 1595002264 DEBUG:   Valid url found: https://tpeweb.paybox.com/cgi/MYchoix_pagepaiement.cgi
2020-07-17 18:11:04 1595002264 DEBUG: Cart 45903: Redirecting customer to Verifone e-commerce (CARTE, CB).
2020-07-17 18:13:10 1595002390 DEBUG: Call params: M=7778&R=45903%20-%20Melodie%20Angeletti&T=1489859680&A=145238&B=0&C=Visa&D=2304&E=00000&F=Y&G=O&I=FRA&J=59&N=497874&O=Y&P=3DSECURE&Q=18%3A11%3A04&S=340651791&W=17072020&Y=FRA&Z=0-0&K=ltFZ5aOCkUXph2ZRyVXVlS7pV14WP%2FNq7TeEwwBa01N%2BwmxFKt8uZ1weawOcQ%2Fj8PYqO4uOu3uK5uZSzDnhfpP4sF3E8b7lZ4Dx2LGXb1WCXAo2bmWme9gLTEThApTDNosp3Lv%2FTpuSg9vWbso05U2RuW%2BEijtBKTdtPzvCbz40%3D
2020-07-17 18:13:10 1595002390 DEBUG: Cart 45903: Standard IPN
2020-07-17 18:13:10 1595002390 DEBUG: Cart 45903: Validating order
2020-07-17 18:13:11 1595002391 DEBUG: Cart 45903: Customer is back from Verifone e-commerce payment page. Waiting order validation (loop 0).
2020-07-17 18:13:12 1595002392 DEBUG: Cart 45903: Customer is back from Verifone e-commerce payment page. Waiting order validation (loop 1).
2020-07-17 18:13:12 1595002390 DEBUG: Cart 45903: Order 4940 validated, creating details
2020-07-17 18:13:12 1595002390 DEBUG: Cart 45903: Order 4940 / Le paiement a été autorisé et capturé par Paybox.
2020-07-17 18:13:13 1595002393 DEBUG: Cart 45903: Customer is back from Verifone e-commerce payment page. Payment success.
2020-07-17 23:13:43 1595020423 DEBUG: URL to check 2
2020-07-17 23:13:43 1595020423 DEBUG: Checking Verifone e-commerce URL https://tpeweb.paybox.com/load.html
2020-07-17 23:13:43 1595020423 DEBUG:   Valid url found: https://tpeweb.paybox.com/cgi/MYchoix_pagepaiement.cgi
2020-07-17 23:13:43 1595020423 DEBUG: Cart 46107: Redirecting customer to Verifone e-commerce (CARTE, CB).
2020-07-17 23:15:00 1595020500 DEBUG: Call params: M=16163&R=46107%20-%20Clement%20Vezin&T=1489894303&A=906551&B=0&C=MasterCard&D=2305&E=00000&F=Y&G=O&I=FRA&J=16&N=535612&O=Y&P=3DSECURE&Q=23%3A13%3A43&S=340684036&W=17072020&Y=FRA&Z=0-0&K=yoK1%2FATrft7YLUkwKbvmShugy9OP9PymJD6MnHZWFGL2NWOFl43KTrMkLB4roTmEir7J0EZzYKxlvdLxL9yTUjNcDOirMzFkdBsDMmn5Q0trGMjgE5Z3GZGFdw7JQVKrunbdJyw90xy2RsrmJyvOuREEM4qfSxQHUKpYMT6HfK8%3D
2020-07-17 23:15:00 1595020500 DEBUG: Cart 46107: Standard IPN
2020-07-17 23:15:00 1595020500 DEBUG: Cart 46107: Validating order
2020-07-17 23:15:01 1595020501 DEBUG: Cart 46107: Customer is back from Verifone e-commerce payment page. Waiting order validation (loop 0).
2020-07-17 23:15:02 1595020500 DEBUG: Cart 46107: Order 4941 validated, creating details
2020-07-17 23:15:02 1595020500 DEBUG: Cart 46107: Order 4941 / Le paiement a été autorisé et capturé par Paybox.
2020-07-17 23:15:02 1595020502 DEBUG: Cart 46107: Customer is back from Verifone e-commerce payment page. Payment success.
