2022-07-25 11:31:24 1658741484 DEBUG: URL to check 2
2022-07-25 11:31:24 1658741484 DEBUG: Checking Verifone e-commerce URL https://tpeweb.paybox.com/load.html
2022-07-25 11:31:24 1658741484 DEBUG:   Valid url found: https://tpeweb.paybox.com/cgi/MYchoix_pagepaiement.cgi
2022-07-25 11:31:24 1658741484 DEBUG: Cart 64376: Redirecting customer to Verifone e-commerce (CARTE, CB).
2022-07-25 11:32:41 1658741561 DEBUG: Call params: M=17009&R=64376%20-%20Damien%20PIVETEAU&T=1617221160&B=0&C=CB&D=2412&E=00151&F=Y&G=O&I=FRA&J=--&N=513770&O=Y&P=3DSECURE&Q=11%3A32%3A40&S=32959290&W=25072022&Y=FRA&Z=0-0&K=rJuWvlsMHvS5P6e4kXQQ7ssUEJGR2TIcsxC6eKqWWW3okIpKGLJw4T3ldQHZU3Mm3OKvfWf0CM%2Bx%2F6ki%2BpdYLWuVTCL9AToPFOy6JlTsD4CeGZhitaq4En6sE6c97SBPjzmQGuC3XtoZ419JPabiBacE%2BtR3iUZWs8jKwExcXCU%3D
2022-07-25 11:32:41 1658741561 DEBUG: Cart 64376: (IPN) Payment was refused by Verifone e-commerce (151).
2022-07-25 11:34:27 1658741667 DEBUG: Call params: M=17009&R=64376%20-%20Damien%20PIVETEAU&T=1617221160&A=822482&B=0&C=MasterCard&D=2412&E=00000&F=Y&G=O&I=FRA&J=87&N=513770&O=Y&P=3DSECURE&Q=11%3A34%3A26&S=32959761&W=25072022&Y=FRA&Z=0-0&K=IotN7R7wWOXdNoGDLdu2C6RmT77PZEsTeybXAGSTNW5tcOGLy8KvlUQi%2BvydFtnDb28Xrempr3sOKve619EtMvQ5OqXa5g%2F9kROPA9RPfjLLANNAX8OAPvrFiHc2b97fltXnTfP5%2FC8jNdM0sEaVSzcxg5UR3NdZr4PmkoeAhAg%3D
2022-07-25 11:34:27 1658741667 DEBUG: Cart 64376: Standard IPN
2022-07-25 11:34:27 1658741667 DEBUG: Cart 64376: Validating order
2022-07-25 11:34:27 1658741667 DEBUG: Cart 64376: Customer is back from Verifone e-commerce payment page. Waiting order validation (loop 0).
2022-07-25 11:34:28 1658741668 DEBUG: Cart 64376: Customer is back from Verifone e-commerce payment page. Waiting order validation (loop 1).
2022-07-25 11:34:29 1658741669 DEBUG: Cart 64376: Customer is back from Verifone e-commerce payment page. Waiting order validation (loop 2).
2022-07-25 11:34:30 1658741670 DEBUG: Cart 64376: Customer is back from Verifone e-commerce payment page. Waiting order validation (loop 3).
2022-07-25 11:34:31 1658741667 DEBUG: Cart 64376: Order 6003 validated, creating details
2022-07-25 11:34:31 1658741667 DEBUG: Cart 64376: Order 6003 / Le paiement a été autorisé et capturé par Paybox.
2022-07-25 11:34:31 1658741671 DEBUG: Cart 64376: Customer is back from Verifone e-commerce payment page. Payment success.
2022-07-25 13:21:27 1658748087 DEBUG: URL to check 2
2022-07-25 13:21:27 1658748087 DEBUG: Checking Verifone e-commerce URL https://tpeweb.paybox.com/load.html
2022-07-25 13:21:27 1658748087 DEBUG:   Valid url found: https://tpeweb.paybox.com/cgi/MYchoix_pagepaiement.cgi
2022-07-25 13:21:27 1658748087 DEBUG: Cart 64380: Redirecting customer to Verifone e-commerce (CARTE, CB).
2022-07-25 13:23:25 1658748205 DEBUG: Call params: M=9828&R=64380%20-%20thierry%20leclant&T=1070167682&A=430226&B=0&C=CB&D=2409&E=00000&F=Y&G=O&I=FRA&J=50&N=456188&O=Y&P=3DSECURE&Q=13%3A23%3A24&S=924839883&W=25072022&Y=FRA&Z=0-0&K=Meubfnwt6N4tw0IBoIbNISR9td1vwL9w1scszL5WMpGpqrxMELhgpSzc1op4vaPmgHDR%2FKioCPV%2Bacd5ac3aRTWbq1tTUDgk6K7VxuZdXl32Cfr8QYOlRe3awqkK%2FaRXRbK4k7K3%2B6MEg9rSz6uC%2F1CutGNhs4iCBzixQ2ROFJU%3D
2022-07-25 13:23:25 1658748205 DEBUG: Cart 64380: Standard IPN
2022-07-25 13:23:25 1658748205 DEBUG: Cart 64380: Validating order
2022-07-25 13:23:26 1658748206 DEBUG: Cart 64380: Customer is back from Verifone e-commerce payment page. Waiting order validation (loop 0).
2022-07-25 13:23:27 1658748207 DEBUG: Cart 64380: Customer is back from Verifone e-commerce payment page. Waiting order validation (loop 1).
2022-07-25 13:23:28 1658748205 DEBUG: Cart 64380: Order 6004 validated, creating details
2022-07-25 13:23:28 1658748205 DEBUG: Cart 64380: Order 6004 / Le paiement a été autorisé et capturé par Paybox.
2022-07-25 13:23:28 1658748208 DEBUG: Cart 64380: Customer is back from Verifone e-commerce payment page. Payment success.
2022-07-25 14:55:26 1658753726 DEBUG: URL to check 2
2022-07-25 14:55:26 1658753726 DEBUG: Checking Verifone e-commerce URL https://tpeweb.paybox.com/load.html
2022-07-25 14:55:26 1658753726 DEBUG:   Valid url found: https://tpeweb.paybox.com/cgi/MYframepagepaiement_ip.cgi
2022-07-25 14:55:26 1658753726 DEBUG: Cart 64383: Redirecting customer to Verifone e-commerce (CARTE, CB).
2022-07-25 14:56:40 1658753800 DEBUG: Call params: M=6035&R=64383%20-%20Nolwenn%20Desruelles&T=1617260997&A=681541&B=0&C=CB&D=2504&E=00000&F=Y&G=O&I=FRA&J=63&N=499022&O=Y&P=CARTE&Q=14%3A56%3A38&S=32998190&W=25072022&Y=FRA&Z=0-0&K=SWvIJFBkeu%2BRrgXftwfKv8mJnF6s7z1Ud%2FrKhrU1pk7h%2B6Olvxz3DMooNeHTtslZgDAtroN8f%2FuTm8eFhsHBr5s%2FVIxaUjyCk%2Bue82ifuLyf03kOPcI29O%2FJsZpTWA5%2FlQEDTlwLrZxdkzCxlo8hXIp1z9F6AzZbEy5GGAfmOsM%3D
2022-07-25 14:56:40 1658753800 DEBUG: Cart 64383: Standard IPN
2022-07-25 14:56:40 1658753800 DEBUG: Cart 64383: Validating order
2022-07-25 14:56:40 1658753800 DEBUG: Cart 64383: Customer is back from Verifone e-commerce payment page. Waiting order validation (loop 0).
2022-07-25 14:56:41 1658753801 DEBUG: Cart 64383: Customer is back from Verifone e-commerce payment page. Waiting order validation (loop 1).
2022-07-25 14:56:41 1658753800 DEBUG: Cart 64383: Order 6005 validated, creating details
2022-07-25 14:56:41 1658753800 DEBUG: Cart 64383: Order 6005 / Le paiement a été autorisé et capturé par Paybox.
2022-07-25 14:56:42 1658753802 DEBUG: Cart 64383: Customer is back from Verifone e-commerce payment page. Payment success.
2022-07-25 15:36:47 1658756207 DEBUG: URL to check 2
2022-07-25 15:36:47 1658756207 DEBUG: Checking Verifone e-commerce URL https://tpeweb.paybox.com/load.html
2022-07-25 15:36:47 1658756207 DEBUG:   Valid url found: https://tpeweb.paybox.com/cgi/MYframepagepaiement_ip.cgi
2022-07-25 15:36:47 1658756207 DEBUG: Cart 64381: Redirecting customer to Verifone e-commerce (CARTE, CB).
2022-07-25 15:38:51 1658756331 DEBUG: Call params: M=17870&R=64381%20-%20Christelle%20Quilichini&T=1617269655&A=124280&B=0&C=CB&D=2404&E=00000&F=Y&G=O&I=FRA&J=04&N=497886&O=Y&P=CARTE&Q=15%3A38%3A50&S=33006674&W=25072022&Y=FRA&Z=0-0&K=ycoGtHVmqOSFKDZs2R7LsRdZfxs0TwC9YN44S23kCDUVbg9bJ4faQ1gGRveNmjNEbzOd7yf8ybgKwyei91ZepxTLW%2FAc1ga5LENAn09qKPoz7xRotJNdxvbEvw%2Bs690ykl7pC9CSMlfZCwQ%2BbssJGQAJQM8dTHnWHKG2Ft6Wg5Y%3D
2022-07-25 15:38:51 1658756331 DEBUG: Cart 64381: Standard IPN
2022-07-25 15:38:51 1658756331 DEBUG: Cart 64381: Validating order
2022-07-25 15:38:52 1658756332 DEBUG: Cart 64381: Customer is back from Verifone e-commerce payment page. Waiting order validation (loop 0).
2022-07-25 15:38:53 1658756331 DEBUG: Cart 64381: Order 6006 validated, creating details
2022-07-25 15:38:53 1658756331 DEBUG: Cart 64381: Order 6006 / Le paiement a été autorisé et capturé par Paybox.
2022-07-25 15:38:54 1658756334 DEBUG: Cart 64381: Customer is back from Verifone e-commerce payment page. Payment success.
