2022-03-27 09:54:14 1648367653 DEBUG: URL to check 2
2022-03-27 09:54:14 1648367653 DEBUG: Checking Verifone e-commerce URL https://tpeweb.paybox.com/load.html
2022-03-27 09:54:14 1648367653 DEBUG:   Valid url found: https://tpeweb.paybox.com/cgi/MYframepagepaiement_ip.cgi
2022-03-27 09:54:14 1648367653 DEBUG: Cart 59664: Redirecting customer to Verifone e-commerce (CARTE, CB).
2022-03-27 09:56:15 1648367775 DEBUG: Call params: M=8278&R=59664%20-%20Jeanne%20LARCHER&T=1598455542&A=161252&B=0&C=MasterCard&D=2310&E=00000&F=Y&G=O&I=FRA&J=98&N=513861&O=Y&P=CARTE&Q=09%3A56%3A14&S=12582841&W=27032022&Y=FRA&Z=0-0&K=TJ%2BxGHckGW4N0oorDGPLts2O93dVi6IWjhIfQGmZeiAFxMz9OOAZus%2F80r7OfBMQWslOfVH4EOPRjntoMrEcf8IxORR4lzBFD3oDboWl7UUhxcatUKdwCVAe%2FrX35DTW2JkSEEYj6TgW9CBxfOiKJmNsppn94%2FXpoGiBaKxb%2FqQ%3D
2022-03-27 09:56:16 1648367775 DEBUG: Cart 59664: Standard IPN
2022-03-27 09:56:16 1648367775 DEBUG: Cart 59664: Validating order
2022-03-27 09:56:16 1648367776 DEBUG: Cart 59664: Customer is back from Verifone e-commerce payment page. Waiting order validation (loop 0).
2022-03-27 09:56:18 1648367778 DEBUG: Cart 59664: Customer is back from Verifone e-commerce payment page. Waiting order validation (loop 1).
2022-03-27 09:56:19 1648367779 DEBUG: Cart 59664: Customer is back from Verifone e-commerce payment page. Waiting order validation (loop 2).
2022-03-27 09:56:20 1648367780 DEBUG: Cart 59664: Customer is back from Verifone e-commerce payment page. Waiting order validation (loop 3).
2022-03-27 09:56:21 1648367781 DEBUG: Cart 59664: Customer is back from Verifone e-commerce payment page. Waiting order validation (loop 4).
2022-03-27 09:56:23 1648367783 DEBUG: Cart 59664: Customer is back from Verifone e-commerce payment page. Waiting order validation (loop 5).
2022-03-27 09:56:23 1648367775 DEBUG: Cart 59664: Order 5747 validated, creating details
2022-03-27 09:56:23 1648367775 DEBUG: Cart 59664: Order 5747 / Le paiement a été autorisé et capturé par Paybox.
2022-03-27 09:56:24 1648367784 DEBUG: Cart 59664: Customer is back from Verifone e-commerce payment page. Payment success.
2022-03-27 18:59:21 1648400361 DEBUG: URL to check 2
2022-03-27 18:59:21 1648400361 DEBUG: Checking Verifone e-commerce URL https://tpeweb.paybox.com/load.html
2022-03-27 18:59:21 1648400361 DEBUG:   Valid url found: https://tpeweb.paybox.com/cgi/MYframepagepaiement_ip.cgi
2022-03-27 18:59:21 1648400361 DEBUG: Cart 59670: Redirecting customer to Verifone e-commerce (CARTE, CB).
2022-03-27 19:00:33 1648400433 DEBUG: Call params: M=8909&R=59670%20-%20Justine%20%20Pizio&T=1598513539&A=009870&B=0&C=MasterCard&D=2204&E=00000&F=Y&G=O&I=CHE&J=17&N=510021&O=Y&P=CARTE&Q=19%3A00%3A31&S=12638394&W=27032022&Y=CHE&Z=0-0&K=kE%2FXnsHpvSwhFax95jRb%2B4Mju8hflRTivpFHC%2Fds7PvjKVPC6uWrBI625OGXMPgzKvWhWbceAIpu%2B9VxuAhZvYtwdi8zGK52IRZrovC43kcvwWlzotawikV8syLZ%2B3JpK%2FrqlFxzNTmJYEd3gu7qq92zJ5UpHFphuNgUnGLyUJQ%3D
2022-03-27 19:00:33 1648400433 DEBUG: Cart 59670: Standard IPN
2022-03-27 19:00:33 1648400433 DEBUG: Cart 59670: Validating order
2022-03-27 19:00:34 1648400433 DEBUG: Cart 59670: Customer is back from Verifone e-commerce payment page. Waiting order validation (loop 0).
2022-03-27 19:00:35 1648400435 DEBUG: Cart 59670: Customer is back from Verifone e-commerce payment page. Waiting order validation (loop 1).
2022-03-27 19:00:36 1648400436 DEBUG: Cart 59670: Customer is back from Verifone e-commerce payment page. Waiting order validation (loop 2).
2022-03-27 19:00:37 1648400433 DEBUG: Cart 59670: Order 5748 validated, creating details
2022-03-27 19:00:37 1648400433 DEBUG: Cart 59670: Order 5748 / Le paiement a été autorisé et capturé par Paybox.
2022-03-27 19:00:37 1648400437 DEBUG: Cart 59670: Customer is back from Verifone e-commerce payment page. Payment success.
