2022-07-11 16:11:31 1657548691 DEBUG: URL to check 2
2022-07-11 16:11:31 1657548691 DEBUG: Checking Verifone e-commerce URL https://tpeweb.paybox.com/load.html
2022-07-11 16:11:31 1657548691 DEBUG:   Valid url found: https://tpeweb.paybox.com/cgi/MYchoix_pagepaiement.cgi
2022-07-11 16:11:31 1657548691 DEBUG: Cart 63867: Redirecting customer to Verifone e-commerce (CARTE, CB).
2022-07-11 16:12:49 1657548769 DEBUG: Call params: M=8080&R=63867%20-%20Julie%20FRETEL&T=1615636636&A=534140&B=0&C=Visa&D=2209&E=00000&F=Y&G=O&I=FRA&J=23&N=497040&O=Y&P=3DSECURE&Q=16%3A12%3A48&S=31404825&W=11072022&Y=FRA&Z=0-0&K=pQgujhiAy3TSZ2pdkr84HSSvyPLiBMZH8R88I5pK7PsKqvyPAy39kbsvko34LRYxx7aEP1rxFmHNoVhly8Ek27Wej4QGn7IoWIzwnQdcDVNOU8GTbOMDoPqZX1Z%2BYDXGfZ1dfz1ZiIRQyw379QiWVs%2BTxMZOlpp3PqoWybyTwUs%3D
2022-07-11 16:12:49 1657548769 DEBUG: Cart 63867: Standard IPN
2022-07-11 16:12:49 1657548769 DEBUG: Cart 63867: Validating order
2022-07-11 16:12:50 1657548770 DEBUG: Cart 63867: Customer is back from Verifone e-commerce payment page. Waiting order validation (loop 0).
2022-07-11 16:12:51 1657548769 DEBUG: Cart 63867: Order 5978 validated, creating details
2022-07-11 16:12:51 1657548769 DEBUG: Cart 63867: Order 5978 / Le paiement a été autorisé et capturé par Paybox.
2022-07-11 16:12:51 1657548771 DEBUG: Cart 63867: Customer is back from Verifone e-commerce payment page. Payment success.
2022-07-11 17:42:11 1657554131 DEBUG: URL to check 2
2022-07-11 17:42:11 1657554131 DEBUG: Checking Verifone e-commerce URL https://tpeweb.paybox.com/load.html
2022-07-11 17:42:11 1657554131 DEBUG:   Valid url found: https://tpeweb.paybox.com/cgi/MYchoix_pagepaiement.cgi
2022-07-11 17:42:11 1657554131 DEBUG: Cart 63873: Redirecting customer to Verifone e-commerce (CARTE, CB).
2022-07-11 17:44:19 1657554259 DEBUG: Call params: M=4815&R=63873%20-%20VALERIE%20MARION&T=837416765&A=616963&B=0&C=CB&D=2503&E=00000&F=Y&G=O&I=FRA&J=20&N=497202&O=Y&P=3DSECURE&Q=17%3A44%3A18&S=831156605&W=11072022&Y=FRA&Z=0-0&K=GldzGCN7pjewg1tMPdNNeKbBMx0t2%2BgMxOX%2F51iHkCto3WPFpqIgnj%2BZ1ykTaDMA6n6fCIUevmr3MqMsM2BA4UeB77MfO7a1rmC1mihEFVSP%2FwGr7U9lqFOvTnjtwft3zHzhDyinFaA2W3AYXpoC6p1%2FlwKSaIt0QQtnw%2Fvat2U%3D
2022-07-11 17:44:19 1657554259 DEBUG: Cart 63873: Standard IPN
2022-07-11 17:44:19 1657554259 DEBUG: Cart 63873: Validating order
2022-07-11 17:44:20 1657554260 DEBUG: Cart 63873: Customer is back from Verifone e-commerce payment page. Waiting order validation (loop 0).
2022-07-11 17:44:21 1657554261 DEBUG: Cart 63873: Customer is back from Verifone e-commerce payment page. Waiting order validation (loop 1).
2022-07-11 17:44:21 1657554259 DEBUG: Cart 63873: Order 5979 validated, creating details
2022-07-11 17:44:21 1657554259 DEBUG: Cart 63873: Order 5979 / Le paiement a été autorisé et capturé par Paybox.
2022-07-11 17:44:22 1657554262 DEBUG: Cart 63873: Customer is back from Verifone e-commerce payment page. Payment success.
2022-07-11 21:12:16 1657566736 DEBUG: URL to check 2
2022-07-11 21:12:16 1657566736 DEBUG: Checking Verifone e-commerce URL https://tpeweb.paybox.com/load.html
2022-07-11 21:12:16 1657566736 DEBUG:   Valid url found: https://tpeweb.paybox.com/cgi/MYchoix_pagepaiement.cgi
2022-07-11 21:12:16 1657566736 DEBUG: Cart 63880: Redirecting customer to Verifone e-commerce (CARTE, CB).
