2021-12-17 10:35:23 1639733723 DEBUG: URL to check 2
2021-12-17 10:35:23 1639733723 DEBUG: Checking Verifone e-commerce URL https://tpeweb.paybox.com/load.html
2021-12-17 10:35:23 1639733723 DEBUG:   Valid url found: https://tpeweb.paybox.com/cgi/MYchoix_pagepaiement.cgi
2021-12-17 10:35:23 1639733723 DEBUG: Cart 57175: Redirecting customer to Verifone e-commerce (CARTE, CB).
2021-12-17 10:36:13 1639733773 DEBUG: URL to check 2
2021-12-17 10:36:13 1639733773 DEBUG: Checking Verifone e-commerce URL https://tpeweb.paybox.com/load.html
2021-12-17 10:36:13 1639733773 DEBUG:   Valid url found: https://tpeweb.paybox.com/cgi/MYchoix_pagepaiement.cgi
2021-12-17 10:36:13 1639733773 DEBUG: Cart 57175: Redirecting customer to Verifone e-commerce (CARTE, CB).
2021-12-17 10:36:19 1639733779 DEBUG: Cart 57175: Payment was canceled by user on Verifone e-commerce payment page.
2021-12-17 10:37:17 1639733837 DEBUG: URL to check 2
2021-12-17 10:37:17 1639733837 DEBUG: Checking Verifone e-commerce URL https://tpeweb.paybox.com/load.html
2021-12-17 10:37:17 1639733837 DEBUG:   Valid url found: https://tpeweb.paybox.com/cgi/MYchoix_pagepaiement.cgi
2021-12-17 10:37:17 1639733837 DEBUG: Cart 57175: Redirecting customer to Verifone e-commerce (CARTE, CB).
2021-12-17 10:38:31 1639733911 DEBUG: Call params: M=8278&R=57175%20-%20Maryvonne%20AUPEE&T=1037132433&A=651111&B=0&C=CB&D=2302&E=00000&F=Y&G=O&I=FRA&J=65&N=456299&O=Y&P=3DSECURE&Q=10%3A38%3A30&S=291552361&W=17122021&Y=FRA&Z=0-0&K=mJCKq2%2FB39MUUx7yLBCBTArjXusfj%2BjYwF%2FQ3opLEena9USxruGUUNlwWwKd0i6Z98vkGywtC9%2FOz8XSJ0dvmHJlWpHxAAdxbRnqntCCHjwXnO%2F%2FVAlL%2FXgXQbXDPxOodlh9mBLGPaf0A0t8gL0Basa7kIO50m3D%2FxZ3a3njcZ0%3D
2021-12-17 10:38:31 1639733911 DEBUG: Cart 57175: Standard IPN
2021-12-17 10:38:31 1639733911 DEBUG: Cart 57175: Validating order
2021-12-17 10:38:32 1639733911 DEBUG: Cart 57175: Customer is back from Verifone e-commerce payment page. Waiting order validation (loop 0).
2021-12-17 10:38:33 1639733913 DEBUG: Cart 57175: Customer is back from Verifone e-commerce payment page. Waiting order validation (loop 1).
2021-12-17 10:38:34 1639733914 DEBUG: Cart 57175: Customer is back from Verifone e-commerce payment page. Waiting order validation (loop 2).
2021-12-17 10:38:35 1639733915 DEBUG: Cart 57175: Customer is back from Verifone e-commerce payment page. Waiting order validation (loop 3).
2021-12-17 10:38:36 1639733916 DEBUG: Cart 57175: Customer is back from Verifone e-commerce payment page. Waiting order validation (loop 4).
2021-12-17 10:38:38 1639733918 DEBUG: Cart 57175: Customer is back from Verifone e-commerce payment page. Waiting order validation (loop 5).
2021-12-17 10:38:39 1639733919 DEBUG: Cart 57175: Customer is back from Verifone e-commerce payment page. Waiting order validation (loop 6).
2021-12-17 10:38:40 1639733920 DEBUG: Cart 57175: Customer is back from Verifone e-commerce payment page. Waiting order validation (loop 7).
2021-12-17 10:38:41 1639733921 DEBUG: Cart 57175: Customer is back from Verifone e-commerce payment page. Waiting order validation (loop 8).
2021-12-17 10:38:42 1639733911 DEBUG: Cart 57175: Order 5627 validated, creating details
2021-12-17 10:38:42 1639733911 DEBUG: Cart 57175: Order 5627 / Le paiement a été autorisé et capturé par Paybox.
2021-12-17 10:38:42 1639733922 DEBUG: Cart 57175: Customer is back from Verifone e-commerce payment page. Payment success.
