2022-04-13 13:09:37 1649848177 DEBUG: URL to check 2
2022-04-13 13:09:37 1649848177 DEBUG: Checking Verifone e-commerce URL https://tpeweb.paybox.com/load.html
2022-04-13 13:09:37 1649848177 DEBUG:   Valid url found: https://tpeweb.paybox.com/cgi/MYchoix_pagepaiement.cgi
2022-04-13 13:09:37 1649848177 DEBUG: Cart 55817: Redirecting customer to Verifone e-commerce (CARTE, CB).
2022-04-13 13:13:18 1649848398 DEBUG: Call params: M=14609&R=55817%20-%20Dylan%20PIETRE&T=1053389021&A=740799&B=0&C=MasterCard&D=2411&E=00000&F=Y&G=O&I=REU&J=84&N=511768&O=Y&P=3DSECURE&Q=13%3A13%3A17&S=908109268&W=13042022&Y=FRA&Z=0-0&K=Nq6VA9ygO7Feq4PYQqEExkinEVoK%2FGHUCzQ18F5t50XBBgpS1kMo2hEFcD3lisaNopC6lK7Jr2OHgJC%2FQ4JyNDdkAbogttELbkTnZtMTwM7aN4j6gIdGmr4R4yCnWbKFhKjs9NRnV2J1PfHlf2YD4GG0FWuld%2B%2FACZ5%2FYhqpmb0%3D
2022-04-13 13:13:18 1649848398 DEBUG: Cart 55817: Standard IPN
2022-04-13 13:13:18 1649848398 DEBUG: Cart 55817: Validating order
2022-04-13 13:13:19 1649848399 DEBUG: Cart 55817: Customer is back from Verifone e-commerce payment page. Waiting order validation (loop 0).
2022-04-13 13:13:21 1649848401 DEBUG: Cart 55817: Customer is back from Verifone e-commerce payment page. Waiting order validation (loop 1).
2022-04-13 13:13:22 1649848398 DEBUG: Cart 55817: Order 5781 validated, creating details
2022-04-13 13:13:22 1649848398 DEBUG: Cart 55817: Order 5781 / Le paiement a été autorisé et capturé par Paybox.
2022-04-13 13:13:22 1649848402 DEBUG: Cart 55817: Customer is back from Verifone e-commerce payment page. Payment success.
2022-04-13 17:27:06 1649863626 DEBUG: URL to check 2
2022-04-13 17:27:06 1649863626 DEBUG: Checking Verifone e-commerce URL https://tpeweb.paybox.com/load.html
2022-04-13 17:27:06 1649863626 DEBUG:   Valid url found: https://tpeweb.paybox.com/cgi/MYframepagepaiement_ip.cgi
2022-04-13 17:27:06 1649863626 DEBUG: Cart 60294: Redirecting customer to Verifone e-commerce (CARTE, CB).
2022-04-13 17:28:58 1649863738 DEBUG: Call params: M=9877&R=60294%20-%20Isabelle%20Audoux&T=1053437525&A=384145&B=0&C=CB&D=2311&E=00000&F=Y&G=O&I=FRA&J=73&N=513770&O=Y&P=CARTE&Q=17%3A28%3A57&S=908158142&W=13042022&Y=FRA&Z=0-0&K=i%2BkpeN9zg2nzLZAvy%2Ff%2F6MaWkwuaiL%2BqrAUS6uv%2F4DKg3mYDNe5QpWGSIP6vXrEPY1N0LP6XgQH8AS8ldoUhKcOskjxt5kKO1lzVC9LWzo1Y%2BRQlE52rGyxnxW3ME10RdaZRHT70OyZ524A5gqortavm9aUG%2BWJYvUd%2B7Esp7UY%3D
2022-04-13 17:28:58 1649863738 DEBUG: Cart 60294: Standard IPN
2022-04-13 17:28:58 1649863738 DEBUG: Cart 60294: Validating order
2022-04-13 17:28:58 1649863738 DEBUG: Cart 60294: Customer is back from Verifone e-commerce payment page. Waiting order validation (loop 0).
2022-04-13 17:29:00 1649863740 DEBUG: Cart 60294: Customer is back from Verifone e-commerce payment page. Waiting order validation (loop 1).
2022-04-13 17:29:01 1649863741 DEBUG: Cart 60294: Customer is back from Verifone e-commerce payment page. Waiting order validation (loop 2).
2022-04-13 17:29:01 1649863738 DEBUG: Cart 60294: Order 5782 validated, creating details
2022-04-13 17:29:01 1649863738 DEBUG: Cart 60294: Order 5782 / Le paiement a été autorisé et capturé par Paybox.
2022-04-13 17:29:02 1649863742 DEBUG: Cart 60294: Customer is back from Verifone e-commerce payment page. Payment success.
2022-04-13 22:54:42 1649883282 DEBUG: URL to check 2
2022-04-13 22:54:42 1649883282 DEBUG: Checking Verifone e-commerce URL https://tpeweb.paybox.com/load.html
2022-04-13 22:54:42 1649883282 DEBUG:   Valid url found: https://tpeweb.paybox.com/cgi/MYchoix_pagepaiement.cgi
2022-04-13 22:54:42 1649883282 DEBUG: Cart 60303: Redirecting customer to Verifone e-commerce (CARTE, CB).
2022-04-13 22:57:05 1649883425 DEBUG: Call params: M=9127&R=60303%20-%20eric%20MARTINEZ&T=1601384362&A=599175&B=0&C=CB&D=2303&E=00000&F=Y&G=O&I=FRA&J=53&N=497301&O=Y&P=3DSECURE&Q=22%3A57%3A03&S=16037160&W=13042022&Y=FRA&Z=0-0&K=fLDc1SFOJ7%2BF42nlvb6t%2BPNMwBzeW7anqpeg1NQOMDapTK2x9t6gKDbl3zFtBHIiOO5uDiFV1bdw6B3t%2FPKAB%2BQkdXu7u3nXSyLEacJ%2FmM2ZkkCpW0fEsl4eGvmVIHSZLULTAfK1mki2UxbFGruSCnWnCiQSXNXuiDgkPg99pWY%3D
2022-04-13 22:57:05 1649883425 DEBUG: Cart 60303: Standard IPN
2022-04-13 22:57:05 1649883425 DEBUG: Cart 60303: Validating order
2022-04-13 22:57:06 1649883426 DEBUG: Cart 60303: Customer is back from Verifone e-commerce payment page. Waiting order validation (loop 0).
2022-04-13 22:57:07 1649883425 DEBUG: Cart 60303: Order 5783 validated, creating details
2022-04-13 22:57:07 1649883425 DEBUG: Cart 60303: Order 5783 / Le paiement a été autorisé et capturé par Paybox.
2022-04-13 22:57:07 1649883427 DEBUG: Cart 60303: Customer is back from Verifone e-commerce payment page. Payment success.
