2021-12-20 10:35:03 1639992903 DEBUG: URL to check 2
2021-12-20 10:35:03 1639992903 DEBUG: Checking Verifone e-commerce URL https://tpeweb.paybox.com/load.html
2021-12-20 10:35:03 1639992903 DEBUG:   Valid url found: https://tpeweb.paybox.com/cgi/MYchoix_pagepaiement.cgi
2021-12-20 10:35:03 1639992903 DEBUG: Cart 57206: Redirecting customer to Verifone e-commerce (CARTE, CB).
2021-12-20 10:37:04 1639993024 DEBUG: Call params: M=10103&R=57206%20-%20Isabelle%20DEJA&T=1037488835&A=851510&B=0&C=CB&D=2409&E=00000&F=Y&G=O&I=FRA&J=34&N=497401&O=Y&P=3DSECURE&Q=10%3A37%3A03&S=291883734&W=20122021&Y=FRA&Z=0-0&K=qNMs5WVAZBKqywa6XRDEJ3nEwzgtInDeNas%2BO8HyJcoVsaPAzTokpwjef%2FcUhO4DrEke0LbSNuJrstpZRJQCVf1XClw%2BeOzm7xjaZV6oBWrAmSblVvadIHU%2BkjXx0wxzrLQP1aCH0qMPpy7j9GQs2PmH5DscPEc0pIGJXQZ%2Fp3Y%3D
2021-12-20 10:37:04 1639993024 DEBUG: Cart 57206: Standard IPN
2021-12-20 10:37:04 1639993024 DEBUG: Cart 57206: Validating order
2021-12-20 10:37:05 1639993024 DEBUG: Cart 57206: Customer is back from Verifone e-commerce payment page. Waiting order validation (loop 0).
2021-12-20 10:37:06 1639993026 DEBUG: Cart 57206: Customer is back from Verifone e-commerce payment page. Waiting order validation (loop 1).
2021-12-20 10:37:07 1639993027 DEBUG: Cart 57206: Customer is back from Verifone e-commerce payment page. Waiting order validation (loop 2).
2021-12-20 10:37:08 1639993028 DEBUG: Cart 57206: Customer is back from Verifone e-commerce payment page. Waiting order validation (loop 3).
2021-12-20 10:37:10 1639993030 DEBUG: Cart 57206: Customer is back from Verifone e-commerce payment page. Waiting order validation (loop 4).
2021-12-20 10:37:11 1639993031 DEBUG: Cart 57206: Customer is back from Verifone e-commerce payment page. Waiting order validation (loop 5).
2021-12-20 10:37:12 1639993032 DEBUG: Cart 57206: Customer is back from Verifone e-commerce payment page. Waiting order validation (loop 6).
2021-12-20 10:37:13 1639993033 DEBUG: Cart 57206: Customer is back from Verifone e-commerce payment page. Waiting order validation (loop 7).
2021-12-20 10:37:14 1639993034 DEBUG: Cart 57206: Customer is back from Verifone e-commerce payment page. Waiting order validation (loop 8).
2021-12-20 10:37:16 1639993036 DEBUG: Cart 57206: Customer is back from Verifone e-commerce payment page. Waiting order validation (loop 9).
2021-12-20 10:37:16 1639993024 DEBUG: Cart 57206: Order 5630 validated, creating details
2021-12-20 10:37:16 1639993024 DEBUG: Cart 57206: Order 5630 / Le paiement a été autorisé et capturé par Paybox.
2021-12-20 10:37:17 1639993037 DEBUG: Cart 57206: Customer is back from Verifone e-commerce payment page. Payment success.
2021-12-20 11:45:29 1639997129 DEBUG: URL to check 2
2021-12-20 11:45:29 1639997129 DEBUG: Checking Verifone e-commerce URL https://tpeweb.paybox.com/load.html
2021-12-20 11:45:29 1639997129 DEBUG:   Valid url found: https://tpeweb.paybox.com/cgi/MYchoix_pagepaiement.cgi
2021-12-20 11:45:29 1639997129 DEBUG: Cart 57210: Redirecting customer to Verifone e-commerce (CARTE, CB).
2021-12-20 11:48:36 1639997316 DEBUG: URL to check 2
2021-12-20 11:48:36 1639997316 DEBUG: Checking Verifone e-commerce URL https://tpeweb.paybox.com/load.html
2021-12-20 11:48:36 1639997316 DEBUG:   Valid url found: https://tpeweb.paybox.com/cgi/MYchoix_pagepaiement.cgi
2021-12-20 11:48:36 1639997316 DEBUG: Cart 57211: Redirecting customer to Verifone e-commerce (CARTE, CB).
2021-12-20 11:51:19 1639997479 DEBUG: Call params: M=4378&R=57211%20-%20Catherine%20Deage&T=1581663727&A=145661&B=0&C=CB&D=2401&E=00000&F=Y&G=O&I=FRA&J=44&N=453307&O=Y&P=3DSECURE&Q=11%3A51%3A18&S=433659585&W=20122021&Y=FRA&Z=0-0&K=2%2Bv8NKK%2BwfI05FzNVMaF0HqnRnEvP1ygTxxpsEKI03H0v968w7unmHewEiEdCvIwyPihimsGfHlwnkMYt6AdnmCp5eHY6SGtsdTgAfll2IRS1hZOdalDNvtjNm3V4nBwtUoeXr3fOU85DcU73fbBEz1J6Ru33VybT7nTUsj6HjM%3D
2021-12-20 11:51:19 1639997479 DEBUG: Cart 57211: Standard IPN
2021-12-20 11:51:19 1639997479 DEBUG: Cart 57211: Validating order
2021-12-20 11:51:20 1639997480 DEBUG: Cart 57211: Customer is back from Verifone e-commerce payment page. Waiting order validation (loop 0).
2021-12-20 11:51:22 1639997482 DEBUG: Cart 57211: Customer is back from Verifone e-commerce payment page. Waiting order validation (loop 1).
2021-12-20 11:51:23 1639997483 DEBUG: Cart 57211: Customer is back from Verifone e-commerce payment page. Waiting order validation (loop 2).
2021-12-20 11:51:24 1639997484 DEBUG: Cart 57211: Customer is back from Verifone e-commerce payment page. Waiting order validation (loop 3).
2021-12-20 11:51:25 1639997479 DEBUG: Cart 57211: Order 5631 validated, creating details
2021-12-20 11:51:25 1639997479 DEBUG: Cart 57211: Order 5631 / Le paiement a été autorisé et capturé par Paybox.
2021-12-20 11:51:25 1639997485 DEBUG: Cart 57211: Customer is back from Verifone e-commerce payment page. Payment success.
