2020-09-06 01:31:18 1599348678 DEBUG: URL to check 2
2020-09-06 01:31:18 1599348678 DEBUG: Checking Verifone e-commerce URL https://tpeweb.paybox.com/load.html
2020-09-06 01:31:18 1599348678 DEBUG:   Valid url found: https://tpeweb.paybox.com/cgi/MYframepagepaiement_ip.cgi
2020-09-06 01:31:18 1599348678 DEBUG: Cart 47557: Redirecting customer to Verifone e-commerce (CARTE, CB).
2020-09-06 11:53:22 1599386002 DEBUG: URL to check 2
2020-09-06 11:53:22 1599386002 DEBUG: Checking Verifone e-commerce URL https://tpeweb.paybox.com/load.html
2020-09-06 11:53:22 1599386002 DEBUG:   Valid url found: https://tpeweb.paybox.com/cgi/MYframepagepaiement_ip.cgi
2020-09-06 11:53:22 1599386002 DEBUG: Cart 47571: Redirecting customer to Verifone e-commerce (CARTE, CB).
2020-09-06 11:54:49 1599386089 DEBUG: Call params: M=8460&R=47571%20-%20Magali%20Van%20Steenwinckel&T=1500260139&A=642888&B=0&C=Visa&D=2106&E=00000&F=Y&G=O&I=BEL&J=42&N=423608&O=Y&P=CARTE&Q=11%3A53%3A23&S=349886113&W=06092020&Y=BEL&Z=0-0&K=e%2BjXdgZho3bbrx%2FEXw4vQ3Ih6rqbg7aDinXBW2FApsdOFhqsUsirpfZlNiwRLhMe9Iq8IE5LpWnxg6JCI%2FLUMY08OfXocVE4knwSJg9lIhVsxOBcTaw3u%2BiiZih%2BPZH9uVaphSWEjZs4W545beoxmYzelvEiRu2tCg38lQuifmY%3D
2020-09-06 11:54:49 1599386089 DEBUG: Cart 47571: Standard IPN
2020-09-06 11:54:49 1599386089 DEBUG: Cart 47571: Validating order
2020-09-06 11:54:49 1599386089 DEBUG: Cart 47571: Customer is back from Verifone e-commerce payment page. Waiting order validation (loop 0).
2020-09-06 11:54:50 1599386090 DEBUG: Cart 47571: Customer is back from Verifone e-commerce payment page. Waiting order validation (loop 1).
2020-09-06 11:54:52 1599386092 DEBUG: Cart 47571: Customer is back from Verifone e-commerce payment page. Waiting order validation (loop 2).
2020-09-06 11:54:53 1599386093 DEBUG: Cart 47571: Customer is back from Verifone e-commerce payment page. Waiting order validation (loop 3).
2020-09-06 11:54:54 1599386094 DEBUG: Cart 47571: Customer is back from Verifone e-commerce payment page. Waiting order validation (loop 4).
2020-09-06 11:54:55 1599386095 DEBUG: Cart 47571: Customer is back from Verifone e-commerce payment page. Waiting order validation (loop 5).
2020-09-06 11:54:56 1599386096 DEBUG: Cart 47571: Customer is back from Verifone e-commerce payment page. Waiting order validation (loop 6).
2020-09-06 11:54:57 1599386097 DEBUG: Cart 47571: Customer is back from Verifone e-commerce payment page. Waiting order validation (loop 7).
2020-09-06 11:54:57 1599386089 DEBUG: Cart 47571: Order 5050 validated, creating details
2020-09-06 11:54:57 1599386089 DEBUG: Cart 47571: Order 5050 / Le paiement a été autorisé et capturé par Paybox.
2020-09-06 11:54:58 1599386098 DEBUG: Cart 47571: Customer is back from Verifone e-commerce payment page. Payment success.
2020-09-06 17:56:28 1599407788 DEBUG: URL to check 2
2020-09-06 17:56:28 1599407788 DEBUG: Checking Verifone e-commerce URL https://tpeweb.paybox.com/load.html
2020-09-06 17:56:28 1599407788 DEBUG:   Valid url found: https://tpeweb.paybox.com/cgi/MYchoix_pagepaiement.cgi
2020-09-06 17:56:28 1599407788 DEBUG: Cart 47586: Redirecting customer to Verifone e-commerce (CARTE, CB).
2020-09-06 17:57:32 1599407852 DEBUG: Call params: M=8200&R=47586%20-%20marion%20scellers&T=1500301484&A=564235&B=0&C=MasterCard&D=2205&E=00000&F=Y&G=O&I=FRA&J=96&N=513283&O=Y&P=3DSECURE&Q=17%3A56%3A30&S=349924818&W=06092020&Y=FRA&Z=0-0&K=prmn%2BElFKeColpOAmlVrb998uANxL2j25EA%2BjrJt4jg8ktPwR1tVWlkOiOXxXflULIZiWY%2BmrN4%2B%2BX67Bo%2FTuLvbjb52PMn0qnW5b3xXsD0Xtk13Nd%2Bs5XyfErB3Z2DbaNJgOI7EZaXDu2mi%2F29pzc71TGkCnCjZMbRIBK68kpY%3D
2020-09-06 17:57:32 1599407852 DEBUG: Cart 47586: Standard IPN
2020-09-06 17:57:32 1599407852 DEBUG: Cart 47586: Validating order
2020-09-06 17:57:33 1599407853 DEBUG: Cart 47586: Customer is back from Verifone e-commerce payment page. Waiting order validation (loop 0).
2020-09-06 17:57:34 1599407852 DEBUG: Cart 47586: Order 5051 validated, creating details
2020-09-06 17:57:34 1599407852 DEBUG: Cart 47586: Order 5051 / Le paiement a été autorisé et capturé par Paybox.
2020-09-06 17:57:34 1599407854 DEBUG: Cart 47586: Customer is back from Verifone e-commerce payment page. Payment success.
2020-09-06 21:56:46 1599422206 DEBUG: URL to check 2
2020-09-06 21:56:46 1599422206 DEBUG: Checking Verifone e-commerce URL https://tpeweb.paybox.com/load.html
2020-09-06 21:56:46 1599422206 DEBUG:   Valid url found: https://tpeweb.paybox.com/cgi/MYchoix_pagepaiement.cgi
2020-09-06 21:56:46 1599422206 DEBUG: Cart 47595: Redirecting customer to Verifone e-commerce (CARTE, CB).
