2022-07-04 18:19:47 1656951587 DEBUG: URL to check 2
2022-07-04 18:19:47 1656951587 DEBUG: Checking Verifone e-commerce URL https://tpeweb.paybox.com/load.html
2022-07-04 18:19:47 1656951587 DEBUG:   Valid url found: https://tpeweb.paybox.com/cgi/MYframepagepaiement_ip.cgi
2022-07-04 18:19:47 1656951587 DEBUG: Cart 63548: Redirecting customer to Verifone e-commerce (CARTE, CB).
2022-07-04 18:26:16 1656951976 DEBUG: Call params: M=11377&R=63548%20-%20ginette%20remilleux&T=1614200202&B=0&C=CB&D=2410&E=00040&F=N&G=N&I=FRA&J=99&N=513162&O=Y&P=CARTE&Q=18%3A26%3A16&S=29984873&W=04072022&Y=FRA&Z=0-0&K=cSFVlUe%2BemYsElkQ%2BviOMEYHl6B77agRat13e75IGlePEpbJHuLurswBj7RwYT4kZD6rISHXmkByFpO3ZycdyTuGviKKmeoMj1Z5wyUTW%2BtY2ELXN1v4eMS3PZKUICbfRbsI3VX4uXgN9i5M9gr6WF9TrUNfsImy5DkRp8hUSsw%3D
2022-07-04 18:26:16 1656951976 DEBUG: Cart 63548: (IPN) Payment was refused by Verifone e-commerce (40).
2022-07-04 18:28:40 1656952120 DEBUG: Call params: M=11377&R=63548%20-%20ginette%20remilleux&T=1614200202&A=771357&B=0&C=CB&D=2410&E=00000&F=Y&G=O&I=FRA&J=99&N=513162&O=Y&P=CARTE&Q=18%3A28%3A38&S=29985447&W=04072022&Y=FRA&Z=0-0&K=RC894hvgBLe7mfyYX%2BPPzIDXcMyOuZko%2Fkwxg%2BEjzhx0CHLxMGi7SZZSxvcwRGMz7sKZp3JfPd4B2WSi2%2BXc6Md9GcVufw7XHAy7gnWry1dW9RIYF9u0qh%2B6sR1NwTa%2BRe8kY%2BdcTsNkD610YM1POO0n08BETzt9JGdNjmsponk%3D
2022-07-04 18:28:40 1656952120 DEBUG: Cart 63548: Standard IPN
2022-07-04 18:28:40 1656952120 DEBUG: Cart 63548: Validating order
2022-07-04 18:28:40 1656952120 DEBUG: Cart 63548: Customer is back from Verifone e-commerce payment page. Waiting order validation (loop 0).
2022-07-04 18:28:42 1656952122 DEBUG: Cart 63548: Customer is back from Verifone e-commerce payment page. Waiting order validation (loop 1).
2022-07-04 18:28:43 1656952123 DEBUG: Cart 63548: Customer is back from Verifone e-commerce payment page. Waiting order validation (loop 2).
2022-07-04 18:28:43 1656952120 DEBUG: Cart 63548: Order 5960 validated, creating details
2022-07-04 18:28:43 1656952120 DEBUG: Cart 63548: Order 5960 / Le paiement a été autorisé et capturé par Paybox.
2022-07-04 18:28:44 1656952124 DEBUG: Cart 63548: Customer is back from Verifone e-commerce payment page. Payment success.
2022-07-04 23:33:42 1656970421 DEBUG: URL to check 2
2022-07-04 23:33:42 1656970421 DEBUG: Checking Verifone e-commerce URL https://tpeweb.paybox.com/load.html
2022-07-04 23:33:42 1656970421 DEBUG:   Valid url found: https://tpeweb.paybox.com/cgi/MYframepagepaiement_ip.cgi
2022-07-04 23:33:42 1656970421 DEBUG: Cart 63554: Redirecting customer to Verifone e-commerce (CARTE, CB).
2022-07-04 23:35:17 1656970517 DEBUG: Call params: M=17450&R=63554%20-%20Vitor%20coutinho&T=1614272530&A=123116&B=0&C=CB&D=2502&E=00000&F=Y&G=O&I=FRA&J=14&N=499023&O=Y&P=CARTE&Q=23%3A35%3A15&S=30052706&W=04072022&Y=FRA&Z=0-0&K=AjQi6kyJJ6lkjXHNvIcYe1ejkKVRJy599Vq8%2FGCLEQK7CXAR23S%2BGQue%2BQ9BcqnmtNckvC8wAMm61hYvQrLGy25db%2BNxiEpj9Y6fUVjAwK5pxdfvbVyvo2j6agvP1SCL1P6WhzUi8N74xXygZpdUfO9p1e4KCKaD5tf0ieY3svg%3D
2022-07-04 23:35:17 1656970517 DEBUG: Cart 63554: Standard IPN
2022-07-04 23:35:17 1656970517 DEBUG: Cart 63554: Validating order
2022-07-04 23:35:17 1656970517 DEBUG: Cart 63554: Customer is back from Verifone e-commerce payment page. Waiting order validation (loop 0).
2022-07-04 23:35:18 1656970517 DEBUG: Cart 63554: Order 5961 validated, creating details
2022-07-04 23:35:18 1656970517 DEBUG: Cart 63554: Order 5961 / Le paiement a été autorisé et capturé par Paybox.
2022-07-04 23:35:18 1656970518 DEBUG: Cart 63554: Customer is back from Verifone e-commerce payment page. Payment success.
