2022-02-19 11:18:33 1645265913 DEBUG: URL to check 2
2022-02-19 11:18:33 1645265913 DEBUG: Checking Verifone e-commerce URL https://tpeweb.paybox.com/load.html
2022-02-19 11:18:33 1645265913 DEBUG:   Valid url found: https://tpeweb.paybox.com/cgi/MYchoix_pagepaiement.cgi
2022-02-19 11:18:33 1645265913 DEBUG: Cart 58585: Redirecting customer to Verifone e-commerce (CARTE, CB).
2022-02-19 11:20:50 1645266050 DEBUG: Call params: M=14174&R=58585%20-%20Marie-Pierre%20ARCHEN&T=1593268526&A=896678&B=0&C=MasterCard&D=2207&E=00000&F=Y&G=O&I=FRA&J=54&N=531364&O=Y&P=3DSECURE&Q=11%3A20%3A48&S=6789244&W=19022022&Y=FRA&Z=0-0&K=HMLps9cPv3Jx1AXFU3lMaW3I3%2Fmj%2BcvmyZbUI0k39WdRpwzoyV1F%2FCDPgy2vZFL8dsybEb%2FMqEw2Abajll1gkcbQnMQpUXFvfTCNb1kxu6n961pmDEa8t4sdc%2FjkxEUgqU1A7lRo6hs2IMQpbBMszxCuk6vjSvRZMX7lHf%2BbAqU%3D
2022-02-19 11:20:50 1645266050 DEBUG: Cart 58585: Standard IPN
2022-02-19 11:20:50 1645266050 DEBUG: Cart 58585: Validating order
2022-02-19 11:20:50 1645266050 DEBUG: Cart 58585: Customer is back from Verifone e-commerce payment page. Waiting order validation (loop 0).
2022-02-19 11:20:52 1645266051 DEBUG: Cart 58585: Customer is back from Verifone e-commerce payment page. Waiting order validation (loop 1).
2022-02-19 11:20:53 1645266053 DEBUG: Cart 58585: Customer is back from Verifone e-commerce payment page. Waiting order validation (loop 2).
2022-02-19 11:20:54 1645266054 DEBUG: Cart 58585: Customer is back from Verifone e-commerce payment page. Waiting order validation (loop 3).
2022-02-19 11:20:56 1645266056 DEBUG: Cart 58585: Customer is back from Verifone e-commerce payment page. Waiting order validation (loop 4).
2022-02-19 11:20:57 1645266057 DEBUG: Cart 58585: Customer is back from Verifone e-commerce payment page. Waiting order validation (loop 5).
2022-02-19 11:20:58 1645266058 DEBUG: Cart 58585: Customer is back from Verifone e-commerce payment page. Waiting order validation (loop 6).
2022-02-19 11:20:58 1645266050 DEBUG: Cart 58585: Order 5701 validated, creating details
2022-02-19 11:20:58 1645266050 DEBUG: Cart 58585: Order 5701 / Le paiement a été autorisé et capturé par Paybox.
2022-02-19 11:20:59 1645266059 DEBUG: Cart 58585: Customer is back from Verifone e-commerce payment page. Payment success.
2022-02-19 21:06:53 1645301213 DEBUG: URL to check 2
2022-02-19 21:06:53 1645301213 DEBUG: Checking Verifone e-commerce URL https://tpeweb.paybox.com/load.html
2022-02-19 21:06:53 1645301213 DEBUG:   Valid url found: https://tpeweb.paybox.com/cgi/MYframepagepaiement_ip.cgi
2022-02-19 21:06:53 1645301213 DEBUG: Cart 58591: Redirecting customer to Verifone e-commerce (CARTE, CB).
2022-02-19 21:09:07 1645301346 DEBUG: URL to check 2
2022-02-19 21:09:07 1645301346 DEBUG: Checking Verifone e-commerce URL https://tpeweb.paybox.com/load.html
2022-02-19 21:09:07 1645301346 DEBUG:   Valid url found: https://tpeweb.paybox.com/cgi/MYframepagepaiement_ip.cgi
2022-02-19 21:09:07 1645301346 DEBUG: Cart 58591: Redirecting customer to Verifone e-commerce (CARTE, CB).
2022-02-19 21:10:49 1645301448 DEBUG: URL to check 2
2022-02-19 21:10:49 1645301448 DEBUG: Checking Verifone e-commerce URL https://tpeweb.paybox.com/load.html
2022-02-19 21:10:49 1645301448 DEBUG:   Valid url found: https://tpeweb.paybox.com/cgi/MYframepagepaiement_ip.cgi
2022-02-19 21:10:49 1645301448 DEBUG: Cart 58591: Redirecting customer to Verifone e-commerce (CARTE, CB).
2022-02-19 22:20:34 1645305634 DEBUG: URL to check 2
2022-02-19 22:20:34 1645305634 DEBUG: Checking Verifone e-commerce URL https://tpeweb.paybox.com/load.html
2022-02-19 22:20:34 1645305634 DEBUG:   Valid url found: https://tpeweb.paybox.com/cgi/MYframepagepaiement_ip.cgi
2022-02-19 22:20:34 1645305634 DEBUG: Cart 58591: Redirecting customer to Verifone e-commerce (CARTE, CB).
2022-02-19 22:22:08 1645305727 DEBUG: URL to check 2
2022-02-19 22:22:08 1645305727 DEBUG: Checking Verifone e-commerce URL https://tpeweb.paybox.com/load.html
2022-02-19 22:22:08 1645305727 DEBUG:   Valid url found: https://tpeweb.paybox.com/cgi/MYframepagepaiement_ip.cgi
2022-02-19 22:22:08 1645305727 DEBUG: Cart 58591: Redirecting customer to Verifone e-commerce (CARTE, CB).
