2022-07-03 13:07:37 1656846457 DEBUG: URL to check 2
2022-07-03 13:07:37 1656846457 DEBUG: Checking Verifone e-commerce URL https://tpeweb.paybox.com/load.html
2022-07-03 13:07:37 1656846457 DEBUG:   Valid url found: https://tpeweb.paybox.com/cgi/MYframepagepaiement_ip.cgi
2022-07-03 13:07:37 1656846457 DEBUG: Cart 63462: Redirecting customer to Verifone e-commerce (CARTE, CB).
2022-07-03 13:08:45 1656846525 DEBUG: URL to check 2
2022-07-03 13:08:45 1656846525 DEBUG: Checking Verifone e-commerce URL https://tpeweb.paybox.com/load.html
2022-07-03 13:08:45 1656846525 DEBUG:   Valid url found: https://tpeweb.paybox.com/cgi/MYframepagepaiement_ip.cgi
2022-07-03 13:08:45 1656846525 DEBUG: Cart 63462: Redirecting customer to Verifone e-commerce (CARTE, CB).
2022-07-03 18:00:01 1656864001 DEBUG: URL to check 2
2022-07-03 18:00:01 1656864001 DEBUG: Checking Verifone e-commerce URL https://tpeweb.paybox.com/load.html
2022-07-03 18:00:01 1656864001 DEBUG:   Valid url found: https://tpeweb.paybox.com/cgi/MYframepagepaiement_ip.cgi
2022-07-03 18:00:01 1656864001 DEBUG: Cart 63379: Redirecting customer to Verifone e-commerce (CARTE, CB).
2022-07-03 18:01:46 1656864106 DEBUG: Call params: M=23722&R=63379%20-%20Bruno%20%20Bajard&T=1613965134&A=222592&B=0&C=CB&D=2409&E=00000&F=Y&G=O&I=FRA&J=44&N=497804&O=Y&P=CARTE&Q=18%3A01%3A45&S=29750613&W=03072022&Y=FRA&Z=0-0&K=jOhW4wXLUIyMTV7gSzE1d6ZeZsuNZbZy4v12uX64vv4%2FB8Gt2uTgrkw2wl7GTY0za7gI4moU5iJ0GRxxAiOgh9YnUWJpGFHlb6kqFgVfCkRbPIw8kz7MvITz4gkG1ZfbgZdx2B5KZqVzoC1n1UYrWTAAGAr7X6Jf%2BqAA226ItsE%3D
2022-07-03 18:01:46 1656864106 DEBUG: Cart 63379: Standard IPN
2022-07-03 18:01:46 1656864106 DEBUG: Cart 63379: Validating order
2022-07-03 18:01:46 1656864106 DEBUG: Cart 63379: Customer is back from Verifone e-commerce payment page. Waiting order validation (loop 0).
2022-07-03 18:01:48 1656864108 DEBUG: Cart 63379: Customer is back from Verifone e-commerce payment page. Waiting order validation (loop 1).
2022-07-03 18:01:49 1656864109 DEBUG: Cart 63379: Customer is back from Verifone e-commerce payment page. Waiting order validation (loop 2).
2022-07-03 18:01:50 1656864106 DEBUG: Cart 63379: Order 5958 validated, creating details
2022-07-03 18:01:50 1656864106 DEBUG: Cart 63379: Order 5958 / Le paiement a été autorisé et capturé par Paybox.
2022-07-03 18:01:50 1656864110 DEBUG: Cart 63379: Customer is back from Verifone e-commerce payment page. Payment success.
