2020-10-04 17:12:58 1601824378 DEBUG: URL to check 2
2020-10-04 17:12:58 1601824378 DEBUG: Checking Verifone e-commerce URL https://tpeweb.paybox.com/load.html
2020-10-04 17:12:58 1601824378 DEBUG:   Valid url found: https://tpeweb.paybox.com/cgi/MYframepagepaiement_ip.cgi
2020-10-04 17:12:58 1601824378 DEBUG: Cart 48238: Redirecting customer to Verifone e-commerce (CARTE, CB).
2020-10-04 17:16:28 1601824588 DEBUG: URL to check 2
2020-10-04 17:16:28 1601824588 DEBUG: Checking Verifone e-commerce URL https://tpeweb.paybox.com/load.html
2020-10-04 17:16:28 1601824588 DEBUG:   Valid url found: https://tpeweb.paybox.com/cgi/MYframepagepaiement_ip.cgi
2020-10-04 17:16:28 1601824588 DEBUG: Cart 48238: Redirecting customer to Verifone e-commerce (CARTE, CB).
2020-10-04 17:17:34 1601824654 DEBUG: URL to check 2
2020-10-04 17:17:34 1601824654 DEBUG: Checking Verifone e-commerce URL https://tpeweb.paybox.com/load.html
2020-10-04 17:17:34 1601824654 DEBUG:   Valid url found: https://tpeweb.paybox.com/cgi/MYframepagepaiement_ip.cgi
2020-10-04 17:17:34 1601824654 DEBUG: Cart 48238: Redirecting customer to Verifone e-commerce (CARTE, CB).
2020-10-04 17:18:09 1601824689 DEBUG: URL to check 2
2020-10-04 17:18:09 1601824689 DEBUG: Checking Verifone e-commerce URL https://tpeweb.paybox.com/load.html
2020-10-04 17:18:09 1601824689 DEBUG:   Valid url found: https://tpeweb.paybox.com/cgi/MYframepagepaiement_ip.cgi
2020-10-04 17:18:09 1601824689 DEBUG: Cart 48238: Redirecting customer to Verifone e-commerce (CARTE, CB).
2020-10-04 17:18:45 1601824725 DEBUG: URL to check 2
2020-10-04 17:18:45 1601824725 DEBUG: Checking Verifone e-commerce URL https://tpeweb.paybox.com/load.html
2020-10-04 17:18:45 1601824725 DEBUG:   Valid url found: https://tpeweb.paybox.com/cgi/MYframepagepaiement_ip.cgi
2020-10-04 17:18:45 1601824725 DEBUG: Cart 48238: Redirecting customer to Verifone e-commerce (CARTE, CB).
2020-10-04 17:20:29 1601824829 DEBUG: URL to check 2
2020-10-04 17:20:29 1601824829 DEBUG: Checking Verifone e-commerce URL https://tpeweb.paybox.com/load.html
2020-10-04 17:20:30 1601824829 DEBUG:   Valid url found: https://tpeweb.paybox.com/cgi/MYframepagepaiement_ip.cgi
2020-10-04 17:20:30 1601824829 DEBUG: Cart 48238: Redirecting customer to Verifone e-commerce (CARTE, CB).
2020-10-04 17:24:58 1601825098 DEBUG: Call params: M=23109&R=48238%20-%20Angelique%20collet&T=1505744083&B=0&C=E_CARD&D=2011&E=00105&F=Y&G=O&I=FRA&J=--&N=497784&O=Y&P=CARTE&Q=17%3A16%3A29&S=355295179&W=04102020&Y=FRA&Z=0-0&K=1cnoA6J9ONdsAIRR%2FD0IhneFOrngUgYuNR3w7MvOIku3mDXT0zIwF3RApuckfibnOpeDkTfqBYdDuNAidEiOyWrxLUQjHqRiFKEqN0UAwKdJ9l9fcVNojzihqXvTQ2jIyZR73lJrCJmvMcsVweVIe5dO%2F1ruC%2B0kSLuS%2BILNSiA%3D
2020-10-04 17:24:58 1601825098 DEBUG: Cart 48238: (IPN) Payment was refused by Verifone e-commerce (105).
2020-10-04 17:26:42 1601825202 DEBUG: Call params: M=23109&R=48238%20-%20Angelique%20collet&T=1505744083&A=471425&B=0&C=E_CARD&D=2011&E=00000&F=Y&G=O&I=FRA&J=44&N=497784&O=Y&P=CARTE&Q=17%3A16%3A29&S=355295428&W=04102020&Y=FRA&Z=0-0&K=1HGjLO%2FJmXKXRtN5Hz3cvEBQB529r17lRM7uKwUpBprNajc41UtHzV9dtsjkbj9MWTUMwegp%2FU833XWcwMBh%2BKQ92szjsq2%2BvPt%2B3ht6GC39Evht%2FFzAgfzE0yX4nraOMxnsVemc9rz1dv2%2FlesKi0F9LyOCBlYFOpsiPVnleu8%3D
2020-10-04 17:26:42 1601825202 DEBUG: Cart 48238: Standard IPN
2020-10-04 17:26:42 1601825202 DEBUG: Cart 48238: Validating order
2020-10-04 17:26:42 1601825202 DEBUG: Cart 48238: Customer is back from Verifone e-commerce payment page. Waiting order validation (loop 0).
2020-10-04 17:26:44 1601825204 DEBUG: Cart 48238: Customer is back from Verifone e-commerce payment page. Waiting order validation (loop 1).
2020-10-04 17:26:45 1601825205 DEBUG: Cart 48238: Customer is back from Verifone e-commerce payment page. Waiting order validation (loop 2).
2020-10-04 17:26:47 1601825207 DEBUG: Cart 48238: Customer is back from Verifone e-commerce payment page. Waiting order validation (loop 3).
2020-10-04 17:26:48 1601825208 DEBUG: Cart 48238: Customer is back from Verifone e-commerce payment page. Waiting order validation (loop 4).
2020-10-04 17:26:48 1601825202 DEBUG: Cart 48238: Order 5086 validated, creating details
2020-10-04 17:26:48 1601825202 DEBUG: Cart 48238: Order 5086 / Le paiement a été autorisé et capturé par Paybox.
2020-10-04 17:26:49 1601825209 DEBUG: Cart 48238: Customer is back from Verifone e-commerce payment page. Payment success.
2020-10-04 22:46:39 1601844399 DEBUG: URL to check 2
2020-10-04 22:46:39 1601844399 DEBUG: Checking Verifone e-commerce URL https://tpeweb.paybox.com/load.html
2020-10-04 22:46:39 1601844399 DEBUG:   Valid url found: https://tpeweb.paybox.com/cgi/MYchoix_pagepaiement.cgi
2020-10-04 22:46:39 1601844399 DEBUG: Cart 48248: Redirecting customer to Verifone e-commerce (CARTE, CB).
2020-10-04 22:48:06 1601844486 DEBUG: Call params: M=19943&R=48248%20-%20Aurelie%20JOSSE&T=1505792644&A=510152&B=0&C=Visa&D=2210&E=00000&F=Y&G=O&I=FRA&J=15&N=497043&O=Y&P=3DSECURE&Q=22%3A46%3A39&S=355339856&W=04102020&Y=FRA&Z=0-0&K=iciXyNQZz9d%2F2rCFYrolzzFrjqNOBozbbloNt8YBImzuYa%2BfLMhris6HDt13nqbG5kvNJw%2BcT1wAXnHJXAx6eL8fk20UyLOP6UgwINa7LkG76RwEBMpWQJhhJmuUH5XUJgcjrxMZIiXnnvx5YNwaEBojpEMVqtzSqkJzQ%2BGHkew%3D
2020-10-04 22:48:06 1601844486 DEBUG: Cart 48248: Standard IPN
2020-10-04 22:48:06 1601844486 DEBUG: Cart 48248: Validating order
2020-10-04 22:48:07 1601844487 DEBUG: Cart 48248: Customer is back from Verifone e-commerce payment page. Waiting order validation (loop 0).
2020-10-04 22:48:08 1601844488 DEBUG: Cart 48248: Customer is back from Verifone e-commerce payment page. Waiting order validation (loop 1).
2020-10-04 22:48:08 1601844486 DEBUG: Cart 48248: Order 5087 validated, creating details
2020-10-04 22:48:08 1601844486 DEBUG: Cart 48248: Order 5087 / Le paiement a été autorisé et capturé par Paybox.
2020-10-04 22:48:09 1601844489 DEBUG: Cart 48248: Customer is back from Verifone e-commerce payment page. Payment success.
