2020-08-02 17:33:01 1596382381 DEBUG: URL to check 2
2020-08-02 17:33:01 1596382381 DEBUG: Checking Verifone e-commerce URL https://tpeweb.paybox.com/load.html
2020-08-02 17:33:01 1596382381 DEBUG:   Valid url found: https://tpeweb.paybox.com/cgi/MYchoix_pagepaiement.cgi
2020-08-02 17:33:01 1596382381 DEBUG: Cart 46464: Redirecting customer to Verifone e-commerce (CARTE, CB).
2020-08-02 17:34:31 1596382471 DEBUG: Call params: M=13404&R=46464%20-%20VERONIQUE%20GOBERT&T=944129865&A=463184&B=0&C=Visa&D=2204&E=00000&F=Y&G=O&I=FRA&J=18&N=497886&O=Y&P=3DSECURE&Q=17%3A33%3A02&S=205249161&W=02082020&Y=FRA&Z=0-0&K=pPVlY6l8CUtJJ4X3KHzletgCkjfJkdGMolzrL0%2FnVmISbHqKnCUpioRqFBn0l%2Fq1PhdgZyWGU1gPcYMeV7Q2lMyABkj6YYNuwGvfzIbBlONLjz3d1JTXvhEYCOcTwyd7T7erfr%2F5azrz56weZHGwox6I5vdDkrhrvc07deu2wBo%3D
2020-08-02 17:34:31 1596382471 DEBUG: Cart 46464: Standard IPN
2020-08-02 17:34:31 1596382471 DEBUG: Cart 46464: Validating order
2020-08-02 17:34:31 1596382471 DEBUG: Cart 46464: Customer is back from Verifone e-commerce payment page. Waiting order validation (loop 0).
2020-08-02 17:34:33 1596382473 DEBUG: Cart 46464: Customer is back from Verifone e-commerce payment page. Waiting order validation (loop 1).
2020-08-02 17:34:34 1596382474 DEBUG: Cart 46464: Customer is back from Verifone e-commerce payment page. Waiting order validation (loop 2).
2020-08-02 17:34:36 1596382476 DEBUG: Cart 46464: Customer is back from Verifone e-commerce payment page. Waiting order validation (loop 3).
2020-08-02 17:34:36 1596382471 DEBUG: Cart 46464: Order 4966 validated, creating details
2020-08-02 17:34:36 1596382471 DEBUG: Cart 46464: Order 4966 / Le paiement a été autorisé et capturé par Paybox.
2020-08-02 17:34:37 1596382477 DEBUG: Cart 46464: Customer is back from Verifone e-commerce payment page. Payment success.
2020-08-02 17:49:45 1596383384 DEBUG: URL to check 2
2020-08-02 17:49:45 1596383384 DEBUG: Checking Verifone e-commerce URL https://tpeweb.paybox.com/load.html
2020-08-02 17:49:45 1596383384 DEBUG:   Valid url found: https://tpeweb.paybox.com/cgi/MYchoix_pagepaiement.cgi
2020-08-02 17:49:45 1596383384 DEBUG: Cart 46469: Redirecting customer to Verifone e-commerce (CARTE, CB).
2020-08-02 17:50:51 1596383451 DEBUG: Call params: M=20129&R=46469%20-%20Cecile%20CIPIERRE&T=1492693135&A=402312&B=0&C=Visa&D=2105&E=00000&F=Y&G=O&I=FRA&J=07&N=497804&O=Y&P=3DSECURE&Q=17%3A49%3A45&S=343378259&W=02082020&Y=FRA&Z=0-0&K=1G0h25Fy8WhRH8WB4AFPNukekAVpxEnwglLXhdf0dh2eqlC8DIodxVK7w4TApk019dKPFD%2FlGy%2BczGue90vcHoJ0ZvmqRyJD74JaUIeLAegA6tMuE7%2BfOOcXQpFxH5%2FH2ReSZnxDdd5a3qjGt9bkHr7gjCJD10FW3GB1og%2FUztk%3D
2020-08-02 17:50:51 1596383451 DEBUG: Cart 46469: Standard IPN
2020-08-02 17:50:51 1596383451 DEBUG: Cart 46469: Validating order
2020-08-02 17:50:51 1596383451 DEBUG: Cart 46469: Customer is back from Verifone e-commerce payment page. Waiting order validation (loop 0).
2020-08-02 17:50:52 1596383452 DEBUG: Cart 46469: Customer is back from Verifone e-commerce payment page. Waiting order validation (loop 1).
2020-08-02 17:50:53 1596383451 DEBUG: Cart 46469: Order 4967 validated, creating details
2020-08-02 17:50:53 1596383451 DEBUG: Cart 46469: Order 4967 / Le paiement a été autorisé et capturé par Paybox.
2020-08-02 17:50:53 1596383453 DEBUG: Cart 46469: Customer is back from Verifone e-commerce payment page. Payment success.
2020-08-02 18:14:29 1596384869 DEBUG: URL to check 2
2020-08-02 18:14:29 1596384869 DEBUG: Checking Verifone e-commerce URL https://tpeweb.paybox.com/load.html
2020-08-02 18:14:29 1596384869 DEBUG:   Valid url found: https://tpeweb.paybox.com/cgi/MYchoix_pagepaiement.cgi
2020-08-02 18:14:29 1596384869 DEBUG: Cart 46471: Redirecting customer to Verifone e-commerce (CARTE, CB).
2020-08-02 18:15:40 1596384940 DEBUG: Call params: M=23195&R=46471%20-%20Lucie%20Theron&T=944133837&A=615365&B=0&C=MasterCard&D=2009&E=00000&F=Y&G=O&I=FRA&J=25&N=513130&O=Y&P=3DSECURE&Q=18%3A14%3A30&S=205261619&W=02082020&Y=FRA&Z=0-0&K=aqM86PEHT8vvnEmAnuQAuDGYGXp2N3vcTmZsKl3Np3vImWQ5gMJIq6pqgulDtIWvzc5UKJRFat%2FGMG5Y%2BIHlh2D4SxjVT7N0WGC0b1nDJgguT4aEBo8mn%2F3ULS%2FefesbM5SYYhSmywn4ks7YnfcVSCAgy52Ps0x1KVQxKZ1sQaE%3D
2020-08-02 18:15:40 1596384940 DEBUG: Cart 46471: Standard IPN
2020-08-02 18:15:40 1596384940 DEBUG: Cart 46471: Validating order
2020-08-02 18:15:40 1596384940 DEBUG: Cart 46471: Customer is back from Verifone e-commerce payment page. Waiting order validation (loop 0).
2020-08-02 18:15:42 1596384942 DEBUG: Cart 46471: Customer is back from Verifone e-commerce payment page. Waiting order validation (loop 1).
2020-08-02 18:15:42 1596384940 DEBUG: Cart 46471: Order 4968 validated, creating details
2020-08-02 18:15:42 1596384940 DEBUG: Cart 46471: Order 4968 / Le paiement a été autorisé et capturé par Paybox.
2020-08-02 18:15:43 1596384943 DEBUG: Cart 46471: Customer is back from Verifone e-commerce payment page. Payment success.
