2020-08-08 11:12:54 1596877974 DEBUG: URL to check 2
2020-08-08 11:12:54 1596877974 DEBUG: Checking Verifone e-commerce URL https://tpeweb.paybox.com/load.html
2020-08-08 11:12:54 1596877974 DEBUG:   Valid url found: https://tpeweb.paybox.com/cgi/MYchoix_pagepaiement.cgi
2020-08-08 11:12:54 1596877974 DEBUG: Cart 46662: Redirecting customer to Verifone e-commerce (CARTE, CB).
2020-08-08 11:15:00 1596878100 DEBUG: Call params: M=10862&R=46662%20-%20Myriam%20DE%20PAULIS&T=1494181757&A=550322&B=0&C=MasterCard&D=2204&E=00000&F=Y&G=O&I=FRA&J=84&N=513310&O=Y&P=3DSECURE&Q=11%3A12%3A55&S=344544874&W=08082020&Y=FRA&Z=0-0&K=IEaF5N267b7r81oSwLFE5IDRU7%2Fm8RiM01JbKeaEkDcR6tHtxhs%2BxzLxDH%2FvZZsR58Oh7E%2B9E0VWkGaRetxwiArjYbqyFJUArGg7dotgydJ3lMpe5tnAag82opuhDDu5vVaNJU9smM3RaRwB21phuWk1sThdtIkCCF6fJn2KPTk%3D
2020-08-08 11:15:00 1596878100 DEBUG: Cart 46662: Standard IPN
2020-08-08 11:15:00 1596878100 DEBUG: Cart 46662: Validating order
2020-08-08 11:15:01 1596878101 DEBUG: Cart 46662: Customer is back from Verifone e-commerce payment page. Waiting order validation (loop 0).
2020-08-08 11:15:02 1596878102 DEBUG: Cart 46662: Customer is back from Verifone e-commerce payment page. Waiting order validation (loop 1).
2020-08-08 11:15:03 1596878103 DEBUG: Cart 46662: Customer is back from Verifone e-commerce payment page. Waiting order validation (loop 2).
2020-08-08 11:15:04 1596878104 DEBUG: Cart 46662: Customer is back from Verifone e-commerce payment page. Waiting order validation (loop 3).
2020-08-08 11:15:05 1596878105 DEBUG: Cart 46662: Customer is back from Verifone e-commerce payment page. Waiting order validation (loop 4).
2020-08-08 11:15:07 1596878107 DEBUG: Cart 46662: Customer is back from Verifone e-commerce payment page. Waiting order validation (loop 5).
2020-08-08 11:15:08 1596878108 DEBUG: Cart 46662: Customer is back from Verifone e-commerce payment page. Waiting order validation (loop 6).
2020-08-08 11:15:09 1596878109 DEBUG: Cart 46662: Customer is back from Verifone e-commerce payment page. Waiting order validation (loop 7).
2020-08-08 11:15:10 1596878100 DEBUG: Cart 46662: Order 4977 validated, creating details
2020-08-08 11:15:10 1596878100 DEBUG: Cart 46662: Order 4977 / Le paiement a été autorisé et capturé par Paybox.
2020-08-08 11:15:10 1596878110 DEBUG: Cart 46662: Customer is back from Verifone e-commerce payment page. Payment success.
2020-08-08 20:02:19 1596909739 DEBUG: URL to check 2
2020-08-08 20:02:19 1596909739 DEBUG: Checking Verifone e-commerce URL https://tpeweb.paybox.com/load.html
2020-08-08 20:02:19 1596909739 DEBUG:   Valid url found: https://tpeweb.paybox.com/cgi/MYchoix_pagepaiement.cgi
2020-08-08 20:02:19 1596909739 DEBUG: Cart 46672: Redirecting customer to Verifone e-commerce (CARTE, CB).
2020-08-08 20:05:58 1596909958 DEBUG: Call params: M=9224&R=46672%20-%20Michel%20Crepel&T=1494243220&A=117322&B=0&C=Visa&D=2111&E=00000&F=Y&G=O&I=FRA&J=80&N=499023&O=Y&P=3DSECURE&Q=20%3A02%3A19&S=344600101&W=08082020&Y=FRA&Z=0-0&K=ZwIZyVuof8uOEdxGuba1%2FT3qU%2FYwKRqeMkzNAjOCzoXE3Vg4XfD1b3K1GXIYmrGoFULo0GnoV3vBLl5Z%2BqnYr5cTFidQzXc1MqJKsbcO7FcE%2BZz8uCopXAiOfLgpJ1ktxIFUj3%2FQJLtUKeDBiV9cKQhhecrp0qF1iSLiyObMMbg%3D
2020-08-08 20:05:58 1596909958 DEBUG: Cart 46672: Standard IPN
2020-08-08 20:05:58 1596909958 DEBUG: Cart 46672: Validating order
2020-08-08 20:05:58 1596909958 DEBUG: Cart 46672: Customer is back from Verifone e-commerce payment page. Waiting order validation (loop 0).
2020-08-08 20:05:59 1596909959 DEBUG: Cart 46672: Customer is back from Verifone e-commerce payment page. Waiting order validation (loop 1).
2020-08-08 20:06:00 1596909958 DEBUG: Cart 46672: Order 4978 validated, creating details
2020-08-08 20:06:00 1596909958 DEBUG: Cart 46672: Order 4978 / Le paiement a été autorisé et capturé par Paybox.
2020-08-08 20:06:00 1596909960 DEBUG: Cart 46672: Customer is back from Verifone e-commerce payment page. Payment success.
