2020-07-21 09:20:39 1595316039 DEBUG: URL to check 2
2020-07-21 09:20:39 1595316039 DEBUG: Checking Verifone e-commerce URL https://tpeweb.paybox.com/load.html
2020-07-21 09:20:40 1595316039 DEBUG:   Valid url found: https://tpeweb.paybox.com/cgi/MYchoix_pagepaiement.cgi
2020-07-21 09:20:40 1595316039 DEBUG: Cart 46165: Redirecting customer to Verifone e-commerce (CARTE, CB).
2020-07-21 09:22:38 1595316158 DEBUG: Call params: M=17949&R=46165%20-%20Regine%20INGOLD&T=941320293&A=148862&B=0&C=Visa&D=2012&E=00000&F=Y&G=O&I=FRA&J=47&N=497874&O=Y&P=3DSECURE&Q=09%3A20%3A52&S=202796138&W=21072020&Y=FRA&Z=0-0&K=Q8AON4X9xHPb73XgxZeQSqmiooXF%2FnMKYyfmHGt32wmI4MQ9ZyssJ4xhvH%2FWR2mz%2Bt0%2Bja2KPNaQGiia3OK3efJJ7zZ%2BuH4Y66KwlHoVKwqHlhtR2JCXiHPHJfbLN1dwkujXmAgaHA%2Bp4odC%2F%2Bn6xyYeiHeaRIxyQUfIir%2F2TLU%3D
2020-07-21 09:22:38 1595316158 DEBUG: Cart 46165: Standard IPN
2020-07-21 09:22:38 1595316158 DEBUG: Cart 46165: Validating order
2020-07-21 09:22:38 1595316158 DEBUG: Cart 46165: Customer is back from Verifone e-commerce payment page. Waiting order validation (loop 0).
2020-07-21 09:22:39 1595316159 DEBUG: Cart 46165: Customer is back from Verifone e-commerce payment page. Waiting order validation (loop 1).
2020-07-21 09:22:41 1595316161 DEBUG: Cart 46165: Customer is back from Verifone e-commerce payment page. Waiting order validation (loop 2).
2020-07-21 09:22:42 1595316162 DEBUG: Cart 46165: Customer is back from Verifone e-commerce payment page. Waiting order validation (loop 3).
2020-07-21 09:22:43 1595316163 DEBUG: Cart 46165: Customer is back from Verifone e-commerce payment page. Waiting order validation (loop 4).
2020-07-21 09:22:45 1595316165 DEBUG: Cart 46165: Customer is back from Verifone e-commerce payment page. Waiting order validation (loop 5).
2020-07-21 09:22:46 1595316166 DEBUG: Cart 46165: Customer is back from Verifone e-commerce payment page. Waiting order validation (loop 6).
2020-07-21 09:22:47 1595316167 DEBUG: Cart 46165: Customer is back from Verifone e-commerce payment page. Waiting order validation (loop 7).
2020-07-21 09:22:47 1595316158 DEBUG: Cart 46165: Order 4945 validated, creating details
2020-07-21 09:22:47 1595316158 DEBUG: Cart 46165: Order 4945 / Le paiement a été autorisé et capturé par Paybox.
2020-07-21 09:22:48 1595316168 DEBUG: Cart 46165: Customer is back from Verifone e-commerce payment page. Payment success.
2020-07-21 14:13:57 1595333637 DEBUG: URL to check 2
2020-07-21 14:13:57 1595333637 DEBUG: Checking Verifone e-commerce URL https://tpeweb.paybox.com/load.html
2020-07-21 14:13:57 1595333637 DEBUG:   Valid url found: https://tpeweb.paybox.com/cgi/MYchoix_pagepaiement.cgi
2020-07-21 14:13:57 1595333637 DEBUG: Cart 46173: Redirecting customer to Verifone e-commerce (CARTE, CB).
2020-07-21 14:15:10 1595333710 DEBUG: Cart 46173: Payment was canceled by user on Verifone e-commerce payment page.
