2020-09-03 10:09:36 1599120575 DEBUG: URL to check 2
2020-09-03 10:09:36 1599120575 DEBUG: Checking Verifone e-commerce URL https://tpeweb.paybox.com/load.html
2020-09-03 10:09:36 1599120575 DEBUG:   Valid url found: https://tpeweb.paybox.com/cgi/MYchoix_pagepaiement.cgi
2020-09-03 10:09:36 1599120575 DEBUG: Cart 47415: Redirecting customer to Verifone e-commerce (CARTE, CB).
2020-09-03 14:36:11 1599136571 DEBUG: URL to check 2
2020-09-03 14:36:11 1599136571 DEBUG: Checking Verifone e-commerce URL https://tpeweb.paybox.com/load.html
2020-09-03 14:36:11 1599136571 DEBUG:   Valid url found: https://tpeweb.paybox.com/cgi/MYframepagepaiement_ip.cgi
2020-09-03 14:36:11 1599136571 DEBUG: Cart 47493: Redirecting customer to Verifone e-commerce (CARTE, CB).
2020-09-03 14:37:32 1599136652 DEBUG: Call params: M=8112&R=47493%20-%20Elodie%20%20Frugier&T=1499728296&A=405283&B=0&C=Visa&D=2103&E=00000&F=Y&G=O&I=FRA&J=39&N=499041&O=Y&P=CARTE&Q=14%3A36%3A12&S=349437859&W=03092020&Y=FRA&Z=0-0&K=RiAp%2FE%2FERxN1n7JZVUCl4Y58Ru3tK0YyRgLEAW0ZNBeEbWcSSxdBcnNQO2xFov1pczHnpIxZ8cndp40rXroA%2FgIXzoL2Y8vekPySD2mvEeRpD7GdFxrvozwDm%2BAwjDkMcaLCZSY5VCejzeCPH%2BLP7%2BXc%2Bxpre4jKCcx72TA6k7A%3D
2020-09-03 14:37:32 1599136652 DEBUG: Cart 47493: Standard IPN
2020-09-03 14:37:32 1599136652 DEBUG: Cart 47493: Validating order
2020-09-03 14:37:33 1599136653 DEBUG: Cart 47493: Customer is back from Verifone e-commerce payment page. Waiting order validation (loop 0).
2020-09-03 14:37:34 1599136654 DEBUG: Cart 47493: Customer is back from Verifone e-commerce payment page. Waiting order validation (loop 1).
2020-09-03 14:37:35 1599136655 DEBUG: Cart 47493: Customer is back from Verifone e-commerce payment page. Waiting order validation (loop 2).
2020-09-03 14:37:36 1599136656 DEBUG: Cart 47493: Customer is back from Verifone e-commerce payment page. Waiting order validation (loop 3).
2020-09-03 14:37:37 1599136652 DEBUG: Cart 47493: Order 5042 validated, creating details
2020-09-03 14:37:37 1599136652 DEBUG: Cart 47493: Order 5042 / Le paiement a été autorisé et capturé par Paybox.
2020-09-03 14:37:37 1599136657 DEBUG: Cart 47493: Customer is back from Verifone e-commerce payment page. Payment success.
2020-09-03 21:30:00 1599161400 DEBUG: URL to check 2
2020-09-03 21:30:00 1599161400 DEBUG: Checking Verifone e-commerce URL https://tpeweb.paybox.com/load.html
2020-09-03 21:30:00 1599161400 DEBUG:   Valid url found: https://tpeweb.paybox.com/cgi/MYframepagepaiement_ip.cgi
2020-09-03 21:30:00 1599161400 DEBUG: Cart 47504: Redirecting customer to Verifone e-commerce (CARTE, CB).
2020-09-03 21:42:38 1599162158 DEBUG: URL to check 2
2020-09-03 21:42:38 1599162158 DEBUG: Checking Verifone e-commerce URL https://tpeweb.paybox.com/load.html
2020-09-03 21:42:38 1599162158 DEBUG:   Valid url found: https://tpeweb.paybox.com/cgi/MYframepagepaiement_ip.cgi
2020-09-03 21:42:38 1599162158 DEBUG: Cart 47504: Redirecting customer to Verifone e-commerce (CARTE, CB).
2020-09-03 21:45:01 1599162301 DEBUG: URL to check 2
2020-09-03 21:45:01 1599162301 DEBUG: Checking Verifone e-commerce URL https://tpeweb.paybox.com/load.html
2020-09-03 21:45:01 1599162301 DEBUG:   Valid url found: https://tpeweb.paybox.com/cgi/MYframepagepaiement_ip.cgi
2020-09-03 21:45:01 1599162301 DEBUG: Cart 47504: Redirecting customer to Verifone e-commerce (CARTE, CB).
2020-09-03 21:46:22 1599162382 DEBUG: URL to check 2
2020-09-03 21:46:22 1599162382 DEBUG: Checking Verifone e-commerce URL https://tpeweb.paybox.com/load.html
2020-09-03 21:46:22 1599162382 DEBUG:   Valid url found: https://tpeweb.paybox.com/cgi/MYframepagepaiement_ip.cgi
2020-09-03 21:46:22 1599162382 DEBUG: Cart 47504: Redirecting customer to Verifone e-commerce (CARTE, CB).
2020-09-03 21:47:02 1599162422 DEBUG: Call params: M=4302&R=47504%20-%20Marta%20Pereira&T=949611316&B=0&C=CB&D=2204&E=00001&I=FRA&J=02&N=513770&P=CARTE&Q=21%3A42%3A39&S=210342862&W=03092020&Z=0-0&K=qL00WySr2OuCyu9fTelWmiTNwDg5ZC4XWXzezPXYAQCWAWFKmvNRmDoyNr232SJU8waewQyxqiVRIRZPKI84SX4Kb5P7X5bI9A7EQc%2BzZKvotY8aRN4t2twbcvsBdDud%2FHSavpNvd5zg2r4vHoN658bo3oPQNSlRwap22xGqAZo%3D
2020-09-03 21:47:02 1599162422 DEBUG: Cart 47504: (IPN) Payment was refused by Verifone e-commerce (1).
2020-09-03 21:47:46 1599162466 DEBUG: Call params: M=4302&R=47504%20-%20Marta%20Pereira&T=949611316&B=0&C=CB&D=2204&E=00001&I=FRA&J=02&N=513770&P=CARTE&Q=21%3A42%3A39&S=210342862&W=03092020&Z=0-0&K=qL00WySr2OuCyu9fTelWmiTNwDg5ZC4XWXzezPXYAQCWAWFKmvNRmDoyNr232SJU8waewQyxqiVRIRZPKI84SX4Kb5P7X5bI9A7EQc%2BzZKvotY8aRN4t2twbcvsBdDud%2FHSavpNvd5zg2r4vHoN658bo3oPQNSlRwap22xGqAZo%3D
2020-09-03 21:47:46 1599162466 DEBUG: Cart 47504: (IPN) Payment was refused by Verifone e-commerce (1).
2020-09-03 21:48:38 1599162518 DEBUG: Call params: M=4302&R=47504%20-%20Marta%20Pereira&T=949611316&B=0&C=CB&D=2204&E=00001&I=FRA&J=02&N=513770&P=CARTE&Q=21%3A42%3A39&S=210342862&W=03092020&Z=0-0&K=qL00WySr2OuCyu9fTelWmiTNwDg5ZC4XWXzezPXYAQCWAWFKmvNRmDoyNr232SJU8waewQyxqiVRIRZPKI84SX4Kb5P7X5bI9A7EQc%2BzZKvotY8aRN4t2twbcvsBdDud%2FHSavpNvd5zg2r4vHoN658bo3oPQNSlRwap22xGqAZo%3D
2020-09-03 21:48:39 1599162518 DEBUG: Cart 47504: (IPN) Payment was refused by Verifone e-commerce (1).
2020-09-03 21:48:43 1599162523 DEBUG: Cart 47504: Payment was canceled by user on Verifone e-commerce payment page.
2020-09-03 21:49:38 1599162577 DEBUG: URL to check 2
2020-09-03 21:49:38 1599162577 DEBUG: Checking Verifone e-commerce URL https://tpeweb.paybox.com/load.html
2020-09-03 21:49:38 1599162577 DEBUG:   Valid url found: https://tpeweb.paybox.com/cgi/MYframepagepaiement_ip.cgi
2020-09-03 21:49:38 1599162577 DEBUG: Cart 47504: Redirecting customer to Verifone e-commerce (CARTE, CB).
2020-09-03 21:50:16 1599162616 DEBUG: Call params: M=4302&R=47504%20-%20Marta%20Pereira&T=949611316&B=0&C=CB&D=2204&E=00001&I=FRA&J=02&N=513770&P=CARTE&Q=21%3A42%3A39&S=210342862&W=03092020&Z=0-0&K=qL00WySr2OuCyu9fTelWmiTNwDg5ZC4XWXzezPXYAQCWAWFKmvNRmDoyNr232SJU8waewQyxqiVRIRZPKI84SX4Kb5P7X5bI9A7EQc%2BzZKvotY8aRN4t2twbcvsBdDud%2FHSavpNvd5zg2r4vHoN658bo3oPQNSlRwap22xGqAZo%3D
2020-09-03 21:50:16 1599162616 DEBUG: Cart 47504: (IPN) Payment was refused by Verifone e-commerce (1).
2020-09-03 21:50:22 1599162622 DEBUG: Cart 47504: Payment was canceled by user on Verifone e-commerce payment page.
2020-09-03 21:51:21 1599162681 DEBUG: URL to check 2
2020-09-03 21:51:21 1599162681 DEBUG: Checking Verifone e-commerce URL https://tpeweb.paybox.com/load.html
2020-09-03 21:51:21 1599162681 DEBUG:   Valid url found: https://tpeweb.paybox.com/cgi/MYframepagepaiement_ip.cgi
2020-09-03 21:51:21 1599162681 DEBUG: Cart 47504: Redirecting customer to Verifone e-commerce (CARTE, CB).
2020-09-03 23:25:07 1599168307 DEBUG: URL to check 2
2020-09-03 23:25:07 1599168307 DEBUG: Checking Verifone e-commerce URL https://tpeweb.paybox.com/load.html
2020-09-03 23:25:07 1599168307 DEBUG:   Valid url found: https://tpeweb.paybox.com/cgi/MYframepagepaiement_ip.cgi
2020-09-03 23:25:07 1599168307 DEBUG: Cart 47506: Redirecting customer to Verifone e-commerce (CARTE, CB).
