2022-09-06 15:11:28 1662469888 DEBUG: URL to check 2
2022-09-06 15:11:28 1662469888 DEBUG: Checking Verifone e-commerce URL https://tpeweb.paybox.com/load.html
2022-09-06 15:11:28 1662469888 DEBUG:   Valid url found: https://tpeweb.paybox.com/cgi/MYframepagepaiement_ip.cgi
2022-09-06 15:11:28 1662469888 DEBUG: Cart 66511: Redirecting customer to Verifone e-commerce (CARTE, CB).
2022-09-06 15:12:44 1662469964 DEBUG: Call params: M=14966&R=66511%20-%20Valerie%20Nathalie%20Mancini&T=1077378198&A=073425&B=0&C=MasterCard&D=2507&E=00000&F=Y&G=O&I=CHE&J=91&N=540444&O=Y&P=CARTE&Q=15%3A12%3A43&S=931827370&W=06092022&Y=CHE&Z=0-0&K=e%2B8uSCAfosMGa17HaPX35gxdl77ehqzpgllEMMUWv8H4NH%2BxBsISwHRvW2eCWQaOgS8B5xxj35pu%2ByVF5aiy8oz%2FHDaNrP5Y9f%2Fe6JXA9jaAbhM7KX55NN3zLY9nkM%2F8Z8O9G%2Fl06%2Fb%2FX%2FJvugmlj0lIO0O87iAw4pGQxFN%2FHG4%3D
2022-09-06 15:12:44 1662469964 DEBUG: Cart 66511: Customer is back from Verifone e-commerce payment page. Waiting order validation (loop 0).
2022-09-06 15:12:44 1662469964 DEBUG: Cart 66511: Standard IPN
2022-09-06 15:12:44 1662469964 DEBUG: Cart 66511: Validating order
2022-09-06 15:12:46 1662469966 DEBUG: Cart 66511: Customer is back from Verifone e-commerce payment page. Waiting order validation (loop 1).
2022-09-06 15:12:47 1662469967 DEBUG: Cart 66511: Customer is back from Verifone e-commerce payment page. Waiting order validation (loop 2).
2022-09-06 15:12:48 1662469968 DEBUG: Cart 66511: Customer is back from Verifone e-commerce payment page. Waiting order validation (loop 3).
2022-09-06 15:12:49 1662469969 DEBUG: Cart 66511: Customer is back from Verifone e-commerce payment page. Waiting order validation (loop 4).
2022-09-06 15:12:51 1662469971 DEBUG: Cart 66511: Customer is back from Verifone e-commerce payment page. Waiting order validation (loop 5).
2022-09-06 15:12:53 1662469973 DEBUG: Cart 66511: Customer is back from Verifone e-commerce payment page. Waiting order validation (loop 6).
2022-09-06 15:12:54 1662469974 DEBUG: Cart 66511: Customer is back from Verifone e-commerce payment page. Waiting order validation (loop 7).
2022-09-06 15:12:55 1662469975 DEBUG: Cart 66511: Customer is back from Verifone e-commerce payment page. Waiting order validation (loop 8).
2022-09-06 15:12:56 1662469976 DEBUG: Cart 66511: Customer is back from Verifone e-commerce payment page. Waiting order validation (loop 9).
2022-09-06 15:12:57 1662469977 DEBUG: Cart 66511: Customer is back from Verifone e-commerce payment page. Waiting order validation (loop 10).
2022-09-06 15:12:58 1662469964 DEBUG: Cart 66511: Order 6080 validated, creating details
2022-09-06 15:12:59 1662469979 DEBUG: Cart 66511: Customer is back from Verifone e-commerce payment page. Payment success.
2022-09-06 15:12:59 1662469964 DEBUG: Cart 66511: Order 6080 / Le paiement a été autorisé et capturé par Paybox.
