2021-05-27 14:51:07 1622119867 DEBUG: URL to check 2
2021-05-27 14:51:07 1622119867 DEBUG: Checking Verifone e-commerce URL https://tpeweb.paybox.com/load.html
2021-05-27 14:51:07 1622119867 DEBUG:   Valid url found: https://tpeweb.paybox.com/cgi/MYchoix_pagepaiement.cgi
2021-05-27 14:51:07 1622119867 DEBUG: Cart 52771: Redirecting customer to Verifone e-commerce (CARTE, CB).
2021-05-27 14:55:22 1622120122 DEBUG: URL to check 2
2021-05-27 14:55:22 1622120122 DEBUG: Checking Verifone e-commerce URL https://tpeweb.paybox.com/load.html
2021-05-27 14:55:22 1622120122 DEBUG:   Valid url found: https://tpeweb.paybox.com/cgi/MYchoix_pagepaiement.cgi
2021-05-27 14:55:22 1622120122 DEBUG: Cart 52771: Redirecting customer to Verifone e-commerce (CARTE, CB).
2021-05-27 14:55:25 1622120124 DEBUG: URL to check 2
2021-05-27 14:55:25 1622120124 DEBUG: Checking Verifone e-commerce URL https://tpeweb.paybox.com/load.html
2021-05-27 14:55:25 1622120124 DEBUG:   Valid url found: https://tpeweb.paybox.com/cgi/MYchoix_pagepaiement.cgi
2021-05-27 14:55:25 1622120124 DEBUG: Cart 52771: Redirecting customer to Verifone e-commerce (CARTE, CB).
2021-05-27 14:55:26 1622120126 DEBUG: URL to check 2
2021-05-27 14:55:26 1622120126 DEBUG: Checking Verifone e-commerce URL https://tpeweb.paybox.com/load.html
2021-05-27 14:55:26 1622120126 DEBUG:   Valid url found: https://tpeweb.paybox.com/cgi/MYchoix_pagepaiement.cgi
2021-05-27 14:55:26 1622120126 DEBUG: Cart 52771: Redirecting customer to Verifone e-commerce (CARTE, CB).
2021-05-27 15:51:34 1622123493 DEBUG: URL to check 2
2021-05-27 15:51:34 1622123493 DEBUG: Checking Verifone e-commerce URL https://tpeweb.paybox.com/load.html
2021-05-27 15:51:34 1622123493 DEBUG:   Valid url found: https://tpeweb.paybox.com/cgi/MYchoix_pagepaiement.cgi
2021-05-27 15:51:34 1622123493 DEBUG: Cart 52776: Redirecting customer to Verifone e-commerce (CARTE, CB).
2021-05-27 15:58:34 1622123914 DEBUG: URL to check 2
2021-05-27 15:58:34 1622123914 DEBUG: Checking Verifone e-commerce URL https://tpeweb.paybox.com/load.html
2021-05-27 15:58:34 1622123914 DEBUG:   Valid url found: https://tpeweb.paybox.com/cgi/MYchoix_pagepaiement.cgi
2021-05-27 15:58:34 1622123914 DEBUG: Cart 52776: Redirecting customer to Verifone e-commerce (CARTE, CB).
2021-05-27 16:04:11 1622124251 DEBUG: Call params: M=33758&R=52776%20-%20Sophie%20MERLIN&T=998806907&B=0&C=CB&D=2206&E=00040&F=N&G=N&I=FRA&J=07&N=497886&O=Y&P=3DSECURE&Q=15%3A58%3A36&S=254300208&W=27052021&Z=0-0&K=T0n26%2BbmdiQpRU5gbfz7kgkbNVemj%2Fp4fNo5a44wYJwwi%2BuLWCZQnP%2FRCFnXpYdoVFmwafvNlljCO0vXEFfxcX2hSb5j%2FUAJp8ng5PBzhsdLL8Yg%2FGXsaux5yUcYNgLpwnk4plN12mY2J%2BcJLeXxxGYrxCgl8TdM88DDxTnOd9E%3D
2021-05-27 16:04:11 1622124251 DEBUG: Cart 52776: (IPN) Payment was refused by Verifone e-commerce (40).
2021-05-27 16:04:41 1622124281 DEBUG: URL to check 2
2021-05-27 16:04:41 1622124281 DEBUG: Checking Verifone e-commerce URL https://tpeweb.paybox.com/load.html
2021-05-27 16:04:41 1622124281 DEBUG:   Valid url found: https://tpeweb.paybox.com/cgi/MYchoix_pagepaiement.cgi
2021-05-27 16:04:41 1622124281 DEBUG: Cart 52776: Redirecting customer to Verifone e-commerce (CARTE, CB).
2021-05-27 16:04:43 1622124283 DEBUG: URL to check 2
2021-05-27 16:04:43 1622124283 DEBUG: Checking Verifone e-commerce URL https://tpeweb.paybox.com/load.html
2021-05-27 16:04:43 1622124283 DEBUG:   Valid url found: https://tpeweb.paybox.com/cgi/MYchoix_pagepaiement.cgi
2021-05-27 16:04:43 1622124283 DEBUG: Cart 52776: Redirecting customer to Verifone e-commerce (CARTE, CB).
2021-05-27 16:04:44 1622124284 DEBUG: URL to check 2
2021-05-27 16:04:44 1622124284 DEBUG: Checking Verifone e-commerce URL https://tpeweb.paybox.com/load.html
2021-05-27 16:04:44 1622124284 DEBUG:   Valid url found: https://tpeweb.paybox.com/cgi/MYchoix_pagepaiement.cgi
2021-05-27 16:04:44 1622124284 DEBUG: Cart 52776: Redirecting customer to Verifone e-commerce (CARTE, CB).
2021-05-27 17:07:40 1622128060 DEBUG: URL to check 2
2021-05-27 17:07:40 1622128060 DEBUG: Checking Verifone e-commerce URL https://tpeweb.paybox.com/load.html
2021-05-27 17:07:40 1622128060 DEBUG:   Valid url found: https://tpeweb.paybox.com/cgi/MYchoix_pagepaiement.cgi
2021-05-27 17:07:40 1622128060 DEBUG: Cart 52788: Redirecting customer to Verifone e-commerce (CARTE, CB).
2021-05-27 17:08:44 1622128124 DEBUG: Call params: M=6848&R=52788%20-%20Jennifer%20NICOLAU&T=1548481725&B=0&C=Visa&D=2203&E=00159&F=%20&G=N&I=FRA&J=--&N=453307&O=U&P=3DSECURE&Q=17%3A07%3A41&S=397210862&W=27052021&Y=FRA&Z=0-0&K=cGiMXigNu5phopG1ueTz9NmQ9kz5QRrakX89JzCLo3ww44wVyP9nB0fOmRz8plUibDsrFVHoMUaWt8QG0QpHe2wADQrVMM3O9oyaib5PJQ7zi2Wan%2FjDQVW9onvoXNzirUshIrK3bX53q1udqeYoVKtWaqZcqde%2BEAuv6nvuGxE%3D
2021-05-27 17:08:44 1622128124 DEBUG: Cart 52788: (IPN) Payment was refused by Verifone e-commerce (159).
2021-05-27 17:10:27 1622128227 DEBUG: Call params: M=6848&R=52788%20-%20Jennifer%20NICOLAU&T=1548481725&B=0&C=Visa&D=2203&E=00159&F=%20&G=N&I=FRA&J=--&N=453307&O=U&P=3DSECURE&Q=17%3A07%3A41&S=397211492&W=27052021&Y=FRA&Z=0-0&K=j4xzkbrAugyK5Fj%2FNSbOiM1Xk2%2BLN1oozTNtsyABbuRGSMPLF4uYR49A3wKzmja8%2B%2BFsCHmm%2BtERJY4UGkrG9A%2Bcb%2FBji%2BZUBka2oZIz2TKEI3kArFrkNITT9DovQ0cCi4UQBkbudUWqVozGNSwg1dKWEw806yJHAIBQwu1Z7w0%3D
2021-05-27 17:10:27 1622128227 DEBUG: Cart 52788: (IPN) Payment was refused by Verifone e-commerce (159).
2021-05-27 17:12:02 1622128322 DEBUG: Call params: M=6848&R=52788%20-%20Jennifer%20NICOLAU&T=1548481725&A=115749&B=0&C=MasterCard&D=2202&E=00000&F=Y&G=O&I=FRA&J=82&N=513770&O=Y&P=3DSECURE&Q=17%3A07%3A41&S=397211740&W=27052021&Y=FRA&Z=0-0&K=dorGYDSM0VisC1sGGQn0gagBPGn2SFzkBCud6gK9ytHrm9FX0Ik7QBFOYY6799PmEJ5RQ%2FXQKrVkAL7q1di8C4%2FhRB%2FhuZqiJKZK6wL6LAvd%2FOftZR05NJc7neWxFrZxkXh%2BRSJm2LAOYqHgixb9ZyBRYmaNAb9na4wWLpyQt5Y%3D
2021-05-27 17:12:02 1622128322 DEBUG: Cart 52788: Standard IPN
2021-05-27 17:12:02 1622128322 DEBUG: Cart 52788: Validating order
2021-05-27 17:12:03 1622128323 DEBUG: Cart 52788: Customer is back from Verifone e-commerce payment page. Waiting order validation (loop 0).
2021-05-27 17:12:04 1622128324 DEBUG: Cart 52788: Customer is back from Verifone e-commerce payment page. Waiting order validation (loop 1).
2021-05-27 17:12:05 1622128322 DEBUG: Cart 52788: Order 5341 validated, creating details
2021-05-27 17:12:05 1622128322 DEBUG: Cart 52788: Order 5341 / Le paiement a été autorisé et capturé par Paybox.
2021-05-27 17:12:06 1622128326 DEBUG: Cart 52788: Customer is back from Verifone e-commerce payment page. Payment success.
2021-05-27 21:13:56 1622142836 DEBUG: URL to check 2
2021-05-27 21:13:56 1622142836 DEBUG: Checking Verifone e-commerce URL https://tpeweb.paybox.com/load.html
2021-05-27 21:13:56 1622142836 DEBUG:   Valid url found: https://tpeweb.paybox.com/cgi/MYframepagepaiement_ip.cgi
2021-05-27 21:13:56 1622142836 DEBUG: Cart 52803: Redirecting customer to Verifone e-commerce (CARTE, CB).
2021-05-27 21:31:25 1622143884 DEBUG: URL to check 2
2021-05-27 21:31:25 1622143884 DEBUG: Checking Verifone e-commerce URL https://tpeweb.paybox.com/load.html
2021-05-27 21:31:25 1622143884 DEBUG:   Valid url found: https://tpeweb.paybox.com/cgi/MYframepagepaiement_ip.cgi
2021-05-27 21:31:25 1622143884 DEBUG: Cart 52803: Redirecting customer to Verifone e-commerce (CARTE, CB).
2021-05-27 21:43:15 1622144595 DEBUG: URL to check 2
2021-05-27 21:43:15 1622144595 DEBUG: Checking Verifone e-commerce URL https://tpeweb.paybox.com/load.html
2021-05-27 21:43:15 1622144595 DEBUG:   Valid url found: https://tpeweb.paybox.com/cgi/MYframepagepaiement_ip.cgi
2021-05-27 21:43:15 1622144595 DEBUG: Cart 52805: Redirecting customer to Verifone e-commerce (CARTE, CB).
