2020-09-27 14:06:22 1601208382 DEBUG: URL to check 2
2020-09-27 14:06:22 1601208382 DEBUG: Checking Verifone e-commerce URL https://tpeweb.paybox.com/load.html
2020-09-27 14:06:23 1601208382 DEBUG:   Valid url found: https://tpeweb.paybox.com/cgi/MYframepagepaiement_ip.cgi
2020-09-27 14:06:23 1601208382 DEBUG: Cart 48123: Redirecting customer to Verifone e-commerce (CARTE, CB).
2020-09-27 14:07:54 1601208474 DEBUG: URL to check 2
2020-09-27 14:07:54 1601208474 DEBUG: Checking Verifone e-commerce URL https://tpeweb.paybox.com/load.html
2020-09-27 14:07:54 1601208474 DEBUG:   Valid url found: https://tpeweb.paybox.com/cgi/MYframepagepaiement_ip.cgi
2020-09-27 14:07:54 1601208474 DEBUG: Cart 48123: Redirecting customer to Verifone e-commerce (CARTE, CB).
2020-09-27 14:08:27 1601208507 DEBUG: Call params: M=6477&R=48123%20-%20Cecilie%20Lamarche&T=954499681&A=591597&B=0&C=MasterCard&D=2309&E=00000&F=Y&G=O&I=FRA&J=64&N=513777&O=Y&P=CARTE&Q=14%3A06%3A22&S=214487044&W=27092020&Y=FRA&Z=0-0&K=nfcXwdDNRk7D5PEz25Rib4KtxJdYJ3GLDdKo8db0cZCMaPvhgorfabO%2FYDyGLj7yKuA6Sh4yqPbmK5pQruCZo1S7DFfAylvem2RC0fJCFIIip9XlQ2taKkC9TFugbNj1W99fuisOg098uiLSm3IBF59DO2gSysfVnthW5r%2Beucc%3D
2020-09-27 14:08:27 1601208507 DEBUG: Cart 48123: Standard IPN
2020-09-27 14:08:27 1601208507 DEBUG: Cart 48123: Validating order
2020-09-27 14:08:27 1601208507 DEBUG: Cart 48123: Customer is back from Verifone e-commerce payment page. Waiting order validation (loop 0).
2020-09-27 14:08:28 1601208508 DEBUG: Cart 48123: Customer is back from Verifone e-commerce payment page. Waiting order validation (loop 1).
2020-09-27 14:08:30 1601208510 DEBUG: Cart 48123: Customer is back from Verifone e-commerce payment page. Waiting order validation (loop 2).
2020-09-27 14:08:31 1601208511 DEBUG: Cart 48123: Customer is back from Verifone e-commerce payment page. Waiting order validation (loop 3).
2020-09-27 14:08:32 1601208512 DEBUG: Cart 48123: Customer is back from Verifone e-commerce payment page. Waiting order validation (loop 4).
2020-09-27 14:08:33 1601208513 DEBUG: Cart 48123: Customer is back from Verifone e-commerce payment page. Waiting order validation (loop 5).
2020-09-27 14:08:35 1601208515 DEBUG: Cart 48123: Customer is back from Verifone e-commerce payment page. Waiting order validation (loop 6).
2020-09-27 14:08:35 1601208507 DEBUG: Cart 48123: Order 5081 validated, creating details
2020-09-27 14:08:35 1601208507 DEBUG: Cart 48123: Order 5081 / Le paiement a été autorisé et capturé par Paybox.
2020-09-27 14:08:36 1601208516 DEBUG: Cart 48123: Customer is back from Verifone e-commerce payment page. Payment success.
