2022-04-18 16:19:30 1650291570 DEBUG: URL to check 2
2022-04-18 16:19:30 1650291570 DEBUG: Checking Verifone e-commerce URL https://tpeweb.paybox.com/load.html
2022-04-18 16:19:31 1650291570 DEBUG:   Valid url found: https://tpeweb.paybox.com/cgi/MYframepagepaiement_ip.cgi
2022-04-18 16:19:31 1650291570 DEBUG: Cart 60447: Redirecting customer to Verifone e-commerce (CARTE, CB).
2022-04-18 16:20:30 1650291630 DEBUG: Call params: M=8678&R=60447%20-%20Sylvia%20Lambert&T=1054096029&A=375545&B=0&C=CB&D=2405&E=00000&F=Y&G=O&I=FRA&J=76&N=497874&O=Y&P=CARTE&Q=16%3A20%3A28&S=908851397&W=18042022&Y=FRA&Z=0-0&K=tZCwSiL%2ByGpmo71UkeFatiWEu8t1W%2FKXHt%2FDcVbKAXoDtMRSnHfKvlklmUoQHgEVrZUG0LW4BJRwuaMCmg8hXQXrfveyOpQxkkzpaqTcLbSj3azTTcj6nek7fcdf93SX4h13EF6%2FdqJWJSnKQcoRyIJgyqR7BaFgAlCYBo58jkg%3D
2022-04-18 16:20:30 1650291630 DEBUG: Cart 60447: Standard IPN
2022-04-18 16:20:30 1650291630 DEBUG: Cart 60447: Validating order
2022-04-18 16:20:31 1650291631 DEBUG: Cart 60447: Customer is back from Verifone e-commerce payment page. Waiting order validation (loop 0).
2022-04-18 16:20:32 1650291632 DEBUG: Cart 60447: Customer is back from Verifone e-commerce payment page. Waiting order validation (loop 1).
2022-04-18 16:20:33 1650291633 DEBUG: Cart 60447: Customer is back from Verifone e-commerce payment page. Waiting order validation (loop 2).
2022-04-18 16:20:34 1650291630 DEBUG: Cart 60447: Order 5790 validated, creating details
2022-04-18 16:20:34 1650291630 DEBUG: Cart 60447: Order 5790 / Le paiement a été autorisé et capturé par Paybox.
2022-04-18 16:20:34 1650291634 DEBUG: Cart 60447: Customer is back from Verifone e-commerce payment page. Payment success.
2022-04-18 16:29:17 1650292157 DEBUG: URL to check 2
2022-04-18 16:29:17 1650292157 DEBUG: Checking Verifone e-commerce URL https://tpeweb.paybox.com/load.html
2022-04-18 16:29:17 1650292157 DEBUG:   Valid url found: https://tpeweb.paybox.com/cgi/MYframepagepaiement_ip.cgi
2022-04-18 16:29:17 1650292157 DEBUG: Cart 60441: Redirecting customer to Verifone e-commerce (CARTE, CB).
2022-04-18 16:30:46 1650292246 DEBUG: Call params: M=24163&R=60441%20-%20Diane%20Ferrandon&T=1601976921&B=0&C=MasterCard&D=2503&E=00151&F=Y&G=O&I=FRA&J=--&N=545598&O=Y&P=CARTE&Q=16%3A30%3A43&S=16625368&W=18042022&Y=POL&Z=0-0&K=3mbDczT6Rkwe83eK%2FK0%2FgLx6bYdMbieFc4BQ7MVQyjRTXmZubxSPuZ%2Ba8I8zTyFumfWBUVL0mcGv6mWXURQhwu08JsZWe%2Fp0ZDnm2zP%2B9%2FnLMXw8vakUOYDK2BPlt3BNT0s3PCxOW0%2BxiVl5Rp9sF5FUBm%2B8Y2iTO9dza03zr2g%3D
2022-04-18 16:30:46 1650292246 DEBUG: Cart 60441: (IPN) Payment was refused by Verifone e-commerce (151).
2022-04-18 18:38:08 1650299888 DEBUG: URL to check 2
2022-04-18 18:38:08 1650299888 DEBUG: Checking Verifone e-commerce URL https://tpeweb.paybox.com/load.html
2022-04-18 18:38:08 1650299888 DEBUG:   Valid url found: https://tpeweb.paybox.com/cgi/MYframepagepaiement_ip.cgi
2022-04-18 18:38:08 1650299888 DEBUG: Cart 60452: Redirecting customer to Verifone e-commerce (CARTE, CB).
2022-04-18 18:42:48 1650300168 DEBUG: Call params: M=16537&R=60452%20-%20Nadia%20%20Keller&T=1054110737&B=0&C=CB&D=2410&E=00040&F=N&G=N&I=REU&J=42&N=497990&O=Y&P=CARTE&Q=18%3A42%3A47&S=908866671&W=18042022&Y=FRA&Z=0-0&K=zwnb1CRroJ3etL0ZsHtdk0lh6NxrUKG7KO9ZZ%2Fp7qiIVUQagdhpwj%2FEXPRYEhTAt06bVD0PQef3CbCJbQnT7gIm1xB0eeXQw4XMHrg6qXuZI9PHgjNXDGtAvs3LpZYFrN2RaT4wM6CUUDrpVgTuCcCk8prCrGXTbJM4tVOaEB%2Bc%3D
2022-04-18 18:42:48 1650300168 DEBUG: Cart 60452: (IPN) Payment was refused by Verifone e-commerce (40).
2022-04-18 18:44:40 1650300280 DEBUG: Call params: M=16537&R=60452%20-%20Nadia%20%20Keller&T=1054110737&A=815621&B=0&C=CB&D=2402&E=00000&F=Y&G=O&I=REU&J=65&N=513162&O=Y&P=CARTE&Q=18%3A44%3A39&S=908866865&W=18042022&Y=FRA&Z=0-0&K=iIlQPFp%2BvVKDYFCnCiA4Bh40RnKwJVthwzsSgJs%2BKHsILYCTXy7FLSIRdUDnY%2BsRuCyTk1gSZ8z%2Fq92lDd0q8ov4uRz%2F7SIv%2FLf5WEwLwQnOVK4NHHPpBIXCF%2F37wxBmSQ3ouJLwBReb4axzVGTQbjnLfdbDWtKwxPmFQnTc6UA%3D
2022-04-18 18:44:40 1650300280 DEBUG: Cart 60452: Standard IPN
2022-04-18 18:44:40 1650300280 DEBUG: Cart 60452: Validating order
2022-04-18 18:44:41 1650300281 DEBUG: Cart 60452: Customer is back from Verifone e-commerce payment page. Waiting order validation (loop 0).
2022-04-18 18:44:42 1650300280 DEBUG: Cart 60452: Order 5791 validated, creating details
2022-04-18 18:44:42 1650300280 DEBUG: Cart 60452: Order 5791 / Le paiement a été autorisé et capturé par Paybox.
2022-04-18 18:44:43 1650300283 DEBUG: Cart 60452: Customer is back from Verifone e-commerce payment page. Payment success.
