2021-06-15 15:35:53 1623764152 DEBUG: URL to check 2
2021-06-15 15:35:53 1623764152 DEBUG: Checking Verifone e-commerce URL https://tpeweb.paybox.com/load.html
2021-06-15 15:35:53 1623764152 DEBUG:   Valid url found: https://tpeweb.paybox.com/cgi/MYchoix_pagepaiement.cgi
2021-06-15 15:35:53 1623764152 DEBUG: Cart 53459: Redirecting customer to Verifone e-commerce (CARTE, CB).
2021-06-15 15:37:49 1623764269 DEBUG: Call params: M=9276&R=53459%20-%20Verge%20Amandine&T=1002056525&A=773182&B=0&C=CB&D=2301&E=00000&F=Y&G=O&I=FRA&J=13&N=497886&O=Y&P=3DSECURE&Q=15%3A37%3A46&S=257851280&W=15062021&Y=FRA&Z=0-0&K=l7PD0Y1FtMEPH3ROV08leRFw3l2cUKLpua%2BkL5SOhfDFC6r%2BD7c4yoJ2xgea5thL8mpRLD%2Bfc5ePYjud%2BizF3zY%2FCtnUreY5EjtUvFKFFW7rTpk%2Fg8yZVmA%2F%2FjbnHtzNscAhKJFQjtKOJjqZ6e6l4MFwZgxtdozxvAUs4xo9FXY%3D
2021-06-15 15:37:49 1623764269 DEBUG: Cart 53459: Standard IPN
2021-06-15 15:37:49 1623764269 DEBUG: Cart 53459: Validating order
2021-06-15 15:37:49 1623764269 DEBUG: Cart 53459: Customer is back from Verifone e-commerce payment page. Waiting order validation (loop 0).
2021-06-15 15:37:50 1623764270 DEBUG: Cart 53459: Customer is back from Verifone e-commerce payment page. Waiting order validation (loop 1).
2021-06-15 15:37:52 1623764272 DEBUG: Cart 53459: Customer is back from Verifone e-commerce payment page. Waiting order validation (loop 2).
2021-06-15 15:37:53 1623764273 DEBUG: Cart 53459: Customer is back from Verifone e-commerce payment page. Waiting order validation (loop 3).
2021-06-15 15:37:53 1623764269 DEBUG: Cart 53459: Order 5400 validated, creating details
2021-06-15 15:37:54 1623764269 DEBUG: Cart 53459: Order 5400 / Le paiement a été autorisé et capturé par Paybox.
2021-06-15 15:37:54 1623764274 DEBUG: Cart 53459: Customer is back from Verifone e-commerce payment page. Payment success.
2021-06-15 17:37:50 1623771470 DEBUG: URL to check 2
2021-06-15 17:37:50 1623771470 DEBUG: Checking Verifone e-commerce URL https://tpeweb.paybox.com/load.html
2021-06-15 17:37:50 1623771470 DEBUG:   Valid url found: https://tpeweb.paybox.com/cgi/MYchoix_pagepaiement.cgi
2021-06-15 17:37:50 1623771470 DEBUG: Cart 53463: Redirecting customer to Verifone e-commerce (CARTE, CB).
2021-06-15 17:39:15 1623771555 DEBUG: Call params: M=18770&R=53463%20-%20evelyne%20meyer&T=1552377140&A=897813&B=0&C=CB&D=2201&E=00000&F=Y&G=O&I=FRA&J=56&N=513283&O=Y&P=3DSECURE&Q=17%3A39%3A13&S=400979050&W=15062021&Y=FRA&Z=0-0&K=jfFp3GfflNOWF%2FhlxoFPNsZeh1AEjzj5lRTlBCSpxq3bHltorXiog3j7h7HVt0lbCZvHyGmbXMjOqhf4uSG2o%2BXDgx3DD%2BeYiJbg7mklGE5Grc4bMIQUEoAvuRpgHXLwWiKbWJNCiMfSzcu%2BxVXhLfJkFWpUTjebcPJO0xZyU2I%3D
2021-06-15 17:39:15 1623771555 DEBUG: Cart 53463: Standard IPN
2021-06-15 17:39:15 1623771555 DEBUG: Cart 53463: Validating order
2021-06-15 17:39:15 1623771555 DEBUG: Cart 53463: Customer is back from Verifone e-commerce payment page. Waiting order validation (loop 0).
2021-06-15 17:39:17 1623771557 DEBUG: Cart 53463: Customer is back from Verifone e-commerce payment page. Waiting order validation (loop 1).
2021-06-15 17:39:17 1623771555 DEBUG: Cart 53463: Order 5401 validated, creating details
2021-06-15 17:39:17 1623771555 DEBUG: Cart 53463: Order 5401 / Le paiement a été autorisé et capturé par Paybox.
2021-06-15 17:39:18 1623771558 DEBUG: Cart 53463: Customer is back from Verifone e-commerce payment page. Payment success.
