2021-08-04 13:52:59 1628077979 DEBUG: URL to check 2
2021-08-04 13:52:59 1628077979 DEBUG: Checking Verifone e-commerce URL https://tpeweb.paybox.com/load.html
2021-08-04 13:52:59 1628077979 DEBUG:   Valid url found: https://tpeweb.paybox.com/cgi/MYframepagepaiement_ip.cgi
2021-08-04 13:52:59 1628077979 DEBUG: Cart 54613: Redirecting customer to Verifone e-commerce (CARTE, CB).
2021-08-04 13:54:38 1628078078 DEBUG: Call params: M=16961&R=54613%20-%20Lorena%20Escoin&T=1011170041&A=520275&B=0&C=CB&D=2203&E=00000&F=Y&G=O&I=FRA&J=18&N=497783&O=Y&P=CARTE&Q=13%3A54%3A38&S=265563838&W=04082021&Y=FRA&Z=0-0&K=qpu3T2M9aRMNfdZsa5NyoObolKnuy2BV97dPAlGjo10FYK%2BBWb8G%2F39jDNeTeBjCdIqYKLM9j%2BIa8GPuy8ozx%2BMFaOLPB2Z6HdHtHkiB1tc2VvBI9R1M20XBfkvQKsluvyBoCFjM03ATS0AsT4D%2Bswg5ayj6%2BQ59tzhfOzlrhAw%3D
2021-08-04 13:54:38 1628078078 DEBUG: Cart 54613: Standard IPN
2021-08-04 13:54:38 1628078078 DEBUG: Cart 54613: Validating order
2021-08-04 13:54:39 1628078079 DEBUG: Cart 54613: Customer is back from Verifone e-commerce payment page. Waiting order validation (loop 0).
2021-08-04 13:54:40 1628078080 DEBUG: Cart 54613: Customer is back from Verifone e-commerce payment page. Waiting order validation (loop 1).
2021-08-04 13:54:41 1628078081 DEBUG: Cart 54613: Customer is back from Verifone e-commerce payment page. Waiting order validation (loop 2).
2021-08-04 13:54:42 1628078082 DEBUG: Cart 54613: Customer is back from Verifone e-commerce payment page. Waiting order validation (loop 3).
2021-08-04 13:54:42 1628078078 DEBUG: Cart 54613: Order 5505 validated, creating details
2021-08-04 13:54:42 1628078078 DEBUG: Cart 54613: Order 5505 / Le paiement a été autorisé et capturé par Paybox.
2021-08-04 13:54:43 1628078083 DEBUG: Cart 54613: Customer is back from Verifone e-commerce payment page. Payment success.
2021-08-04 16:01:21 1628085681 DEBUG: URL to check 2
2021-08-04 16:01:21 1628085681 DEBUG: Checking Verifone e-commerce URL https://tpeweb.paybox.com/load.html
2021-08-04 16:01:21 1628085681 DEBUG:   Valid url found: https://tpeweb.paybox.com/cgi/MYframepagepaiement_ip.cgi
2021-08-04 16:01:21 1628085681 DEBUG: Cart 54617: Redirecting customer to Verifone e-commerce (CARTE, CB).
2021-08-04 16:03:14 1628085794 DEBUG: Call params: M=17472&R=54617%20-%20Eliana%20Spielmann&T=1560607220&A=862115&B=0&C=Mastercard&D=2201&E=00000&F=Y&G=O&I=CHE&J=03&N=540448&O=Y&P=CARTE&Q=16%3A03%3A13&S=265611081&W=04082021&Y=CHE&Z=0-0&K=EXb%2FmwXXAJxeSnXjlYFSIsZBFgMWFQhM83sN6ifrvHbBRt8%2Fxp7a8R8auoKTceNHj6oTwQ4lOsIyDlfUSz2sO37MfpjVZbalMf7dsJHYLPHRMfPvklZ5uQ3lyxgZsHxOIK89V2eRFkVvNYVCf6FGlNpB2dSKPo2TvQB8tYTy%2Btk%3D
2021-08-04 16:03:14 1628085794 DEBUG: Cart 54617: Standard IPN
2021-08-04 16:03:14 1628085794 DEBUG: Cart 54617: Validating order
2021-08-04 16:03:15 1628085795 DEBUG: Cart 54617: Customer is back from Verifone e-commerce payment page. Waiting order validation (loop 0).
2021-08-04 16:03:16 1628085796 DEBUG: Cart 54617: Customer is back from Verifone e-commerce payment page. Waiting order validation (loop 1).
2021-08-04 16:03:16 1628085794 DEBUG: Cart 54617: Order 5506 validated, creating details
2021-08-04 16:03:16 1628085794 DEBUG: Cart 54617: Order 5506 / Le paiement a été autorisé et capturé par Paybox.
2021-08-04 16:03:17 1628085797 DEBUG: Cart 54617: Customer is back from Verifone e-commerce payment page. Payment success.
2021-08-04 21:52:29 1628106749 DEBUG: URL to check 2
2021-08-04 21:52:29 1628106749 DEBUG: Checking Verifone e-commerce URL https://tpeweb.paybox.com/load.html
2021-08-04 21:52:30 1628106749 DEBUG:   Valid url found: https://tpeweb.paybox.com/cgi/MYframepagepaiement_ip.cgi
2021-08-04 21:52:30 1628106749 DEBUG: Cart 54621: Redirecting customer to Verifone e-commerce (CARTE, CB).
2021-08-04 21:53:14 1628106794 DEBUG: URL to check 2
2021-08-04 21:53:14 1628106794 DEBUG: Checking Verifone e-commerce URL https://tpeweb.paybox.com/load.html
2021-08-04 21:53:14 1628106794 DEBUG:   Valid url found: https://tpeweb.paybox.com/cgi/MYframepagepaiement_ip.cgi
2021-08-04 21:53:14 1628106794 DEBUG: Cart 54621: Redirecting customer to Verifone e-commerce (CARTE, CB).
2021-08-04 21:54:31 1628106871 DEBUG: Call params: M=19770&R=54621%20-%20Jeremy%20Ducerf&T=1011284255&A=437644&B=0&C=CB&D=2308&E=00000&F=Y&G=O&I=FRA&J=39&N=497414&O=Y&P=CARTE&Q=21%3A54%3A30&S=265710131&W=04082021&Y=FRA&Z=0-0&K=EuiW1Ohc7190i%2Fz4o%2FYUZSQ0ezsN81%2FKtPDxYap6VpopHuftxrQUNAxFdsaVf3qohIugrPJNxBtHlULDBcTRZrIvLZDPRBu082OfpCO1Tb9jUmXNi2cK9XopUv1%2BlxIWVRU8GvkyIE11Iy2I9uJT7UmONBNasCYR5Z%2FgXjG%2Fl%2BU%3D
2021-08-04 21:54:31 1628106871 DEBUG: Cart 54621: Standard IPN
2021-08-04 21:54:31 1628106871 DEBUG: Cart 54621: Validating order
2021-08-04 21:54:31 1628106871 DEBUG: Cart 54621: Customer is back from Verifone e-commerce payment page. Waiting order validation (loop 0).
2021-08-04 21:54:32 1628106872 DEBUG: Cart 54621: Customer is back from Verifone e-commerce payment page. Waiting order validation (loop 1).
2021-08-04 21:54:32 1628106871 DEBUG: Cart 54621: Order 5507 validated, creating details
2021-08-04 21:54:32 1628106871 DEBUG: Cart 54621: Order 5507 / Le paiement a été autorisé et capturé par Paybox.
2021-08-04 21:54:33 1628106873 DEBUG: Cart 54621: Customer is back from Verifone e-commerce payment page. Payment success.
