2021-06-03 10:12:34 1622707954 DEBUG: URL to check 2
2021-06-03 10:12:34 1622707954 DEBUG: Checking Verifone e-commerce URL https://tpeweb.paybox.com/load.html
2021-06-03 10:12:34 1622707954 DEBUG:   Valid url found: https://tpeweb.paybox.com/cgi/MYchoix_pagepaiement.cgi
2021-06-03 10:12:34 1622707954 DEBUG: Cart 53061: Redirecting customer to Verifone e-commerce (CARTE, CB).
2021-06-03 10:14:40 1622708080 DEBUG: Call params: M=2850&R=53061%20-%20Damien%20ROBERT&T=1549556079&A=530664&B=0&C=Visa&D=2306&E=00000&F=Y&G=O&I=FRA&J=27&N=497401&O=Y&P=3DSECURE&Q=10%3A12%3A37&S=398326064&W=03062021&Y=FRA&Z=0-0&K=T5DHCvhFInU0pPrH6RhtWInvy5%2BXkAiQqhrEcU4IYl6Uq4QsaTlQH%2Bs%2Bw%2FumwDciSFiscckV2LKM4nDqdqGPl78DFQmNcWiI0guDY4Ov0950ZfPkyy1ziMCeWX2mwS7ZhoNhGcoIeEQ9SJTEeKS77iAwRYRD0o7fcSQDjEjW1RU%3D
2021-06-03 10:14:40 1622708080 DEBUG: Cart 53061: Standard IPN
2021-06-03 10:14:40 1622708080 DEBUG: Cart 53061: Validating order
2021-06-03 10:14:41 1622708081 DEBUG: Cart 53061: Customer is back from Verifone e-commerce payment page. Waiting order validation (loop 0).
2021-06-03 10:14:43 1622708083 DEBUG: Cart 53061: Customer is back from Verifone e-commerce payment page. Waiting order validation (loop 1).
2021-06-03 10:14:45 1622708085 DEBUG: Cart 53061: Customer is back from Verifone e-commerce payment page. Waiting order validation (loop 2).
2021-06-03 10:14:46 1622708080 DEBUG: Cart 53061: Order 5353 validated, creating details
2021-06-03 10:14:46 1622708080 DEBUG: Cart 53061: Order 5353 / Le paiement a été autorisé et capturé par Paybox.
2021-06-03 10:14:46 1622708086 DEBUG: Cart 53061: Customer is back from Verifone e-commerce payment page. Payment success.
2021-06-03 11:12:51 1622711570 DEBUG: URL to check 2
2021-06-03 11:12:51 1622711570 DEBUG: Checking Verifone e-commerce URL https://tpeweb.paybox.com/load.html
2021-06-03 11:12:51 1622711570 DEBUG:   Valid url found: https://tpeweb.paybox.com/cgi/MYframepagepaiement_ip.cgi
2021-06-03 11:12:51 1622711570 DEBUG: Cart 53063: Redirecting customer to Verifone e-commerce (CARTE, CB).
2021-06-03 11:19:27 1622711967 DEBUG: URL to check 2
2021-06-03 11:19:27 1622711967 DEBUG: Checking Verifone e-commerce URL https://tpeweb.paybox.com/load.html
2021-06-03 11:19:27 1622711967 DEBUG:   Valid url found: https://tpeweb.paybox.com/cgi/MYframepagepaiement_ip.cgi
2021-06-03 11:19:27 1622711967 DEBUG: Cart 53063: Redirecting customer to Verifone e-commerce (CARTE, CB).
2021-06-03 11:21:09 1622712069 DEBUG: Call params: M=15893&R=53063%20-%20Marine%20Dinot&T=1000171917&A=660513&B=0&C=MasterCard&D=2310&E=00000&F=Y&G=O&I=REU&J=83&N=513770&O=Y&P=CARTE&Q=11%3A12%3A53&S=255978862&W=03062021&Y=FRA&Z=0-0&K=YhLR9lSiHsRiXn0Wsv%2Bd92S3v%2Bo7SA74VhyD%2FcxU5xje1iBHDv%2FbW2cRNLOlKyu6%2Fs4NjXxSVDtlV%2BdgRRqGfFKPQkE0MoJWvD%2BWz06ZIQwHri9LKtkyyNwvKSQ%2FnxNs4x%2F%2BgjZ8w6aoz8caMvNvSy9uR7KT0bv0X%2FADNxDUP04%3D
2021-06-03 11:21:09 1622712069 DEBUG: Cart 53063: Standard IPN
2021-06-03 11:21:09 1622712069 DEBUG: Cart 53063: Validating order
2021-06-03 11:21:10 1622712070 DEBUG: Cart 53063: Customer is back from Verifone e-commerce payment page. Waiting order validation (loop 0).
2021-06-03 11:21:11 1622712071 DEBUG: Cart 53063: Customer is back from Verifone e-commerce payment page. Waiting order validation (loop 1).
2021-06-03 11:21:12 1622712069 DEBUG: Cart 53063: Order 5354 validated, creating details
2021-06-03 11:21:12 1622712069 DEBUG: Cart 53063: Order 5354 / Le paiement a été autorisé et capturé par Paybox.
2021-06-03 15:11:20 1622725880 DEBUG: URL to check 2
2021-06-03 15:11:20 1622725880 DEBUG: Checking Verifone e-commerce URL https://tpeweb.paybox.com/load.html
2021-06-03 15:11:21 1622725880 DEBUG:   Valid url found: https://tpeweb.paybox.com/cgi/MYchoix_pagepaiement.cgi
2021-06-03 15:11:21 1622725880 DEBUG: Cart 53070: Redirecting customer to Verifone e-commerce (CARTE, CB).
2021-06-03 15:13:31 1622726011 DEBUG: URL to check 2
2021-06-03 15:13:31 1622726011 DEBUG: Checking Verifone e-commerce URL https://tpeweb.paybox.com/load.html
2021-06-03 15:13:32 1622726011 DEBUG:   Valid url found: https://tpeweb.paybox.com/cgi/MYchoix_pagepaiement.cgi
2021-06-03 15:13:32 1622726011 DEBUG: Cart 53070: Redirecting customer to Verifone e-commerce (CARTE, CB).
2021-06-03 15:18:56 1622726336 DEBUG: URL to check 2
2021-06-03 15:18:56 1622726336 DEBUG: Checking Verifone e-commerce URL https://tpeweb.paybox.com/load.html
2021-06-03 15:18:56 1622726336 DEBUG:   Valid url found: https://tpeweb.paybox.com/cgi/MYchoix_pagepaiement.cgi
2021-06-03 15:18:56 1622726336 DEBUG: Cart 53070: Redirecting customer to Verifone e-commerce (CARTE, CB).
2021-06-03 18:15:49 1622736949 DEBUG: URL to check 2
2021-06-03 18:15:49 1622736949 DEBUG: Checking Verifone e-commerce URL https://tpeweb.paybox.com/load.html
2021-06-03 18:15:49 1622736949 DEBUG:   Valid url found: https://tpeweb.paybox.com/cgi/MYframepagepaiement_ip.cgi
2021-06-03 18:15:49 1622736949 DEBUG: Cart 53084: Redirecting customer to Verifone e-commerce (CARTE, CB).
2021-06-03 18:17:37 1622737057 DEBUG: Call params: M=9266&R=53084%20-%20Luc%20FEODOROFF&T=1000283118&A=674911&B=0&C=MasterCard&D=2310&E=00000&F=Y&G=O&I=FRA&J=10&N=513771&O=Y&P=CARTE&Q=18%3A15%3A49&S=256076778&W=03062021&Y=FRA&Z=0-0&K=xqGCasJs5vJwNfXl7O0K4Vs8h510hPI%2BkPx5%2FnkAKgpSDVAinoGiLk83au796AkvT0j9jHNrgbVjSPC1cZWIZh6OqfzsmGmupVboj%2BxF2Pl2MVZz0aEmr3ybwDyvfUu%2FHWvlFu7vqImuS%2BTkHInlvj%2B0dn2sMv486ONnrBma9II%3D
2021-06-03 18:17:37 1622737057 DEBUG: Cart 53084: Standard IPN
2021-06-03 18:17:37 1622737057 DEBUG: Cart 53084: Validating order
2021-06-03 18:17:37 1622737057 DEBUG: Cart 53084: Customer is back from Verifone e-commerce payment page. Waiting order validation (loop 0).
2021-06-03 18:17:38 1622737058 DEBUG: Cart 53084: Customer is back from Verifone e-commerce payment page. Waiting order validation (loop 1).
2021-06-03 18:17:39 1622737059 DEBUG: Cart 53084: Customer is back from Verifone e-commerce payment page. Waiting order validation (loop 2).
2021-06-03 18:17:40 1622737057 DEBUG: Cart 53084: Order 5355 validated, creating details
2021-06-03 18:17:40 1622737057 DEBUG: Cart 53084: Order 5355 / Le paiement a été autorisé et capturé par Paybox.
2021-06-03 18:17:41 1622737061 DEBUG: Cart 53084: Customer is back from Verifone e-commerce payment page. Payment success.
2021-06-03 18:30:04 1622737803 DEBUG: URL to check 2
2021-06-03 18:30:04 1622737803 DEBUG: Checking Verifone e-commerce URL https://tpeweb.paybox.com/load.html
2021-06-03 18:30:04 1622737803 DEBUG:   Valid url found: https://tpeweb.paybox.com/cgi/MYchoix_pagepaiement.cgi
2021-06-03 18:30:04 1622737803 DEBUG: Cart 53086: Redirecting customer to Verifone e-commerce (CARTE, CB).
2021-06-03 18:33:39 1622738019 DEBUG: Call params: M=19059&R=53086%20-%20valerie%20Pastor&T=1549644007&A=232616&B=0&C=Visa&D=2209&E=00000&F=Y&G=O&I=FRA&J=06&N=497827&O=Y&P=3DSECURE&Q=18%3A30%3A06&S=398413881&W=03062021&Y=FRA&Z=0-0&K=vS6iermj5uscIirCCXq9D8JvMDmzhOoe8%2BRrbwyrcnOxguCN8bMp3SxC7IiWlkNOowXunIRV23aJEXX1p2JnzW7ETS5DsFRZByub53NLMCOlwjgDWNEmpE3YiGr%2Bk85e9N7rKezKgVXdL6YUX3mFs%2Ft9xOAcqZ8UYdSstGKdLKo%3D
2021-06-03 18:33:39 1622738019 DEBUG: Cart 53086: Standard IPN
2021-06-03 18:33:39 1622738019 DEBUG: Cart 53086: Validating order
2021-06-03 18:33:40 1622738020 DEBUG: Cart 53086: Customer is back from Verifone e-commerce payment page. Waiting order validation (loop 0).
2021-06-03 18:33:41 1622738019 DEBUG: Cart 53086: Order 5356 validated, creating details
2021-06-03 18:33:41 1622738019 DEBUG: Cart 53086: Order 5356 / Le paiement a été autorisé et capturé par Paybox.
2021-06-03 18:33:41 1622738021 DEBUG: Cart 53086: Customer is back from Verifone e-commerce payment page. Payment success.
