2021-06-23 11:15:03 1624439702 DEBUG: URL to check 2
2021-06-23 11:15:03 1624439702 DEBUG: Checking Verifone e-commerce URL https://tpeweb.paybox.com/load.html
2021-06-23 11:15:03 1624439702 DEBUG:   Valid url found: https://tpeweb.paybox.com/cgi/MYframepagepaiement_ip.cgi
2021-06-23 11:15:03 1624439702 DEBUG: Cart 53722: Redirecting customer to Verifone e-commerce (CARTE, CB).
2021-06-23 11:15:10 1624439710 DEBUG: URL to check 2
2021-06-23 11:15:10 1624439710 DEBUG: Checking Verifone e-commerce URL https://tpeweb.paybox.com/load.html
2021-06-23 11:15:10 1624439710 DEBUG:   Valid url found: https://tpeweb.paybox.com/cgi/MYframepagepaiement_ip.cgi
2021-06-23 11:15:10 1624439710 DEBUG: Cart 53722: Redirecting customer to Verifone e-commerce (CARTE, CB).
2021-06-23 11:15:15 1624439715 DEBUG: URL to check 2
2021-06-23 11:15:15 1624439715 DEBUG: Checking Verifone e-commerce URL https://tpeweb.paybox.com/load.html
2021-06-23 11:15:16 1624439715 DEBUG:   Valid url found: https://tpeweb.paybox.com/cgi/MYframepagepaiement_ip.cgi
2021-06-23 11:15:16 1624439715 DEBUG: Cart 53722: Redirecting customer to Verifone e-commerce (CARTE, CB).
2021-06-23 11:15:18 1624439718 DEBUG: URL to check 2
2021-06-23 11:15:18 1624439718 DEBUG: Checking Verifone e-commerce URL https://tpeweb.paybox.com/load.html
2021-06-23 11:15:18 1624439718 DEBUG:   Valid url found: https://tpeweb.paybox.com/cgi/MYframepagepaiement_ip.cgi
2021-06-23 11:15:18 1624439718 DEBUG: Cart 53722: Redirecting customer to Verifone e-commerce (CARTE, CB).
2021-06-23 11:18:01 1624439881 DEBUG: URL to check 2
2021-06-23 11:18:01 1624439881 DEBUG: Checking Verifone e-commerce URL https://tpeweb.paybox.com/load.html
2021-06-23 11:18:01 1624439881 DEBUG:   Valid url found: https://tpeweb.paybox.com/cgi/MYframepagepaiement_ip.cgi
2021-06-23 11:18:01 1624439881 DEBUG: Cart 53722: Redirecting customer to Verifone e-commerce (CARTE, CB).
2021-06-23 21:59:51 1624478391 DEBUG: URL to check 2
2021-06-23 21:59:51 1624478391 DEBUG: Checking Verifone e-commerce URL https://tpeweb.paybox.com/load.html
2021-06-23 21:59:51 1624478391 DEBUG:   Valid url found: https://tpeweb.paybox.com/cgi/MYchoix_pagepaiement.cgi
2021-06-23 21:59:51 1624478391 DEBUG: Cart 53746: Redirecting customer to Verifone e-commerce (CARTE, CB).
2021-06-23 22:00:12 1624478412 DEBUG: Call params: M=13492&R=53746%20-%20Aurelie%20DELPIERRE&T=1554020115&B=0&C=CB&D=2209&E=00105&G=N&I=FRA&J=--&N=513320&O=U&P=3DSECURE&Q=22%3A00%3A09&S=402528807&W=23062021&Y=FRA&Z=0-0&K=NE4PHTddtoBCZWapuYbNvg%2FL%2FPoEypKUoqb6A6iFj9pinaghGwVM7VPj4fuy%2BrocPKg0NkIRYf%2BRkp19d8XrTRTFwahDSzn%2FuMWkZu7xAoNJqntwNL6wlzwWASWitR4JRSWHkWh2887fcwoKEIMM5eR8LagMXDs6S3z5tYyqjyI%3D
2021-06-23 22:00:12 1624478412 DEBUG: Cart 53746: (IPN) Payment was refused by Verifone e-commerce (105).
2021-06-23 22:02:10 1624478530 DEBUG: Call params: M=13492&R=53746%20-%20Aurelie%20DELPIERRE&T=1554020115&A=611293&B=0&C=CB&D=2209&E=00000&F=Y&G=O&I=FRA&J=25&N=513320&O=Y&P=3DSECURE&Q=22%3A02%3A07&S=402529124&W=23062021&Y=FRA&Z=0-0&K=smpM%2B8vqm0bSQBbJ4yycDddtiyQW7Aa%2F4qadJROFaBIY6ypTak5BlT6xnHhybS4wiwqs2gI%2F2TRLJZoCjJqnBNUM4ilj6cydpqlw%2F%2FYlxC8aiQDUiWuiQa5XE4zoGHdp6NkDfeJoqcSt78qU5eGsLqdWf8Wls4ioylec8tnvRfA%3D
2021-06-23 22:02:10 1624478530 DEBUG: Cart 53746: Standard IPN
2021-06-23 22:02:10 1624478530 DEBUG: Cart 53746: Validating order
2021-06-23 22:02:10 1624478530 DEBUG: Cart 53746: Customer is back from Verifone e-commerce payment page. Waiting order validation (loop 0).
2021-06-23 22:02:11 1624478531 DEBUG: Cart 53746: Customer is back from Verifone e-commerce payment page. Waiting order validation (loop 1).
2021-06-23 22:02:13 1624478533 DEBUG: Cart 53746: Customer is back from Verifone e-commerce payment page. Waiting order validation (loop 2).
2021-06-23 22:02:14 1624478534 DEBUG: Cart 53746: Customer is back from Verifone e-commerce payment page. Waiting order validation (loop 3).
2021-06-23 22:02:14 1624478530 DEBUG: Cart 53746: Order 5428 validated, creating details
2021-06-23 22:02:14 1624478530 DEBUG: Cart 53746: Order 5428 / Le paiement a été autorisé et capturé par Paybox.
2021-06-23 22:02:15 1624478535 DEBUG: Cart 53746: Customer is back from Verifone e-commerce payment page. Payment success.
