2022-01-12 13:35:37 1641990936 DEBUG: URL to check 2
2022-01-12 13:35:37 1641990936 DEBUG: Checking Verifone e-commerce URL https://tpeweb.paybox.com/load.html
2022-01-12 13:35:37 1641990936 DEBUG:   Valid url found: https://tpeweb.paybox.com/cgi/MYchoix_pagepaiement.cgi
2022-01-12 13:35:37 1641990936 DEBUG: Cart 57529: Redirecting customer to Verifone e-commerce (CARTE, CB).
2022-01-12 13:36:47 1641991007 DEBUG: Call params: M=2330&R=57529%20-%20Marion%20Bourlier&T=1584489426&A=403401&B=0&C=MasterCard&D=2401&E=00000&F=Y&G=O&I=FRA&J=45&N=535612&O=Y&P=3DSECURE&Q=13%3A36%3A45&S=437166905&W=12012022&Y=FRA&Z=0-0&K=j3GBCclfhXRiDSA%2F4%2FGdJZHE0%2BHAi077tzppsAfuAtgeWbh%2FxxcV1Xhksz4OHCosLR1%2BxuXcqKzN7qeW51I%2FDc7yXskiOVQMl%2FE7ubR%2BxjQFxie4dfENf2j1ZXl%2FqogDhol%2BggsmwMLHWoeASf9eaGoni7qxDI3r9nhk8nCPnBk%3D
2022-01-12 13:36:47 1641991007 DEBUG: Cart 57529: Standard IPN
2022-01-12 13:36:47 1641991007 DEBUG: Cart 57529: Validating order
2022-01-12 13:36:47 1641991007 DEBUG: Cart 57529: Customer is back from Verifone e-commerce payment page. Waiting order validation (loop 0).
2022-01-12 13:36:49 1641991009 DEBUG: Cart 57529: Customer is back from Verifone e-commerce payment page. Waiting order validation (loop 1).
2022-01-12 13:36:50 1641991010 DEBUG: Cart 57529: Customer is back from Verifone e-commerce payment page. Waiting order validation (loop 2).
2022-01-12 13:36:51 1641991011 DEBUG: Cart 57529: Customer is back from Verifone e-commerce payment page. Waiting order validation (loop 3).
2022-01-12 13:36:52 1641991012 DEBUG: Cart 57529: Customer is back from Verifone e-commerce payment page. Waiting order validation (loop 4).
2022-01-12 13:36:53 1641991007 DEBUG: Cart 57529: Order 5656 validated, creating details
2022-01-12 13:36:53 1641991007 DEBUG: Cart 57529: Order 5656 / Le paiement a été autorisé et capturé par Paybox.
2022-01-12 13:36:53 1641991013 DEBUG: Cart 57529: Customer is back from Verifone e-commerce payment page. Payment success.
2022-01-12 22:48:32 1642024112 DEBUG: URL to check 2
2022-01-12 22:48:32 1642024112 DEBUG: Checking Verifone e-commerce URL https://tpeweb.paybox.com/load.html
2022-01-12 22:48:32 1642024112 DEBUG:   Valid url found: https://tpeweb.paybox.com/cgi/MYchoix_pagepaiement.cgi
2022-01-12 22:48:32 1642024112 DEBUG: Cart 57538: Redirecting customer to Verifone e-commerce (CARTE, CB).
2022-01-12 22:53:29 1642024409 DEBUG: Call params: M=10143&R=57538%20-%20julie%20grignard&T=1041534477&A=282407&B=0&C=MasterCard&D=2407&E=00000&F=Y&G=O&I=BEL&J=57&N=544056&O=Y&P=3DSECURE&Q=22%3A53%3A26&S=295798067&W=12012022&Y=BEL&Z=0-0&K=gjgldmvypPlMBjFlmmE2xOjdicycj8fE5LPPMbdp1FWuLI%2BtnpWooQbXXsH%2Bs60KnKYQgSDjJlU8roBtz4cia7EgEJKDq45GK6zsRA7KpEdv77ax%2FPtzwqoFBEMDk2n1fxs8qJLspMxwNnKhBKO4VAnAA540I01%2Btau5RVT9jAk%3D
2022-01-12 22:53:29 1642024409 DEBUG: Cart 57538: Standard IPN
2022-01-12 22:53:29 1642024409 DEBUG: Cart 57538: Validating order
2022-01-12 22:53:29 1642024409 DEBUG: Cart 57538: Customer is back from Verifone e-commerce payment page. Waiting order validation (loop 0).
2022-01-12 22:53:30 1642024410 DEBUG: Cart 57538: Customer is back from Verifone e-commerce payment page. Waiting order validation (loop 1).
2022-01-12 22:53:32 1642024412 DEBUG: Cart 57538: Customer is back from Verifone e-commerce payment page. Waiting order validation (loop 2).
2022-01-12 22:53:32 1642024409 DEBUG: Cart 57538: Order 5657 validated, creating details
2022-01-12 22:53:32 1642024409 DEBUG: Cart 57538: Order 5657 / Le paiement a été autorisé et capturé par Paybox.
2022-01-12 22:53:33 1642024413 DEBUG: Cart 57538: Customer is back from Verifone e-commerce payment page. Payment success.
