2022-03-20 11:12:08 1647771126 DEBUG: URL to check 2
2022-03-20 11:12:08 1647771126 DEBUG: Checking Verifone e-commerce URL https://tpeweb.paybox.com/load.html
2022-03-20 11:12:08 1647771126 DEBUG:   Valid url found: https://tpeweb.paybox.com/cgi/MYchoix_pagepaiement.cgi
2022-03-20 11:12:08 1647771126 DEBUG: Cart 59527: Redirecting customer to Verifone e-commerce (CARTE, CB).
2022-03-20 11:14:24 1647771264 DEBUG: Call params: M=2428&R=59527%20-%20claire%20sanson&T=1597434706&A=620514&B=0&C=CB&D=2209&E=00000&F=Y&G=O&I=FRA&J=72&N=513770&O=Y&P=3DSECURE&Q=11%3A14%3A23&S=11547413&W=20032022&Y=FRA&Z=0-0&K=k7IK0fpp5SSSLNsOKpD06Bb3ku0bBrw0Kp2DyHVracDIowTUaMOWtf16snsYcYqKeaIPQlgm8GfgmoKK%2BmzPzHWnqff9XuldyT5UGLGsMjPQieomz7ke1nCcTdc8YKqmV4OAIUbhtKEu4dzzly2emMZj5z2J8o94ZP9xZVZSukk%3D
2022-03-20 11:14:24 1647771264 DEBUG: Cart 59527: Standard IPN
2022-03-20 11:14:24 1647771264 DEBUG: Cart 59527: Validating order
2022-03-20 11:14:24 1647771264 DEBUG: Cart 59527: Customer is back from Verifone e-commerce payment page. Waiting order validation (loop 0).
2022-03-20 11:14:25 1647771265 DEBUG: Cart 59527: Customer is back from Verifone e-commerce payment page. Waiting order validation (loop 1).
2022-03-20 11:14:26 1647771266 DEBUG: Cart 59527: Customer is back from Verifone e-commerce payment page. Waiting order validation (loop 2).
2022-03-20 11:14:27 1647771267 DEBUG: Cart 59527: Customer is back from Verifone e-commerce payment page. Waiting order validation (loop 3).
2022-03-20 11:14:28 1647771264 DEBUG: Cart 59527: Order 5740 validated, creating details
2022-03-20 11:14:28 1647771264 DEBUG: Cart 59527: Order 5740 / Le paiement a été autorisé et capturé par Paybox.
2022-03-20 11:14:28 1647771268 DEBUG: Cart 59527: Customer is back from Verifone e-commerce payment page. Payment success.
2022-03-20 14:13:37 1647782017 DEBUG: URL to check 2
2022-03-20 14:13:37 1647782017 DEBUG: Checking Verifone e-commerce URL https://tpeweb.paybox.com/load.html
2022-03-20 14:13:37 1647782017 DEBUG:   Valid url found: https://tpeweb.paybox.com/cgi/MYchoix_pagepaiement.cgi
2022-03-20 14:13:37 1647782017 DEBUG: Cart 59528: Redirecting customer to Verifone e-commerce (CARTE, CB).
2022-03-20 14:15:12 1647782112 DEBUG: Call params: M=13756&R=59528%20-%20jean%20gratien%20blondel&T=1048971511&A=639538&B=0&C=CB&D=2312&E=00000&F=Y&G=O&I=FRA&J=38&N=497762&O=Y&P=3DSECURE&Q=14%3A15%3A11&S=903546577&W=20032022&Y=FRA&Z=0-0&K=FYd4UHKuzDfK4nr%2BZNcoE9QExH690a4YeB9U0MoL1yuzw%2FdmhHsfxyGqj3fTW1EpXBrzllXfnF6Qmf8MoFo9E%2B8cWDeCE6ORjhhK4RP5hJyDooTiDfvVLF5HwX5EdlImPjYaxyv6ehCiLJ6OQyH%2FS2BpdHXEP9y8rkNw5POu6Cw%3D
2022-03-20 14:15:12 1647782112 DEBUG: Cart 59528: Standard IPN
2022-03-20 14:15:12 1647782112 DEBUG: Cart 59528: Validating order
2022-03-20 14:15:13 1647782113 DEBUG: Cart 59528: Customer is back from Verifone e-commerce payment page. Waiting order validation (loop 0).
2022-03-20 14:15:14 1647782114 DEBUG: Cart 59528: Customer is back from Verifone e-commerce payment page. Waiting order validation (loop 1).
2022-03-20 14:15:15 1647782115 DEBUG: Cart 59528: Customer is back from Verifone e-commerce payment page. Waiting order validation (loop 2).
2022-03-20 14:15:16 1647782112 DEBUG: Cart 59528: Order 5741 validated, creating details
2022-03-20 14:15:16 1647782112 DEBUG: Cart 59528: Order 5741 / Le paiement a été autorisé et capturé par Paybox.
2022-03-20 14:15:16 1647782116 DEBUG: Cart 59528: Customer is back from Verifone e-commerce payment page. Payment success.
2022-03-20 16:41:35 1647790895 DEBUG: URL to check 2
2022-03-20 16:41:35 1647790895 DEBUG: Checking Verifone e-commerce URL https://tpeweb.paybox.com/load.html
2022-03-20 16:41:35 1647790895 DEBUG:   Valid url found: https://tpeweb.paybox.com/cgi/MYchoix_pagepaiement.cgi
2022-03-20 16:41:35 1647790895 DEBUG: Cart 59536: Redirecting customer to Verifone e-commerce (CARTE, CB).
2022-03-20 16:43:57 1647791037 DEBUG: Call params: M=2442&R=59536%20-%20Anne-Lise%20Gilson&T=1597472796&A=807754&B=0&C=MasterCard&D=2209&E=00000&F=Y&G=O&I=BEL&J=88&N=543933&O=Y&P=3DSECURE&Q=16%3A43%3A55&S=11584927&W=20032022&Y=BEL&Z=0-0&K=BMqGUhWH2QzSNcx6TulmxBk6EaVH5OEkR9p7j%2B2GND8bBC3Iu9ma9PJ7Ezq%2FbN31E2TrKosg7Syq3J8GYAMRqzZiW8hp4PZS8AEZyf2UMxqekh2w6foH3wxBaT5hoCmm4i0kMrh2LysWvTtKp3Zt6bQnX5Ab%2F6Xr9fl%2F1Te%2BH9s%3D
2022-03-20 16:43:57 1647791037 DEBUG: Cart 59536: Standard IPN
2022-03-20 16:43:57 1647791037 DEBUG: Cart 59536: Validating order
2022-03-20 16:43:57 1647791037 DEBUG: Cart 59536: Customer is back from Verifone e-commerce payment page. Waiting order validation (loop 0).
2022-03-20 16:43:58 1647791037 DEBUG: Cart 59536: Order 5742 validated, creating details
2022-03-20 16:43:58 1647791037 DEBUG: Cart 59536: Order 5742 / Le paiement a été autorisé et capturé par Paybox.
2022-03-20 16:43:59 1647791039 DEBUG: Cart 59536: Customer is back from Verifone e-commerce payment page. Payment success.
