2020-10-07 00:00:01 1602021601 DEBUG: URL to check 2
2020-10-07 00:00:01 1602021601 DEBUG: Checking Verifone e-commerce URL https://tpeweb.paybox.com/load.html
2020-10-07 00:00:02 1602021601 DEBUG:   Valid url found: https://tpeweb.paybox.com/cgi/MYchoix_pagepaiement.cgi
2020-10-07 00:00:02 1602021601 DEBUG: Cart 48264: Redirecting customer to Verifone e-commerce (CARTE, CB).
2020-10-07 00:01:22 1602021682 DEBUG: URL to check 2
2020-10-07 00:01:22 1602021682 DEBUG: Checking Verifone e-commerce URL https://tpeweb.paybox.com/load.html
2020-10-07 00:01:22 1602021682 DEBUG:   Valid url found: https://tpeweb.paybox.com/cgi/MYchoix_pagepaiement.cgi
2020-10-07 00:01:22 1602021682 DEBUG: Cart 48264: Redirecting customer to Verifone e-commerce (CARTE, CB).
2020-10-07 00:02:45 1602021765 DEBUG: Call params: M=19800&R=48264%20-%20Okan%20EKICI&T=1506304739&A=700163&B=0&C=MasterCard&D=2307&E=00000&F=Y&G=O&I=BEL&J=49&N=552041&O=Y&P=3DSECURE&Q=00%3A00%3A02&S=355787348&W=07102020&Y=BEL&Z=0-0&K=XaTj7NSazUk7Fq6I5WI4oFh32V0rwQRggTBl5HjheYpqox24IZQL7ZSBMPnh0HqDzXvwImjCYsS4CEGTm71mS%2FBro4cGaJh4Wkk0HFarhrwNz4SRobRCWrL2x0sF8D51q9UyuLPfKAlkfNYcd%2Bkr7CDZAXDyAe3vpRw79dHJH7E%3D
2020-10-07 00:02:45 1602021765 DEBUG: Cart 48264: Standard IPN
2020-10-07 00:02:45 1602021765 DEBUG: Cart 48264: Validating order
2020-10-07 00:02:45 1602021765 DEBUG: Cart 48264: Customer is back from Verifone e-commerce payment page. Waiting order validation (loop 0).
2020-10-07 00:02:46 1602021766 DEBUG: Cart 48264: Customer is back from Verifone e-commerce payment page. Waiting order validation (loop 1).
2020-10-07 00:02:46 1602021765 DEBUG: Cart 48264: Order 5093 validated, creating details
2020-10-07 00:02:46 1602021765 DEBUG: Cart 48264: Order 5093 / Le paiement a été autorisé et capturé par Paybox.
2020-10-07 00:02:47 1602021767 DEBUG: Cart 48264: Customer is back from Verifone e-commerce payment page. Payment success.
2020-10-07 10:39:40 1602059980 DEBUG: URL to check 2
2020-10-07 10:39:40 1602059980 DEBUG: Checking Verifone e-commerce URL https://tpeweb.paybox.com/load.html
2020-10-07 10:39:40 1602059980 DEBUG:   Valid url found: https://tpeweb.paybox.com/cgi/MYchoix_pagepaiement.cgi
2020-10-07 10:39:40 1602059980 DEBUG: Cart 48313: Redirecting customer to Verifone e-commerce (CARTE, CB).
2020-10-07 10:42:58 1602060178 DEBUG: Call params: M=10194&R=48313%20-%20sarah%20cuvilliers&T=1506370083&A=922944&B=0&C=Visa&D=2210&E=00000&F=Y&G=O&I=FRA&J=15&N=497886&O=Y&P=3DSECURE&Q=10%3A39%3A45&S=355842403&W=07102020&Y=FRA&Z=0-0&K=QEfYkqQVdcjaV8cDsq%2Bh%2FX3traTEOjUW8OpCyrKHUULgbQ4LIV9YF%2B2G0NTOrpr7TgTlhI%2FkZiyotZUwxxGdsy6RTFnGkrwMHfTJgw9Sf8u1K0rRQRR%2F4%2BSYGX4gCCx0Q0w1ede4DtnhFkKSBu8A5FXp8Lw5BKlc4p%2FANHY2oWo%3D
2020-10-07 10:42:58 1602060178 DEBUG: Cart 48313: Standard IPN
2020-10-07 10:42:58 1602060178 DEBUG: Cart 48313: Validating order
2020-10-07 10:43:01 1602060181 DEBUG: Cart 48313: Customer is back from Verifone e-commerce payment page. Waiting order validation (loop 0).
2020-10-07 10:43:03 1602060178 DEBUG: Cart 48313: Order 5094 validated, creating details
2020-10-07 10:43:03 1602060178 DEBUG: Cart 48313: Order 5094 / Le paiement a été autorisé et capturé par Paybox.
2020-10-07 10:43:05 1602060185 DEBUG: Cart 48313: Customer is back from Verifone e-commerce payment page. Payment success.
