2020-09-08 12:33:08 1599561188 DEBUG: URL to check 2
2020-09-08 12:33:08 1599561188 DEBUG: Checking Verifone e-commerce URL https://tpeweb.paybox.com/load.html
2020-09-08 12:33:08 1599561188 DEBUG:   Valid url found: https://tpeweb.paybox.com/cgi/MYframepagepaiement_ip.cgi
2020-09-08 12:33:08 1599561188 DEBUG: Cart 47637: Redirecting customer to Verifone e-commerce (CARTE, CB).
2020-09-08 12:33:36 1599561216 DEBUG: URL to check 2
2020-09-08 12:33:36 1599561216 DEBUG: Checking Verifone e-commerce URL https://tpeweb.paybox.com/load.html
2020-09-08 12:33:36 1599561216 DEBUG:   Valid url found: https://tpeweb.paybox.com/cgi/MYframepagepaiement_ip.cgi
2020-09-08 12:33:36 1599561216 DEBUG: Cart 47637: Redirecting customer to Verifone e-commerce (CARTE, CB).
2020-09-08 16:54:33 1599576873 DEBUG: URL to check 2
2020-09-08 16:54:33 1599576873 DEBUG: Checking Verifone e-commerce URL https://tpeweb.paybox.com/load.html
2020-09-08 16:54:33 1599576873 DEBUG:   Valid url found: https://tpeweb.paybox.com/cgi/MYchoix_pagepaiement.cgi
2020-09-08 16:54:33 1599576873 DEBUG: Cart 47637: Redirecting customer to Verifone e-commerce (CARTE, CB).
2020-09-08 20:00:00 1599588000 DEBUG: URL to check 2
2020-09-08 20:00:00 1599588000 DEBUG: Checking Verifone e-commerce URL https://tpeweb.paybox.com/load.html
2020-09-08 20:00:00 1599588000 DEBUG:   Valid url found: https://tpeweb.paybox.com/cgi/MYchoix_pagepaiement.cgi
2020-09-08 20:00:00 1599588000 DEBUG: Cart 47644: Redirecting customer to Verifone e-commerce (CARTE, CB).
2020-09-08 20:01:42 1599588102 DEBUG: Call params: M=17482&R=47644%20-%20Anastasia%20POISSON&T=950703961&A=611633&B=0&C=Visa&D=2203&E=00000&F=Y&G=O&I=FRA&J=42&N=497355&O=Y&P=3DSECURE&Q=20%3A00%3A03&S=211309599&W=08092020&Y=FRA&Z=0-0&K=S0RLgA5WYY1g9fIAe2ntTP2hDr7gW3DD6rLEPc64VnqPr54iqMrfI9gDBn%2B2Ij7tPPItSQzYPSlFhW8EIPpB%2B0zO33vYYxwM5zj68WnY%2Br9wC9FkDfMXTAdLJ1y7LxxHyXZ9UC4SVOZVZfYHxLxyZHJonDTdotKxvXCE8KXKVRk%3D
2020-09-08 20:01:42 1599588102 DEBUG: Cart 47644: Standard IPN
2020-09-08 20:01:42 1599588102 DEBUG: Cart 47644: Validating order
2020-09-08 20:01:43 1599588103 DEBUG: Cart 47644: Customer is back from Verifone e-commerce payment page. Waiting order validation (loop 0).
2020-09-08 20:01:44 1599588104 DEBUG: Cart 47644: Customer is back from Verifone e-commerce payment page. Waiting order validation (loop 1).
2020-09-08 20:01:46 1599588106 DEBUG: Cart 47644: Customer is back from Verifone e-commerce payment page. Waiting order validation (loop 2).
2020-09-08 20:01:47 1599588102 DEBUG: Cart 47644: Order 5054 validated, creating details
2020-09-08 20:01:47 1599588102 DEBUG: Cart 47644: Order 5054 / Le paiement a été autorisé et capturé par Paybox.
2020-09-08 20:01:47 1599588107 DEBUG: Cart 47644: Customer is back from Verifone e-commerce payment page. Payment success.
2020-09-08 20:45:27 1599590726 DEBUG: URL to check 2
2020-09-08 20:45:27 1599590726 DEBUG: Checking Verifone e-commerce URL https://tpeweb.paybox.com/load.html
2020-09-08 20:45:27 1599590726 DEBUG:   Valid url found: https://tpeweb.paybox.com/cgi/MYframepagepaiement_ip.cgi
2020-09-08 20:45:27 1599590726 DEBUG: Cart 47646: Redirecting customer to Verifone e-commerce (CARTE, CB).
2020-09-08 20:45:53 1599590753 DEBUG: Call params: M=21120&R=47646%20-%20SANDIE%20LE%20GUEVEL&T=1500761598&A=921226&B=0&C=MasterCard&D=2104&E=00000&F=Y&G=O&I=FRA&J=49&N=513162&O=Y&P=CARTE&Q=20%3A45%3A26&S=350320727&W=08092020&Y=FRA&Z=0-0&K=pAKHU5A3496aqtkW%2Bx2inmu8b4GDwwNcuqucMa%2B2vUbcy7jur%2FfKb0yiuvHao2iFOTlmCgGWVkRPZiqzDfoMQTqZE%2F9oALxfDjAhM8D02F%2B4PR7A4KJ1Bs2N2cwu9YweIHod1O%2FV9rRGISSFMzZ6eD3qDLAv7yX84gKr1Np8tIU%3D
2020-09-08 20:45:53 1599590753 DEBUG: Cart 47646: Standard IPN
2020-09-08 20:45:53 1599590753 DEBUG: Cart 47646: Validating order
2020-09-08 20:45:54 1599590754 DEBUG: Cart 47646: Customer is back from Verifone e-commerce payment page. Waiting order validation (loop 0).
2020-09-08 20:45:55 1599590755 DEBUG: Cart 47646: Customer is back from Verifone e-commerce payment page. Waiting order validation (loop 1).
2020-09-08 20:45:55 1599590753 DEBUG: Cart 47646: Order 5055 validated, creating details
2020-09-08 20:45:55 1599590753 DEBUG: Cart 47646: Order 5055 / Le paiement a été autorisé et capturé par Paybox.
2020-09-08 20:45:56 1599590756 DEBUG: Cart 47646: Customer is back from Verifone e-commerce payment page. Payment success.
