2021-09-09 10:52:39 1631177559 DEBUG: URL to check 2
2021-09-09 10:52:39 1631177559 DEBUG: Checking Verifone e-commerce URL https://tpeweb.paybox.com/load.html
2021-09-09 10:52:39 1631177559 DEBUG:   Valid url found: https://tpeweb.paybox.com/cgi/MYchoix_pagepaiement.cgi
2021-09-09 10:52:39 1631177559 DEBUG: Cart 55334: Redirecting customer to Verifone e-commerce (CARTE, CB).
2021-09-09 10:56:19 1631177778 DEBUG: URL to check 2
2021-09-09 10:56:19 1631177778 DEBUG: Checking Verifone e-commerce URL https://tpeweb.paybox.com/load.html
2021-09-09 10:56:19 1631177778 DEBUG:   Valid url found: https://tpeweb.paybox.com/cgi/MYchoix_pagepaiement.cgi
2021-09-09 10:56:19 1631177778 DEBUG: Cart 55334: Redirecting customer to Verifone e-commerce (CARTE, CB).
2021-09-09 10:58:05 1631177885 DEBUG: Call params: M=10788&R=55334%20-%20Nicole%20CHIVA&T=1565587528&B=0&C=CB&D=2406&E=00159&F=Y&G=O&I=FRA&J=--&N=497874&O=Y&P=3DSECURE&Q=10%3A58%3A04&S=416129989&W=09092021&Y=FRA&Z=0-0&K=Si1S739gM6aQEVeJwQgcodJy4NnGIVYRFks41SkKOrzr%2BXVWldZWpC2ekh69u729dQ28EpyTIOpjnzRROW1WGhpQ7kRltWvV58nD%2BVQvz7Z%2FwByLTMZPGBWBocbMFNx6FXkoJL%2BMlZAWjZPcW08Z7K3ing4PzDcN4XJdmUvOP84%3D
2021-09-09 10:58:05 1631177885 DEBUG: Cart 55334: (IPN) Payment was refused by Verifone e-commerce (159).
2021-09-09 10:59:40 1631177980 DEBUG: Call params: M=10788&R=55334%20-%20Nicole%20CHIVA&T=1565587528&A=410245&B=0&C=CB&D=2406&E=00000&F=Y&G=O&I=FRA&J=31&N=497874&O=Y&P=3DSECURE&Q=10%3A59%3A39&S=416130444&W=09092021&Y=FRA&Z=0-0&K=dJm72XxxBFA828HNxTZNU6GfCQgj%2BNX%2BuPFN2O0ru4elhssIDU7N2UCO1C19jduk19nptF6abLBTjcuHwzwlRmABKMFhVNru09uzG4%2FsgZIgITB6RD0qYLbN0r9q6%2Bso%2FgPFcK0gDu9U%2F7cy9WwmXof0NvlIiYgNWbtWY4qHIbQ%3D
2021-09-09 10:59:41 1631177980 DEBUG: Cart 55334: Standard IPN
2021-09-09 10:59:41 1631177980 DEBUG: Cart 55334: Validating order
2021-09-09 10:59:41 1631177981 DEBUG: Cart 55334: Customer is back from Verifone e-commerce payment page. Waiting order validation (loop 0).
2021-09-09 10:59:43 1631177983 DEBUG: Cart 55334: Customer is back from Verifone e-commerce payment page. Waiting order validation (loop 1).
2021-09-09 10:59:44 1631177984 DEBUG: Cart 55334: Customer is back from Verifone e-commerce payment page. Waiting order validation (loop 2).
2021-09-09 10:59:45 1631177985 DEBUG: Cart 55334: Customer is back from Verifone e-commerce payment page. Waiting order validation (loop 3).
2021-09-09 10:59:47 1631177987 DEBUG: Cart 55334: Customer is back from Verifone e-commerce payment page. Waiting order validation (loop 4).
2021-09-09 10:59:48 1631177988 DEBUG: Cart 55334: Customer is back from Verifone e-commerce payment page. Waiting order validation (loop 5).
2021-09-09 10:59:49 1631177989 DEBUG: Cart 55334: Customer is back from Verifone e-commerce payment page. Waiting order validation (loop 6).
2021-09-09 10:59:51 1631177991 DEBUG: Cart 55334: Customer is back from Verifone e-commerce payment page. Waiting order validation (loop 7).
2021-09-09 10:59:52 1631177980 DEBUG: Cart 55334: Order 5550 validated, creating details
2021-09-09 10:59:52 1631177980 DEBUG: Cart 55334: Order 5550 / Le paiement a été autorisé et capturé par Paybox.
2021-09-09 10:59:52 1631177992 DEBUG: Cart 55334: Customer is back from Verifone e-commerce payment page. Payment success.
2021-09-09 17:37:35 1631201855 DEBUG: URL to check 2
2021-09-09 17:37:35 1631201855 DEBUG: Checking Verifone e-commerce URL https://tpeweb.paybox.com/load.html
2021-09-09 17:37:35 1631201855 DEBUG:   Valid url found: https://tpeweb.paybox.com/cgi/MYframepagepaiement_ip.cgi
2021-09-09 17:37:35 1631201855 DEBUG: Cart 55344: Redirecting customer to Verifone e-commerce (CARTE, CB).
2021-09-09 19:45:24 1631209524 DEBUG: URL to check 2
2021-09-09 19:45:24 1631209524 DEBUG: Checking Verifone e-commerce URL https://tpeweb.paybox.com/load.html
2021-09-09 19:45:24 1631209524 DEBUG:   Valid url found: https://tpeweb.paybox.com/cgi/MYframepagepaiement_ip.cgi
2021-09-09 19:45:24 1631209524 DEBUG: Cart 55350: Redirecting customer to Verifone e-commerce (CARTE, CB).
2021-09-09 19:48:31 1631209711 DEBUG: Call params: M=4672&R=55350%20-%20Thierry%20STAMPFLER&T=1565679165&B=0&C=CB&D=2209&E=00040&F=N&G=N&I=PYF&J=53&N=497874&O=Y&P=CARTE&Q=19%3A48%3A31&S=416225085&W=09092021&Y=FRA&Z=0-0&K=2gY0Ed2V8tlu%2Br5nrqocR%2FU7%2BFDDgXkfNRdzeI8L6DSXxV%2BilyALxUxY5Y%2B8J5A0OWMf5i3IE6Onaa0x%2BbAQNlp2QsXXYh505fg2U%2BbEfkL00QTgmBtNlubiJaWShM8MjyDMm2yLApVtoCyx41q3j7y4%2BiyR5nA58DAbc%2F66KwM%3D
2021-09-09 19:48:31 1631209711 DEBUG: Cart 55350: (IPN) Payment was refused by Verifone e-commerce (40).
2021-09-09 20:01:02 1631210462 DEBUG: Call params: M=4672&R=55350%20-%20Thierry%20STAMPFLER&T=1565679165&B=0&C=CB&D=2204&E=00040&F=N&G=N&I=PYF&J=27&N=497814&O=Y&P=CARTE&Q=20%3A01%3A01&S=416226928&W=09092021&Y=FRA&Z=0-0&K=ho1ACX4nxSiPDW5%2BkG4UNLLm%2FLUN8x3ZjjYy5PZrjiPfvtL2pVZtmSSPuvBS8IWHIaWCRkQ8V%2F4tOwsTivKQC%2F2prlp6DEaI5CcY4JvozaErcRKseg4bTsUDLiaQ2Q7%2FdvB1zb%2FECzcg%2FJjAfL91ZCe%2BInVtKwPVP%2Fd9iRx01oU%3D
2021-09-09 20:01:02 1631210462 DEBUG: Cart 55350: (IPN) Payment was refused by Verifone e-commerce (40).
2021-09-09 20:01:09 1631210469 DEBUG: Cart 55350: Payment was canceled by user on Verifone e-commerce payment page.
2021-09-09 20:02:34 1631210554 DEBUG: URL to check 2
2021-09-09 20:02:34 1631210554 DEBUG: Checking Verifone e-commerce URL https://tpeweb.paybox.com/load.html
2021-09-09 20:02:34 1631210554 DEBUG:   Valid url found: https://tpeweb.paybox.com/cgi/MYframepagepaiement_ip.cgi
2021-09-09 20:02:34 1631210554 DEBUG: Cart 55350: Redirecting customer to Verifone e-commerce (CARTE, CB).
2021-09-09 20:03:27 1631210607 DEBUG: Cart 55350: Customer is back from Verifone e-commerce payment page. Payment refused by Verifone e-commerce (30).
2021-09-09 20:04:01 1631210640 DEBUG: URL to check 2
2021-09-09 20:04:01 1631210640 DEBUG: Checking Verifone e-commerce URL https://tpeweb.paybox.com/load.html
2021-09-09 20:04:01 1631210640 DEBUG:   Valid url found: https://tpeweb.paybox.com/cgi/MYchoix_pagepaiement.cgi
2021-09-09 20:04:01 1631210640 DEBUG: Cart 55347: Redirecting customer to Verifone e-commerce (CARTE, CB).
2021-09-09 20:05:25 1631210725 DEBUG: URL to check 2
2021-09-09 20:05:25 1631210725 DEBUG: Checking Verifone e-commerce URL https://tpeweb.paybox.com/load.html
2021-09-09 20:05:25 1631210725 DEBUG:   Valid url found: https://tpeweb.paybox.com/cgi/MYframepagepaiement_ip.cgi
2021-09-09 20:05:25 1631210725 DEBUG: Cart 55350: Redirecting customer to Verifone e-commerce (CARTE, CB).
2021-09-09 20:05:52 1631210752 DEBUG: Call params: M=6224&R=55347%20-%20Martin%20Bauer&T=1565681829&A=261191&B=0&C=Mastercard&D=2412&E=00000&F=Y&G=O&I=DEU&J=96&N=523256&O=Y&P=3DSECURE&Q=20%3A05%3A50&S=416227577&W=09092021&Y=DEU&Z=0-0&K=DYvtOHZBZlWA1AotNeDFjY5a0NMPG3QFwLZGAc7WWRauzwqo2guQkqakkbZEGyQIZ9GlSGt0fFmVEjNDZUFqV5iWtzbAOtn50oFm%2B7WNJugiJJlcc4sjG65gVI2AbjOz29I2CExP2XVRHGOffwrEM4xZ5NscjhMahUVA3TUkzRg%3D
2021-09-09 20:05:52 1631210752 DEBUG: Cart 55347: Standard IPN
2021-09-09 20:05:52 1631210752 DEBUG: Cart 55347: Validating order
2021-09-09 20:05:52 1631210752 DEBUG: Cart 55347: Customer is back from Verifone e-commerce payment page. Waiting order validation (loop 0).
2021-09-09 20:05:54 1631210754 DEBUG: Cart 55347: Customer is back from Verifone e-commerce payment page. Waiting order validation (loop 1).
2021-09-09 20:05:55 1631210755 DEBUG: Cart 55347: Customer is back from Verifone e-commerce payment page. Waiting order validation (loop 2).
2021-09-09 20:05:55 1631210752 DEBUG: Cart 55347: Order 5551 validated, creating details
2021-09-09 20:05:55 1631210752 DEBUG: Cart 55347: Order 5551 / Le paiement a été autorisé et capturé par Paybox.
2021-09-09 20:05:56 1631210756 DEBUG: Cart 55347: Customer is back from Verifone e-commerce payment page. Payment success.
