2022-09-01 10:26:05 1662020764 DEBUG: URL to check 2
2022-09-01 10:26:05 1662020764 DEBUG: Checking Verifone e-commerce URL https://tpeweb.paybox.com/load.html
2022-09-01 10:26:05 1662020764 DEBUG:   Valid url found: https://tpeweb.paybox.com/cgi/MYchoix_pagepaiement.cgi
2022-09-01 10:26:05 1662020764 DEBUG: Cart 66263: Redirecting customer to Verifone e-commerce (CARTE, CB).
2022-09-01 10:27:06 1662020826 DEBUG: Call params: M=20239&R=66263%20-%20Marion%20DUVAL&T=1076341820&A=815527&B=0&C=CB&D=2212&E=00000&F=Y&G=O&I=FRA&J=72&N=453308&O=Y&P=3DSECURE&Q=10%3A27%3A05&S=930803391&W=01092022&Y=FRA&Z=0-0&K=HZgwy8EBx7t%2F2SFmJ3AFBuu8RK2wArcesn7ssc9xhvkNuUAsLdtTWjpDm5E9wJzSVnVxs4Jg%2FH1oVf30HyTS%2BQejvfzxcQFWZmg%2FL%2FdhAKpm%2FIvljyy2RVRf%2FWsbS2jRbOWjiDH9pdYTJlZF3IyQd4%2BIfDaG6sUDT2TloZ3%2BHnk%3D
2022-09-01 10:27:06 1662020826 DEBUG: Cart 66263: Standard IPN
2022-09-01 10:27:06 1662020826 DEBUG: Cart 66263: Validating order
2022-09-01 10:27:06 1662020826 DEBUG: Cart 66263: Customer is back from Verifone e-commerce payment page. Waiting order validation (loop 0).
2022-09-01 10:27:08 1662020828 DEBUG: Cart 66263: Customer is back from Verifone e-commerce payment page. Waiting order validation (loop 1).
2022-09-01 10:27:09 1662020829 DEBUG: Cart 66263: Customer is back from Verifone e-commerce payment page. Waiting order validation (loop 2).
2022-09-01 10:27:10 1662020830 DEBUG: Cart 66263: Customer is back from Verifone e-commerce payment page. Waiting order validation (loop 3).
2022-09-01 10:27:11 1662020831 DEBUG: Cart 66263: Customer is back from Verifone e-commerce payment page. Waiting order validation (loop 4).
2022-09-01 10:27:13 1662020833 DEBUG: Cart 66263: Customer is back from Verifone e-commerce payment page. Waiting order validation (loop 5).
2022-09-01 10:27:14 1662020834 DEBUG: Cart 66263: Customer is back from Verifone e-commerce payment page. Waiting order validation (loop 6).
2022-09-01 10:27:15 1662020835 DEBUG: Cart 66263: Customer is back from Verifone e-commerce payment page. Waiting order validation (loop 7).
2022-09-01 10:27:17 1662020837 DEBUG: Cart 66263: Customer is back from Verifone e-commerce payment page. Waiting order validation (loop 8).
2022-09-01 10:27:18 1662020838 DEBUG: Cart 66263: Customer is back from Verifone e-commerce payment page. Waiting order validation (loop 9).
2022-09-01 10:27:19 1662020839 DEBUG: Cart 66263: Customer is back from Verifone e-commerce payment page. Waiting order validation (loop 10).
2022-09-01 10:27:20 1662020840 DEBUG: Cart 66263: Customer is back from Verifone e-commerce payment page. Waiting order validation (loop 11).
2022-09-01 10:27:21 1662020826 DEBUG: Cart 66263: Order 6070 validated, creating details
2022-09-01 10:27:21 1662020841 DEBUG: Cart 66263: Customer is back from Verifone e-commerce payment page. Payment success.
2022-09-01 10:27:21 1662020826 DEBUG: Cart 66263: Order 6070 / Le paiement a été autorisé et capturé par Paybox.
2022-09-01 11:02:09 1662022929 DEBUG: URL to check 2
2022-09-01 11:02:09 1662022929 DEBUG: Checking Verifone e-commerce URL https://tpeweb.paybox.com/load.html
2022-09-01 11:02:09 1662022929 DEBUG:   Valid url found: https://tpeweb.paybox.com/cgi/MYframepagepaiement_ip.cgi
2022-09-01 11:02:09 1662022929 DEBUG: Cart 66264: Redirecting customer to Verifone e-commerce (CARTE, CB).
2022-09-01 11:42:01 1662025321 DEBUG: URL to check 2
2022-09-01 11:42:01 1662025321 DEBUG: Checking Verifone e-commerce URL https://tpeweb.paybox.com/load.html
2022-09-01 11:42:01 1662025321 DEBUG:   Valid url found: https://tpeweb.paybox.com/cgi/MYchoix_pagepaiement.cgi
2022-09-01 11:42:01 1662025321 DEBUG: Cart 66250: Redirecting customer to Verifone e-commerce (CARTE, CB).
2022-09-01 11:43:28 1662025408 DEBUG: Call params: M=25720&R=66250%20-%20Leunita%20Shtufi&T=1076362534&A=594626&B=0&C=MasterCard&D=2409&E=00000&F=Y&G=O&I=CHE&J=02&N=510197&O=Y&P=3DSECURE&Q=11%3A43%3A27&S=930823608&W=01092022&Y=CHE&Z=0-0&K=tVH0YkK%2BQU6knlp5xQh9MNUbF5uLBPAkuGCjPZWDxMzcd%2BopwI7ra0EWBSuxfgeBjciXRROAgzsQk7t8Kyuzi%2B9DuhuYkWN9FPFTj6CmJDX5h897O2lZaNMQS3OZxCJp5lESeaUgsXRmGgFtdvUSpyAoFyS6a2nby5akQ4jVG8s%3D
2022-09-01 11:43:28 1662025408 DEBUG: Cart 66250: Standard IPN
2022-09-01 11:43:28 1662025408 DEBUG: Cart 66250: Validating order
2022-09-01 11:43:28 1662025408 DEBUG: Cart 66250: Customer is back from Verifone e-commerce payment page. Waiting order validation (loop 0).
2022-09-01 11:43:30 1662025410 DEBUG: Cart 66250: Customer is back from Verifone e-commerce payment page. Waiting order validation (loop 1).
2022-09-01 11:43:31 1662025411 DEBUG: Cart 66250: Customer is back from Verifone e-commerce payment page. Waiting order validation (loop 2).
2022-09-01 11:43:32 1662025412 DEBUG: Cart 66250: Customer is back from Verifone e-commerce payment page. Waiting order validation (loop 3).
2022-09-01 11:43:33 1662025413 DEBUG: Cart 66250: Customer is back from Verifone e-commerce payment page. Waiting order validation (loop 4).
2022-09-01 11:43:34 1662025414 DEBUG: Cart 66250: Customer is back from Verifone e-commerce payment page. Waiting order validation (loop 5).
2022-09-01 11:43:35 1662025415 DEBUG: Cart 66250: Customer is back from Verifone e-commerce payment page. Waiting order validation (loop 6).
2022-09-01 11:43:36 1662025416 DEBUG: Cart 66250: Customer is back from Verifone e-commerce payment page. Waiting order validation (loop 7).
2022-09-01 11:43:37 1662025417 DEBUG: Cart 66250: Customer is back from Verifone e-commerce payment page. Waiting order validation (loop 8).
2022-09-01 11:43:38 1662025418 DEBUG: Cart 66250: Customer is back from Verifone e-commerce payment page. Waiting order validation (loop 9).
2022-09-01 11:43:39 1662025419 DEBUG: Cart 66250: Customer is back from Verifone e-commerce payment page. Waiting order validation (loop 10).
2022-09-01 11:43:40 1662025420 DEBUG: Cart 66250: Customer is back from Verifone e-commerce payment page. Waiting order validation (loop 11).
2022-09-01 11:43:42 1662025422 DEBUG: Cart 66250: Customer is back from Verifone e-commerce payment page. Waiting order validation (loop 12).
2022-09-01 11:43:43 1662025423 DEBUG: Cart 66250: Customer is back from Verifone e-commerce payment page. Waiting order validation (loop 13).
2022-09-01 11:43:44 1662025424 DEBUG: Cart 66250: Customer is back from Verifone e-commerce payment page. Waiting order validation (loop 14).
2022-09-01 11:43:45 1662025425 DEBUG: Cart 66250: Customer is back from Verifone e-commerce payment page. Waiting order validation (loop 15).
2022-09-01 11:43:46 1662025426 DEBUG: Cart 66250: Customer is back from Verifone e-commerce payment page. Waiting order validation (loop 16).
2022-09-01 11:43:48 1662025428 DEBUG: Cart 66250: Customer is back from Verifone e-commerce payment page. Waiting order validation (loop 17).
2022-09-01 11:43:48 1662025428 DEBUG: Call params: M=25720&R=66250%20-%20Leunita%20Shtufi&T=1076362534&A=594626&B=0&C=MasterCard&D=2409&E=00000&F=Y&G=O&I=CHE&J=02&N=510197&O=Y&P=3DSECURE&Q=11%3A43%3A27&S=930823608&W=01092022&Y=CHE&Z=0-0&K=tVH0YkK%2BQU6knlp5xQh9MNUbF5uLBPAkuGCjPZWDxMzcd%2BopwI7ra0EWBSuxfgeBjciXRROAgzsQk7t8Kyuzi%2B9DuhuYkWN9FPFTj6CmJDX5h897O2lZaNMQS3OZxCJp5lESeaUgsXRmGgFtdvUSpyAoFyS6a2nby5akQ4jVG8s%3D
2022-09-01 11:43:48 1662025428 DEBUG: Cart 66250: (IPN) Cart already being validated as order with the transaction 930823608.
2022-09-01 11:43:49 1662025429 DEBUG: Cart 66250: Customer is back from Verifone e-commerce payment page. Waiting order validation (loop 18).
2022-09-01 11:43:50 1662025430 DEBUG: Cart 66250: Customer is back from Verifone e-commerce payment page. Waiting order validation (loop 19).
2022-09-01 11:43:51 1662025431 DEBUG: Cart 66250: Customer is back from Verifone e-commerce payment page. Order not validated.
2022-09-01 11:43:55 1662025408 DEBUG: Cart 66250: Order 6071 validated, creating details
2022-09-01 11:43:56 1662025408 DEBUG: Cart 66250: Order 6071 / Le paiement a été autorisé et capturé par Paybox.
2022-09-01 11:47:47 1662025667 DEBUG: Cart 66250: Customer is back from Verifone e-commerce payment page. Payment success.
2022-09-01 12:02:20 1662026540 DEBUG: URL to check 2
2022-09-01 12:02:20 1662026540 DEBUG: Checking Verifone e-commerce URL https://tpeweb.paybox.com/load.html
2022-09-01 12:02:20 1662026540 DEBUG:   Valid url found: https://tpeweb.paybox.com/cgi/MYframepagepaiement_ip.cgi
2022-09-01 12:02:20 1662026540 DEBUG: Cart 66264: Redirecting customer to Verifone e-commerce (CARTE, CB).
2022-09-01 12:03:39 1662026619 DEBUG: Call params: M=14283&R=66264%20-%20Karine%20Clouard&T=1076368740&A=874427&B=0&C=CB&D=2303&E=00000&F=Y&G=O&I=FRA&J=18&N=497886&O=Y&P=CARTE&Q=12%3A03%3A39&S=930829861&W=01092022&Y=FRA&Z=0-0&K=VMkG9ruboGP3lJ2TvG7ZgdhEJAPImINgnJZbHzGV2FloHqtwNanEb9JsF0%2FDFQ8Zgmfipaw8z9r2QdS%2BKfSJZlJmxYavNaj%2BW2mZmwPEFM%2FrYXnlM%2BQIwjNPIAXDDnD1XMqAuUF2B04rNRZNhKRHB%2FhGPpGeCx%2FW7lgQX9WJUU8%3D
2022-09-01 12:03:39 1662026619 DEBUG: Cart 66264: Standard IPN
2022-09-01 12:03:39 1662026619 DEBUG: Cart 66264: Validating order
2022-09-01 12:03:40 1662026620 DEBUG: Cart 66264: Customer is back from Verifone e-commerce payment page. Waiting order validation (loop 0).
2022-09-01 12:03:41 1662026621 DEBUG: Cart 66264: Customer is back from Verifone e-commerce payment page. Waiting order validation (loop 1).
2022-09-01 12:03:42 1662026622 DEBUG: Cart 66264: Customer is back from Verifone e-commerce payment page. Waiting order validation (loop 2).
2022-09-01 12:03:43 1662026623 DEBUG: Cart 66264: Customer is back from Verifone e-commerce payment page. Waiting order validation (loop 3).
2022-09-01 12:03:45 1662026625 DEBUG: Cart 66264: Customer is back from Verifone e-commerce payment page. Waiting order validation (loop 4).
2022-09-01 12:03:46 1662026626 DEBUG: Cart 66264: Customer is back from Verifone e-commerce payment page. Waiting order validation (loop 5).
2022-09-01 12:03:47 1662026627 DEBUG: Cart 66264: Customer is back from Verifone e-commerce payment page. Waiting order validation (loop 6).
2022-09-01 12:03:48 1662026628 DEBUG: Cart 66264: Customer is back from Verifone e-commerce payment page. Waiting order validation (loop 7).
2022-09-01 12:03:50 1662026630 DEBUG: Cart 66264: Customer is back from Verifone e-commerce payment page. Waiting order validation (loop 8).
2022-09-01 12:03:51 1662026631 DEBUG: Cart 66264: Customer is back from Verifone e-commerce payment page. Waiting order validation (loop 9).
2022-09-01 12:03:52 1662026619 DEBUG: Cart 66264: Order 6072 validated, creating details
2022-09-01 12:03:52 1662026619 DEBUG: Cart 66264: Order 6072 / Le paiement a été autorisé et capturé par Paybox.
2022-09-01 12:03:53 1662026633 DEBUG: Cart 66264: Customer is back from Verifone e-commerce payment page. Payment success.
