2021-06-12 12:43:30 1623494609 DEBUG: URL to check 2
2021-06-12 12:43:30 1623494609 DEBUG: Checking Verifone e-commerce URL https://tpeweb.paybox.com/load.html
2021-06-12 12:43:30 1623494609 DEBUG:   Valid url found: https://tpeweb.paybox.com/cgi/MYchoix_pagepaiement.cgi
2021-06-12 12:43:30 1623494609 DEBUG: Cart 53365: Redirecting customer to Verifone e-commerce (CARTE, CB).
2021-06-12 12:45:44 1623494744 DEBUG: Call params: M=5353&R=53365%20-%20Elodie%20OLIVIER&T=1551632321&A=469085&B=0&C=CB&D=2304&E=00000&F=Y&G=O&I=FRA&J=64&N=497203&O=Y&P=3DSECURE&Q=12%3A45%3A42&S=400326877&W=12062021&Y=FRA&Z=0-0&K=0JTX9qkAXlcsqhpJSDGvA6mms%2B%2FW4w85P5Gq9DKbjZV9KHfdrk4dm18CffwwbssTbKuYupniElV24F%2Fs5SL4SMb0NtzGOT1720BB%2BnyJQmH4lduGmYZjU%2BjJMroP6DjKwnqcJhoqI4IKCyn43YpUzmYbhsqHLlRxE9Ip53BKsns%3D
2021-06-12 12:45:44 1623494744 DEBUG: Cart 53365: Standard IPN
2021-06-12 12:45:44 1623494744 DEBUG: Cart 53365: Validating order
2021-06-12 12:45:44 1623494744 DEBUG: Cart 53365: Customer is back from Verifone e-commerce payment page. Waiting order validation (loop 0).
2021-06-12 12:45:45 1623494745 DEBUG: Cart 53365: Customer is back from Verifone e-commerce payment page. Waiting order validation (loop 1).
2021-06-12 12:45:46 1623494746 DEBUG: Cart 53365: Customer is back from Verifone e-commerce payment page. Waiting order validation (loop 2).
2021-06-12 12:45:47 1623494747 DEBUG: Cart 53365: Customer is back from Verifone e-commerce payment page. Waiting order validation (loop 3).
2021-06-12 12:45:49 1623494749 DEBUG: Cart 53365: Customer is back from Verifone e-commerce payment page. Waiting order validation (loop 4).
2021-06-12 12:45:49 1623494744 DEBUG: Cart 53365: Order 5389 validated, creating details
2021-06-12 12:45:49 1623494744 DEBUG: Cart 53365: Order 5389 / Le paiement a été autorisé et capturé par Paybox.
2021-06-12 12:45:50 1623494750 DEBUG: Cart 53365: Customer is back from Verifone e-commerce payment page. Payment success.
2021-06-12 13:55:21 1623498921 DEBUG: URL to check 2
2021-06-12 13:55:21 1623498921 DEBUG: Checking Verifone e-commerce URL https://tpeweb.paybox.com/load.html
2021-06-12 13:55:21 1623498921 DEBUG:   Valid url found: https://tpeweb.paybox.com/cgi/MYchoix_pagepaiement.cgi
2021-06-12 13:55:21 1623498921 DEBUG: Cart 53370: Redirecting customer to Verifone e-commerce (CARTE, CB).
2021-06-12 13:58:09 1623499089 DEBUG: Call params: M=18084&R=53370%20-%20Karin%20Niebroj&T=1001680357&A=250288&B=0&C=Mastercard&D=2207&E=00000&F=Y&G=O&I=BEL&J=85&N=544036&O=Y&P=3DSECURE&Q=13%3A58%3A07&S=257453210&W=12062021&Y=BEL&Z=0-0&K=2PwJkC4pHxVqnoqaM8fOA1zy6%2BGk%2FGXSHCZVFxW0M%2FeYBlHs24K8jVN%2BN34Tvrimrvw%2BbyswgjeCQs0ZydLWuL%2FN0rfgm40Ahbo0rXiGJA886IHuxuzBP%2F2WjxlhxZpvPRW%2BCIrleba0G2Mk7Q%2FAkI1Bt9tVRIoL5YgQcdRZ7Ng%3D
2021-06-12 13:58:09 1623499089 DEBUG: Cart 53370: Standard IPN
2021-06-12 13:58:09 1623499089 DEBUG: Cart 53370: Validating order
2021-06-12 13:58:09 1623499089 DEBUG: Cart 53370: Customer is back from Verifone e-commerce payment page. Waiting order validation (loop 0).
2021-06-12 13:58:10 1623499090 DEBUG: Cart 53370: Customer is back from Verifone e-commerce payment page. Waiting order validation (loop 1).
2021-06-12 13:58:11 1623499089 DEBUG: Cart 53370: Order 5390 validated, creating details
2021-06-12 13:58:11 1623499089 DEBUG: Cart 53370: Order 5390 / Le paiement a été autorisé et capturé par Paybox.
2021-06-12 13:58:11 1623499091 DEBUG: Cart 53370: Customer is back from Verifone e-commerce payment page. Payment success.
2021-06-12 14:35:45 1623501344 DEBUG: URL to check 2
2021-06-12 14:35:45 1623501344 DEBUG: Checking Verifone e-commerce URL https://tpeweb.paybox.com/load.html
2021-06-12 14:35:45 1623501344 DEBUG:   Valid url found: https://tpeweb.paybox.com/cgi/MYframepagepaiement_ip.cgi
2021-06-12 14:35:45 1623501344 DEBUG: Cart 53371: Redirecting customer to Verifone e-commerce (CARTE, CB).
2021-06-12 14:51:18 1623502278 DEBUG: URL to check 2
2021-06-12 14:51:18 1623502278 DEBUG: Checking Verifone e-commerce URL https://tpeweb.paybox.com/load.html
2021-06-12 14:51:18 1623502278 DEBUG:   Valid url found: https://tpeweb.paybox.com/cgi/MYframepagepaiement_ip.cgi
2021-06-12 14:51:18 1623502278 DEBUG: Cart 53371: Redirecting customer to Verifone e-commerce (CARTE, CB).
2021-06-12 14:53:33 1623502413 DEBUG: Call params: M=7698&R=53371%20-%20Anne%20Marchal&T=1001685586&A=567109&B=0&C=CB&D=2405&E=00000&F=Y&G=O&I=FRA&J=61&N=497040&O=Y&P=CARTE&Q=14%3A53%3A31&S=257458216&W=12062021&Y=FRA&Z=0-0&K=a8z9yXWJp3tDbl%2BIxXqSwoOnRnInavmss8JbX6O8EHsL0CMnSBP0KT01qEAqWc6GUXOTks8DgHN%2Bw3eJemxUo%2BNORNOC%2FhemyGHJeBeJ2eFJUj9qDkqjU%2BPuFL17SI3g72b%2B0sEwBmO%2Bbs%2FyW%2Bw9j3iHr%2BpmhVdgp54u1f9whTk%3D
2021-06-12 14:53:33 1623502413 DEBUG: Cart 53371: Standard IPN
2021-06-12 14:53:33 1623502413 DEBUG: Cart 53371: Validating order
2021-06-12 14:53:33 1623502413 DEBUG: Cart 53371: Customer is back from Verifone e-commerce payment page. Waiting order validation (loop 0).
2021-06-12 14:53:35 1623502415 DEBUG: Cart 53371: Customer is back from Verifone e-commerce payment page. Waiting order validation (loop 1).
2021-06-12 14:53:35 1623502413 DEBUG: Cart 53371: Order 5391 validated, creating details
2021-06-12 14:53:35 1623502413 DEBUG: Cart 53371: Order 5391 / Le paiement a été autorisé et capturé par Paybox.
2021-06-12 14:53:36 1623502416 DEBUG: Cart 53371: Customer is back from Verifone e-commerce payment page. Payment success.
2021-06-12 15:47:05 1623505625 DEBUG: URL to check 2
2021-06-12 15:47:05 1623505625 DEBUG: Checking Verifone e-commerce URL https://tpeweb.paybox.com/load.html
2021-06-12 15:47:05 1623505625 DEBUG:   Valid url found: https://tpeweb.paybox.com/cgi/MYframepagepaiement_ip.cgi
2021-06-12 15:47:05 1623505625 DEBUG: Cart 53343: Redirecting customer to Verifone e-commerce (CARTE, CB).
2021-06-12 15:48:20 1623505700 DEBUG: Call params: M=9927&R=53343%20-%20Meganne%20PAYET&T=1001690944&A=663658&B=0&C=Mastercard&D=2404&E=00000&F=Y&G=O&I=REU&J=47&N=523718&O=Y&P=CARTE&Q=15%3A48%3A18&S=257463559&W=12062021&Y=FRA&Z=0-0&K=iQFE9Cxr5Qv3gnEwKDnXWQjT16rJtONYx4YCnWF4vSARn%2FK27H3OtUtLM5yWeVmY4S3VnU0Lz75kaOIQRc4AyQAdYwDwjlV35%2FjqAkjAdWyATV68NAgQccPdpXLFKdawFDJ8b%2BerVs7xxY5Hn4cr8%2B7ky%2FKwz4B14swADWIG8Xk%3D
2021-06-12 15:48:20 1623505700 DEBUG: Cart 53343: Standard IPN
2021-06-12 15:48:20 1623505700 DEBUG: Cart 53343: Validating order
2021-06-12 15:48:22 1623505700 DEBUG: Cart 53343: Order 5392 validated, creating details
2021-06-12 15:48:22 1623505700 DEBUG: Cart 53343: Order 5392 / Le paiement a été autorisé et capturé par Paybox.
2021-06-12 19:04:21 1623517461 DEBUG: Cart 53343: Customer is back from Verifone e-commerce payment page. Payment success.
2021-06-12 20:36:12 1623522972 DEBUG: URL to check 2
2021-06-12 20:36:12 1623522972 DEBUG: Checking Verifone e-commerce URL https://tpeweb.paybox.com/load.html
2021-06-12 20:36:12 1623522972 DEBUG:   Valid url found: https://tpeweb.paybox.com/cgi/MYframepagepaiement_ip.cgi
2021-06-12 20:36:12 1623522972 DEBUG: Cart 53375: Redirecting customer to Verifone e-commerce (CARTE, CB).
2021-06-12 20:38:35 1623523115 DEBUG: Call params: M=6478&R=53375%20-%20Anne%20Marchal&T=1551720191&A=354126&B=0&C=CB&D=2405&E=00000&F=Y&G=O&I=FRA&J=61&N=497040&O=Y&P=CARTE&Q=20%3A38%3A33&S=400403720&W=12062021&Y=FRA&Z=0-0&K=vaTazOSLXXQXhW%2BxIKAjg2r%2BbcUavrRGBJxlEK2%2FLis%2B6wlUbh91mnv%2Bb15RBkPBFkXkLi5FBNcWjUnL0T9aFkGcOvCSQZqIHbqnB7kyCCdwhr99DudeVCZ91bXx2bjzYtMA76rkbO%2FVeUJDcZccdDQUsh4mc%2Bh0DRNkcOPK9X4%3D
2021-06-12 20:38:35 1623523115 DEBUG: Cart 53375: Standard IPN
2021-06-12 20:38:35 1623523115 DEBUG: Cart 53375: Validating order
2021-06-12 20:38:36 1623523116 DEBUG: Cart 53375: Customer is back from Verifone e-commerce payment page. Waiting order validation (loop 0).
2021-06-12 20:38:37 1623523117 DEBUG: Cart 53375: Customer is back from Verifone e-commerce payment page. Waiting order validation (loop 1).
2021-06-12 20:38:37 1623523115 DEBUG: Cart 53375: Order 5393 validated, creating details
2021-06-12 20:38:37 1623523115 DEBUG: Cart 53375: Order 5393 / Le paiement a été autorisé et capturé par Paybox.
2021-06-12 20:38:38 1623523118 DEBUG: Cart 53375: Customer is back from Verifone e-commerce payment page. Payment success.
