2020-08-21 11:00:43 1598000443 DEBUG: URL to check 2
2020-08-21 11:00:43 1598000443 DEBUG: Checking Verifone e-commerce URL https://tpeweb.paybox.com/load.html
2020-08-21 11:00:43 1598000443 DEBUG:   Valid url found: https://tpeweb.paybox.com/cgi/MYchoix_pagepaiement.cgi
2020-08-21 11:00:43 1598000443 DEBUG: Cart 47026: Redirecting customer to Verifone e-commerce (CARTE, CB).
2020-08-21 11:02:40 1598000560 DEBUG: Call params: M=10093&R=47026%20-%20laurie%20perrot&T=947263326&A=614315&B=0&C=MasterCard&D=2309&E=00000&F=Y&G=O&I=FRA&J=57&N=513162&O=Y&P=3DSECURE&Q=11%3A00%3A45&S=208112228&W=21082020&Y=FRA&Z=0-0&K=HGzkMzwCaoJCeEayOPmMnQCfptJKIS9lp8XZG6G%2FpWwHrKxl%2BKPRlDdCp52OxTOURL0G7QW%2FCQjYd5EBohNakAvsyyUJNZshP%2BhJTqbiWLLHMSPV9%2Fe51Lpyphm9gWc9s%2Bacy9PFqqsjdDyB0xrXhYcZiByBObUE2jUfbxjr%2BYo%3D
2020-08-21 11:02:40 1598000560 DEBUG: Cart 47026: Standard IPN
2020-08-21 11:02:40 1598000560 DEBUG: Cart 47026: Validating order
2020-08-21 11:02:41 1598000561 DEBUG: Cart 47026: Customer is back from Verifone e-commerce payment page. Waiting order validation (loop 0).
2020-08-21 11:02:42 1598000562 DEBUG: Cart 47026: Customer is back from Verifone e-commerce payment page. Waiting order validation (loop 1).
2020-08-21 11:02:43 1598000563 DEBUG: Cart 47026: Customer is back from Verifone e-commerce payment page. Waiting order validation (loop 2).
2020-08-21 11:02:45 1598000565 DEBUG: Cart 47026: Customer is back from Verifone e-commerce payment page. Waiting order validation (loop 3).
2020-08-21 11:02:46 1598000566 DEBUG: Cart 47026: Customer is back from Verifone e-commerce payment page. Waiting order validation (loop 4).
2020-08-21 11:02:47 1598000567 DEBUG: Cart 47026: Customer is back from Verifone e-commerce payment page. Waiting order validation (loop 5).
2020-08-21 11:02:49 1598000569 DEBUG: Cart 47026: Customer is back from Verifone e-commerce payment page. Waiting order validation (loop 6).
2020-08-21 11:02:49 1598000560 DEBUG: Cart 47026: Order 5007 validated, creating details
2020-08-21 11:02:49 1598000560 DEBUG: Cart 47026: Order 5007 / Le paiement a été autorisé et capturé par Paybox.
2020-08-21 11:02:50 1598000570 DEBUG: Cart 47026: Customer is back from Verifone e-commerce payment page. Payment success.
2020-08-21 11:10:10 1598001010 DEBUG: URL to check 2
2020-08-21 11:10:10 1598001010 DEBUG: Checking Verifone e-commerce URL https://tpeweb.paybox.com/load.html
2020-08-21 11:10:10 1598001010 DEBUG:   Valid url found: https://tpeweb.paybox.com/cgi/MYframepagepaiement_ip.cgi
2020-08-21 11:10:10 1598001010 DEBUG: Cart 47027: Redirecting customer to Verifone e-commerce (CARTE, CB).
2020-08-21 11:10:18 1598001018 DEBUG: Cart 47027: Payment was canceled by user on Verifone e-commerce payment page.
