2021-07-19 08:09:40 1626674980 DEBUG: URL to check 2
2021-07-19 08:09:40 1626674980 DEBUG: Checking Verifone e-commerce URL https://tpeweb.paybox.com/load.html
2021-07-19 08:09:40 1626674980 DEBUG:   Valid url found: https://tpeweb.paybox.com/cgi/MYchoix_pagepaiement.cgi
2021-07-19 08:09:40 1626674980 DEBUG: Cart 54271: Redirecting customer to Verifone e-commerce (CARTE, CB).
2021-07-19 08:16:41 1626675401 DEBUG: URL to check 2
2021-07-19 08:16:41 1626675401 DEBUG: Checking Verifone e-commerce URL https://tpeweb.paybox.com/load.html
2021-07-19 08:16:41 1626675401 DEBUG:   Valid url found: https://tpeweb.paybox.com/cgi/MYchoix_pagepaiement.cgi
2021-07-19 08:16:41 1626675401 DEBUG: Cart 54271: Redirecting customer to Verifone e-commerce (CARTE, CB).
2021-07-19 08:18:14 1626675494 DEBUG: Call params: M=13692&R=54271%20-%20Jun%20Kim&T=1007980113&A=934181&B=0&C=Visa&D=2410&E=00000&F=Y&G=O&I=KOR&J=99&N=428909&O=Y&P=3DSECURE&Q=08%3A18%3A14&S=262390501&W=19072021&Y=KOR&Z=0-0&K=DwpNx86AdMbXNeO4KMPLx5xIqiydLrmy3V2VJ1ohH0lbD9w0vKlj3M695aMDkZcx5awYMQXDQD9wP0OEQ0KG%2BO0SLagcPEUuu9yJk9FkqWuT7B5w3quvAdeHFfp7i8%2FxHrEWYvxjCab9G3dq1roe48TYhCwoVpYag0X%2F7w0amMY%3D
2021-07-19 08:18:15 1626675494 DEBUG: Cart 54271: Standard IPN
2021-07-19 08:18:15 1626675494 DEBUG: Cart 54271: Validating order
2021-07-19 08:18:16 1626675496 DEBUG: Cart 54271: Customer is back from Verifone e-commerce payment page. Waiting order validation (loop 0).
2021-07-19 08:18:18 1626675498 DEBUG: Cart 54271: Customer is back from Verifone e-commerce payment page. Waiting order validation (loop 1).
2021-07-19 08:18:18 1626675494 DEBUG: Cart 54271: Order 5482 validated, creating details
2021-07-19 08:18:18 1626675494 DEBUG: Cart 54271: Order 5482 / Le paiement a été autorisé et capturé par Paybox.
2021-07-19 08:18:19 1626675499 DEBUG: Cart 54271: Customer is back from Verifone e-commerce payment page. Payment success.
2021-07-19 10:03:33 1626681812 DEBUG: URL to check 2
2021-07-19 10:03:33 1626681812 DEBUG: Checking Verifone e-commerce URL https://tpeweb.paybox.com/load.html
2021-07-19 10:03:33 1626681812 DEBUG:   Valid url found: https://tpeweb.paybox.com/cgi/MYframepagepaiement_ip.cgi
2021-07-19 10:03:33 1626681812 DEBUG: Cart 54322: Redirecting customer to Verifone e-commerce (CARTE, CB).
2021-07-19 21:42:02 1626723722 DEBUG: URL to check 2
2021-07-19 21:42:02 1626723722 DEBUG: Checking Verifone e-commerce URL https://tpeweb.paybox.com/load.html
2021-07-19 21:42:02 1626723722 DEBUG:   Valid url found: https://tpeweb.paybox.com/cgi/MYframepagepaiement_ip.cgi
2021-07-19 21:42:02 1626723722 DEBUG: Cart 54335: Redirecting customer to Verifone e-commerce (CARTE, CB).
2021-07-19 21:44:36 1626723876 DEBUG: Call params: M=12185&R=54335%20-%20Marie-Renee%20Smidts&T=1008177997&A=455381&B=0&C=Mastercard&D=2201&E=00000&F=Y&G=O&I=BEL&J=09&N=527534&O=Y&P=CARTE&Q=21%3A44%3A33&S=262578991&W=19072021&Y=BEL&Z=0-0&K=V98u%2Bf11cr7KCb2bWkrvZ9OzdoSvIJTxP%2FHnAeM986qcm91Sm%2BeRWw3Si5%2FSMWI%2B3v%2Ff0BbRAhE7RVKKDE6MhpmISnIpNjikZS08qiJ0qLMyEsNacInE2C8dfhgiH6gB1oa4iePUaq5ZK3EeKLwEVUndjqBLaaClpD7U1qxAZXY%3D
2021-07-19 21:44:36 1626723876 DEBUG: Cart 54335: Standard IPN
2021-07-19 21:44:36 1626723876 DEBUG: Cart 54335: Validating order
2021-07-19 21:44:36 1626723876 DEBUG: Cart 54335: Customer is back from Verifone e-commerce payment page. Waiting order validation (loop 0).
2021-07-19 21:44:37 1626723877 DEBUG: Cart 54335: Customer is back from Verifone e-commerce payment page. Waiting order validation (loop 1).
2021-07-19 21:44:38 1626723878 DEBUG: Cart 54335: Customer is back from Verifone e-commerce payment page. Waiting order validation (loop 2).
2021-07-19 21:44:39 1626723876 DEBUG: Cart 54335: Order 5483 validated, creating details
2021-07-19 21:44:39 1626723876 DEBUG: Cart 54335: Order 5483 / Le paiement a été autorisé et capturé par Paybox.
2021-07-19 21:44:39 1626723879 DEBUG: Cart 54335: Customer is back from Verifone e-commerce payment page. Payment success.
