2021-06-07 10:16:24 1623053784 DEBUG: URL to check 2
2021-06-07 10:16:24 1623053784 DEBUG: Checking Verifone e-commerce URL https://tpeweb.paybox.com/load.html
2021-06-07 10:16:24 1623053784 DEBUG:   Valid url found: https://tpeweb.paybox.com/cgi/MYchoix_pagepaiement.cgi
2021-06-07 10:16:24 1623053784 DEBUG: Cart 53210: Redirecting customer to Verifone e-commerce (CARTE, CB).
2021-06-07 10:18:13 1623053893 DEBUG: Call params: M=2428&R=53210%20-%20Sylvie%20Fontanier&T=1000857030&A=911149&B=0&C=Visa&D=2201&E=00000&F=Y&G=O&I=FRA&J=27&N=497203&O=Y&P=3DSECURE&Q=10%3A16%3A26&S=256629962&W=07062021&Y=FRA&Z=0-0&K=WauBjdCcNEbfWmPVsgB2NydYEsJo8020VqmA1V1Ph77YN1N4BiW7nmY9Z1%2Ffky%2BlwB38p3jBChe8g6Ga31NvvGCIyN5u73ks%2F8SO5EbLdW7UTVlo61vE3dZ74VOjK00JlRxdGp4Qp1XtbIVkBhg8jp0uXcn4fQYe%2BeheCB%2Bm0TI%3D
2021-06-07 10:18:13 1623053893 DEBUG: Cart 53210: Standard IPN
2021-06-07 10:18:13 1623053893 DEBUG: Cart 53210: Validating order
2021-06-07 10:18:14 1623053894 DEBUG: Cart 53210: Customer is back from Verifone e-commerce payment page. Waiting order validation (loop 0).
2021-06-07 10:18:15 1623053895 DEBUG: Cart 53210: Customer is back from Verifone e-commerce payment page. Waiting order validation (loop 1).
2021-06-07 10:18:16 1623053896 DEBUG: Cart 53210: Customer is back from Verifone e-commerce payment page. Waiting order validation (loop 2).
2021-06-07 10:18:17 1623053897 DEBUG: Cart 53210: Customer is back from Verifone e-commerce payment page. Waiting order validation (loop 3).
2021-06-07 10:18:18 1623053898 DEBUG: Cart 53210: Customer is back from Verifone e-commerce payment page. Waiting order validation (loop 4).
2021-06-07 10:18:20 1623053900 DEBUG: Cart 53210: Customer is back from Verifone e-commerce payment page. Waiting order validation (loop 5).
2021-06-07 10:18:21 1623053901 DEBUG: Cart 53210: Customer is back from Verifone e-commerce payment page. Waiting order validation (loop 6).
2021-06-07 10:18:21 1623053893 DEBUG: Cart 53210: Order 5369 validated, creating details
2021-06-07 10:18:21 1623053893 DEBUG: Cart 53210: Order 5369 / Le paiement a été autorisé et capturé par Paybox.
2021-06-07 10:18:22 1623053902 DEBUG: Cart 53210: Customer is back from Verifone e-commerce payment page. Payment success.
2021-06-07 13:05:15 1623063914 DEBUG: URL to check 2
2021-06-07 13:05:15 1623063914 DEBUG: Checking Verifone e-commerce URL https://tpeweb.paybox.com/load.html
2021-06-07 13:05:15 1623063914 DEBUG:   Valid url found: https://tpeweb.paybox.com/cgi/MYchoix_pagepaiement.cgi
2021-06-07 13:05:15 1623063914 DEBUG: Cart 53209: Redirecting customer to Verifone e-commerce (CARTE, CB).
2021-06-07 13:07:09 1623064029 DEBUG: Call params: M=31440&R=53209%20-%20Minah%20Rakotonomenjanahary&T=1550352675&A=924235&B=0&C=Visa&D=2301&E=00000&F=Y&G=O&I=REU&J=15&N=497043&O=Y&P=3DSECURE&Q=13%3A05%3A18&S=399117038&W=07062021&Y=FRA&Z=0-0&K=BNdT8GfAW7ff3ccWYhyzgirIXUxdsid0ETB5MuB91N1lUgDNG25dH6%2FWQKvgn8BxsWwjzhjpbWjE1Xt%2FtsDrATdzlxanD619%2F55kG1h5En51b21empXhLKVJJl8qzklanzxSMhQYTmmN38kBjvqd6ZB9vkq0MyJ01w7NFG0c9vo%3D
2021-06-07 13:07:10 1623064029 DEBUG: Cart 53209: Standard IPN
2021-06-07 13:07:10 1623064029 DEBUG: Cart 53209: Validating order
2021-06-07 13:07:10 1623064030 DEBUG: Cart 53209: Customer is back from Verifone e-commerce payment page. Waiting order validation (loop 0).
2021-06-07 13:07:12 1623064032 DEBUG: Cart 53209: Customer is back from Verifone e-commerce payment page. Waiting order validation (loop 1).
2021-06-07 13:07:13 1623064033 DEBUG: Cart 53209: Customer is back from Verifone e-commerce payment page. Waiting order validation (loop 2).
2021-06-07 13:07:14 1623064029 DEBUG: Cart 53209: Order 5370 validated, creating details
2021-06-07 13:07:14 1623064029 DEBUG: Cart 53209: Order 5370 / Le paiement a été autorisé et capturé par Paybox.
2021-06-07 13:07:15 1623064035 DEBUG: Cart 53209: Customer is back from Verifone e-commerce payment page. Payment success.
2021-06-07 14:12:26 1623067946 DEBUG: URL to check 2
2021-06-07 14:12:26 1623067946 DEBUG: Checking Verifone e-commerce URL https://tpeweb.paybox.com/load.html
2021-06-07 14:12:26 1623067946 DEBUG:   Valid url found: https://tpeweb.paybox.com/cgi/MYframepagepaiement_ip.cgi
2021-06-07 14:12:26 1623067946 DEBUG: Cart 53218: Redirecting customer to Verifone e-commerce (CARTE, CB).
2021-06-07 14:13:39 1623068019 DEBUG: Call params: M=6458&R=53218%20-%20Cindy%20Sireau&T=1550371396&A=113150&B=0&C=Visa&D=2303&E=00000&F=Y&G=O&I=FRA&J=10&N=497783&O=Y&P=CARTE&Q=14%3A12%3A26&S=399134411&W=07062021&Y=FRA&Z=0-0&K=kHKxj7Hyh5EW737HEJIdI0%2BCakM2vynDmBucFXsGp%2FDv6GobuVhqZxwM8mTtDxGGyYkbcjQZoSi5uEWgvskdQ2u8v17TuwMcPVW5zGVSS%2BhARPEv%2ByB1rBk%2FeWQfzWTALaEuT%2FmTOmcFD9Wpv3XLpygnCXRmXj5rWxxlKMZjsPk%3D
2021-06-07 14:13:39 1623068019 DEBUG: Cart 53218: Standard IPN
2021-06-07 14:13:39 1623068019 DEBUG: Cart 53218: Validating order
2021-06-07 14:13:39 1623068019 DEBUG: Cart 53218: Customer is back from Verifone e-commerce payment page. Waiting order validation (loop 0).
2021-06-07 14:13:40 1623068020 DEBUG: Cart 53218: Customer is back from Verifone e-commerce payment page. Waiting order validation (loop 1).
2021-06-07 14:13:41 1623068021 DEBUG: Cart 53218: Customer is back from Verifone e-commerce payment page. Waiting order validation (loop 2).
2021-06-07 14:13:43 1623068023 DEBUG: Cart 53218: Customer is back from Verifone e-commerce payment page. Waiting order validation (loop 3).
2021-06-07 14:13:44 1623068019 DEBUG: Cart 53218: Order 5371 validated, creating details
2021-06-07 14:13:44 1623068019 DEBUG: Cart 53218: Order 5371 / Le paiement a été autorisé et capturé par Paybox.
2021-06-07 14:13:44 1623068024 DEBUG: Cart 53218: Customer is back from Verifone e-commerce payment page. Payment success.
2021-06-07 15:07:05 1623071225 DEBUG: URL to check 2
2021-06-07 15:07:05 1623071225 DEBUG: Checking Verifone e-commerce URL https://tpeweb.paybox.com/load.html
2021-06-07 15:07:05 1623071225 DEBUG:   Valid url found: https://tpeweb.paybox.com/cgi/MYchoix_pagepaiement.cgi
2021-06-07 15:07:05 1623071225 DEBUG: Cart 53224: Redirecting customer to Verifone e-commerce (CARTE, CB).
2021-06-07 15:08:32 1623071312 DEBUG: URL to check 2
2021-06-07 15:08:32 1623071312 DEBUG: Checking Verifone e-commerce URL https://tpeweb.paybox.com/load.html
2021-06-07 15:08:33 1623071312 DEBUG:   Valid url found: https://tpeweb.paybox.com/cgi/MYchoix_pagepaiement.cgi
2021-06-07 15:08:33 1623071312 DEBUG: Cart 53224: Redirecting customer to Verifone e-commerce (CARTE, CB).
2021-06-07 15:08:35 1623071315 DEBUG: URL to check 2
2021-06-07 15:08:35 1623071315 DEBUG: Checking Verifone e-commerce URL https://tpeweb.paybox.com/load.html
2021-06-07 15:08:35 1623071315 DEBUG:   Valid url found: https://tpeweb.paybox.com/cgi/MYchoix_pagepaiement.cgi
2021-06-07 15:08:35 1623071315 DEBUG: Cart 53224: Redirecting customer to Verifone e-commerce (CARTE, CB).
2021-06-07 15:08:40 1623071320 DEBUG: URL to check 2
2021-06-07 15:08:40 1623071320 DEBUG: Checking Verifone e-commerce URL https://tpeweb.paybox.com/load.html
2021-06-07 15:08:40 1623071320 DEBUG:   Valid url found: https://tpeweb.paybox.com/cgi/MYchoix_pagepaiement.cgi
2021-06-07 15:08:40 1623071320 DEBUG: Cart 53224: Redirecting customer to Verifone e-commerce (CARTE, CB).
2021-06-07 18:04:40 1623081880 DEBUG: URL to check 2
2021-06-07 18:04:40 1623081880 DEBUG: Checking Verifone e-commerce URL https://tpeweb.paybox.com/load.html
2021-06-07 18:04:40 1623081880 DEBUG:   Valid url found: https://tpeweb.paybox.com/cgi/MYchoix_pagepaiement.cgi
2021-06-07 18:04:40 1623081880 DEBUG: Cart 53233: Redirecting customer to Verifone e-commerce (CARTE, CB).
2021-06-07 18:06:57 1623082017 DEBUG: URL to check 2
2021-06-07 18:06:57 1623082017 DEBUG: Checking Verifone e-commerce URL https://tpeweb.paybox.com/load.html
2021-06-07 18:06:58 1623082017 DEBUG:   Valid url found: https://tpeweb.paybox.com/cgi/MYchoix_pagepaiement.cgi
2021-06-07 18:06:58 1623082017 DEBUG: Cart 53233: Redirecting customer to Verifone e-commerce (CARTE, CB).
2021-06-07 18:14:35 1623082474 DEBUG: URL to check 2
2021-06-07 18:14:35 1623082474 DEBUG: Checking Verifone e-commerce URL https://tpeweb.paybox.com/load.html
2021-06-07 18:14:35 1623082474 DEBUG:   Valid url found: https://tpeweb.paybox.com/cgi/MYchoix_pagepaiement.cgi
2021-06-07 18:14:35 1623082474 DEBUG: Cart 53233: Redirecting customer to Verifone e-commerce (CARTE, CB).
2021-06-07 21:17:19 1623093439 DEBUG: URL to check 2
2021-06-07 21:17:19 1623093439 DEBUG: Checking Verifone e-commerce URL https://tpeweb.paybox.com/load.html
2021-06-07 21:17:19 1623093439 DEBUG:   Valid url found: https://tpeweb.paybox.com/cgi/MYframepagepaiement_ip.cgi
2021-06-07 21:17:19 1623093439 DEBUG: Cart 53239: Redirecting customer to Verifone e-commerce (CARTE, CB).
2021-06-07 21:18:06 1623093486 DEBUG: Call params: M=9276&R=53239%20-%20Alicia%20%20Chabaudie&T=1000966051&A=737234&B=0&C=MasterCard&D=2210&E=00000&F=Y&G=O&I=FRA&J=12&N=513162&O=Y&P=CARTE&Q=21%3A17%3A19&S=256738686&W=07062021&Y=FRA&Z=0-0&K=T5K0zakoB0auXkG19ervcE3i4lRGCALWAKZf3VtbrLOnAsxEHj%2BpYBxTVwjGlW3nfbBhBD8xa7UpV7ODk%2FJKYl%2BC926mDpRsI%2FYsW%2BqLicv7QeZgrkRA4wi5ucI6E72arX0Jp%2B14OENv16VcWIoanZqelx%2FElchH4mkokykI%2BC0%3D
2021-06-07 21:18:06 1623093486 DEBUG: Cart 53239: Standard IPN
2021-06-07 21:18:06 1623093486 DEBUG: Cart 53239: Validating order
2021-06-07 21:18:07 1623093487 DEBUG: Cart 53239: Customer is back from Verifone e-commerce payment page. Waiting order validation (loop 0).
2021-06-07 21:18:08 1623093488 DEBUG: Cart 53239: Customer is back from Verifone e-commerce payment page. Waiting order validation (loop 1).
2021-06-07 21:18:08 1623093486 DEBUG: Cart 53239: Order 5373 validated, creating details
2021-06-07 21:18:08 1623093486 DEBUG: Cart 53239: Order 5373 / Le paiement a été autorisé et capturé par Paybox.
2021-06-07 21:18:09 1623093489 DEBUG: Cart 53239: Customer is back from Verifone e-commerce payment page. Payment success.
