2022-05-28 12:41:55 1653734515 DEBUG: URL to check 2
2022-05-28 12:41:55 1653734515 DEBUG: Checking Verifone e-commerce URL https://tpeweb.paybox.com/load.html
2022-05-28 12:41:55 1653734515 DEBUG:   Valid url found: https://tpeweb.paybox.com/cgi/MYframepagepaiement_ip.cgi
2022-05-28 12:41:55 1653734515 DEBUG: Cart 61667: Redirecting customer to Verifone e-commerce (CARTE, CB).
2022-05-28 12:43:54 1653734634 DEBUG: Call params: M=10521&R=61667%20-%20Evelyn%20%20Schroeder&T=1608334212&B=0&C=Visa&D=2410&E=00040&F=N&G=N&I=DEU&J=16&N=487100&O=Y&P=CARTE&Q=12%3A43%3A54&S=23207262&W=28052022&Y=DEU&Z=0-0&K=haDXYMpupgoap9zhdFqqA97Da2QJxqzywUW4EElkHPkU2FVPfLFcfIBnfQ8Xwer%2BlEgWuix4ED1uYLkhAIyqNy%2FjohZi1Ht%2BPjMZWNxzBNYF6CWPBo%2BStJK%2BBmamMMehHM71ucZi4XKN%2BzThQUj%2FrsH6elhscnvMBwtvtXhDQC8%3D
2022-05-28 12:43:54 1653734634 DEBUG: Cart 61667: (IPN) Payment was refused by Verifone e-commerce (40).
2022-05-28 12:44:03 1653734643 DEBUG: Cart 61667: Payment was canceled by user on Verifone e-commerce payment page.
2022-05-28 13:33:54 1653737634 DEBUG: URL to check 2
2022-05-28 13:33:54 1653737634 DEBUG: Checking Verifone e-commerce URL https://tpeweb.paybox.com/load.html
2022-05-28 13:33:54 1653737634 DEBUG:   Valid url found: https://tpeweb.paybox.com/cgi/MYchoix_pagepaiement.cgi
2022-05-28 13:33:54 1653737634 DEBUG: Cart 61668: Redirecting customer to Verifone e-commerce (CARTE, CB).
2022-05-28 13:35:43 1653737743 DEBUG: Call params: M=11586&R=61668%20-%20Melissa%20Canet&T=1608338152&A=333927&B=0&C=CB&D=2409&E=00000&F=Y&G=O&I=FRA&J=53&N=497641&O=Y&P=3DSECURE&Q=13%3A35%3A41&S=23211647&W=28052022&Y=FRA&Z=0-0&K=VvAeu6gFGczamPd6s2RgH2VUioq9AyBFsRCbLa%2BG368N01xVVs8Z%2BY7jBkcOj1W4IrLx1rNQm%2BFM8ZXdt7nz4my1Zy3gKtqjGDt%2BJpHky0hyJ7eK3R%2B43WsBLq%2FQ27RIPZMkhgh2PYRwC5Ui0%2FVWbti9FvYDUJsZcC7PDl1X7K8%3D
2022-05-28 13:35:43 1653737743 DEBUG: Cart 61668: Standard IPN
2022-05-28 13:35:43 1653737743 DEBUG: Cart 61668: Validating order
2022-05-28 13:35:43 1653737743 DEBUG: Cart 61668: Customer is back from Verifone e-commerce payment page. Waiting order validation (loop 0).
2022-05-28 13:35:45 1653737745 DEBUG: Cart 61668: Customer is back from Verifone e-commerce payment page. Waiting order validation (loop 1).
2022-05-28 13:35:46 1653737746 DEBUG: Cart 61668: Customer is back from Verifone e-commerce payment page. Waiting order validation (loop 2).
2022-05-28 13:35:47 1653737743 DEBUG: Cart 61668: Order 5878 validated, creating details
2022-05-28 13:35:47 1653737743 DEBUG: Cart 61668: Order 5878 / Le paiement a été autorisé et capturé par Paybox.
2022-05-28 13:35:48 1653737748 DEBUG: Cart 61668: Customer is back from Verifone e-commerce payment page. Payment success.
