2020-07-15 16:40:49 1594824049 DEBUG: URL to check 2
2020-07-15 16:40:49 1594824049 DEBUG: Checking Verifone e-commerce URL https://tpeweb.paybox.com/load.html
2020-07-15 16:40:49 1594824049 DEBUG:   Valid url found: https://tpeweb.paybox.com/cgi/MYchoix_pagepaiement.cgi
2020-07-15 16:40:49 1594824049 DEBUG: Cart 46034: Redirecting customer to Verifone e-commerce (CARTE, CB).
2020-07-15 16:41:33 1594824093 DEBUG: Call params: M=1859&R=46034%20-%20nico%20pero&T=939948697&A=345479&B=0&C=MasterCard&D=2109&E=00000&F=Y&G=O&I=FRA&J=65&N=513165&O=Y&P=3DSECURE&Q=16%3A40%3A51&S=201648120&W=15072020&Y=FRA&Z=0-0&K=GnX6UMyRsEicjMpCr8uVwL6S0YGtFKI5CZ6KA3rEZqdlatD5vFrcIh6s8sky9QkW4Ic%2B9Ccf0Jg8b98RPx9meS6zmFHVzyhUd7d4U6CMlqPEJAB3IWdQokF2LSulrril2s85kI50mdZAdpLNq7hZAxGEMe0S5JHzoScBQdXiqGg%3D
2020-07-15 16:41:34 1594824093 DEBUG: Cart 46034: Standard IPN
2020-07-15 16:41:34 1594824093 DEBUG: Cart 46034: Validating order
2020-07-15 16:41:35 1594824095 DEBUG: Cart 46034: Customer is back from Verifone e-commerce payment page. Waiting order validation (loop 0).
2020-07-15 16:41:35 1594824093 DEBUG: Cart 46034: Order 4928 validated, creating details
2020-07-15 16:41:35 1594824093 DEBUG: Cart 46034: Order 4928 / Le paiement a été autorisé et capturé par Paybox.
2020-07-15 16:41:37 1594824097 DEBUG: Cart 46034: Customer is back from Verifone e-commerce payment page. Payment success.
2020-07-15 16:57:22 1594825042 DEBUG: URL to check 2
2020-07-15 16:57:22 1594825042 DEBUG: Checking Verifone e-commerce URL https://tpeweb.paybox.com/load.html
2020-07-15 16:57:22 1594825042 DEBUG:   Valid url found: https://tpeweb.paybox.com/cgi/MYchoix_pagepaiement.cgi
2020-07-15 16:57:22 1594825042 DEBUG: Cart 46033: Redirecting customer to Verifone e-commerce (CARTE, CB).
2020-07-15 16:59:11 1594825151 DEBUG: URL to check 2
2020-07-15 16:59:11 1594825151 DEBUG: Checking Verifone e-commerce URL https://tpeweb.paybox.com/load.html
2020-07-15 16:59:11 1594825151 DEBUG:   Valid url found: https://tpeweb.paybox.com/cgi/MYchoix_pagepaiement.cgi
2020-07-15 16:59:11 1594825151 DEBUG: Cart 46033: Redirecting customer to Verifone e-commerce (CARTE, CB).
2020-07-15 17:00:50 1594825250 DEBUG: Call params: M=16397&R=46033%20-%20Fabienne%20ISSARTIAL&T=1489401838&A=855157&B=0&C=Visa&D=2109&E=00000&F=Y&G=O&I=FRA&J=89&N=497278&O=Y&P=3DSECURE&Q=16%3A59%3A12&S=340232776&W=15072020&Y=FRA&Z=0-0&K=FpCtuS1kU9C6AFZ8zhpeRwSR61jV6CrgBieytMza%2Fx4PcmLifq8GjCro3eHneVj3KJJnk%2FX1blCxp7%2Fpi0GxFFB4KGUavthSD8DX1IgoYDfi%2FaVXEjW%2BeoQfSiZHmS%2BQk7zvWws8eQHdoOMp3%2FbbJb2PO1yff2Vr3kKviAQEMq8%3D
2020-07-15 17:00:50 1594825250 DEBUG: Cart 46033: Standard IPN
2020-07-15 17:00:50 1594825250 DEBUG: Cart 46033: Validating order
2020-07-15 17:00:50 1594825250 DEBUG: Cart 46033: Customer is back from Verifone e-commerce payment page. Waiting order validation (loop 0).
2020-07-15 17:00:52 1594825252 DEBUG: Cart 46033: Customer is back from Verifone e-commerce payment page. Waiting order validation (loop 1).
2020-07-15 17:00:52 1594825250 DEBUG: Cart 46033: Order 4929 validated, creating details
2020-07-15 17:00:52 1594825250 DEBUG: Cart 46033: Order 4929 / Le paiement a été autorisé et capturé par Paybox.
2020-07-15 17:00:53 1594825253 DEBUG: Cart 46033: Customer is back from Verifone e-commerce payment page. Payment success.
2020-07-15 17:41:53 1594827713 DEBUG: URL to check 2
2020-07-15 17:41:53 1594827713 DEBUG: Checking Verifone e-commerce URL https://tpeweb.paybox.com/load.html
2020-07-15 17:41:54 1594827713 DEBUG:   Valid url found: https://tpeweb.paybox.com/cgi/MYchoix_pagepaiement.cgi
2020-07-15 17:41:54 1594827713 DEBUG: Cart 46037: Redirecting customer to Verifone e-commerce (CARTE, CB).
2020-07-15 17:44:04 1594827844 DEBUG: Call params: M=12316&R=46037%20-%20Huri%20SARAR&T=939965093&A=357668&B=0&C=Visa&D=2302&E=00000&F=Y&G=O&I=FRA&J=21&N=497874&O=Y&P=3DSECURE&Q=17%3A41%3A55&S=201662646&W=15072020&Y=FRA&Z=0-0&K=cE40cSXJjM758B8Rmr%2FllIVTMZzIHKV32IPfswV8VDJc%2BEAtflxbXkT18GtWL4w%2F%2FR%2FIb%2BPyTDowSyRCYIgIjWtAS4OOVVPI5UdAjAFr6CNGcLImyoItgN17dKHFJFdhDGIrnP7nEsyMClfBxE0YfTvkwZXzdbjam8jInKtJCrw%3D
2020-07-15 17:44:04 1594827844 DEBUG: Cart 46037: Standard IPN
2020-07-15 17:44:04 1594827844 DEBUG: Cart 46037: Validating order
2020-07-15 17:44:04 1594827844 DEBUG: Cart 46037: Customer is back from Verifone e-commerce payment page. Waiting order validation (loop 0).
2020-07-15 17:44:06 1594827846 DEBUG: Cart 46037: Customer is back from Verifone e-commerce payment page. Waiting order validation (loop 1).
2020-07-15 17:44:07 1594827844 DEBUG: Cart 46037: Order 4930 validated, creating details
2020-07-15 17:44:07 1594827844 DEBUG: Cart 46037: Order 4930 / Le paiement a été autorisé et capturé par Paybox.
2020-07-15 17:44:07 1594827847 DEBUG: Cart 46037: Customer is back from Verifone e-commerce payment page. Payment success.
2020-07-15 17:50:46 1594828245 DEBUG: URL to check 2
2020-07-15 17:50:46 1594828245 DEBUG: Checking Verifone e-commerce URL https://tpeweb.paybox.com/load.html
2020-07-15 17:50:46 1594828245 DEBUG:   Valid url found: https://tpeweb.paybox.com/cgi/MYchoix_pagepaiement.cgi
2020-07-15 17:50:46 1594828245 DEBUG: Cart 46038: Redirecting customer to Verifone e-commerce (CARTE, CB).
