2020-09-01 10:55:08 1598950508 DEBUG: URL to check 2
2020-09-01 10:55:08 1598950508 DEBUG: Checking Verifone e-commerce URL https://tpeweb.paybox.com/load.html
2020-09-01 10:55:08 1598950508 DEBUG:   Valid url found: https://tpeweb.paybox.com/cgi/MYchoix_pagepaiement.cgi
2020-09-01 10:55:08 1598950508 DEBUG: Cart 47439: Redirecting customer to Verifone e-commerce (CARTE, CB).
2020-09-01 10:57:31 1598950651 DEBUG: Call params: M=13463&R=47439%20-%20Caroline%20JALBERT&T=948961392&A=747475&B=0&C=MasterCard&D=2205&E=00000&F=Y&G=O&I=FRA&J=54&N=513770&O=Y&P=3DSECURE&Q=10%3A55%3A10&S=209736633&W=01092020&Y=FRA&Z=0-0&K=D0ZAQUlVHJ6ucalsiJsSfuAxholbCeTdfBxxFa7GtSfr1NxDeOEpma%2Fn96dKPegOUNrB%2BEffmMQ%2F5x4iO0Xu4qEUW%2Bjtli2IIiwyK9T%2BHBQdN3cSI2g5%2FWjuieMnr6kcvY0kNP1ZOGQndL0VmK3uD8JLt4kGkaZL0KSTsc79Czk%3D
2020-09-01 10:57:31 1598950651 DEBUG: Cart 47439: Standard IPN
2020-09-01 10:57:31 1598950651 DEBUG: Cart 47439: Validating order
2020-09-01 10:57:31 1598950651 DEBUG: Cart 47439: Customer is back from Verifone e-commerce payment page. Waiting order validation (loop 0).
2020-09-01 10:57:33 1598950653 DEBUG: Cart 47439: Customer is back from Verifone e-commerce payment page. Waiting order validation (loop 1).
2020-09-01 10:57:34 1598950654 DEBUG: Cart 47439: Customer is back from Verifone e-commerce payment page. Waiting order validation (loop 2).
2020-09-01 10:57:35 1598950655 DEBUG: Cart 47439: Customer is back from Verifone e-commerce payment page. Waiting order validation (loop 3).
2020-09-01 10:57:36 1598950656 DEBUG: Cart 47439: Customer is back from Verifone e-commerce payment page. Waiting order validation (loop 4).
2020-09-01 10:57:37 1598950657 DEBUG: Cart 47439: Customer is back from Verifone e-commerce payment page. Waiting order validation (loop 5).
2020-09-01 10:57:38 1598950658 DEBUG: Cart 47439: Customer is back from Verifone e-commerce payment page. Waiting order validation (loop 6).
2020-09-01 10:57:40 1598950660 DEBUG: Cart 47439: Customer is back from Verifone e-commerce payment page. Waiting order validation (loop 7).
2020-09-01 10:57:41 1598950651 DEBUG: Cart 47439: Order 5034 validated, creating details
2020-09-01 10:57:41 1598950651 DEBUG: Cart 47439: Order 5034 / Le paiement a été autorisé et capturé par Paybox.
2020-09-01 10:57:41 1598950661 DEBUG: Cart 47439: Customer is back from Verifone e-commerce payment page. Payment success.
2020-09-01 11:52:35 1598953955 DEBUG: URL to check 2
2020-09-01 11:52:35 1598953955 DEBUG: Checking Verifone e-commerce URL https://tpeweb.paybox.com/load.html
2020-09-01 11:52:35 1598953955 DEBUG:   Valid url found: https://tpeweb.paybox.com/cgi/MYchoix_pagepaiement.cgi
2020-09-01 11:52:35 1598953955 DEBUG: Cart 47250: Redirecting customer to Verifone e-commerce (CARTE, CB).
2020-09-01 11:55:17 1598954117 DEBUG: Call params: M=40800&R=47250%20-%20Laurence%20%20DELALE&T=948973245&A=673024&B=0&C=Visa&D=2209&E=00000&F=Y&G=O&I=CHE&J=53&N=497607&O=Y&P=3DSECURE&Q=11%3A52%3A37&S=209754522&W=01092020&Y=FRA&Z=0-0&K=BfdM4FdZOOmPCKgqEmfQTwU6D9qgqXndTN22nTEZArb2ziaxOouXbT361lZ1b%2FNH29bo4zkVM3hCJNuO8UufwS3kpyqXtjd7G3udRTER6xexvhqTOViXykOORlI3G1OgO6Zu59BHrTnwCBrxmkz0TFRCyuVOTTP0Kf%2BvhbG6uM8%3D
2020-09-01 11:55:17 1598954117 DEBUG: Cart 47250: Standard IPN
2020-09-01 11:55:17 1598954117 DEBUG: Cart 47250: Validating order
2020-09-01 11:55:18 1598954118 DEBUG: Cart 47250: Customer is back from Verifone e-commerce payment page. Waiting order validation (loop 0).
2020-09-01 11:55:19 1598954119 DEBUG: Cart 47250: Customer is back from Verifone e-commerce payment page. Waiting order validation (loop 1).
2020-09-01 11:55:20 1598954120 DEBUG: Cart 47250: Customer is back from Verifone e-commerce payment page. Waiting order validation (loop 2).
2020-09-01 11:55:21 1598954117 DEBUG: Cart 47250: Order 5035 validated, creating details
2020-09-01 11:55:21 1598954117 DEBUG: Cart 47250: Order 5035 / Le paiement a été autorisé et capturé par Paybox.
2020-09-01 11:55:21 1598954121 DEBUG: Cart 47250: Customer is back from Verifone e-commerce payment page. Payment success.
2020-09-01 15:01:45 1598965304 DEBUG: URL to check 2
2020-09-01 15:01:45 1598965304 DEBUG: Checking Verifone e-commerce URL https://tpeweb.paybox.com/load.html
2020-09-01 15:01:45 1598965304 DEBUG:   Valid url found: https://tpeweb.paybox.com/cgi/MYchoix_pagepaiement.cgi
2020-09-01 15:01:45 1598965304 DEBUG: Cart 47444: Redirecting customer to Verifone e-commerce (CARTE, CB).
2020-09-01 15:02:55 1598965375 DEBUG: Call params: M=8345&R=47444%20-%20celine%20ruelle&T=949006293&A=438412&B=0&C=MasterCard&D=2203&E=00000&F=Y&G=O&I=FRA&J=43&N=513770&O=Y&P=3DSECURE&Q=15%3A01%3A46&S=209800612&W=01092020&Y=FRA&Z=0-0&K=EwYEtDjFL%2FhL0UO3KY91PLuVr6Baz3gy0xXrcyoKDxBrBfTGCx3IS4r3p2t0dWYhnLhVHXJU%2Fk6UZ7PArFTruZMz7sqjJboYUacfiXAswIq8%2FFR7tzerCygyegOPbAYw90SGqesNVmKgM%2BvPpTeYxiGSMx96XS%2Ba%2FluCFjKo4cA%3D
2020-09-01 15:02:55 1598965375 DEBUG: Cart 47444: Standard IPN
2020-09-01 15:02:55 1598965375 DEBUG: Cart 47444: Validating order
2020-09-01 15:02:55 1598965375 DEBUG: Cart 47444: Customer is back from Verifone e-commerce payment page. Waiting order validation (loop 0).
2020-09-01 15:02:56 1598965376 DEBUG: Cart 47444: Customer is back from Verifone e-commerce payment page. Waiting order validation (loop 1).
2020-09-01 15:02:57 1598965377 DEBUG: Cart 47444: Customer is back from Verifone e-commerce payment page. Waiting order validation (loop 2).
2020-09-01 15:02:58 1598965378 DEBUG: Cart 47444: Customer is back from Verifone e-commerce payment page. Waiting order validation (loop 3).
2020-09-01 15:02:59 1598965379 DEBUG: Cart 47444: Customer is back from Verifone e-commerce payment page. Waiting order validation (loop 4).
2020-09-01 15:03:00 1598965380 DEBUG: Cart 47444: Customer is back from Verifone e-commerce payment page. Waiting order validation (loop 5).
2020-09-01 15:03:01 1598965375 DEBUG: Cart 47444: Order 5036 validated, creating details
2020-09-01 15:03:01 1598965375 DEBUG: Cart 47444: Order 5036 / Le paiement a été autorisé et capturé par Paybox.
2020-09-01 15:03:02 1598965382 DEBUG: Cart 47444: Customer is back from Verifone e-commerce payment page. Payment success.
2020-09-01 15:48:29 1598968109 DEBUG: URL to check 2
2020-09-01 15:48:29 1598968109 DEBUG: Checking Verifone e-commerce URL https://tpeweb.paybox.com/load.html
2020-09-01 15:48:29 1598968109 DEBUG:   Valid url found: https://tpeweb.paybox.com/cgi/MYframepagepaiement_ip.cgi
2020-09-01 15:48:29 1598968109 DEBUG: Cart 47449: Redirecting customer to Verifone e-commerce (CARTE, CB).
2020-09-01 15:50:22 1598968221 DEBUG: URL to check 2
2020-09-01 15:50:22 1598968221 DEBUG: Checking Verifone e-commerce URL https://tpeweb.paybox.com/load.html
2020-09-01 15:50:22 1598968221 DEBUG:   Valid url found: https://tpeweb.paybox.com/cgi/MYframepagepaiement_ip.cgi
2020-09-01 15:50:22 1598968221 DEBUG: Cart 47449: Redirecting customer to Verifone e-commerce (CARTE, CB).
2020-09-01 15:51:17 1598968277 DEBUG: Call params: M=13404&R=47449%20-%20Berengere%20Beaudufe&T=949015390&A=625341&B=0&C=Visa&D=2209&E=00000&F=Y&G=O&I=FRA&J=54&N=497203&O=Y&P=CARTE&Q=15%3A48%3A30&S=209810026&W=01092020&Y=FRA&Z=0-0&K=XpksgiNWUvggOBbtZwhBj7EKbTt4rSJnBhte19BTsq6nTgDpg0P9rzE4lAi7rmVPRrzxxlm9hF0uujpj2C0VfvyG3xY04v95trOMfmiEb4BS%2FInDWlng8pA14Dn2llTuw%2F1Eg4xEIE7xH0QBeVL67bnuynMhIyGiH5Jhz9qCeDo%3D
2020-09-01 15:51:17 1598968277 DEBUG: Cart 47449: Standard IPN
2020-09-01 15:51:17 1598968277 DEBUG: Cart 47449: Validating order
2020-09-01 15:51:18 1598968278 DEBUG: Cart 47449: Customer is back from Verifone e-commerce payment page. Waiting order validation (loop 0).
2020-09-01 15:51:19 1598968279 DEBUG: Cart 47449: Customer is back from Verifone e-commerce payment page. Waiting order validation (loop 1).
2020-09-01 15:51:20 1598968280 DEBUG: Cart 47449: Customer is back from Verifone e-commerce payment page. Waiting order validation (loop 2).
2020-09-01 15:51:22 1598968282 DEBUG: Cart 47449: Customer is back from Verifone e-commerce payment page. Waiting order validation (loop 3).
2020-09-01 15:51:22 1598968277 DEBUG: Cart 47449: Order 5037 validated, creating details
2020-09-01 15:51:22 1598968277 DEBUG: Cart 47449: Order 5037 / Le paiement a été autorisé et capturé par Paybox.
2020-09-01 15:51:23 1598968283 DEBUG: Cart 47449: Customer is back from Verifone e-commerce payment page. Payment success.
2020-09-01 17:00:18 1598972418 DEBUG: URL to check 2
2020-09-01 17:00:18 1598972418 DEBUG: Checking Verifone e-commerce URL https://tpeweb.paybox.com/load.html
2020-09-01 17:00:18 1598972418 DEBUG:   Valid url found: https://tpeweb.paybox.com/cgi/MYchoix_pagepaiement.cgi
2020-09-01 17:00:18 1598972418 DEBUG: Cart 47450: Redirecting customer to Verifone e-commerce (CARTE, CB).
2020-09-01 17:19:14 1598973554 DEBUG: URL to check 2
2020-09-01 17:19:14 1598973554 DEBUG: Checking Verifone e-commerce URL https://tpeweb.paybox.com/load.html
2020-09-01 17:19:14 1598973554 DEBUG:   Valid url found: https://tpeweb.paybox.com/cgi/MYframepagepaiement_ip.cgi
2020-09-01 17:19:14 1598973554 DEBUG: Cart 47383: Redirecting customer to Verifone e-commerce (CARTE, CB).
2020-09-01 17:22:02 1598973722 DEBUG: Call params: M=21550&R=47383%20-%20Isabelle%20%20rolle&T=949032271&A=650552&B=0&C=MasterCard&D=2309&E=00000&F=Y&G=O&I=FRA&J=84&N=513162&O=Y&P=CARTE&Q=17%3A19%3A16&S=209826491&W=01092020&Y=FRA&Z=0-0&K=mOEJkqUC5uPTT3Kq5tnAjzlOnx7Ng9TujzmywNNX78KtRgF706MuPm4vVhNX7n6y1aQ%2FYD64LzBpLea9byF6g5TeM%2FtvcqjqPgS6fSe0V%2BcpNA4HMsFo6dubBeQyzOhnq9HkwfGjhCzfSYO5tFptAwc4Icra3tprYuUEiZ%2FqKwg%3D
2020-09-01 17:22:02 1598973722 DEBUG: Cart 47383: Standard IPN
2020-09-01 17:22:03 1598973722 DEBUG: Cart 47383: Validating order
2020-09-01 17:22:03 1598973723 DEBUG: Cart 47383: Customer is back from Verifone e-commerce payment page. Waiting order validation (loop 0).
2020-09-01 17:22:04 1598973724 DEBUG: Cart 47383: Customer is back from Verifone e-commerce payment page. Waiting order validation (loop 1).
2020-09-01 17:22:05 1598973725 DEBUG: Cart 47383: Customer is back from Verifone e-commerce payment page. Waiting order validation (loop 2).
2020-09-01 17:22:07 1598973727 DEBUG: Cart 47383: Customer is back from Verifone e-commerce payment page. Waiting order validation (loop 3).
2020-09-01 17:22:07 1598973722 DEBUG: Cart 47383: Order 5038 validated, creating details
2020-09-01 17:22:07 1598973722 DEBUG: Cart 47383: Order 5038 / Le paiement a été autorisé et capturé par Paybox.
2020-09-01 17:22:08 1598973728 DEBUG: Cart 47383: Customer is back from Verifone e-commerce payment page. Payment success.
2020-09-01 17:39:49 1598974789 DEBUG: URL to check 2
2020-09-01 17:39:49 1598974789 DEBUG: Checking Verifone e-commerce URL https://tpeweb.paybox.com/load.html
2020-09-01 17:39:50 1598974789 DEBUG:   Valid url found: https://tpeweb.paybox.com/cgi/MYchoix_pagepaiement.cgi
2020-09-01 17:39:50 1598974789 DEBUG: Cart 47450: Redirecting customer to Verifone e-commerce (CARTE, CB).
2020-09-01 17:40:31 1598974831 DEBUG: Cart 47450: Customer is back from Verifone e-commerce payment page. Payment refused by Verifone e-commerce (30).
2020-09-01 17:41:03 1598974863 DEBUG: URL to check 2
2020-09-01 17:41:03 1598974863 DEBUG: Checking Verifone e-commerce URL https://tpeweb.paybox.com/load.html
2020-09-01 17:41:03 1598974863 DEBUG:   Valid url found: https://tpeweb.paybox.com/cgi/MYchoix_pagepaiement.cgi
2020-09-01 17:41:03 1598974863 DEBUG: Cart 47450: Redirecting customer to Verifone e-commerce (CARTE, CB).
2020-09-01 17:41:10 1598974870 DEBUG: Cart 47450: Customer is back from Verifone e-commerce payment page. Payment refused by Verifone e-commerce (30).
2020-09-01 17:46:13 1598975173 DEBUG: URL to check 2
2020-09-01 17:46:13 1598975173 DEBUG: Checking Verifone e-commerce URL https://tpeweb.paybox.com/load.html
2020-09-01 17:46:13 1598975173 DEBUG:   Valid url found: https://tpeweb.paybox.com/cgi/MYchoix_pagepaiement.cgi
2020-09-01 17:46:13 1598975173 DEBUG: Cart 47450: Redirecting customer to Verifone e-commerce (CARTE, CB).
