2021-07-23 14:01:02 1627041661 DEBUG: URL to check 2
2021-07-23 14:01:02 1627041661 DEBUG: Checking Verifone e-commerce URL https://tpeweb.paybox.com/load.html
2021-07-23 14:01:02 1627041661 DEBUG:   Valid url found: https://tpeweb.paybox.com/cgi/MYchoix_pagepaiement.cgi
2021-07-23 14:01:02 1627041661 DEBUG: Cart 54393: Redirecting customer to Verifone e-commerce (CARTE, CB).
2021-07-23 14:01:36 1627041696 DEBUG: URL to check 2
2021-07-23 14:01:36 1627041696 DEBUG: Checking Verifone e-commerce URL https://tpeweb.paybox.com/load.html
2021-07-23 14:01:36 1627041696 DEBUG:   Valid url found: https://tpeweb.paybox.com/cgi/MYchoix_pagepaiement.cgi
2021-07-23 14:01:36 1627041696 DEBUG: Cart 54393: Redirecting customer to Verifone e-commerce (CARTE, CB).
2021-07-23 14:04:24 1627041863 DEBUG: URL to check 2
2021-07-23 14:04:24 1627041863 DEBUG: Checking Verifone e-commerce URL https://tpeweb.paybox.com/load.html
2021-07-23 14:04:24 1627041863 DEBUG:   Valid url found: https://tpeweb.paybox.com/cgi/MYchoix_pagepaiement.cgi
2021-07-23 14:04:24 1627041863 DEBUG: Cart 54393: Redirecting customer to Verifone e-commerce (CARTE, CB).
2021-07-23 14:06:25 1627041985 DEBUG: Call params: M=9570&R=54393%20-%20Anne%20Collin&T=1008834870&A=438931&B=0&C=CB&D=2306&E=00000&F=Y&G=O&I=FRA&J=51&N=499020&O=Y&P=3DSECURE&Q=14%3A06%3A24&S=263221808&W=23072021&Y=FRA&Z=0-0&K=Q0scpHoAV9UfuKzxJpKLO8fHjn2c4IYV1fUfk%2BEFYfTfyAhfaVn4eyKSvdB%2Fi0o78x2pAD9laG7ggUxPPZRMPfRPd83DG4w%2BhZ5IK6OMUw0sulHNd4P38tTux%2FLkNDhRJEucBvyJRbmUehm0r377f%2Bvw7aVrGb7tsNkI%2BCC9TJ4%3D
2021-07-23 14:06:25 1627041985 DEBUG: Cart 54393: Standard IPN
2021-07-23 14:06:25 1627041985 DEBUG: Cart 54393: Validating order
2021-07-23 14:06:26 1627041986 DEBUG: Cart 54393: Customer is back from Verifone e-commerce payment page. Waiting order validation (loop 0).
2021-07-23 14:06:27 1627041987 DEBUG: Cart 54393: Customer is back from Verifone e-commerce payment page. Waiting order validation (loop 1).
2021-07-23 14:06:28 1627041988 DEBUG: Cart 54393: Customer is back from Verifone e-commerce payment page. Waiting order validation (loop 2).
2021-07-23 14:06:30 1627041990 DEBUG: Cart 54393: Customer is back from Verifone e-commerce payment page. Waiting order validation (loop 3).
2021-07-23 14:06:31 1627041991 DEBUG: Cart 54393: Customer is back from Verifone e-commerce payment page. Waiting order validation (loop 4).
2021-07-23 14:06:32 1627041992 DEBUG: Cart 54393: Customer is back from Verifone e-commerce payment page. Waiting order validation (loop 5).
2021-07-23 14:06:33 1627041985 DEBUG: Cart 54393: Order 5487 validated, creating details
2021-07-23 14:06:33 1627041985 DEBUG: Cart 54393: Order 5487 / Le paiement a été autorisé et capturé par Paybox.
2021-07-23 14:06:34 1627041994 DEBUG: Cart 54393: Customer is back from Verifone e-commerce payment page. Payment success.
