2022-02-02 10:22:11 1643793731 DEBUG: URL to check 2
2022-02-02 10:22:11 1643793731 DEBUG: Checking Verifone e-commerce URL https://tpeweb.paybox.com/load.html
2022-02-02 10:22:11 1643793731 DEBUG:   Valid url found: https://tpeweb.paybox.com/cgi/MYchoix_pagepaiement.cgi
2022-02-02 10:22:11 1643793731 DEBUG: Cart 58061: Redirecting customer to Verifone e-commerce (CARTE, CB).
2022-02-02 10:24:04 1643793844 DEBUG: Call params: M=14174&R=58061%20-%20Jerome%20Blandin%20Yembeau&T=1589874318&A=892464&B=0&C=CB&D=2210&E=00000&F=Y&G=O&I=FRA&J=80&N=456100&O=Y&P=3DSECURE&Q=10%3A24%3A02&S=3270177&W=02022022&Y=FRA&Z=0-0&K=VVxoXUCKRCywZiEsOavzGSfo4DddtTJHgMgna9YnBqKFMeBlRHDMZjaLvgec2ixT6Lkm4mayqJhtTKG%2FOkMe%2FG5HQEeO9l4XpihdeLxT6LKkPZsZie%2BUpew%2FVoB%2Fs6Dtc37tsdAzuuoHNSS77EyVNxCf0b9ta6tmCL%2FwyZ7QJZc%3D
2022-02-02 10:24:04 1643793844 DEBUG: Cart 58061: Standard IPN
2022-02-02 10:24:04 1643793844 DEBUG: Cart 58061: Validating order
2022-02-02 10:24:05 1643793845 DEBUG: Cart 58061: Customer is back from Verifone e-commerce payment page. Waiting order validation (loop 0).
2022-02-02 10:24:06 1643793846 DEBUG: Cart 58061: Customer is back from Verifone e-commerce payment page. Waiting order validation (loop 1).
2022-02-02 10:24:07 1643793847 DEBUG: Cart 58061: Customer is back from Verifone e-commerce payment page. Waiting order validation (loop 2).
2022-02-02 10:24:08 1643793848 DEBUG: Cart 58061: Customer is back from Verifone e-commerce payment page. Waiting order validation (loop 3).
2022-02-02 10:24:10 1643793850 DEBUG: Cart 58061: Customer is back from Verifone e-commerce payment page. Waiting order validation (loop 4).
2022-02-02 10:24:11 1643793851 DEBUG: Cart 58061: Customer is back from Verifone e-commerce payment page. Waiting order validation (loop 5).
2022-02-02 10:24:12 1643793852 DEBUG: Cart 58061: Customer is back from Verifone e-commerce payment page. Waiting order validation (loop 6).
2022-02-02 10:24:13 1643793853 DEBUG: Cart 58061: Customer is back from Verifone e-commerce payment page. Waiting order validation (loop 7).
2022-02-02 10:24:14 1643793854 DEBUG: Cart 58061: Customer is back from Verifone e-commerce payment page. Waiting order validation (loop 8).
2022-02-02 10:24:15 1643793855 DEBUG: Cart 58061: Customer is back from Verifone e-commerce payment page. Waiting order validation (loop 9).
2022-02-02 10:24:16 1643793856 DEBUG: Cart 58061: Customer is back from Verifone e-commerce payment page. Waiting order validation (loop 10).
2022-02-02 10:24:17 1643793857 DEBUG: Cart 58061: Customer is back from Verifone e-commerce payment page. Waiting order validation (loop 11).
2022-02-02 10:24:18 1643793858 DEBUG: Cart 58061: Customer is back from Verifone e-commerce payment page. Waiting order validation (loop 12).
2022-02-02 10:24:19 1643793844 DEBUG: Cart 58061: Order 5682 validated, creating details
2022-02-02 10:24:19 1643793844 DEBUG: Cart 58061: Order 5682 / Le paiement a été autorisé et capturé par Paybox.
2022-02-02 10:24:20 1643793860 DEBUG: Cart 58061: Customer is back from Verifone e-commerce payment page. Payment success.
