2022-08-23 05:10:56 1661224256 DEBUG: URL to check 2
2022-08-23 05:10:56 1661224256 DEBUG: Checking Verifone e-commerce URL https://tpeweb.paybox.com/load.html
2022-08-23 05:10:57 1661224256 DEBUG:   Valid url found: https://tpeweb.paybox.com/cgi/MYframepagepaiement_ip.cgi
2022-08-23 05:10:57 1661224256 DEBUG: Cart 65772: Redirecting customer to Verifone e-commerce (CARTE, CB).
2022-08-23 10:06:54 1661242014 DEBUG: URL to check 2
2022-08-23 10:06:54 1661242014 DEBUG: Checking Verifone e-commerce URL https://tpeweb.paybox.com/load.html
2022-08-23 10:06:54 1661242014 DEBUG:   Valid url found: https://tpeweb.paybox.com/cgi/MYframepagepaiement_ip.cgi
2022-08-23 10:06:54 1661242014 DEBUG: Cart 65785: Redirecting customer to Verifone e-commerce (CARTE, CB).
2022-08-23 10:08:13 1661242093 DEBUG: Call params: M=18162&R=65785%20-%20Elena%20Sist&T=1074841620&A=373106&B=0&C=CB&D=2309&E=00000&F=Y&G=O&I=FRA&J=26&N=497160&O=Y&P=CARTE&Q=10%3A08%3A13&S=929365243&W=23082022&Y=FRA&Z=0-0&K=rNWsJEvIIZNo%2BRiZEARUPkPcKMXuXgh2NGNtB52GjJpZ02P4MJ1l6oKI8ROHkJ0Gprn3fh7qLTaIn27UYGynoihUzT3PAX62kXV2BKYux9Te474hgXL1gK4qFQhonKLukN6EDjrmQX2yckHm2CRfEpCOXkerAxGS85zhnLDwFnM%3D
2022-08-23 10:08:14 1661242094 DEBUG: Cart 65785: Customer is back from Verifone e-commerce payment page. Waiting order validation (loop 0).
2022-08-23 10:08:14 1661242093 DEBUG: Cart 65785: Standard IPN
2022-08-23 10:08:14 1661242093 DEBUG: Cart 65785: Validating order
2022-08-23 10:08:15 1661242095 DEBUG: Cart 65785: Customer is back from Verifone e-commerce payment page. Waiting order validation (loop 1).
2022-08-23 10:08:16 1661242096 DEBUG: Cart 65785: Customer is back from Verifone e-commerce payment page. Waiting order validation (loop 2).
2022-08-23 10:08:18 1661242098 DEBUG: Cart 65785: Customer is back from Verifone e-commerce payment page. Waiting order validation (loop 3).
2022-08-23 10:08:19 1661242099 DEBUG: Cart 65785: Customer is back from Verifone e-commerce payment page. Waiting order validation (loop 4).
2022-08-23 10:08:20 1661242100 DEBUG: Cart 65785: Customer is back from Verifone e-commerce payment page. Waiting order validation (loop 5).
2022-08-23 10:08:21 1661242101 DEBUG: Cart 65785: Customer is back from Verifone e-commerce payment page. Waiting order validation (loop 6).
2022-08-23 10:08:22 1661242102 DEBUG: Cart 65785: Customer is back from Verifone e-commerce payment page. Waiting order validation (loop 7).
2022-08-23 10:08:24 1661242104 DEBUG: Cart 65785: Customer is back from Verifone e-commerce payment page. Waiting order validation (loop 8).
2022-08-23 10:08:25 1661242105 DEBUG: Cart 65785: Customer is back from Verifone e-commerce payment page. Waiting order validation (loop 9).
2022-08-23 10:08:26 1661242106 DEBUG: Cart 65785: Customer is back from Verifone e-commerce payment page. Waiting order validation (loop 10).
2022-08-23 10:08:30 1661242093 DEBUG: Cart 65785: Order 6048 validated, creating details
2022-08-23 10:08:30 1661242110 DEBUG: Cart 65785: Customer is back from Verifone e-commerce payment page. Payment success.
2022-08-23 10:08:32 1661242093 DEBUG: Cart 65785: Order 6048 / Le paiement a été autorisé et capturé par Paybox.
