2022-04-10 03:32:13 1649554333 DEBUG: URL to check 2
2022-04-10 03:32:13 1649554333 DEBUG: Checking Verifone e-commerce URL https://tpeweb.paybox.com/load.html
2022-04-10 03:32:13 1649554333 DEBUG:   Valid url found: https://tpeweb.paybox.com/cgi/MYframepagepaiement_ip.cgi
2022-04-10 03:32:13 1649554333 DEBUG: Cart 60187: Redirecting customer to Verifone e-commerce (CARTE, CB).
2022-04-10 10:55:05 1649580905 DEBUG: URL to check 2
2022-04-10 10:55:05 1649580905 DEBUG: Checking Verifone e-commerce URL https://tpeweb.paybox.com/load.html
2022-04-10 10:55:05 1649580905 DEBUG:   Valid url found: https://tpeweb.paybox.com/cgi/MYframepagepaiement_ip.cgi
2022-04-10 10:55:05 1649580905 DEBUG: Cart 60195: Redirecting customer to Verifone e-commerce (CARTE, CB).
2022-04-10 10:58:35 1649581115 DEBUG: Call params: M=16670&R=60195%20-%20Adeline%20Hensienne&T=1600812230&A=185694&B=0&C=CB&D=2210&E=00000&F=Y&G=O&I=FRA&J=33&N=513163&O=Y&P=CARTE&Q=10%3A58%3A33&S=15469176&W=10042022&Y=FRA&Z=0-0&K=SKzPBctLS2x%2BWOxMbnjqvak480MICuBWs5YD30wQduEg%2Ff3%2Fr%2FbJ8xfoqonC72Tt2zALfUsiPfaLlOlf7qreWYXyCqg0iJBOkmYhSw%2B%2F1LH%2BxXMobYvyog154j1N%2FtsF4pZGtQ14iGNm0cXT6Fn3HIybsGecWIcMpOAeYPHMHrg%3D
2022-04-10 10:58:35 1649581115 DEBUG: Cart 60195: Standard IPN
2022-04-10 10:58:35 1649581115 DEBUG: Cart 60195: Validating order
2022-04-10 10:58:36 1649581115 DEBUG: Cart 60195: Customer is back from Verifone e-commerce payment page. Waiting order validation (loop 0).
2022-04-10 10:58:37 1649581117 DEBUG: Cart 60195: Customer is back from Verifone e-commerce payment page. Waiting order validation (loop 1).
2022-04-10 10:58:38 1649581118 DEBUG: Cart 60195: Customer is back from Verifone e-commerce payment page. Waiting order validation (loop 2).
2022-04-10 10:58:39 1649581119 DEBUG: Cart 60195: Customer is back from Verifone e-commerce payment page. Waiting order validation (loop 3).
2022-04-10 10:58:41 1649581121 DEBUG: Cart 60195: Customer is back from Verifone e-commerce payment page. Waiting order validation (loop 4).
2022-04-10 10:58:42 1649581122 DEBUG: Cart 60195: Customer is back from Verifone e-commerce payment page. Waiting order validation (loop 5).
2022-04-10 10:58:43 1649581123 DEBUG: Cart 60195: Customer is back from Verifone e-commerce payment page. Waiting order validation (loop 6).
2022-04-10 10:58:44 1649581124 DEBUG: Cart 60195: Customer is back from Verifone e-commerce payment page. Waiting order validation (loop 7).
2022-04-10 10:58:46 1649581126 DEBUG: Cart 60195: Customer is back from Verifone e-commerce payment page. Waiting order validation (loop 8).
2022-04-10 10:58:47 1649581127 DEBUG: Cart 60195: Customer is back from Verifone e-commerce payment page. Waiting order validation (loop 9).
2022-04-10 10:58:48 1649581115 DEBUG: Cart 60195: Order 5776 validated, creating details
2022-04-10 10:58:48 1649581115 DEBUG: Cart 60195: Order 5776 / Le paiement a été autorisé et capturé par Paybox.
2022-04-10 10:58:48 1649581128 DEBUG: Cart 60195: Customer is back from Verifone e-commerce payment page. Payment success.
2022-04-10 10:58:48 1649581128 DEBUG: Cart 60195: Customer is back from Verifone e-commerce payment page. Payment success.
2022-04-10 14:40:17 1649594417 DEBUG: URL to check 2
2022-04-10 14:40:17 1649594417 DEBUG: Checking Verifone e-commerce URL https://tpeweb.paybox.com/load.html
2022-04-10 14:40:17 1649594417 DEBUG:   Valid url found: https://tpeweb.paybox.com/cgi/MYframepagepaiement_ip.cgi
2022-04-10 14:40:17 1649594417 DEBUG: Cart 60202: Redirecting customer to Verifone e-commerce (CARTE, CB).
2022-04-10 14:42:27 1649594547 DEBUG: Call params: M=21663&R=60202%20-%20Solene%20Joly&T=1600830662&A=146110&B=0&C=CB&D=2501&E=00000&F=Y&G=O&I=FRA&J=65&N=513283&O=Y&P=CARTE&Q=14%3A42%3A25&S=15487539&W=10042022&Y=FRA&Z=0-0&K=dKPRt9iTYBEasVxtIAe2E9XG8C9dWYxfszwyOlv0ddMMKli1LD5hVCjGuHakvJlzCVT3OE7Njv7a%2BPM%2BvZTuBzTkLXve95pVfAXRKG2U9hXCcpYKUxLgZIsiD10PsXOwxkdoCGGeTBjqrmoC8oaihsmEdy2aTSwzlYDlisyBSeY%3D
2022-04-10 14:42:27 1649594547 DEBUG: Cart 60202: Standard IPN
2022-04-10 14:42:27 1649594547 DEBUG: Cart 60202: Validating order
2022-04-10 14:42:27 1649594547 DEBUG: Cart 60202: Customer is back from Verifone e-commerce payment page. Waiting order validation (loop 0).
2022-04-10 14:42:29 1649594549 DEBUG: Cart 60202: Customer is back from Verifone e-commerce payment page. Waiting order validation (loop 1).
2022-04-10 14:42:30 1649594550 DEBUG: Cart 60202: Customer is back from Verifone e-commerce payment page. Waiting order validation (loop 2).
2022-04-10 14:42:31 1649594547 DEBUG: Cart 60202: Order 5777 validated, creating details
2022-04-10 14:42:31 1649594547 DEBUG: Cart 60202: Order 5777 / Le paiement a été autorisé et capturé par Paybox.
2022-04-10 14:42:31 1649594551 DEBUG: Cart 60202: Customer is back from Verifone e-commerce payment page. Payment success.
