2021-12-16 11:05:23 1639649123 DEBUG: URL to check 2
2021-12-16 11:05:23 1639649123 DEBUG: Checking Verifone e-commerce URL https://tpeweb.paybox.com/load.html
2021-12-16 11:05:23 1639649123 DEBUG:   Valid url found: https://tpeweb.paybox.com/cgi/MYchoix_pagepaiement.cgi
2021-12-16 11:05:23 1639649123 DEBUG: Cart 57151: Redirecting customer to Verifone e-commerce (CARTE, CB).
2021-12-16 11:05:27 1639649127 DEBUG: URL to check 2
2021-12-16 11:05:27 1639649127 DEBUG: Checking Verifone e-commerce URL https://tpeweb.paybox.com/load.html
2021-12-16 11:05:27 1639649127 DEBUG:   Valid url found: https://tpeweb.paybox.com/cgi/MYframepagepaiement_ip.cgi
2021-12-16 11:05:27 1639649127 DEBUG: Cart 57151: Redirecting customer to Verifone e-commerce (CARTE, CB).
2021-12-16 11:07:42 1639649262 DEBUG: Call params: M=26215&R=57151%20-%20Veronique%20%20FONTEYNE&T=835317390&A=112276&B=0&C=CB&D=2301&E=00000&F=Y&G=O&I=FRA&J=26&N=513414&O=Y&P=CARTE&Q=11%3A07%3A41&S=828622149&W=16122021&Y=FRA&Z=0-0&K=d8%2FYWuJljLTf01u2zI%2FqmlaccM23u1H2WXvq%2BVwiRmcfPProhavorPDWG7rcY8tm2u07PsOr14SAlBuTXpUrbEZsn5RhXhSdXc6atTfkwkMuucH6A0kwD3IqKX8mMPNEE2DxHJqcxC2bSa3s%2BmF%2F2LIHVFI4MKXacKs%2BW%2FgfH%2Fs%3D
2021-12-16 11:07:42 1639649262 DEBUG: Cart 57151: Standard IPN
2021-12-16 11:07:42 1639649262 DEBUG: Cart 57151: Validating order
2021-12-16 11:07:43 1639649262 DEBUG: Cart 57151: Customer is back from Verifone e-commerce payment page. Waiting order validation (loop 0).
2021-12-16 11:07:46 1639649266 DEBUG: Cart 57151: Customer is back from Verifone e-commerce payment page. Waiting order validation (loop 1).
2021-12-16 11:07:47 1639649267 DEBUG: Cart 57151: Customer is back from Verifone e-commerce payment page. Waiting order validation (loop 2).
2021-12-16 11:07:48 1639649268 DEBUG: Cart 57151: Customer is back from Verifone e-commerce payment page. Waiting order validation (loop 3).
2021-12-16 11:07:49 1639649269 DEBUG: Cart 57151: Customer is back from Verifone e-commerce payment page. Waiting order validation (loop 4).
2021-12-16 11:07:51 1639649271 DEBUG: Cart 57151: Customer is back from Verifone e-commerce payment page. Waiting order validation (loop 5).
2021-12-16 11:07:51 1639649262 DEBUG: Cart 57151: Order 5625 validated, creating details
2021-12-16 11:07:51 1639649262 DEBUG: Cart 57151: Order 5625 / Le paiement a été autorisé et capturé par Paybox.
2021-12-16 11:07:52 1639649272 DEBUG: Cart 57151: Customer is back from Verifone e-commerce payment page. Payment success.
2021-12-16 17:15:21 1639671321 DEBUG: URL to check 2
2021-12-16 17:15:21 1639671321 DEBUG: Checking Verifone e-commerce URL https://tpeweb.paybox.com/load.html
2021-12-16 17:15:21 1639671321 DEBUG:   Valid url found: https://tpeweb.paybox.com/cgi/MYchoix_pagepaiement.cgi
2021-12-16 17:15:21 1639671321 DEBUG: Cart 57165: Redirecting customer to Verifone e-commerce (CARTE, CB).
2021-12-16 17:17:26 1639671446 DEBUG: Call params: M=2344&R=57165%20-%20Myra%20Vienne&T=1580985667&A=094115&B=0&C=MasterCard&D=2611&E=00000&F=Y&G=O&I=BEL&J=23&N=547033&O=Y&P=3DSECURE&Q=17%3A17%3A25&S=432970909&W=16122021&Y=BEL&Z=0-0&K=1Cy0vfXnDnEKl19UFwNWa7oDkdHQaihwI8UhK%2BTWl7WqEbgDeDLUmH1K8SpKwxfsrXGRQd%2FShkYt6sRkbZw7t1jYnZHGXixiQ5wg7GOYF%2BcnFYz1sRHDM6VcIVe5nPO1KdqCRNGa55XXH17egdhVWX7805sth2MUyikon6mTiD0%3D
2021-12-16 17:17:26 1639671446 DEBUG: Cart 57165: Standard IPN
2021-12-16 17:17:26 1639671446 DEBUG: Cart 57165: Validating order
2021-12-16 17:17:27 1639671447 DEBUG: Cart 57165: Customer is back from Verifone e-commerce payment page. Waiting order validation (loop 0).
2021-12-16 17:17:28 1639671448 DEBUG: Cart 57165: Customer is back from Verifone e-commerce payment page. Waiting order validation (loop 1).
2021-12-16 17:17:29 1639671449 DEBUG: Cart 57165: Customer is back from Verifone e-commerce payment page. Waiting order validation (loop 2).
2021-12-16 17:17:30 1639671446 DEBUG: Cart 57165: Order 5626 validated, creating details
2021-12-16 17:17:30 1639671446 DEBUG: Cart 57165: Order 5626 / Le paiement a été autorisé et capturé par Paybox.
2021-12-16 17:17:30 1639671450 DEBUG: Cart 57165: Customer is back from Verifone e-commerce payment page. Payment success.
