2022-06-29 18:10:58 1656519058 DEBUG: URL to check 2
2022-06-29 18:10:58 1656519058 DEBUG: Checking Verifone e-commerce URL https://tpeweb.paybox.com/load.html
2022-06-29 18:10:59 1656519058 DEBUG:   Valid url found: https://tpeweb.paybox.com/cgi/MYchoix_pagepaiement.cgi
2022-06-29 18:10:59 1656519058 DEBUG: Cart 63294: Redirecting customer to Verifone e-commerce (CARTE, CB).
2022-06-29 18:12:18 1656519138 DEBUG: Call params: M=8080&R=63294%20-%20Aude%20BRULIN&T=1066612282&A=910334&B=0&C=CB&D=2405&E=00000&F=Y&G=O&I=FRA&J=76&N=513775&O=Y&P=3DSECURE&Q=18%3A12%3A16&S=921251930&W=29062022&Y=FRA&Z=0-0&K=2MUGZn3JMRbWt0zsx8xC3Aq5vDMgz7rk7Hselxkk6vw0Xhx84G%2BuDRW4lQqRLDa6%2BcoRELCevVbZeJ%2Fy7XAbJm45StzzhkNIZdkm6S3qMDyxf5s4gTUl8DjM1FjAbgqCQvodYQ%2FvQbwK5UC2j3Po47cWdl%2BLvUkizl4lX35LN9o%3D
2022-06-29 18:12:18 1656519138 DEBUG: Cart 63294: Standard IPN
2022-06-29 18:12:18 1656519138 DEBUG: Cart 63294: Validating order
2022-06-29 18:12:21 1656519138 DEBUG: Cart 63294: Order 5954 validated, creating details
2022-06-29 18:12:21 1656519138 DEBUG: Cart 63294: Order 5954 / Le paiement a été autorisé et capturé par Paybox.
2022-06-29 18:12:21 1656519141 DEBUG: Cart 63294: Customer is back from Verifone e-commerce payment page. Payment success.
2022-06-29 20:53:05 1656528785 DEBUG: URL to check 2
2022-06-29 20:53:05 1656528785 DEBUG: Checking Verifone e-commerce URL https://tpeweb.paybox.com/load.html
2022-06-29 20:53:05 1656528785 DEBUG:   Valid url found: https://tpeweb.paybox.com/cgi/MYchoix_pagepaiement.cgi
2022-06-29 20:53:05 1656528785 DEBUG: Cart 63296: Redirecting customer to Verifone e-commerce (CARTE, CB).
2022-06-29 20:55:37 1656528937 DEBUG: Call params: M=13491&R=63296%20-%20Marie%20Valsain&T=1066630713&A=452849&B=0&C=CB&D=2411&E=00000&F=Y&G=O&I=FRA&J=45&N=497355&O=Y&P=3DSECURE&Q=20%3A55%3A36&S=921269959&W=29062022&Y=FRA&Z=0-0&K=i%2BvuQmRMNovsIbhhsBQHUlgKlzuiPOmSGYxqAxf%2FD28UmNOGyrVDkv6wrj3EysVlOn9n5h3U63h5IQ%2BheqEZa%2BIIj1uP05TCK7DahQaKRW6jHp1f8%2FQPNlO1b4va5lmjrLoqUj0XJ35xQwst2DQeMLoli%2BRGz33Wta4X31wzBY0%3D
2022-06-29 20:55:37 1656528937 DEBUG: Cart 63296: Standard IPN
2022-06-29 20:55:37 1656528937 DEBUG: Cart 63296: Validating order
2022-06-29 20:55:38 1656528938 DEBUG: Cart 63296: Customer is back from Verifone e-commerce payment page. Waiting order validation (loop 0).
2022-06-29 20:55:39 1656528939 DEBUG: Cart 63296: Customer is back from Verifone e-commerce payment page. Waiting order validation (loop 1).
2022-06-29 20:55:39 1656528937 DEBUG: Cart 63296: Order 5955 validated, creating details
2022-06-29 20:55:39 1656528937 DEBUG: Cart 63296: Order 5955 / Le paiement a été autorisé et capturé par Paybox.
2022-06-29 20:55:40 1656528940 DEBUG: Cart 63296: Customer is back from Verifone e-commerce payment page. Payment success.
