2022-02-12 09:55:18 1644656118 DEBUG: URL to check 2
2022-02-12 09:55:18 1644656118 DEBUG: Checking Verifone e-commerce URL https://tpeweb.paybox.com/load.html
2022-02-12 09:55:18 1644656118 DEBUG:   Valid url found: https://tpeweb.paybox.com/cgi/MYframepagepaiement_ip.cgi
2022-02-12 09:55:18 1644656118 DEBUG: Cart 58303: Redirecting customer to Verifone e-commerce (CARTE, CB).
2022-02-12 09:59:30 1644656370 DEBUG: Call params: M=7319&R=58303%20-%20Julie%20Guillonneau&T=1592422389&A=883268&B=0&C=CB&D=2501&E=00000&F=Y&G=O&I=FRA&J=56&N=513414&O=Y&P=CARTE&Q=09%3A59%3A29&S=5895676&W=12022022&Y=FRA&Z=0-0&K=0Y4SbZg%2FbzZedtxgLMfEB5JFZRzTrr2lWYc4Y%2BGJiuPFdfYa2V0BTpMDn%2BkXZDPYQCeei3wbHjLzrNvJRZxSwYWuSp9soqTDVbyL4KlZ2ItHnIx0xKeGDuhZw%2F%2FuDOx8GrIxeCpJeAe2WwtKnJzeivm0KZyvLnSu0YDGMtLBtZo%3D
2022-02-12 09:59:30 1644656370 DEBUG: Cart 58303: Standard IPN
2022-02-12 09:59:30 1644656370 DEBUG: Cart 58303: Validating order
2022-02-12 09:59:31 1644656371 DEBUG: Cart 58303: Customer is back from Verifone e-commerce payment page. Waiting order validation (loop 0).
2022-02-12 09:59:32 1644656372 DEBUG: Cart 58303: Customer is back from Verifone e-commerce payment page. Waiting order validation (loop 1).
2022-02-12 09:59:33 1644656373 DEBUG: Cart 58303: Customer is back from Verifone e-commerce payment page. Waiting order validation (loop 2).
2022-02-12 09:59:35 1644656375 DEBUG: Cart 58303: Customer is back from Verifone e-commerce payment page. Waiting order validation (loop 3).
2022-02-12 09:59:36 1644656376 DEBUG: Cart 58303: Customer is back from Verifone e-commerce payment page. Waiting order validation (loop 4).
2022-02-12 09:59:37 1644656377 DEBUG: Cart 58303: Customer is back from Verifone e-commerce payment page. Waiting order validation (loop 5).
2022-02-12 09:59:38 1644656378 DEBUG: Cart 58303: Customer is back from Verifone e-commerce payment page. Waiting order validation (loop 6).
2022-02-12 09:59:39 1644656379 DEBUG: Cart 58303: Customer is back from Verifone e-commerce payment page. Waiting order validation (loop 7).
2022-02-12 09:59:40 1644656380 DEBUG: Cart 58303: Customer is back from Verifone e-commerce payment page. Waiting order validation (loop 8).
2022-02-12 09:59:41 1644656381 DEBUG: Cart 58303: Customer is back from Verifone e-commerce payment page. Waiting order validation (loop 9).
2022-02-12 09:59:42 1644656370 DEBUG: Cart 58303: Order 5695 validated, creating details
2022-02-12 09:59:42 1644656370 DEBUG: Cart 58303: Order 5695 / Le paiement a été autorisé et capturé par Paybox.
2022-02-12 09:59:42 1644656382 DEBUG: Cart 58303: Customer is back from Verifone e-commerce payment page. Payment success.
