2022-08-24 08:29:39 1661322579 DEBUG: URL to check 2
2022-08-24 08:29:40 1661322579 DEBUG: Checking Verifone e-commerce URL https://tpeweb.paybox.com/load.html
2022-08-24 08:29:40 1661322579 DEBUG:   Valid url found: https://tpeweb.paybox.com/cgi/MYchoix_pagepaiement.cgi
2022-08-24 08:29:40 1661322579 DEBUG: Cart 65836: Redirecting customer to Verifone e-commerce (CARTE, CB).
2022-08-24 08:30:13 1661322613 DEBUG: URL to check 2
2022-08-24 08:30:13 1661322613 DEBUG: Checking Verifone e-commerce URL https://tpeweb.paybox.com/load.html
2022-08-24 08:30:13 1661322613 DEBUG:   Valid url found: https://tpeweb.paybox.com/cgi/MYchoix_pagepaiement.cgi
2022-08-24 08:30:13 1661322613 DEBUG: Cart 65836: Redirecting customer to Verifone e-commerce (CARTE, CB).
2022-08-24 08:30:51 1661322651 DEBUG: URL to check 2
2022-08-24 08:30:51 1661322651 DEBUG: Checking Verifone e-commerce URL https://tpeweb.paybox.com/load.html
2022-08-24 08:30:51 1661322651 DEBUG:   Valid url found: https://tpeweb.paybox.com/cgi/MYchoix_pagepaiement.cgi
2022-08-24 08:30:51 1661322651 DEBUG: Cart 65836: Redirecting customer to Verifone e-commerce (CARTE, CB).
2022-08-24 08:33:45 1661322825 DEBUG: Call params: M=17898&R=65836%20-%20Aline%20Fettes&T=1075001834&A=159082&B=0&C=MasterCard&D=2408&E=00000&F=Y&G=O&I=BEL&J=21&N=539853&O=Y&P=3DSECURE&Q=08%3A33%3A43&S=929524663&W=24082022&Y=BEL&Z=0-0&K=m7z3rBAir2ioyxnHbMIFh5nk5kNN%2BplFl1ax3nXINwatRCFgcJU%2FdqIhKvni98AvHqgRVYYWmQctAILWTPQW3V6E0PHJe5OjPxZ2HMUIuLdVObkVjYewAwn8Pypz%2BMwPaa5Hhxv7HQyiHEyhgTadXJHNnbeAkWoBtLJasHaQlyQ%3D
2022-08-24 08:33:45 1661322825 DEBUG: Cart 65836: Standard IPN
2022-08-24 08:33:45 1661322825 DEBUG: Cart 65836: Validating order
2022-08-24 08:33:46 1661322826 DEBUG: Cart 65836: Customer is back from Verifone e-commerce payment page. Waiting order validation (loop 0).
2022-08-24 08:33:47 1661322827 DEBUG: Cart 65836: Customer is back from Verifone e-commerce payment page. Waiting order validation (loop 1).
2022-08-24 08:33:48 1661322828 DEBUG: Cart 65836: Customer is back from Verifone e-commerce payment page. Waiting order validation (loop 2).
2022-08-24 08:33:50 1661322830 DEBUG: Cart 65836: Customer is back from Verifone e-commerce payment page. Waiting order validation (loop 3).
2022-08-24 08:33:51 1661322831 DEBUG: Cart 65836: Customer is back from Verifone e-commerce payment page. Waiting order validation (loop 4).
2022-08-24 08:33:52 1661322832 DEBUG: Cart 65836: Customer is back from Verifone e-commerce payment page. Waiting order validation (loop 5).
2022-08-24 08:33:53 1661322833 DEBUG: Cart 65836: Customer is back from Verifone e-commerce payment page. Waiting order validation (loop 6).
2022-08-24 08:33:55 1661322835 DEBUG: Cart 65836: Customer is back from Verifone e-commerce payment page. Waiting order validation (loop 7).
2022-08-24 08:33:55 1661322825 DEBUG: Cart 65836: Order 6050 validated, creating details
2022-08-24 08:33:55 1661322825 DEBUG: Cart 65836: Order 6050 / Le paiement a été autorisé et capturé par Paybox.
2022-08-24 08:33:56 1661322836 DEBUG: Cart 65836: Customer is back from Verifone e-commerce payment page. Payment success.
2022-08-24 10:01:13 1661328073 DEBUG: URL to check 2
2022-08-24 10:01:13 1661328073 DEBUG: Checking Verifone e-commerce URL https://tpeweb.paybox.com/load.html
2022-08-24 10:01:13 1661328073 DEBUG:   Valid url found: https://tpeweb.paybox.com/cgi/MYchoix_pagepaiement.cgi
2022-08-24 10:01:13 1661328073 DEBUG: Cart 65840: Redirecting customer to Verifone e-commerce (CARTE, CB).
2022-08-24 10:02:28 1661328148 DEBUG: Call params: M=15568&R=65840%20-%20kirsten%20rochette&T=1621015797&A=256590&B=0&C=Visa&D=2505&E=00000&F=Y&G=O&I=BEL&J=30&N=445471&O=Y&P=3DSECURE&Q=10%3A02%3A28&S=37217273&W=24082022&Y=BEL&Z=0-0&K=kwzhDybVBHcuEirrjZmIWWAY1lKJA9LrkiDISZzyQr4qJQ0FdEYCiOqNzhIDHrQjnOQWoACLFNPWgVoiQMwf77wDMIszrt5sUKdXWBZ7zEzmJ6CYjGz8uYIegh1OsIgw0hCUqxvNmY2dlUwlzMvBzfYM3rPzZdUOEobOekljF9k%3D
2022-08-24 10:02:28 1661328148 DEBUG: Cart 65840: Customer is back from Verifone e-commerce payment page. Waiting order validation (loop 0).
2022-08-24 10:02:28 1661328148 DEBUG: Cart 65840: Standard IPN
2022-08-24 10:02:28 1661328148 DEBUG: Cart 65840: Validating order
2022-08-24 10:02:29 1661328149 DEBUG: Cart 65840: Customer is back from Verifone e-commerce payment page. Waiting order validation (loop 1).
2022-08-24 10:02:30 1661328150 DEBUG: Cart 65840: Customer is back from Verifone e-commerce payment page. Waiting order validation (loop 2).
2022-08-24 10:02:32 1661328152 DEBUG: Cart 65840: Customer is back from Verifone e-commerce payment page. Waiting order validation (loop 3).
2022-08-24 10:02:33 1661328153 DEBUG: Cart 65840: Customer is back from Verifone e-commerce payment page. Waiting order validation (loop 4).
2022-08-24 10:02:34 1661328154 DEBUG: Cart 65840: Customer is back from Verifone e-commerce payment page. Waiting order validation (loop 5).
2022-08-24 10:02:36 1661328156 DEBUG: Cart 65840: Customer is back from Verifone e-commerce payment page. Waiting order validation (loop 6).
2022-08-24 10:02:37 1661328157 DEBUG: Cart 65840: Customer is back from Verifone e-commerce payment page. Waiting order validation (loop 7).
2022-08-24 10:02:38 1661328158 DEBUG: Cart 65840: Customer is back from Verifone e-commerce payment page. Waiting order validation (loop 8).
2022-08-24 10:02:38 1661328148 DEBUG: Cart 65840: Order 6051 validated, creating details
2022-08-24 10:02:39 1661328148 DEBUG: Cart 65840: Order 6051 / Le paiement a été autorisé et capturé par Paybox.
2022-08-24 10:02:40 1661328160 DEBUG: Cart 65840: Customer is back from Verifone e-commerce payment page. Payment success.
2022-08-24 15:23:21 1661347401 DEBUG: URL to check 2
2022-08-24 15:23:21 1661347401 DEBUG: Checking Verifone e-commerce URL https://tpeweb.paybox.com/load.html
2022-08-24 15:23:26 1661347401 DEBUG:   Exception Exception: Operation timed out after 5001 milliseconds with 0 bytes received
2022-08-24 15:23:26 1661347401 DEBUG: Checking Verifone e-commerce URL https://tpeweb1.paybox.com/load.html
2022-08-24 15:23:26 1661347401 DEBUG:   Valid url found: https://tpeweb1.paybox.com/cgi/MYframepagepaiement_ip.cgi
2022-08-24 15:23:26 1661347401 DEBUG: Cart 65863: Redirecting customer to Verifone e-commerce (CARTE, CB).
