2022-03-09 14:43:35 1646833415 DEBUG: URL to check 2
2022-03-09 14:43:35 1646833415 DEBUG: Checking Verifone e-commerce URL https://tpeweb.paybox.com/load.html
2022-03-09 14:43:35 1646833415 DEBUG:   Valid url found: https://tpeweb.paybox.com/cgi/MYframepagepaiement_ip.cgi
2022-03-09 14:43:35 1646833415 DEBUG: Cart 59252: Redirecting customer to Verifone e-commerce (CARTE, CB).
2022-03-09 14:44:24 1646833464 DEBUG: Call params: M=18832&R=59252%20-%20Jennifer%20NGOKAYI&T=836130115&B=0&C=CB&D=2309&E=00105&G=N&I=FRA&J=--&N=513272&O=E&P=CARTE&Q=14%3A44%3A23&S=829654323&W=09032022&Y=FRA&Z=0-0&K=bQHRelApBsrvVwIon8E1lYi6cWapPqPLTgJxeq30DXAtxFf06%2FFCA3UHhrtksQQCVCwEpVd%2FQApbN7EmBxIdtpcNwGY9w4ejbrMNkBYINZVOseAS7pV0YteHfN2ovV6qoujhV7eFGKN0bs3K%2FzHHy%2FMu1Kb2Fgbtim404lGiFGY%3D
2022-03-09 14:44:24 1646833464 DEBUG: Cart 59252: (IPN) Payment was refused by Verifone e-commerce (105).
2022-03-09 14:44:46 1646833486 DEBUG: Call params: M=18832&R=59252%20-%20Jennifer%20NGOKAYI&T=836130115&B=0&C=MasterCard&D=2309&E=00105&G=N&I=FRA&J=--&N=513272&O=E&P=CARTE&Q=14%3A44%3A45&S=829654390&W=09032022&Y=FRA&Z=0-0&K=n%2BN725LrFge2ZIxbKFAJg9ScIEi7WpjxtfMF1H%2B1%2B5qvTGUlo6RTIAyEl3x%2FLYScAVpO3ZBWGWcm2iku%2FTq1cEeuE0AvTvYuEHbi2RwPrK%2Bi21DMOgU%2FNQEvba11YBt9fI0JyxIZrmyXjYZluFc3qEwqRwrKJmJAnpypi6DTF8E%3D
2022-03-09 14:44:46 1646833486 DEBUG: Cart 59252: (IPN) Payment was refused by Verifone e-commerce (105).
2022-03-09 14:45:37 1646833537 DEBUG: Call params: M=18832&R=59252%20-%20Jennifer%20NGOKAYI&T=836130115&B=0&C=MasterCard&D=2309&E=00105&G=N&I=FRA&J=--&N=513272&O=E&P=CARTE&Q=14%3A45%3A35&S=829654539&W=09032022&Y=FRA&Z=0-0&K=Vi2SbXeqf0wErtdUlnWP51knMxki7ADHw3s4MvZWlwuKZ%2FvMcQ9hA2RaqspGYlT9ZNSYp5Dm778LIXPu0UPmp5SJsPr%2FNqOmdSppHOVXG1xkKeIQXktL%2Ffd8UGLBwWLjZawIGfnXRqUKqRoFL1aE%2BSdA5FCpsEtbPcSU%2F49e6As%3D
2022-03-09 14:45:37 1646833537 DEBUG: Cart 59252: (IPN) Payment was refused by Verifone e-commerce (105).
2022-03-09 14:45:37 1646833537 DEBUG: Cart 59252: Customer is back from Verifone e-commerce payment page. Payment refused by Verifone e-commerce (105).
2022-03-09 14:56:39 1646834198 DEBUG: URL to check 2
2022-03-09 14:56:39 1646834198 DEBUG: Checking Verifone e-commerce URL https://tpeweb.paybox.com/load.html
2022-03-09 14:56:39 1646834198 DEBUG:   Valid url found: https://tpeweb.paybox.com/cgi/MYframepagepaiement_ip.cgi
2022-03-09 14:56:39 1646834198 DEBUG: Cart 59252: Redirecting customer to Verifone e-commerce (CARTE, CB).
2022-03-09 23:23:37 1646864617 DEBUG: URL to check 2
2022-03-09 23:23:37 1646864617 DEBUG: Checking Verifone e-commerce URL https://tpeweb.paybox.com/load.html
2022-03-09 23:23:37 1646864617 DEBUG:   Valid url found: https://tpeweb.paybox.com/cgi/MYchoix_pagepaiement.cgi
2022-03-09 23:23:37 1646864617 DEBUG: Cart 59266: Redirecting customer to Verifone e-commerce (CARTE, CB).
2022-03-09 23:24:35 1646864675 DEBUG: Call params: M=10978&R=59266%20-%20Manon%20Dury&T=449743037&B=0&C=CB&D=2209&E=00105&G=N&I=FRA&J=--&N=513165&O=E&P=3DSECURE&Q=23%3A24%3A33&S=466805412&W=09032022&Y=FRA&Z=0-0&K=PJi%2F3sJDEYZLC1l%2F0OE8nw020WoA%2Bqy%2FeaP5sYxYzbPbz36MnhNLBcMyehMaOdKzlwI%2Fj5OzgFHMM4lJPVmIqz1PCI50Umwtxo%2FTK2aN%2FdmpOq4FFiefUxkbZ8397V4chdGK%2Bk0cnwarcbJRM7oABlDZtO%2BE1FfYsJ73LLPfoWc%3D
2022-03-09 23:24:35 1646864675 DEBUG: Cart 59266: (IPN) Payment was refused by Verifone e-commerce (105).
