2022-01-24 11:07:43 1643018863 DEBUG: URL to check 2
2022-01-24 11:07:43 1643018863 DEBUG: Checking Verifone e-commerce URL https://tpeweb.paybox.com/load.html
2022-01-24 11:07:43 1643018863 DEBUG:   Valid url found: https://tpeweb.paybox.com/cgi/MYchoix_pagepaiement.cgi
2022-01-24 11:07:43 1643018863 DEBUG: Cart 57830: Redirecting customer to Verifone e-commerce (CARTE, CB).
2022-01-24 12:33:38 1643024018 DEBUG: URL to check 2
2022-01-24 12:33:38 1643024018 DEBUG: Checking Verifone e-commerce URL https://tpeweb.paybox.com/load.html
2022-01-24 12:33:38 1643024018 DEBUG:   Valid url found: https://tpeweb.paybox.com/cgi/MYchoix_pagepaiement.cgi
2022-01-24 12:33:38 1643024018 DEBUG: Cart 52843: Redirecting customer to Verifone e-commerce (CARTE, CB).
2022-01-24 12:41:39 1643024499 DEBUG: URL to check 2
2022-01-24 12:41:39 1643024499 DEBUG: Checking Verifone e-commerce URL https://tpeweb.paybox.com/load.html
2022-01-24 12:41:39 1643024499 DEBUG:   Valid url found: https://tpeweb.paybox.com/cgi/MYchoix_pagepaiement.cgi
2022-01-24 12:41:39 1643024499 DEBUG: Cart 57832: Redirecting customer to Verifone e-commerce (CARTE, CB).
2022-01-24 12:41:47 1643024507 DEBUG: Cart 57832: Payment was canceled by user on Verifone e-commerce payment page.
2022-01-24 12:42:24 1643024544 DEBUG: URL to check 2
2022-01-24 12:42:24 1643024544 DEBUG: Checking Verifone e-commerce URL https://tpeweb.paybox.com/load.html
2022-01-24 12:42:24 1643024544 DEBUG:   Valid url found: https://tpeweb.paybox.com/cgi/MYframepagepaiement_ip.cgi
2022-01-24 12:42:24 1643024544 DEBUG: Cart 57832: Redirecting customer to Verifone e-commerce (CARTE, CB).
2022-01-24 12:42:29 1643024549 DEBUG: Cart 57832: Payment was canceled by user on Verifone e-commerce payment page.
2022-01-24 12:44:32 1643024671 DEBUG: URL to check 2
2022-01-24 12:44:32 1643024671 DEBUG: Checking Verifone e-commerce URL https://tpeweb.paybox.com/load.html
2022-01-24 12:44:32 1643024671 DEBUG:   Valid url found: https://tpeweb.paybox.com/cgi/MYframepagepaiement_ip.cgi
2022-01-24 12:44:32 1643024671 DEBUG: Cart 57832: Redirecting customer to Verifone e-commerce (CARTE, CB).
2022-01-24 12:45:44 1643024744 DEBUG: URL to check 2
2022-01-24 12:45:44 1643024744 DEBUG: Checking Verifone e-commerce URL https://tpeweb.paybox.com/load.html
2022-01-24 12:45:44 1643024744 DEBUG:   Valid url found: https://tpeweb.paybox.com/cgi/MYframepagepaiement_ip.cgi
2022-01-24 12:45:44 1643024744 DEBUG: Cart 57831: Redirecting customer to Verifone e-commerce (CARTE, CB).
2022-01-24 12:46:14 1643024774 DEBUG: Cart 57831: Payment was canceled by user on Verifone e-commerce payment page.
2022-01-24 12:46:15 1643024775 DEBUG: Cart 57831: Payment was canceled by user on Verifone e-commerce payment page.
2022-01-24 13:36:30 1643027789 DEBUG: URL to check 2
2022-01-24 13:36:30 1643027789 DEBUG: Checking Verifone e-commerce URL https://tpeweb.paybox.com/load.html
2022-01-24 13:36:30 1643027789 DEBUG:   Valid url found: https://tpeweb.paybox.com/cgi/MYframepagepaiement_ip.cgi
2022-01-24 13:36:30 1643027789 DEBUG: Cart 57834: Redirecting customer to Verifone e-commerce (CARTE, CB).
2022-01-24 13:40:02 1643028002 DEBUG: Call params: M=18824&R=57834%20-%20Valerie%20Coste&T=1587180542&A=076665&B=0&C=CB&D=2302&E=00000&F=Y&G=O&I=FRA&J=43&N=513138&O=Y&P=CARTE&Q=13%3A39%3A59&S=117023&W=24012022&Y=FRA&Z=0-0&K=dCeY2SlsvQCwv0%2BK7nFDR1rGVEmPPmdtuq9%2BeRnOUJ6MaIkTGlC4vofpH9lJeXddUVKoo0Q9CkHbRBNKoF9dDdW5p94byZr1hWHMTCJVH3mfp2ccP4RLQcOYZl0PKV5BI1E%2Fn0mHlekwUXKnsmm9rfXpdYwIyT36rxVJ75Do0G8%3D
2022-01-24 13:40:02 1643028002 DEBUG: Cart 57834: Standard IPN
2022-01-24 13:40:02 1643028002 DEBUG: Cart 57834: Validating order
2022-01-24 13:40:02 1643028002 DEBUG: Cart 57834: Customer is back from Verifone e-commerce payment page. Waiting order validation (loop 0).
2022-01-24 13:40:04 1643028004 DEBUG: Cart 57834: Customer is back from Verifone e-commerce payment page. Waiting order validation (loop 1).
2022-01-24 13:40:06 1643028006 DEBUG: Cart 57834: Customer is back from Verifone e-commerce payment page. Waiting order validation (loop 2).
2022-01-24 13:40:07 1643028002 DEBUG: Cart 57834: Order 5670 validated, creating details
2022-01-24 13:40:07 1643028002 DEBUG: Cart 57834: Order 5670 / Le paiement a été autorisé et capturé par Paybox.
2022-01-24 13:40:07 1643028007 DEBUG: Cart 57834: Customer is back from Verifone e-commerce payment page. Payment success.
2022-01-24 16:29:24 1643038164 DEBUG: URL to check 2
2022-01-24 16:29:24 1643038164 DEBUG: Checking Verifone e-commerce URL https://tpeweb.paybox.com/load.html
2022-01-24 16:29:24 1643038164 DEBUG:   Valid url found: https://tpeweb.paybox.com/cgi/MYframepagepaiement_ip.cgi
2022-01-24 16:29:24 1643038164 DEBUG: Cart 57838: Redirecting customer to Verifone e-commerce (CARTE, CB).
2022-01-24 16:30:28 1643038228 DEBUG: Call params: M=8080&R=57838%20-%20Phebee%20%20Malzis&T=1587241623&A=162851&B=0&C=CB&D=2304&E=00000&F=Y&G=O&I=FRA&J=45&N=513646&O=Y&P=CARTE&Q=16%3A30%3A26&S=176138&W=24012022&Y=FRA&Z=0-0&K=U2KyJTsgROLfwthhkI8wkLNk2hc744E%2BtqdALUxH9JWl9LQCI6D9%2B6Ih0FeviSdTVO29PultQEIAfaS0vqYg9EI1EhfcF%2Bld59XMsRS1Urz%2BX3a%2FWmSxnZjNSp44pw%2BRraiCKPEVpMUIr%2BquBsFhkN8jNA7hvbFaeNrsOkkoezQ%3D
2022-01-24 16:30:28 1643038228 DEBUG: Cart 57838: Standard IPN
2022-01-24 16:30:28 1643038228 DEBUG: Cart 57838: Validating order
2022-01-24 16:30:28 1643038228 DEBUG: Cart 57838: Customer is back from Verifone e-commerce payment page. Waiting order validation (loop 0).
2022-01-24 16:30:30 1643038230 DEBUG: Cart 57838: Customer is back from Verifone e-commerce payment page. Waiting order validation (loop 1).
2022-01-24 16:30:30 1643038228 DEBUG: Cart 57838: Order 5671 validated, creating details
2022-01-24 16:30:30 1643038228 DEBUG: Cart 57838: Order 5671 / Le paiement a été autorisé et capturé par Paybox.
2022-01-24 16:30:31 1643038231 DEBUG: Cart 57838: Customer is back from Verifone e-commerce payment page. Payment success.
2022-01-24 17:50:27 1643043027 DEBUG: URL to check 2
2022-01-24 17:50:27 1643043027 DEBUG: Checking Verifone e-commerce URL https://tpeweb.paybox.com/load.html
2022-01-24 17:50:27 1643043027 DEBUG:   Valid url found: https://tpeweb.paybox.com/cgi/MYchoix_pagepaiement.cgi
2022-01-24 17:50:27 1643043027 DEBUG: Cart 57839: Redirecting customer to Verifone e-commerce (CARTE, CB).
2022-01-24 17:51:15 1643043075 DEBUG: Call params: M=3988&R=57839%20-%20Jean-Micael%20SALTZMANN&T=1587270642&A=554224&B=0&C=CB&D=2403&E=00000&F=Y&G=O&I=FRA&J=94&N=513283&O=Y&P=3DSECURE&Q=17%3A51%3A13&S=204370&W=24012022&Y=FRA&Z=0-0&K=XATWOP5Q20CFyUCYsQyaFWIx9HpfPj3QjTROc1qfbD42PMS6zV8iype7GUYmWRP%2BQpHw%2BpTeIyLA1gYt6PmbfpIUypxLFeTypwKqyeru41QnbQN1jK4PaN4iFn7WgWATgPeMKrjSl7yKdw3hMXcuY5TX7q09UbEPJ49ZsDHcAe8%3D
2022-01-24 17:51:15 1643043075 DEBUG: Cart 57839: Standard IPN
2022-01-24 17:51:15 1643043075 DEBUG: Cart 57839: Validating order
2022-01-24 17:51:15 1643043075 DEBUG: Cart 57839: Customer is back from Verifone e-commerce payment page. Waiting order validation (loop 0).
2022-01-24 17:51:16 1643043076 DEBUG: Cart 57839: Customer is back from Verifone e-commerce payment page. Waiting order validation (loop 1).
2022-01-24 17:51:17 1643043075 DEBUG: Cart 57839: Order 5672 validated, creating details
2022-01-24 17:51:17 1643043075 DEBUG: Cart 57839: Order 5672 / Le paiement a été autorisé et capturé par Paybox.
2022-01-24 17:51:17 1643043077 DEBUG: Cart 57839: Customer is back from Verifone e-commerce payment page. Payment success.
