2022-02-27 18:31:35 1645983095 DEBUG: URL to check 2
2022-02-27 18:31:35 1645983095 DEBUG: Checking Verifone e-commerce URL https://tpeweb.paybox.com/load.html
2022-02-27 18:31:35 1645983095 DEBUG:   Valid url found: https://tpeweb.paybox.com/cgi/MYframepagepaiement_ip.cgi
2022-02-27 18:31:35 1645983095 DEBUG: Cart 58913: Redirecting customer to Verifone e-commerce (CARTE, CB).
2022-02-27 18:32:31 1645983151 DEBUG: Call params: M=4279&R=58913%20-%20Angelique%20HOUEIX&T=1594249144&A=651312&B=0&C=CB&D=2403&E=00000&F=Y&G=O&I=FRA&J=30&N=513772&O=Y&P=CARTE&Q=18%3A32%3A29&S=7807379&W=27022022&Y=FRA&Z=0-0&K=Y03muS3dyZaRNAF0mdPBFIhEaQNzzMP2nY0KChnkCbg27ExnUjHMCafbCmXFPcXzxr%2BeQIwVsL%2BON9QnQnJtRWkBXAkGfo95%2FfYJjX5KqRqRioQAV2nfJUjJr%2BVdNDfYNm3gDttSSpVm3U%2Fzpb3Zttlp8j3UEN%2BWUTQ6p%2BjWYL0%3D
2022-02-27 18:32:31 1645983151 DEBUG: Cart 58913: Standard IPN
2022-02-27 18:32:31 1645983151 DEBUG: Cart 58913: Validating order
2022-02-27 18:32:31 1645983151 DEBUG: Cart 58913: Customer is back from Verifone e-commerce payment page. Waiting order validation (loop 0).
2022-02-27 18:32:32 1645983152 DEBUG: Cart 58913: Customer is back from Verifone e-commerce payment page. Waiting order validation (loop 1).
2022-02-27 18:32:33 1645983153 DEBUG: Cart 58913: Customer is back from Verifone e-commerce payment page. Waiting order validation (loop 2).
2022-02-27 18:32:34 1645983154 DEBUG: Cart 58913: Customer is back from Verifone e-commerce payment page. Waiting order validation (loop 3).
2022-02-27 18:32:35 1645983151 DEBUG: Cart 58913: Order 5710 validated, creating details
2022-02-27 18:32:35 1645983151 DEBUG: Cart 58913: Order 5710 / Le paiement a été autorisé et capturé par Paybox.
2022-02-27 18:32:36 1645983156 DEBUG: Cart 58913: Customer is back from Verifone e-commerce payment page. Payment success.
2022-02-27 20:10:58 1645989058 DEBUG: URL to check 2
2022-02-27 20:10:58 1645989058 DEBUG: Checking Verifone e-commerce URL https://tpeweb.paybox.com/load.html
2022-02-27 20:10:58 1645989058 DEBUG:   Valid url found: https://tpeweb.paybox.com/cgi/MYchoix_pagepaiement.cgi
2022-02-27 20:10:58 1645989058 DEBUG: Cart 58916: Redirecting customer to Verifone e-commerce (CARTE, CB).
2022-02-27 20:15:18 1645989318 DEBUG: Call params: M=9869&R=58916%20-%20Stephanie%20DE%20MAGALHAES&T=1594261207&A=264337&B=0&C=CB&D=2306&E=00000&F=Y&G=O&I=FRA&J=36&N=453307&O=Y&P=3DSECURE&Q=20%3A15%3A17&S=7823729&W=27022022&Y=FRA&Z=0-0&K=3Nuj2V6arrIcky3RmGbMpPC3HQE%2BdK%2FyqH835F%2BZgtzunbsPOKj0x4L%2BNmjR5hZSy6VKEvuVYM266O7vFwDVVgmHsRbmeKFrQdPnY0u9JTTLOE8rxDxUAtQhAydcEbgT5Nr2ofUSGOdJtBsjzLrACDfcFirje%2FmtrAU%2F7kDgEEM%3D
2022-02-27 20:15:18 1645989318 DEBUG: Cart 58916: Standard IPN
2022-02-27 20:15:18 1645989318 DEBUG: Cart 58916: Validating order
2022-02-27 20:15:19 1645989319 DEBUG: Cart 58916: Customer is back from Verifone e-commerce payment page. Waiting order validation (loop 0).
2022-02-27 20:15:20 1645989318 DEBUG: Cart 58916: Order 5711 validated, creating details
2022-02-27 20:15:20 1645989318 DEBUG: Cart 58916: Order 5711 / Le paiement a été autorisé et capturé par Paybox.
2022-02-27 20:15:20 1645989320 DEBUG: Cart 58916: Customer is back from Verifone e-commerce payment page. Payment success.
2022-02-27 23:17:39 1646000259 DEBUG: URL to check 2
2022-02-27 23:17:39 1646000259 DEBUG: Checking Verifone e-commerce URL https://tpeweb.paybox.com/load.html
2022-02-27 23:17:39 1646000259 DEBUG:   Valid url found: https://tpeweb.paybox.com/cgi/MYchoix_pagepaiement.cgi
2022-02-27 23:17:39 1646000259 DEBUG: Cart 58923: Redirecting customer to Verifone e-commerce (CARTE, CB).
2022-02-27 23:20:32 1646000432 DEBUG: Call params: M=3403&R=58923%20-%20Lauriane%20Larcher&T=1045573712&A=141709&B=0&C=Visa&D=2309&E=00000&F=Y&G=O&I=FRA&J=40&N=497355&O=Y&P=3DSECURE&Q=23%3A20%3A30&S=299960653&W=27022022&Y=FRA&Z=0-0&K=jh6Dcyz172Fsz9L6p2bCMZsZPAq8vZClkv6UcLj%2BVaZCHJnyPg%2BaXygbMV0rsAgAromIxM4Sy9IBOYinbvIo1AyNlTmBeTxffRw8rbRArtj1x0rwO9AROg65fkllat%2BwPTZjO1tZAcIyduCY%2BXqx5Ev8OqrJP38w7t7FZzJGo0Y%3D
2022-02-27 23:20:32 1646000432 DEBUG: Cart 58923: Standard IPN
2022-02-27 23:20:32 1646000432 DEBUG: Cart 58923: Validating order
2022-02-27 23:20:32 1646000432 DEBUG: Cart 58923: Customer is back from Verifone e-commerce payment page. Waiting order validation (loop 0).
2022-02-27 23:20:33 1646000433 DEBUG: Cart 58923: Customer is back from Verifone e-commerce payment page. Waiting order validation (loop 1).
2022-02-27 23:20:34 1646000432 DEBUG: Cart 58923: Order 5712 validated, creating details
2022-02-27 23:20:34 1646000432 DEBUG: Cart 58923: Order 5712 / Le paiement a été autorisé et capturé par Paybox.
2022-02-27 23:20:35 1646000435 DEBUG: Cart 58923: Customer is back from Verifone e-commerce payment page. Payment success.
