2020-07-28 00:16:08 1595888168 DEBUG: URL to check 2
2020-07-28 00:16:08 1595888168 DEBUG: Checking Verifone e-commerce URL https://tpeweb.paybox.com/load.html
2020-07-28 00:16:08 1595888168 DEBUG:   Valid url found: https://tpeweb.paybox.com/cgi/MYchoix_pagepaiement.cgi
2020-07-28 00:16:08 1595888168 DEBUG: Cart 46326: Redirecting customer to Verifone e-commerce (CARTE, CB).
2020-07-28 00:16:55 1595888215 DEBUG: Call params: M=7831&R=46326%20-%20Morgane%20Alibert&T=943080966&A=409590&B=0&C=Visa&D=2009&E=00000&F=Y&G=O&I=FRA&J=08&N=497874&O=Y&P=3DSECURE&Q=00%3A16%3A08&S=204313523&W=28072020&Y=FRA&Z=0-0&K=tUiczimDCDGm1EF9IrTc8Yzj2mLx0X%2FPDReCwSBVFp2wpaFLlNii0f9rq8n4nSqk5bKSHiLAaPiuEgFOngZGgTQFMxmWhE6qrCCTR9LAnAZAoLEqomXRz9IKzH70nr%2FLWKiM%2FmEkLYc056%2B9%2FUyLITJajhGF%2F3F4Jql4fd7caJM%3D
2020-07-28 00:16:55 1595888215 DEBUG: Cart 46326: Standard IPN
2020-07-28 00:16:55 1595888215 DEBUG: Cart 46326: Validating order
2020-07-28 00:16:56 1595888216 DEBUG: Cart 46326: Customer is back from Verifone e-commerce payment page. Waiting order validation (loop 0).
2020-07-28 00:16:57 1595888215 DEBUG: Cart 46326: Order 4958 validated, creating details
2020-07-28 00:16:57 1595888215 DEBUG: Cart 46326: Order 4958 / Le paiement a été autorisé et capturé par Paybox.
2020-07-28 00:16:58 1595888218 DEBUG: Cart 46326: Customer is back from Verifone e-commerce payment page. Payment success.
2020-07-28 20:54:40 1595962480 DEBUG: URL to check 2
2020-07-28 20:54:40 1595962480 DEBUG: Checking Verifone e-commerce URL https://tpeweb.paybox.com/load.html
2020-07-28 20:54:40 1595962480 DEBUG:   Valid url found: https://tpeweb.paybox.com/cgi/MYchoix_pagepaiement.cgi
2020-07-28 20:54:40 1595962480 DEBUG: Cart 46339: Redirecting customer to Verifone e-commerce (CARTE, CB).
2020-07-28 20:56:18 1595962578 DEBUG: Call params: M=17489&R=46339%20-%20amelie%20grognet&T=1491650740&A=544964&B=0&C=MasterCard&D=2205&E=00000&F=Y&G=O&I=FRA&J=68&N=513380&O=Y&P=3DSECURE&Q=20%3A54%3A40&S=342096331&W=28072020&Y=FRA&Z=0-0&K=mAuBe2QvFVP8P9Z35UCIKhe4Xw3iSIAZumnpisdli6t6Nvu9259O4jfF3dm8rRlEwOo5dRdKbFe0s5wrEpLHdIvqq1D1HiOk5SFJkS1E3Fdf3dtipwlp6QdJdFPs%2BSTrbhvA%2FWwkJCoJM7kohTXNT2l9dmV2iwhTxFK3LHg9%2FuM%3D
2020-07-28 20:56:18 1595962578 DEBUG: Cart 46339: Standard IPN
2020-07-28 20:56:18 1595962578 DEBUG: Cart 46339: Validating order
2020-07-28 20:56:18 1595962578 DEBUG: Cart 46339: Customer is back from Verifone e-commerce payment page. Waiting order validation (loop 0).
2020-07-28 20:56:20 1595962580 DEBUG: Cart 46339: Customer is back from Verifone e-commerce payment page. Waiting order validation (loop 1).
2020-07-28 20:56:21 1595962581 DEBUG: Cart 46339: Customer is back from Verifone e-commerce payment page. Waiting order validation (loop 2).
2020-07-28 20:56:22 1595962582 DEBUG: Cart 46339: Customer is back from Verifone e-commerce payment page. Waiting order validation (loop 3).
2020-07-28 20:56:23 1595962578 DEBUG: Cart 46339: Order 4959 validated, creating details
2020-07-28 20:56:23 1595962578 DEBUG: Cart 46339: Order 4959 / Le paiement a été autorisé et capturé par Paybox.
2020-07-28 20:56:23 1595962583 DEBUG: Cart 46339: Customer is back from Verifone e-commerce payment page. Payment success.
