2022-02-05 10:40:39 1644054039 DEBUG: URL to check 2
2022-02-05 10:40:39 1644054039 DEBUG: Checking Verifone e-commerce URL https://tpeweb.paybox.com/load.html
2022-02-05 10:40:39 1644054039 DEBUG:   Valid url found: https://tpeweb.paybox.com/cgi/MYframepagepaiement_ip.cgi
2022-02-05 10:40:39 1644054039 DEBUG: Cart 58136: Redirecting customer to Verifone e-commerce (CARTE, CB).
2022-02-05 10:52:11 1644054731 DEBUG: URL to check 2
2022-02-05 10:52:11 1644054731 DEBUG: Checking Verifone e-commerce URL https://tpeweb.paybox.com/load.html
2022-02-05 10:52:11 1644054731 DEBUG:   Valid url found: https://tpeweb.paybox.com/cgi/MYframepagepaiement_ip.cgi
2022-02-05 10:52:11 1644054731 DEBUG: Cart 58136: Redirecting customer to Verifone e-commerce (CARTE, CB).
2022-02-05 10:55:31 1644054931 DEBUG: Call params: M=2428&R=58136%20-%20Sophie%20Denechere&T=1590922993&A=531541&B=0&C=CB&D=2210&E=00000&F=Y&G=O&I=FRA&J=32&N=513861&O=Y&P=CARTE&Q=10%3A55%3A30&S=4347203&W=05022022&Y=FRA&Z=0-0&K=PoIODwmqJ3dT2KPQ6617zqLoeaSKbubSJ%2FC3dL3uQEWehHddN5IuF4GkFLkf3gdWvPGkv3ouqEkfx6R8UeJO98xrR6q%2FA50NPkSTFup9dPY1xWtCnXmm72vvQ7wQpzhnYIV7GOjByAVHBcR2SL%2Far6zkUBpxUttSbLrr7nJacBc%3D
2022-02-05 10:55:31 1644054931 DEBUG: Cart 58136: Standard IPN
2022-02-05 10:55:31 1644054931 DEBUG: Cart 58136: Validating order
2022-02-05 10:55:35 1644054935 DEBUG: Cart 58136: Customer is back from Verifone e-commerce payment page. Waiting order validation (loop 0).
2022-02-05 10:55:37 1644054937 DEBUG: Cart 58136: Customer is back from Verifone e-commerce payment page. Waiting order validation (loop 1).
2022-02-05 10:55:39 1644054939 DEBUG: Cart 58136: Customer is back from Verifone e-commerce payment page. Waiting order validation (loop 2).
2022-02-05 10:55:41 1644054941 DEBUG: Cart 58136: Customer is back from Verifone e-commerce payment page. Waiting order validation (loop 3).
2022-02-05 10:55:42 1644054931 DEBUG: Cart 58136: Order 5685 validated, creating details
2022-02-05 10:55:42 1644054931 DEBUG: Cart 58136: Order 5685 / Le paiement a été autorisé et capturé par Paybox.
2022-02-05 10:55:44 1644054944 DEBUG: Cart 58136: Customer is back from Verifone e-commerce payment page. Payment success.
2022-02-05 17:10:31 1644077431 DEBUG: URL to check 2
2022-02-05 17:10:31 1644077431 DEBUG: Checking Verifone e-commerce URL https://tpeweb.paybox.com/load.html
2022-02-05 17:10:31 1644077431 DEBUG:   Valid url found: https://tpeweb.paybox.com/cgi/MYchoix_pagepaiement.cgi
2022-02-05 17:10:31 1644077431 DEBUG: Cart 58144: Redirecting customer to Verifone e-commerce (CARTE, CB).
2022-02-05 17:12:52 1644077572 DEBUG: Call params: M=8080&R=58144%20-%20sandra%20provaux&T=1591044020&A=751095&B=0&C=CB&D=2401&E=00000&F=Y&G=O&I=FRA&J=53&N=499022&O=Y&P=3DSECURE&Q=17%3A12%3A51&S=4462694&W=05022022&Y=FRA&Z=0-0&K=n2WxKuKGZwTC4u9qz5SXSqz8UhjyOqnJ4hMr4RyOV%2BRRj6PASmMVtAsIXFffLB4O%2FrZxBVYsQQxwbJ26B9keHJWemYpl3nsZidpkKa2jwH3jQDcenDKtNNuAn%2Bq1oFf0R9GPUht7TVqaBnUUt46mRCFvOr7%2BwQ7fVXVllmKUonY%3D
2022-02-05 17:12:52 1644077572 DEBUG: Cart 58144: Standard IPN
2022-02-05 17:12:52 1644077572 DEBUG: Cart 58144: Validating order
2022-02-05 17:12:52 1644077572 DEBUG: Cart 58144: Customer is back from Verifone e-commerce payment page. Waiting order validation (loop 0).
2022-02-05 17:12:53 1644077573 DEBUG: Cart 58144: Customer is back from Verifone e-commerce payment page. Waiting order validation (loop 1).
2022-02-05 17:12:54 1644077574 DEBUG: Cart 58144: Customer is back from Verifone e-commerce payment page. Waiting order validation (loop 2).
2022-02-05 17:12:56 1644077572 DEBUG: Cart 58144: Order 5686 validated, creating details
2022-02-05 17:12:56 1644077572 DEBUG: Cart 58144: Order 5686 / Le paiement a été autorisé et capturé par Paybox.
2022-02-05 17:12:56 1644077576 DEBUG: Cart 58144: Customer is back from Verifone e-commerce payment page. Payment success.
2022-02-05 20:36:46 1644089806 DEBUG: URL to check 2
2022-02-05 20:36:46 1644089806 DEBUG: Checking Verifone e-commerce URL https://tpeweb.paybox.com/load.html
2022-02-05 20:36:46 1644089806 DEBUG:   Valid url found: https://tpeweb.paybox.com/cgi/MYchoix_pagepaiement.cgi
2022-02-05 20:36:46 1644089806 DEBUG: Cart 58148: Redirecting customer to Verifone e-commerce (CARTE, CB).
2022-02-05 20:38:50 1644089930 DEBUG: Call params: M=4672&R=58148%20-%20Christophe%20MEJAT&T=1591100740&A=396170&B=0&C=CB&D=2311&E=00000&F=Y&G=O&I=REU&J=20&N=497874&O=Y&P=3DSECURE&Q=20%3A38%3A48&S=4518298&W=05022022&Y=FRA&Z=0-0&K=Js0hyDA7Z5qK5KD9tHl0GZYYyki44agMesP0%2BdWUhSSYby9ZJsPsl3Cw%2FGVhta3Fyij7Gxql2VMQ63%2FtD4%2FkQOsd%2FVuICoeuPnElCKkgWa1qd6xZggFo26%2BtO7htMPqFSdrjiXnu2OIHDgWfVSpjrW1%2FfnHnvW5YJSDTrGw35wE%3D
2022-02-05 20:38:50 1644089930 DEBUG: Cart 58148: Standard IPN
2022-02-05 20:38:50 1644089930 DEBUG: Cart 58148: Validating order
2022-02-05 20:38:51 1644089931 DEBUG: Cart 58148: Customer is back from Verifone e-commerce payment page. Waiting order validation (loop 0).
2022-02-05 20:38:52 1644089930 DEBUG: Cart 58148: Order 5687 validated, creating details
2022-02-05 20:38:52 1644089930 DEBUG: Cart 58148: Order 5687 / Le paiement a été autorisé et capturé par Paybox.
2022-02-05 20:38:52 1644089932 DEBUG: Cart 58148: Customer is back from Verifone e-commerce payment page. Payment success.
2022-02-05 20:54:33 1644090873 DEBUG: URL to check 2
2022-02-05 20:54:33 1644090873 DEBUG: Checking Verifone e-commerce URL https://tpeweb.paybox.com/load.html
2022-02-05 20:54:33 1644090873 DEBUG:   Valid url found: https://tpeweb.paybox.com/cgi/MYframepagepaiement_ip.cgi
2022-02-05 20:54:33 1644090873 DEBUG: Cart 58150: Redirecting customer to Verifone e-commerce (CARTE, CB).
