2020-09-20 17:43:19 1600616599 DEBUG: URL to check 2
2020-09-20 17:43:19 1600616599 DEBUG: Checking Verifone e-commerce URL https://tpeweb.paybox.com/load.html
2020-09-20 17:43:19 1600616599 DEBUG:   Valid url found: https://tpeweb.paybox.com/cgi/MYframepagepaiement_ip.cgi
2020-09-20 17:43:19 1600616599 DEBUG: Cart 47944: Redirecting customer to Verifone e-commerce (CARTE, CB).
2020-09-20 17:44:24 1600616664 DEBUG: Call params: M=2274&R=47944%20-%20Christelle%20callier&T=1503139280&A=534883&B=0&C=MasterCard&D=2301&E=00000&F=Y&G=O&I=FRA&J=16&N=513770&O=Y&P=CARTE&Q=17%3A43%3A19&S=352283440&W=20092020&Y=FRA&Z=0-0&K=kUyZiIN1BsLH1M%2BfTHJ8hSdQsQVwQl4PiOHyIy988yf80T1ZkvgMfbBnHTqFqKlBvOBNjsZGh9ANetDWDF1GChrZ2L%2FI8Fi3f8j7zeNfvnACd2SRd2H9e9HTM1jPI5wFPwZKy3ec9%2BE4MBYSezZ5yezwkIm5%2Fl0zVaZp1N6G6bw%3D
2020-09-20 17:44:24 1600616664 DEBUG: Cart 47944: Standard IPN
2020-09-20 17:44:24 1600616664 DEBUG: Cart 47944: Validating order
2020-09-20 17:44:25 1600616665 DEBUG: Cart 47944: Customer is back from Verifone e-commerce payment page. Waiting order validation (loop 0).
2020-09-20 17:44:26 1600616666 DEBUG: Cart 47944: Customer is back from Verifone e-commerce payment page. Waiting order validation (loop 1).
2020-09-20 17:44:27 1600616667 DEBUG: Cart 47944: Customer is back from Verifone e-commerce payment page. Waiting order validation (loop 2).
2020-09-20 17:44:29 1600616669 DEBUG: Cart 47944: Customer is back from Verifone e-commerce payment page. Waiting order validation (loop 3).
2020-09-20 17:44:30 1600616670 DEBUG: Cart 47944: Customer is back from Verifone e-commerce payment page. Waiting order validation (loop 4).
2020-09-20 17:44:30 1600616664 DEBUG: Cart 47944: Order 5070 validated, creating details
2020-09-20 17:44:30 1600616664 DEBUG: Cart 47944: Order 5070 / Le paiement a été autorisé et capturé par Paybox.
2020-09-20 17:44:31 1600616671 DEBUG: Cart 47944: Customer is back from Verifone e-commerce payment page. Payment success.
2020-09-20 22:50:02 1600635002 DEBUG: URL to check 2
2020-09-20 22:50:02 1600635002 DEBUG: Checking Verifone e-commerce URL https://tpeweb.paybox.com/load.html
2020-09-20 22:50:02 1600635002 DEBUG:   Valid url found: https://tpeweb.paybox.com/cgi/MYchoix_pagepaiement.cgi
2020-09-20 22:50:02 1600635002 DEBUG: Cart 47952: Redirecting customer to Verifone e-commerce (CARTE, CB).
2020-09-20 22:52:04 1600635124 DEBUG: Call params: M=4774&R=47952%20-%20Laetitia%20DISSEIX-BERGER&T=953044386&A=424173&B=0&C=Visa&D=2102&E=00000&F=Y&G=O&I=FRA&J=11&N=497401&O=Y&P=3DSECURE&Q=22%3A50%3A04&S=213359737&W=20092020&Y=FRA&Z=0-0&K=YWOWCli%2B6YJX6a5cIh3a79tlRLauZIvY2xSUBqzWsSn3Zwuk9CWF14xA2oShqj0F7ae6B3ffbnhd5umFMLIGFNf6eyugzAbqkefFzx4JhVyT0%2Fc3PN6HxSutviEMaeYyA3JYEhe1bD1%2F8lhjV1dXOQQUmKKFn%2B7w73C5Seoyrx4%3D
2020-09-20 22:52:04 1600635124 DEBUG: Cart 47952: Standard IPN
2020-09-20 22:52:04 1600635124 DEBUG: Cart 47952: Validating order
2020-09-20 22:52:05 1600635125 DEBUG: Cart 47952: Customer is back from Verifone e-commerce payment page. Waiting order validation (loop 0).
2020-09-20 22:52:06 1600635126 DEBUG: Cart 47952: Customer is back from Verifone e-commerce payment page. Waiting order validation (loop 1).
2020-09-20 22:52:06 1600635124 DEBUG: Cart 47952: Order 5071 validated, creating details
2020-09-20 22:52:06 1600635124 DEBUG: Cart 47952: Order 5071 / Le paiement a été autorisé et capturé par Paybox.
2020-09-20 22:52:07 1600635127 DEBUG: Cart 47952: Customer is back from Verifone e-commerce payment page. Payment success.
