2021-08-01 13:04:36 1627815876 DEBUG: URL to check 2
2021-08-01 13:04:36 1627815876 DEBUG: Checking Verifone e-commerce URL https://tpeweb.paybox.com/load.html
2021-08-01 13:04:36 1627815876 DEBUG:   Valid url found: https://tpeweb.paybox.com/cgi/MYchoix_pagepaiement.cgi
2021-08-01 13:04:36 1627815876 DEBUG: Cart 54548: Redirecting customer to Verifone e-commerce (CARTE, CB).
2021-08-01 13:06:05 1627815965 DEBUG: Call params: M=8278&R=54548%20-%20Melanie%20Burel&T=1010504800&A=543997&B=0&C=CB&D=2309&E=00000&F=Y&G=O&I=FRA&J=82&N=497874&O=Y&P=3DSECURE&Q=13%3A06%3A03&S=264770921&W=01082021&Y=FRA&Z=0-0&K=bEN5vZ%2FjxvcJYdd05bRr7vdLNrbrZ5MQv0UE%2FAE06GqSX%2Fygb%2FU7z6XYVK5%2FT1PxxIfbn%2BUrMlIjf2roJH6GhYpsXOWy1lNK2G%2BTaXytqrnwBaR9iIf%2B6nEuaiNkcz85sjCtRpcm5heRnlbEoCBzg8LogNmUknmYM0C8xMwjRhQ%3D
2021-08-01 13:06:05 1627815965 DEBUG: Cart 54548: Standard IPN
2021-08-01 13:06:05 1627815965 DEBUG: Cart 54548: Validating order
2021-08-01 13:06:06 1627815966 DEBUG: Cart 54548: Customer is back from Verifone e-commerce payment page. Waiting order validation (loop 0).
2021-08-01 13:06:07 1627815967 DEBUG: Cart 54548: Customer is back from Verifone e-commerce payment page. Waiting order validation (loop 1).
2021-08-01 13:06:08 1627815968 DEBUG: Cart 54548: Customer is back from Verifone e-commerce payment page. Waiting order validation (loop 2).
2021-08-01 13:06:10 1627815970 DEBUG: Cart 54548: Customer is back from Verifone e-commerce payment page. Waiting order validation (loop 3).
2021-08-01 13:06:11 1627815971 DEBUG: Cart 54548: Customer is back from Verifone e-commerce payment page. Waiting order validation (loop 4).
2021-08-01 13:06:12 1627815972 DEBUG: Cart 54548: Customer is back from Verifone e-commerce payment page. Waiting order validation (loop 5).
2021-08-01 13:06:13 1627815965 DEBUG: Cart 54548: Order 5496 validated, creating details
2021-08-01 13:06:13 1627815965 DEBUG: Cart 54548: Order 5496 / Le paiement a été autorisé et capturé par Paybox.
2021-08-01 13:06:13 1627815973 DEBUG: Cart 54548: Customer is back from Verifone e-commerce payment page. Payment success.
2021-08-01 20:37:20 1627843039 DEBUG: URL to check 2
2021-08-01 20:37:20 1627843039 DEBUG: Checking Verifone e-commerce URL https://tpeweb.paybox.com/load.html
2021-08-01 20:37:20 1627843039 DEBUG:   Valid url found: https://tpeweb.paybox.com/cgi/MYframepagepaiement_ip.cgi
2021-08-01 20:37:20 1627843039 DEBUG: Cart 54557: Redirecting customer to Verifone e-commerce (CARTE, CB).
2021-08-01 20:39:03 1627843143 DEBUG: Call params: M=8080&R=54557%20-%20Cassandra%20Payet&T=1560244354&A=226493&B=0&C=CB&D=2405&E=00000&F=Y&G=O&I=FRA&J=16&N=497777&O=Y&P=CARTE&Q=20%3A39%3A01&S=410868856&W=01082021&Y=FRA&Z=0-0&K=jfxD%2FNkpALr1Kek9jHRfYXGKI0tdoNPCC0Dz3InE3VVXbslxeO%2BMPJSPQie1%2B9Wy5x%2FZwkjbmPKFyqDJJiSUubMKc6Z%2BY3bQzvSHkCrYTw4I1z%2BUB%2B6yYN8bDOFcFBu%2BAF9t4pW7dn6xPbfUEuo2tV0Igx3DN0fZuSBe03%2FGui4%3D
2021-08-01 20:39:03 1627843143 DEBUG: Cart 54557: Standard IPN
2021-08-01 20:39:03 1627843143 DEBUG: Cart 54557: Validating order
2021-08-01 20:39:03 1627843143 DEBUG: Cart 54557: Customer is back from Verifone e-commerce payment page. Waiting order validation (loop 0).
2021-08-01 20:39:04 1627843144 DEBUG: Cart 54557: Customer is back from Verifone e-commerce payment page. Waiting order validation (loop 1).
2021-08-01 20:39:06 1627843146 DEBUG: Cart 54557: Customer is back from Verifone e-commerce payment page. Waiting order validation (loop 2).
2021-08-01 20:39:06 1627843143 DEBUG: Cart 54557: Order 5497 validated, creating details
2021-08-01 20:39:06 1627843143 DEBUG: Cart 54557: Order 5497 / Le paiement a été autorisé et capturé par Paybox.
2021-08-01 20:39:07 1627843147 DEBUG: Cart 54557: Customer is back from Verifone e-commerce payment page. Payment success.
