2022-06-28 09:00:43 1656399643 DEBUG: URL to check 2
2022-06-28 09:00:43 1656399643 DEBUG: Checking Verifone e-commerce URL https://tpeweb.paybox.com/load.html
2022-06-28 09:00:43 1656399643 DEBUG:   Valid url found: https://tpeweb.paybox.com/cgi/MYframepagepaiement_ip.cgi
2022-06-28 09:00:43 1656399643 DEBUG: Cart 63225: Redirecting customer to Verifone e-commerce (CARTE, CB).
2022-06-28 09:17:38 1656400658 DEBUG: URL to check 2
2022-06-28 09:17:38 1656400658 DEBUG: Checking Verifone e-commerce URL https://tpeweb.paybox.com/load.html
2022-06-28 09:17:38 1656400658 DEBUG:   Valid url found: https://tpeweb.paybox.com/cgi/MYframepagepaiement_ip.cgi
2022-06-28 09:17:38 1656400658 DEBUG: Cart 63225: Redirecting customer to Verifone e-commerce (CARTE, CB).
2022-06-28 12:15:15 1656411315 DEBUG: URL to check 2
2022-06-28 12:15:15 1656411315 DEBUG: Checking Verifone e-commerce URL https://tpeweb.paybox.com/load.html
2022-06-28 12:15:15 1656411315 DEBUG:   Valid url found: https://tpeweb.paybox.com/cgi/MYchoix_pagepaiement.cgi
2022-06-28 12:15:15 1656411315 DEBUG: Cart 63232: Redirecting customer to Verifone e-commerce (CARTE, CB).
2022-06-28 12:47:46 1656413266 DEBUG: URL to check 2
2022-06-28 12:47:46 1656413266 DEBUG: Checking Verifone e-commerce URL https://tpeweb.paybox.com/load.html
2022-06-28 12:47:46 1656413266 DEBUG:   Valid url found: https://tpeweb.paybox.com/cgi/MYchoix_pagepaiement.cgi
2022-06-28 12:47:46 1656413266 DEBUG: Cart 63232: Redirecting customer to Verifone e-commerce (CARTE, CB).
2022-06-28 12:49:43 1656413382 DEBUG: URL to check 2
2022-06-28 12:49:43 1656413382 DEBUG: Checking Verifone e-commerce URL https://tpeweb.paybox.com/load.html
2022-06-28 12:49:43 1656413382 DEBUG:   Valid url found: https://tpeweb.paybox.com/cgi/MYchoix_pagepaiement.cgi
2022-06-28 12:49:43 1656413382 DEBUG: Cart 63232: Redirecting customer to Verifone e-commerce (CARTE, CB).
2022-06-28 16:31:34 1656426694 DEBUG: URL to check 2
2022-06-28 16:31:34 1656426694 DEBUG: Checking Verifone e-commerce URL https://tpeweb.paybox.com/load.html
2022-06-28 16:31:34 1656426694 DEBUG:   Valid url found: https://tpeweb.paybox.com/cgi/MYchoix_pagepaiement.cgi
2022-06-28 16:31:34 1656426694 DEBUG: Cart 63244: Redirecting customer to Verifone e-commerce (CARTE, CB).
2022-06-28 16:32:53 1656426773 DEBUG: URL to check 2
2022-06-28 16:32:53 1656426773 DEBUG: Checking Verifone e-commerce URL https://tpeweb.paybox.com/load.html
2022-06-28 16:32:53 1656426773 DEBUG:   Valid url found: https://tpeweb.paybox.com/cgi/MYchoix_pagepaiement.cgi
2022-06-28 16:32:53 1656426773 DEBUG: Cart 63244: Redirecting customer to Verifone e-commerce (CARTE, CB).
2022-06-28 16:32:54 1656426774 DEBUG: URL to check 2
2022-06-28 16:32:54 1656426774 DEBUG: Checking Verifone e-commerce URL https://tpeweb.paybox.com/load.html
2022-06-28 16:32:54 1656426774 DEBUG:   Valid url found: https://tpeweb.paybox.com/cgi/MYchoix_pagepaiement.cgi
2022-06-28 16:32:54 1656426774 DEBUG: Cart 63244: Redirecting customer to Verifone e-commerce (CARTE, CB).
2022-06-28 16:32:55 1656426775 DEBUG: URL to check 2
2022-06-28 16:32:55 1656426775 DEBUG: Checking Verifone e-commerce URL https://tpeweb.paybox.com/load.html
2022-06-28 16:32:55 1656426775 DEBUG:   Valid url found: https://tpeweb.paybox.com/cgi/MYchoix_pagepaiement.cgi
2022-06-28 16:32:55 1656426775 DEBUG: Cart 63244: Redirecting customer to Verifone e-commerce (CARTE, CB).
2022-06-28 16:32:56 1656426776 DEBUG: URL to check 2
2022-06-28 16:32:56 1656426776 DEBUG: Checking Verifone e-commerce URL https://tpeweb.paybox.com/load.html
2022-06-28 16:32:56 1656426776 DEBUG:   Valid url found: https://tpeweb.paybox.com/cgi/MYchoix_pagepaiement.cgi
2022-06-28 16:32:56 1656426776 DEBUG: Cart 63244: Redirecting customer to Verifone e-commerce (CARTE, CB).
2022-06-28 22:22:39 1656447759 DEBUG: URL to check 2
2022-06-28 22:22:39 1656447759 DEBUG: Checking Verifone e-commerce URL https://tpeweb.paybox.com/load.html
2022-06-28 22:22:39 1656447759 DEBUG:   Valid url found: https://tpeweb.paybox.com/cgi/MYchoix_pagepaiement.cgi
2022-06-28 22:22:39 1656447759 DEBUG: Cart 63257: Redirecting customer to Verifone e-commerce (CARTE, CB).
2022-06-28 22:23:43 1656447823 DEBUG: Call params: M=6328&R=63257%20-%20Marion%20PATRAC%20BOUCHER&T=1066493258&A=252454&B=0&C=CB&D=2409&E=00000&F=Y&G=O&I=FRA&J=94&N=499022&O=Y&P=3DSECURE&Q=22%3A23%3A41&S=921127613&W=28062022&Y=FRA&Z=0-0&K=twBnYuqxjkkiJeYzN0HcF%2Btr22ncUNg8HdE5Hdu7OARpIfPcVePb%2Bkki5mKPoUcjlR2u0oQkfx4hBTV8wV1BQpL%2FRmtMOMfxgcnCehJ7I4ORxTrZJ%2BQ7dA01dy7qaJyWLqjTeYQGPDwREGvLMldIfTYpD6zQlmNe7GWpprwa58A%3D
2022-06-28 22:23:43 1656447823 DEBUG: Cart 63257: Standard IPN
2022-06-28 22:23:43 1656447823 DEBUG: Cart 63257: Validating order
2022-06-28 22:23:43 1656447823 DEBUG: Cart 63257: Customer is back from Verifone e-commerce payment page. Waiting order validation (loop 0).
2022-06-28 22:23:45 1656447825 DEBUG: Cart 63257: Customer is back from Verifone e-commerce payment page. Waiting order validation (loop 1).
2022-06-28 22:23:46 1656447826 DEBUG: Cart 63257: Customer is back from Verifone e-commerce payment page. Waiting order validation (loop 2).
2022-06-28 22:23:46 1656447823 DEBUG: Cart 63257: Order 5953 validated, creating details
2022-06-28 22:23:46 1656447823 DEBUG: Cart 63257: Order 5953 / Le paiement a été autorisé et capturé par Paybox.
2022-06-28 22:23:47 1656447827 DEBUG: Cart 63257: Customer is back from Verifone e-commerce payment page. Payment success.
