2021-06-08 08:29:19 1623133758 DEBUG: URL to check 2
2021-06-08 08:29:19 1623133758 DEBUG: Checking Verifone e-commerce URL https://tpeweb.paybox.com/load.html
2021-06-08 08:29:19 1623133758 DEBUG:   Valid url found: https://tpeweb.paybox.com/cgi/MYframepagepaiement_ip.cgi
2021-06-08 08:29:19 1623133758 DEBUG: Cart 53252: Redirecting customer to Verifone e-commerce (CARTE, CB).
2021-06-08 08:30:11 1623133811 DEBUG: Call params: M=18159&R=53252%20-%20Aline%20BAUDRY&T=1550570958&B=0&C=Visa&D=2401&E=00159&F=Y&G=O&I=FRA&J=--&N=497887&O=Y&P=CARTE&Q=08%3A29%3A19&S=399328842&W=08062021&Y=FRA&Z=0-0&K=bKABakkcS%2BvZ6VGgipcX19e%2FC6%2FMB9%2FfzR6%2BqX85KVLQHpInjeZxUByJP%2FVKjHeExNqq30YslFoh1ktZGBSBorNdv2Nh72JTXiQkNsaDy89WrNPHESpsjs3zCbEG9bZR5ysKucNJcbNYYlSP4YkBBXCJjyZtyS0JSBYddX4cgqc%3D
2021-06-08 08:30:11 1623133811 DEBUG: Cart 53252: (IPN) Payment was refused by Verifone e-commerce (159).
2021-06-08 10:40:51 1623141651 DEBUG: URL to check 2
2021-06-08 10:40:51 1623141651 DEBUG: Checking Verifone e-commerce URL https://tpeweb.paybox.com/load.html
2021-06-08 10:40:51 1623141651 DEBUG:   Valid url found: https://tpeweb.paybox.com/cgi/MYchoix_pagepaiement.cgi
2021-06-08 10:40:51 1623141651 DEBUG: Cart 53254: Redirecting customer to Verifone e-commerce (CARTE, CB).
2021-06-08 10:42:44 1623141764 DEBUG: Call params: M=8078&R=53254%20-%20Vienna%20Makarowicz&T=1001021354&A=428418&B=0&C=Visa&D=2201&E=00000&F=Y&G=O&I=FRA&J=27&N=456122&O=Y&P=3DSECURE&Q=10%3A40%3A52&S=256796127&W=08062021&Y=FRA&Z=0-0&K=crSE56kPUKfyXGWio5sxaoENlkTngZv0OLVj5fW%2FfQhPLyJx7uPLdPJF8TZy%2F8epnWsd1OEfCxyCwPsmVMBErvMo3kYWItYPYSVXL%2FzFT83iuUzWvNvFy2UxnZCUPuHXHzGMbng2lLuAnuqs6rUo%2FBBiX8v75M4hDTRZrHeQZ10%3D
2021-06-08 10:42:44 1623141764 DEBUG: Cart 53254: Customer is back from Verifone e-commerce payment page. Waiting order validation (loop 0).
2021-06-08 10:42:44 1623141764 DEBUG: Cart 53254: Standard IPN
2021-06-08 10:42:44 1623141764 DEBUG: Cart 53254: Validating order
2021-06-08 10:42:45 1623141765 DEBUG: Cart 53254: Customer is back from Verifone e-commerce payment page. Waiting order validation (loop 1).
2021-06-08 10:42:46 1623141766 DEBUG: Cart 53254: Customer is back from Verifone e-commerce payment page. Waiting order validation (loop 2).
2021-06-08 10:42:47 1623141767 DEBUG: Cart 53254: Customer is back from Verifone e-commerce payment page. Waiting order validation (loop 3).
2021-06-08 10:42:48 1623141768 DEBUG: Cart 53254: Customer is back from Verifone e-commerce payment page. Waiting order validation (loop 4).
2021-06-08 10:42:49 1623141769 DEBUG: Cart 53254: Customer is back from Verifone e-commerce payment page. Waiting order validation (loop 5).
2021-06-08 10:42:51 1623141771 DEBUG: Cart 53254: Customer is back from Verifone e-commerce payment page. Waiting order validation (loop 6).
2021-06-08 10:42:52 1623141772 DEBUG: Cart 53254: Customer is back from Verifone e-commerce payment page. Waiting order validation (loop 7).
2021-06-08 10:42:53 1623141764 DEBUG: Cart 53254: Order 5374 validated, creating details
2021-06-08 10:42:53 1623141764 DEBUG: Cart 53254: Order 5374 / Le paiement a été autorisé et capturé par Paybox.
2021-06-08 10:42:53 1623141773 DEBUG: Cart 53254: Customer is back from Verifone e-commerce payment page. Payment success.
2021-06-08 20:20:06 1623176405 DEBUG: URL to check 2
2021-06-08 20:20:06 1623176405 DEBUG: Checking Verifone e-commerce URL https://tpeweb.paybox.com/load.html
2021-06-08 20:20:06 1623176405 DEBUG:   Valid url found: https://tpeweb.paybox.com/cgi/MYchoix_pagepaiement.cgi
2021-06-08 20:20:06 1623176405 DEBUG: Cart 53272: Redirecting customer to Verifone e-commerce (CARTE, CB).
2021-06-08 20:23:17 1623176597 DEBUG: Call params: M=18159&R=53272%20-%20Sylvie%20SICAIRE&T=1550743594&A=599922&B=0&C=E_CARD&D=2108&E=00000&F=Y&G=O&I=FRA&J=17&N=513029&O=Y&P=3DSECURE&Q=20%3A23%3A15&S=399490775&W=08062021&Y=FRA&Z=0-0&K=iTuQBNtSEhf5smbXWybCjoKQ%2FLvkmrpiiSOGamP47lBNTmTWZ2yEOZlSny8bRSIm%2BzPbG126PYtQN5ZTIgoSXML8NU%2FFWtczAinUrJi2ZuBUztBAOotBRpFjvkc7sP7G5DQJIAZz%2Bq1PMGErlwzGpx1e7tlKxw2KNCl5QHcq33A%3D
2021-06-08 20:23:17 1623176597 DEBUG: Cart 53272: Standard IPN
2021-06-08 20:23:17 1623176597 DEBUG: Cart 53272: Validating order
2021-06-08 20:23:18 1623176598 DEBUG: Cart 53272: Customer is back from Verifone e-commerce payment page. Waiting order validation (loop 0).
2021-06-08 20:23:19 1623176599 DEBUG: Cart 53272: Customer is back from Verifone e-commerce payment page. Waiting order validation (loop 1).
2021-06-08 20:23:20 1623176600 DEBUG: Cart 53272: Customer is back from Verifone e-commerce payment page. Waiting order validation (loop 2).
2021-06-08 20:23:21 1623176597 DEBUG: Cart 53272: Order 5375 validated, creating details
2021-06-08 20:23:21 1623176597 DEBUG: Cart 53272: Order 5375 / Le paiement a été autorisé et capturé par Paybox.
2021-06-08 20:23:21 1623176601 DEBUG: Cart 53272: Customer is back from Verifone e-commerce payment page. Payment success.
2021-06-08 21:32:26 1623180746 DEBUG: URL to check 2
2021-06-08 21:32:26 1623180746 DEBUG: Checking Verifone e-commerce URL https://tpeweb.paybox.com/load.html
2021-06-08 21:32:26 1623180746 DEBUG:   Valid url found: https://tpeweb.paybox.com/cgi/MYchoix_pagepaiement.cgi
2021-06-08 21:32:26 1623180746 DEBUG: Cart 53275: Redirecting customer to Verifone e-commerce (CARTE, CB).
2021-06-08 21:48:36 1623181716 DEBUG: Cart 53275: Customer is back from Verifone e-commerce payment page. Payment refused by Verifone e-commerce (30).
2021-06-08 21:49:13 1623181753 DEBUG: URL to check 2
2021-06-08 21:49:13 1623181753 DEBUG: Checking Verifone e-commerce URL https://tpeweb.paybox.com/load.html
2021-06-08 21:49:13 1623181753 DEBUG:   Valid url found: https://tpeweb.paybox.com/cgi/MYchoix_pagepaiement.cgi
2021-06-08 21:49:13 1623181753 DEBUG: Cart 53275: Redirecting customer to Verifone e-commerce (CARTE, CB).
2021-06-08 21:49:33 1623181773 DEBUG: URL to check 2
2021-06-08 21:49:33 1623181773 DEBUG: Checking Verifone e-commerce URL https://tpeweb.paybox.com/load.html
2021-06-08 21:49:33 1623181773 DEBUG:   Valid url found: https://tpeweb.paybox.com/cgi/MYchoix_pagepaiement.cgi
2021-06-08 21:49:33 1623181773 DEBUG: Cart 53275: Redirecting customer to Verifone e-commerce (CARTE, CB).
2021-06-08 21:51:56 1623181916 DEBUG: URL to check 2
2021-06-08 21:51:56 1623181916 DEBUG: Checking Verifone e-commerce URL https://tpeweb.paybox.com/load.html
2021-06-08 21:51:56 1623181916 DEBUG:   Valid url found: https://tpeweb.paybox.com/cgi/MYchoix_pagepaiement.cgi
2021-06-08 21:51:56 1623181916 DEBUG: Cart 53275: Redirecting customer to Verifone e-commerce (CARTE, CB).
2021-06-08 22:00:36 1623182436 DEBUG: URL to check 2
2021-06-08 22:00:36 1623182436 DEBUG: Checking Verifone e-commerce URL https://tpeweb.paybox.com/load.html
2021-06-08 22:00:36 1623182436 DEBUG:   Valid url found: https://tpeweb.paybox.com/cgi/MYchoix_pagepaiement.cgi
2021-06-08 22:00:36 1623182436 DEBUG: Cart 53275: Redirecting customer to Verifone e-commerce (CARTE, CB).
2021-06-08 22:07:31 1623182851 DEBUG: URL to check 2
2021-06-08 22:07:31 1623182851 DEBUG: Checking Verifone e-commerce URL https://tpeweb.paybox.com/load.html
2021-06-08 22:07:31 1623182851 DEBUG:   Valid url found: https://tpeweb.paybox.com/cgi/MYframepagepaiement_ip.cgi
2021-06-08 22:07:31 1623182851 DEBUG: Cart 53277: Redirecting customer to Verifone e-commerce (CARTE, CB).
2021-06-08 22:08:46 1623182926 DEBUG: Call params: M=8078&R=53277%20-%20Celia%20Detouillon&T=1550765838&A=314391&B=0&C=CB&D=2205&E=00000&F=Y&G=O&I=FRA&J=88&N=513162&O=Y&P=CARTE&Q=22%3A08%3A41&S=399513026&W=08062021&Y=FRA&Z=0-0&K=o%2FwRRaSIZaYgW8xmeJbiOTll04%2BG8rXWXxT5xaMWQscXGWvQ%2FmQO09x%2FJh9Nu22srNgLt2Fmvqp%2BjaXAvDQ1VN4A7xvvNMr%2F%2BGskFdtduwe0QnlNeAtI4Ew5DufdbxvruhOd5Oj5GZU99wX7Yxx3%2BxYpPqaU%2B8vmURSI1b2J6TY%3D
2021-06-08 22:08:46 1623182926 DEBUG: Cart 53277: Standard IPN
2021-06-08 22:08:46 1623182926 DEBUG: Cart 53277: Validating order
2021-06-08 22:08:47 1623182927 DEBUG: Cart 53277: Customer is back from Verifone e-commerce payment page. Waiting order validation (loop 0).
2021-06-08 22:08:48 1623182928 DEBUG: Cart 53277: Customer is back from Verifone e-commerce payment page. Waiting order validation (loop 1).
2021-06-08 22:08:48 1623182926 DEBUG: Cart 53277: Order 5376 validated, creating details
2021-06-08 22:08:48 1623182926 DEBUG: Cart 53277: Order 5376 / Le paiement a été autorisé et capturé par Paybox.
2021-06-08 22:08:49 1623182929 DEBUG: Cart 53277: Customer is back from Verifone e-commerce payment page. Payment success.
