2022-04-06 11:11:07 1649236267 DEBUG: URL to check 2
2022-04-06 11:11:07 1649236267 DEBUG: Checking Verifone e-commerce URL https://tpeweb.paybox.com/load.html
2022-04-06 11:11:07 1649236267 DEBUG:   Valid url found: https://tpeweb.paybox.com/cgi/MYchoix_pagepaiement.cgi
2022-04-06 11:11:07 1649236267 DEBUG: Cart 60059: Redirecting customer to Verifone e-commerce (CARTE, CB).
2022-04-06 11:15:38 1649236538 DEBUG: Call params: M=8100&R=60059%20-%20Axelle%20Colot&T=1051918109&A=258808&B=0&C=MasterCard&D=2502&E=00000&F=Y&G=O&I=BEL&J=66&N=539848&O=Y&P=3DSECURE&Q=11%3A15%3A36&S=14806949&W=06042022&Y=BEL&Z=0-0&K=0a5wcNB2%2F4yOl6s6jN1rPTKdfzXKYnrKB5fU3vYXHL1nrroTnOTI93Wrr7i8ut9KuBNefHPUk0d9sVuleSMhsxMPgIU%2BgFGA3G712K44KPImGULVbjcdrNd%2BAZEu1P%2B34IjgBvEFsgQXnBrSTe7d0Li7WpvXd64IRTc11lAgIQA%3D
2022-04-06 11:15:38 1649236538 DEBUG: Cart 60059: Standard IPN
2022-04-06 11:15:38 1649236538 DEBUG: Cart 60059: Validating order
2022-04-06 11:15:38 1649236538 DEBUG: Cart 60059: Customer is back from Verifone e-commerce payment page. Waiting order validation (loop 0).
2022-04-06 11:15:39 1649236539 DEBUG: Cart 60059: Customer is back from Verifone e-commerce payment page. Waiting order validation (loop 1).
2022-04-06 11:15:41 1649236540 DEBUG: Cart 60059: Customer is back from Verifone e-commerce payment page. Waiting order validation (loop 2).
2022-04-06 11:15:42 1649236542 DEBUG: Cart 60059: Customer is back from Verifone e-commerce payment page. Waiting order validation (loop 3).
2022-04-06 11:15:43 1649236543 DEBUG: Cart 60059: Customer is back from Verifone e-commerce payment page. Waiting order validation (loop 4).
2022-04-06 11:15:44 1649236544 DEBUG: Cart 60059: Customer is back from Verifone e-commerce payment page. Waiting order validation (loop 5).
2022-04-06 11:15:45 1649236545 DEBUG: Cart 60059: Customer is back from Verifone e-commerce payment page. Waiting order validation (loop 6).
2022-04-06 11:15:46 1649236546 DEBUG: Cart 60059: Customer is back from Verifone e-commerce payment page. Waiting order validation (loop 7).
2022-04-06 11:15:48 1649236548 DEBUG: Cart 60059: Customer is back from Verifone e-commerce payment page. Waiting order validation (loop 8).
2022-04-06 11:15:49 1649236538 DEBUG: Cart 60059: Order 5769 validated, creating details
2022-04-06 11:15:49 1649236538 DEBUG: Cart 60059: Order 5769 / Le paiement a été autorisé et capturé par Paybox.
2022-04-06 11:15:49 1649236549 DEBUG: Cart 60059: Customer is back from Verifone e-commerce payment page. Payment success.
2022-04-06 21:03:48 1649271828 DEBUG: URL to check 2
2022-04-06 21:03:48 1649271828 DEBUG: Checking Verifone e-commerce URL https://tpeweb.paybox.com/load.html
2022-04-06 21:03:48 1649271828 DEBUG:   Valid url found: https://tpeweb.paybox.com/cgi/MYchoix_pagepaiement.cgi
2022-04-06 21:03:48 1649271828 DEBUG: Cart 60083: Redirecting customer to Verifone e-commerce (CARTE, CB).
2022-04-06 21:05:06 1649271906 DEBUG: Call params: M=4279&R=60083%20-%20Alexis%20BOURDIER&T=1600305252&A=368423&B=0&C=CB&D=2305&E=00000&F=Y&G=O&I=FRA&J=58&N=497653&O=Y&P=3DSECURE&Q=21%3A05%3A04&S=14918821&W=06042022&Y=FRA&Z=0-0&K=uC3quk8fhy5%2FWAdlqiiYsOgwvDhSPtTE84X4OaacJ6iHqyJIYLYKobl56YWriV6NAKA5hua%2BdYWA%2BKuiS1c0QkGqwAfMGz%2FK4Z30ybeuE07uNrw%2FZRW16RUND5UmkNevShavOba3VfHhJCvthB%2F6SLwfMKBIKV4PS591fn5niyU%3D
2022-04-06 21:05:06 1649271906 DEBUG: Cart 60083: Standard IPN
2022-04-06 21:05:06 1649271906 DEBUG: Cart 60083: Validating order
2022-04-06 21:05:06 1649271906 DEBUG: Cart 60083: Customer is back from Verifone e-commerce payment page. Waiting order validation (loop 0).
2022-04-06 21:05:07 1649271907 DEBUG: Cart 60083: Customer is back from Verifone e-commerce payment page. Waiting order validation (loop 1).
2022-04-06 21:05:08 1649271908 DEBUG: Cart 60083: Customer is back from Verifone e-commerce payment page. Waiting order validation (loop 2).
2022-04-06 21:05:09 1649271906 DEBUG: Cart 60083: Order 5771 validated, creating details
2022-04-06 21:05:09 1649271906 DEBUG: Cart 60083: Order 5771 / Le paiement a été autorisé et capturé par Paybox.
2022-04-06 21:05:10 1649271910 DEBUG: Cart 60083: Customer is back from Verifone e-commerce payment page. Payment success.
