2022-05-25 21:54:33 1653508473 DEBUG: URL to check 2
2022-05-25 21:54:33 1653508473 DEBUG: Checking Verifone e-commerce URL https://tpeweb.paybox.com/load.html
2022-05-25 21:54:33 1653508473 DEBUG:   Valid url found: https://tpeweb.paybox.com/cgi/MYchoix_pagepaiement.cgi
2022-05-25 21:54:33 1653508473 DEBUG: Cart 61620: Redirecting customer to Verifone e-commerce (CARTE, CB).
2022-05-25 21:54:40 1653508480 DEBUG: Cart 61620: Payment was canceled by user on Verifone e-commerce payment page.
2022-05-25 21:55:29 1653508529 DEBUG: URL to check 2
2022-05-25 21:55:29 1653508529 DEBUG: Checking Verifone e-commerce URL https://tpeweb.paybox.com/load.html
2022-05-25 21:55:29 1653508529 DEBUG:   Valid url found: https://tpeweb.paybox.com/cgi/MYchoix_pagepaiement.cgi
2022-05-25 21:55:29 1653508529 DEBUG: Cart 61620: Redirecting customer to Verifone e-commerce (CARTE, CB).
2022-05-25 21:55:50 1653508550 DEBUG: Cart 61620: Payment was canceled by user on Verifone e-commerce payment page.
2022-05-25 21:56:15 1653508575 DEBUG: URL to check 2
2022-05-25 21:56:15 1653508575 DEBUG: Checking Verifone e-commerce URL https://tpeweb.paybox.com/load.html
2022-05-25 21:56:15 1653508575 DEBUG:   Valid url found: https://tpeweb.paybox.com/cgi/MYchoix_pagepaiement.cgi
2022-05-25 21:56:15 1653508575 DEBUG: Cart 61620: Redirecting customer to Verifone e-commerce (CARTE, CB).
2022-05-25 21:57:35 1653508655 DEBUG: Call params: M=17705&R=61620%20-%20Rita%20Tozy&T=1060275694&A=479293&B=0&C=CB&D=2310&E=00000&F=Y&G=O&I=MAR&J=09&N=497203&O=Y&P=3DSECURE&Q=21%3A57%3A33&S=915161186&W=25052022&Y=FRA&Z=0-0&K=PhxYjXBn%2FboBYmBYsJ2mmjbQoewbEPOnD0H%2B3IRuaC3WYkjzq0AOZWsfkjEoJwcsJT%2FXj2kNSBPu0aL0kpl2FClWjp62PHXPOEPC9DvpzO%2BPjNZKOE5Hfbyqe%2FwgTh%2FzwA0a%2Bhd74vRifzZOB2h2PdrD5vEfcWwTYQeCClxXx1k%3D
2022-05-25 21:57:35 1653508655 DEBUG: Cart 61620: Standard IPN
2022-05-25 21:57:35 1653508655 DEBUG: Cart 61620: Validating order
2022-05-25 21:57:35 1653508655 DEBUG: Cart 61620: Customer is back from Verifone e-commerce payment page. Waiting order validation (loop 0).
2022-05-25 21:57:37 1653508657 DEBUG: Cart 61620: Customer is back from Verifone e-commerce payment page. Waiting order validation (loop 1).
2022-05-25 21:57:38 1653508658 DEBUG: Cart 61620: Customer is back from Verifone e-commerce payment page. Waiting order validation (loop 2).
2022-05-25 21:57:38 1653508655 DEBUG: Cart 61620: Order 5876 validated, creating details
2022-05-25 21:57:38 1653508655 DEBUG: Cart 61620: Order 5876 / Le paiement a été autorisé et capturé par Paybox.
2022-05-25 21:57:39 1653508659 DEBUG: Cart 61620: Customer is back from Verifone e-commerce payment page. Payment success.
