2022-05-01 10:47:41 1651394861 DEBUG: URL to check 2
2022-05-01 10:47:41 1651394861 DEBUG: Checking Verifone e-commerce URL https://tpeweb.paybox.com/load.html
2022-05-01 10:47:41 1651394861 DEBUG:   Valid url found: https://tpeweb.paybox.com/cgi/MYframepagepaiement_ip.cgi
2022-05-01 10:47:41 1651394861 DEBUG: Cart 60902: Redirecting customer to Verifone e-commerce (CARTE, CB).
2022-05-01 10:48:54 1651394934 DEBUG: URL to check 2
2022-05-01 10:48:54 1651394934 DEBUG: Checking Verifone e-commerce URL https://tpeweb.paybox.com/load.html
2022-05-01 10:48:54 1651394934 DEBUG:   Valid url found: https://tpeweb.paybox.com/cgi/MYframepagepaiement_ip.cgi
2022-05-01 10:48:54 1651394934 DEBUG: Cart 60902: Redirecting customer to Verifone e-commerce (CARTE, CB).
2022-05-01 10:50:11 1651395011 DEBUG: Call params: M=14443&R=60902%20-%20Jennifer%20Escurier&T=1056280075&A=853613&B=0&C=CB&D=2309&E=00000&F=Y&G=O&I=FRA&J=32&N=513771&O=Y&P=CARTE&Q=10%3A50%3A10&S=911036725&W=01052022&Y=FRA&Z=0-0&K=CVHJG19WRseBeXmgGHYVdKU%2FWGDAappusdwUaaUikk2HGh%2BZcee5jBEqkhzY4iRDFzyaczUvdscczLFnNNiwGGia16EwuiknAdDyLTEO4fWorkHfUNZBgaQnIGPP1j4aOBUpU4x%2FD8k89%2BLR2bZLWPMv7PnZM%2BGOQnXaH4o7G70%3D
2022-05-01 10:50:11 1651395011 DEBUG: Cart 60902: Standard IPN
2022-05-01 10:50:11 1651395011 DEBUG: Cart 60902: Validating order
2022-05-01 10:50:12 1651395011 DEBUG: Cart 60902: Customer is back from Verifone e-commerce payment page. Waiting order validation (loop 0).
2022-05-01 10:50:13 1651395013 DEBUG: Cart 60902: Customer is back from Verifone e-commerce payment page. Waiting order validation (loop 1).
2022-05-01 10:50:14 1651395014 DEBUG: Cart 60902: Customer is back from Verifone e-commerce payment page. Waiting order validation (loop 2).
2022-05-01 10:50:15 1651395015 DEBUG: Cart 60902: Customer is back from Verifone e-commerce payment page. Waiting order validation (loop 3).
2022-05-01 10:50:16 1651395016 DEBUG: Cart 60902: Customer is back from Verifone e-commerce payment page. Waiting order validation (loop 4).
2022-05-01 10:50:18 1651395018 DEBUG: Cart 60902: Customer is back from Verifone e-commerce payment page. Waiting order validation (loop 5).
2022-05-01 10:50:19 1651395019 DEBUG: Cart 60902: Customer is back from Verifone e-commerce payment page. Waiting order validation (loop 6).
2022-05-01 10:50:20 1651395020 DEBUG: Cart 60902: Customer is back from Verifone e-commerce payment page. Waiting order validation (loop 7).
2022-05-01 10:50:21 1651395021 DEBUG: Cart 60902: Customer is back from Verifone e-commerce payment page. Waiting order validation (loop 8).
2022-05-01 10:50:22 1651395022 DEBUG: Cart 60902: Customer is back from Verifone e-commerce payment page. Waiting order validation (loop 9).
2022-05-01 10:50:24 1651395024 DEBUG: Cart 60902: Customer is back from Verifone e-commerce payment page. Waiting order validation (loop 10).
2022-05-01 10:50:24 1651395011 DEBUG: Cart 60902: Order 5827 validated, creating details
2022-05-01 10:50:24 1651395011 DEBUG: Cart 60902: Order 5827 / Le paiement a été autorisé et capturé par Paybox.
2022-05-01 10:50:25 1651395025 DEBUG: Cart 60902: Customer is back from Verifone e-commerce payment page. Payment success.
