2020-10-17 15:51:34 1602942693 DEBUG: URL to check 2
2020-10-17 15:51:34 1602942693 DEBUG: Checking Verifone e-commerce URL https://tpeweb.paybox.com/load.html
2020-10-17 15:51:34 1602942693 DEBUG:   Valid url found: https://tpeweb.paybox.com/cgi/MYchoix_pagepaiement.cgi
2020-10-17 15:51:34 1602942693 DEBUG: Cart 48450: Redirecting customer to Verifone e-commerce (CARTE, CB).
2020-10-17 16:14:36 1602944076 DEBUG: Cart 48450: Customer is back from Verifone e-commerce payment page. Payment refused by Verifone e-commerce (30).
2020-10-17 16:15:09 1602944109 DEBUG: URL to check 2
2020-10-17 16:15:09 1602944109 DEBUG: Checking Verifone e-commerce URL https://tpeweb.paybox.com/load.html
2020-10-17 16:15:09 1602944109 DEBUG:   Valid url found: https://tpeweb.paybox.com/cgi/MYchoix_pagepaiement.cgi
2020-10-17 16:15:09 1602944109 DEBUG: Cart 48450: Redirecting customer to Verifone e-commerce (CARTE, CB).
2020-10-17 16:15:43 1602944143 DEBUG: URL to check 2
2020-10-17 16:15:43 1602944143 DEBUG: Checking Verifone e-commerce URL https://tpeweb.paybox.com/load.html
2020-10-17 16:15:43 1602944143 DEBUG:   Valid url found: https://tpeweb.paybox.com/cgi/MYchoix_pagepaiement.cgi
2020-10-17 16:15:43 1602944143 DEBUG: Cart 48450: Redirecting customer to Verifone e-commerce (CARTE, CB).
2020-10-17 17:56:44 1602950203 DEBUG: URL to check 2
2020-10-17 17:56:44 1602950203 DEBUG: Checking Verifone e-commerce URL https://tpeweb.paybox.com/load.html
2020-10-17 17:56:44 1602950203 DEBUG:   Valid url found: https://tpeweb.paybox.com/cgi/MYframepagepaiement_ip.cgi
2020-10-17 17:56:44 1602950203 DEBUG: Cart 48451: Redirecting customer to Verifone e-commerce (CARTE, CB).
2020-10-17 17:58:05 1602950285 DEBUG: Call params: M=7784&R=48451%20-%20Caroline%20FRUMHOLZ&T=958998547&A=465525&B=0&C=MasterCard&D=2309&E=00000&F=Y&G=O&I=FRA&J=08&N=513283&O=Y&P=CARTE&Q=17%3A56%3A44&S=218500403&W=17102020&Y=FRA&Z=0-0&K=jKkUNh2Ars9G%2BdilM1QhWYlw08pndHmsRXZVdHzz1URBO0fTq5l6jlaaUztWlGa87mJ%2FwNsU9Pjo4%2Bv7IOhQSIn1%2BsbukmykGRS4i4P9qc7%2BWvv3yHm%2Fs5d8RaaJUo3NLz44cNgFcniER0KsU8YSWr47Ea8sF5enQdSwFz9g2c8%3D
2020-10-17 17:58:05 1602950285 DEBUG: Cart 48451: Standard IPN
2020-10-17 17:58:05 1602950285 DEBUG: Cart 48451: Validating order
2020-10-17 17:58:05 1602950285 DEBUG: Cart 48451: Customer is back from Verifone e-commerce payment page. Waiting order validation (loop 0).
2020-10-17 17:58:06 1602950286 DEBUG: Cart 48451: Customer is back from Verifone e-commerce payment page. Waiting order validation (loop 1).
2020-10-17 17:58:08 1602950288 DEBUG: Cart 48451: Customer is back from Verifone e-commerce payment page. Waiting order validation (loop 2).
2020-10-17 17:58:08 1602950285 DEBUG: Cart 48451: Order 5100 validated, creating details
2020-10-17 17:58:08 1602950285 DEBUG: Cart 48451: Order 5100 / Le paiement a été autorisé et capturé par Paybox.
2020-10-17 17:58:09 1602950289 DEBUG: Cart 48451: Customer is back from Verifone e-commerce payment page. Payment success.
