2017-11-01 19:42:31 1509561751 DEBUG: URL to check 2
2017-11-01 19:42:32 1509561751 DEBUG: Checking Paybox URL https://tpeweb.paybox.com/load.html
2017-11-01 19:42:32 1509561751 DEBUG:   Valid url found: https://tpeweb.paybox.com/cgi/MYchoix_pagepaiement.cgi
2017-11-01 19:42:32 1509561751 DEBUG: Cart 19413: Redirecting customer to Paybox (CARTE, CB).
2017-11-01 19:43:55 1509561835 DEBUG: Call params: M=30625&R=19413%20-%20Valerie%20CABRION&T=760943747&A=323223&B=0&C=Visa&D=2006&E=00000&F=Y&G=O&I=FRA&J=52&N=497291&O=Y&P=3DSECURE&Q=19%3A42%3A34&S=746211540&W=01112017&Y=FRA&K=SpTvRX00zuw%2Fa2SZkz6fAFXmTB4qTJIxWz9FWXDx84EjXHpMues95%2BwfFFF30UjGDb%2BPjP54VyWLLrUy1%2FQM04wqd080mgH81WEZ%2FCBK8GPpPnl%2F7lqk%2B9vkrLqmUxZv%2FTzsAjG2iVNToqrULbfLzGTy4s85gYJBOfI3Cku3mz8%3D
2017-11-01 19:43:55 1509561835 DEBUG: Cart 19413: Standard IPN
2017-11-01 19:43:55 1509561835 DEBUG: Cart 19413: Validating order
2017-11-01 19:43:56 1509561836 DEBUG: Cart 19413: Customer is back from Paybox payment page. Waiting order validation (loop 0).
2017-11-01 19:43:57 1509561835 DEBUG: Cart 19413: Order 1756 / Le paiement a été autorisé et capturé par Paybox.
2017-11-01 19:43:57 1509561837 DEBUG: Cart 19413: Customer is back from Paybox payment page. Payment success.
2017-11-01 19:43:57 1509561837 DEBUG: Call params: M=30625&R=19413%20-%20Valerie%20CABRION&T=760943747&A=323223&B=0&C=Visa&D=2006&E=00000&F=Y&G=O&I=FRA&J=52&N=497291&O=Y&P=3DSECURE&Q=19%3A42%3A34&S=746211540&W=01112017&Y=FRA&K=SpTvRX00zuw%2Fa2SZkz6fAFXmTB4qTJIxWz9FWXDx84EjXHpMues95%2BwfFFF30UjGDb%2BPjP54VyWLLrUy1%2FQM04wqd080mgH81WEZ%2FCBK8GPpPnl%2F7lqk%2B9vkrLqmUxZv%2FTzsAjG2iVNToqrULbfLzGTy4s85gYJBOfI3Cku3mz8%3D
2017-11-01 19:43:57 1509561837 DEBUG: Cart 19413: (IPN) Cart already being validated as order.
2017-11-01 22:32:14 1509571933 DEBUG: URL to check 2
2017-11-01 22:32:14 1509571933 DEBUG: Checking Paybox URL https://tpeweb.paybox.com/load.html
2017-11-01 22:32:14 1509571933 DEBUG:   Valid url found: https://tpeweb.paybox.com/cgi/MYframepagepaiement_ip.cgi
2017-11-01 22:32:14 1509571933 DEBUG: Cart 19419: Redirecting customer to Paybox (CARTE, CB).
2017-11-01 22:35:49 1509572149 DEBUG: Call params: M=4977&R=19419%20-%20Flora%20Victoire&T=760990922&A=111329&B=0&C=MasterCard&D=2001&E=00000&F=Y&G=O&I=FRA&J=85&N=513770&O=Y&P=3DSECURE&Q=22%3A32%3A15&S=746250522&W=01112017&Y=FRA&K=jrXeCbX9U4l1YQn32o7I6T%2BhRkjXN7eyXSrArlRsjYiC9YnwPuC1pAMvlh8suaw8Gp1MMj%2Bioy8zaC2k%2Bq92aS3ubPBepcpfyRgTEHH6FvEEmFNPYtTuPfFTgy2JSuFvkP%2BGG%2Bov1JlCtRNVN5%2FNAG4lrEGuRictSC%2FdhRTplLM%3D
2017-11-01 22:35:49 1509572149 DEBUG: Cart 19419: Standard IPN
2017-11-01 22:35:49 1509572149 DEBUG: Cart 19419: Validating order
2017-11-01 22:35:50 1509572150 DEBUG: Cart 19419: Customer is back from Paybox payment page. Waiting order validation (loop 0).
2017-11-01 22:35:51 1509572149 DEBUG: Cart 19419: Order 1757 / Le paiement a été autorisé et capturé par Paybox.
2017-11-01 22:35:51 1509572151 DEBUG: Cart 19419: Customer is back from Paybox payment page. Payment success.
2017-11-01 22:35:54 1509572154 DEBUG: Call params: M=4977&R=19419%20-%20Flora%20Victoire&T=760990922&A=111329&B=0&C=MasterCard&D=2001&E=00000&F=Y&G=O&I=FRA&J=85&N=513770&O=Y&P=3DSECURE&Q=22%3A32%3A15&S=746250522&W=01112017&Y=FRA&K=jrXeCbX9U4l1YQn32o7I6T%2BhRkjXN7eyXSrArlRsjYiC9YnwPuC1pAMvlh8suaw8Gp1MMj%2Bioy8zaC2k%2Bq92aS3ubPBepcpfyRgTEHH6FvEEmFNPYtTuPfFTgy2JSuFvkP%2BGG%2Bov1JlCtRNVN5%2FNAG4lrEGuRictSC%2FdhRTplLM%3D
2017-11-01 22:35:54 1509572154 DEBUG: Cart 19419: (IPN) Cart already being validated as order.
