2017-04-28 16:56:41 1493391401 DEBUG: URL to check 2
2017-04-28 16:56:41 1493391401 DEBUG: Checking Paybox URL https://tpeweb.paybox.com/load.html
2017-04-28 16:56:41 1493391401 DEBUG:   Valid url found: https://tpeweb.paybox.com/cgi/MYframepagepaiement_ip.cgi
2017-04-28 16:56:41 1493391401 DEBUG: Cart 12039: Redirecting customer to Paybox (CARTE, CB).
2017-04-28 16:58:29 1493391509 DEBUG: Call params: M=11250&R=12039%20-%20Jessy%20%20Dintimille&T=709363255&A=055564&B=0&C=MasterCard&D=1809&E=00000&F=Y&G=O&I=MTQ&J=51&N=513296&O=Y&P=3DSECURE&Q=16%3A56%3A42&S=702834627&W=28042017&Y=FRA&K=qLWVOBuRMp1loHALGU08SQbJFVVaiux%2BW40aUJIcNl%2FpNbMx1J1Ss4a8gnOmdFDV%2BT4uX%2B%2F9XXpVoI%2FjN5F8F%2B%2B0%2Bi9lwXibnkgI%2FbgEIM8da3hzz2r1vCMnuMosmSPFcsNTxr%2FAIIiwJon9kVyf6qX3G7WybEXGcRdct9aFWPI%3D
2017-04-28 16:58:30 1493391509 DEBUG: Cart 12039: Standard IPN
2017-04-28 16:58:30 1493391509 DEBUG: Cart 12039: Validating order
2017-04-28 16:58:30 1493391510 DEBUG: Cart 12039: Customer is back from Paybox payment page. Waiting order validation (loop 0).
2017-04-28 16:58:31 1493391511 DEBUG: Cart 12039: Customer is back from Paybox payment page. Waiting order validation (loop 1).
2017-04-28 16:58:31 1493391509 DEBUG: Cart 12039: Order 986 / Le paiement a été autorisé et capturé par Paybox.
2017-04-28 16:58:33 1493391513 DEBUG: Cart 12039: Customer is back from Paybox payment page. Payment success.
2017-04-28 16:58:49 1493391529 DEBUG: Call params: M=11250&R=12039%20-%20Jessy%20%20Dintimille&T=709363255&A=055564&B=0&C=MasterCard&D=1809&E=00000&F=Y&G=O&I=MTQ&J=51&N=513296&O=Y&P=3DSECURE&Q=16%3A56%3A42&S=702834627&W=28042017&Y=FRA&K=qLWVOBuRMp1loHALGU08SQbJFVVaiux%2BW40aUJIcNl%2FpNbMx1J1Ss4a8gnOmdFDV%2BT4uX%2B%2F9XXpVoI%2FjN5F8F%2B%2B0%2Bi9lwXibnkgI%2FbgEIM8da3hzz2r1vCMnuMosmSPFcsNTxr%2FAIIiwJon9kVyf6qX3G7WybEXGcRdct9aFWPI%3D
2017-04-28 16:58:49 1493391529 DEBUG: Cart 12039: (IPN) Cart already being validated as order.
2017-04-28 20:42:02 1493404922 DEBUG: URL to check 2
2017-04-28 20:42:02 1493404922 DEBUG: Checking Paybox URL https://tpeweb.paybox.com/load.html
2017-04-28 20:42:02 1493404922 DEBUG:   Valid url found: https://tpeweb.paybox.com/cgi/MYchoix_pagepaiement.cgi
2017-04-28 20:42:02 1493404922 DEBUG: Cart 12284: Redirecting customer to Paybox (CARTE, CB).
2017-04-28 20:45:04 1493405104 DEBUG: Call params: M=2230&R=12284%20-%20Ingunn%20Halvorsen&T=709438443&B=0&C=CB&D=1909&E=00040&F=N&G=N&I=NOR&J=63&N=494656&O=Y&P=3DSECURE&Q=20%3A42%3A03&S=702892465&W=28042017&K=oib0xrVnnuHMNhYgWeb8TD3z74%2Bjzj30hdr%2FXkb6jUV41maqoK94rblQi%2FQLZXB1QFSGhuYO3LQqFuzaj6yZqIufx7MHnwflxus0fnA%2BZ1YkJv6dE0ys5SdGmd0ARMNQlpYjjOn3WbIzsAfUACTe%2B1yhK6%2BI87hvyoFxTV3SDys%3D
2017-04-28 20:45:04 1493405104 DEBUG: Cart 12284: (IPN) Payment was refused by Paybox (40).
2017-04-28 20:46:56 1493405216 DEBUG: Call params: M=2230&R=12284%20-%20Ingunn%20Halvorsen&T=709438443&A=045292&B=0&C=Visa&D=1909&E=00000&F=Y&G=O&I=NOR&J=63&N=494656&O=Y&P=3DSECURE&Q=20%3A42%3A03&S=702892748&W=28042017&Y=NOR&K=PlhGRtIEZ%2FZL8KBkPKnsWUZ%2FEhg2%2BBaHPR0l%2B8giV51%2BIUx6eqMdqBTvEICWNALTyCB10vE0eqSOxOzKGfwb6yAbqIEzYuMPncWsgXGVhxykCOqDVa%2BrIPdWkaHJMiwTTCQf%2FgX6fRp%2FlkL4sJX2ceEGel%2BRnFVdyWMgiRWV4mc%3D
2017-04-28 20:46:56 1493405216 DEBUG: Cart 12284: Standard IPN
2017-04-28 20:46:56 1493405216 DEBUG: Cart 12284: Validating order
2017-04-28 20:46:57 1493405216 DEBUG: Cart 12284: Order 988 / Le paiement a été autorisé et capturé par Paybox.
2017-04-28 20:46:58 1493405218 DEBUG: Cart 12284: Customer is back from Paybox payment page. Payment success.
2017-04-28 20:47:16 1493405236 DEBUG: Call params: M=2230&R=12284%20-%20Ingunn%20Halvorsen&T=709438443&A=045292&B=0&C=Visa&D=1909&E=00000&F=Y&G=O&I=NOR&J=63&N=494656&O=Y&P=3DSECURE&Q=20%3A42%3A03&S=702892748&W=28042017&Y=NOR&K=PlhGRtIEZ%2FZL8KBkPKnsWUZ%2FEhg2%2BBaHPR0l%2B8giV51%2BIUx6eqMdqBTvEICWNALTyCB10vE0eqSOxOzKGfwb6yAbqIEzYuMPncWsgXGVhxykCOqDVa%2BrIPdWkaHJMiwTTCQf%2FgX6fRp%2FlkL4sJX2ceEGel%2BRnFVdyWMgiRWV4mc%3D
2017-04-28 20:47:16 1493405236 DEBUG: Cart 12284: (IPN) Cart already being validated as order.
