2017-04-08 15:52:19 1491659538 DEBUG: URL to check 2
2017-04-08 15:52:19 1491659538 DEBUG: Checking Paybox URL https://tpeweb.paybox.com/load.html
2017-04-08 15:52:19 1491659538 DEBUG:   Valid url found: https://tpeweb.paybox.com/cgi/MYchoix_pagepaiement.cgi
2017-04-08 15:52:19 1491659538 DEBUG: Cart 11705: Redirecting customer to Paybox (CARTE, CB).
2017-04-08 20:47:59 1491677279 DEBUG: URL to check 2
2017-04-08 20:47:59 1491677279 DEBUG: Checking Paybox URL https://tpeweb.paybox.com/load.html
2017-04-08 20:47:59 1491677279 DEBUG:   Valid url found: https://tpeweb.paybox.com/cgi/MYframepagepaiement_ip.cgi
2017-04-08 20:47:59 1491677279 DEBUG: Cart 11708: Redirecting customer to Paybox (CARTE, CB).
2017-04-08 20:50:11 1491677411 DEBUG: Call params: M=16000&R=11708%20-%20Elise%20Sarazin&T=704636446&B=0&C=CB&D=1912&E=00040&F=N&G=N&I=FRA&J=40&N=499033&O=Y&P=3DSECURE&Q=20%3A48%3A00&S=698824299&W=08042017&K=gu6IKUbt4sstZLH4l3wG%2B4QQ8nArBKfFqbqW2qR8DMnLSW1wmQ3mMHkWTDbsYOlchzLuS3jw2WIRRIXHaB3SRtEB9xr3E9f9%2FA3odHRLxjl1JVC95ff4e8l10g1oRPYG2IcorVBGLhj4ZQFkED%2BGe8LNRhd03q3w8bY1Bl9XSwA%3D
2017-04-08 20:50:11 1491677411 DEBUG: Cart 11708: (IPN) Payment was refused by Paybox (40).
2017-04-08 20:59:26 1491677966 DEBUG: URL to check 2
2017-04-08 20:59:26 1491677966 DEBUG: Checking Paybox URL https://tpeweb.paybox.com/load.html
2017-04-08 20:59:27 1491677966 DEBUG:   Valid url found: https://tpeweb.paybox.com/cgi/MYframepagepaiement_ip.cgi
2017-04-08 20:59:27 1491677966 DEBUG: Cart 11711: Redirecting customer to Paybox (CARTE, CB).
2017-04-08 21:00:35 1491678035 DEBUG: Call params: M=16000&R=11711%20-%20Elise%20Sarazin&T=704638032&A=133681&B=0&C=Visa&D=1912&E=00000&F=Y&G=O&I=FRA&J=40&N=499033&O=Y&P=3DSECURE&Q=20%3A59%3A27&S=698825480&W=08042017&Y=FRA&K=F3I7ArQVj0dAfsOgS22wRA36dydATzWD8411p8aMSMt7dsTU5R36V95jQumtYrj1Bb1hqt57zkyAQjBlP%2Fl0l0WoGUKeNLeXRSWMlit897Fn0DEgdnOKiXwts5XmEbGxFBLLQfR2tpizUjzsniX%2BOu3a7PVlvJRmlEWUjAWJiks%3D
2017-04-08 21:00:35 1491678035 DEBUG: Cart 11711: Standard IPN
2017-04-08 21:00:35 1491678035 DEBUG: Cart 11711: Validating order
2017-04-08 21:00:35 1491678035 DEBUG: Cart 11711: Customer is back from Paybox payment page. Waiting order validation (loop 0).
2017-04-08 21:00:36 1491678036 DEBUG: Cart 11711: Customer is back from Paybox payment page. Waiting order validation (loop 1).
2017-04-08 21:00:36 1491678035 DEBUG: Cart 11711: Order 900 / Le paiement a été autorisé et capturé par Paybox.
2017-04-08 21:00:37 1491678037 DEBUG: Call params: M=16000&R=11711%20-%20Elise%20Sarazin&T=704638032&A=133681&B=0&C=Visa&D=1912&E=00000&F=Y&G=O&I=FRA&J=40&N=499033&O=Y&P=3DSECURE&Q=20%3A59%3A27&S=698825480&W=08042017&Y=FRA&K=F3I7ArQVj0dAfsOgS22wRA36dydATzWD8411p8aMSMt7dsTU5R36V95jQumtYrj1Bb1hqt57zkyAQjBlP%2Fl0l0WoGUKeNLeXRSWMlit897Fn0DEgdnOKiXwts5XmEbGxFBLLQfR2tpizUjzsniX%2BOu3a7PVlvJRmlEWUjAWJiks%3D
2017-04-08 21:00:37 1491678037 DEBUG: Cart 11711: (IPN) Cart already being validated as order.
2017-04-08 21:00:37 1491678037 DEBUG: Cart 11711: Customer is back from Paybox payment page. Payment success.
2017-04-08 22:08:07 1491682087 DEBUG: URL to check 2
2017-04-08 22:08:07 1491682087 DEBUG: Checking Paybox URL https://tpeweb.paybox.com/load.html
2017-04-08 22:08:07 1491682087 DEBUG:   Valid url found: https://tpeweb.paybox.com/cgi/MYchoix_pagepaiement.cgi
2017-04-08 22:08:07 1491682087 DEBUG: Cart 11375: Redirecting customer to Paybox (CARTE, CB).
2017-04-08 22:09:10 1491682150 DEBUG: Call params: M=21380&R=11375%20-%20Jean-Pierre%20Crepel&T=704647128&A=378026&B=0&C=MasterCard&D=1705&E=00000&F=Y&G=O&I=FRA&J=84&N=513284&O=Y&P=3DSECURE&Q=22%3A08%3A08&S=698833238&W=08042017&Y=FRA&K=VUs4Z90B5kCZoe9ZDlzwMf1r9UY1dt5XkOtzt%2Fp8HKUx4%2BG%2BD7JFlxJw9CpgiF2yxvcT50juHiz1B8kl2BUv0zfFQU4TD4KQSuTlKgnSGF01uKH4LcOlsAzkM%2F8px5lyqKG7NyEpkejHVNVLNL46CJcE4pBw%2FDLuPlZ%2FcFk0eU0%3D
2017-04-08 22:09:10 1491682150 DEBUG: Cart 11375: Standard IPN
2017-04-08 22:09:10 1491682150 DEBUG: Cart 11375: Validating order
2017-04-08 22:09:10 1491682150 DEBUG: Cart 11375: Customer is back from Paybox payment page. Waiting order validation (loop 0).
2017-04-08 22:09:11 1491682150 DEBUG: Cart 11375: Order 901 / Le paiement a été autorisé et capturé par Paybox.
2017-04-08 22:09:11 1491682151 DEBUG: Cart 11375: Customer is back from Paybox payment page. Payment success.
