2016-07-10 12:03:47 1468145027 DEBUG: URL to check 2
2016-07-10 12:03:47 1468145027 DEBUG: Checking Paybox URL https://tpeweb.paybox.com/load.html
2016-07-10 12:03:48 1468145027 DEBUG:   Valid url found: https://tpeweb.paybox.com/cgi/MYchoix_pagepaiement.cgi
2016-07-10 12:03:48 1468145027 DEBUG: Cart 1704: Redirecting customer to Paybox (CARTE, CB).
2016-07-10 12:05:05 1468145105 DEBUG: Call params: M=3678&R=1704%20-%20Jameie%20Minchin&T=636319110&A=005571&B=0&C=Visa&D=1612&E=00000&G=D&H=C3F0FD6DB91EAABC0E1C7CA6AFFB2A4BF2858986&I=GBR&J=&N=&P=CARTE&Q=12%3A03%3A51&S=632316801&W=10072016&Y=GBR&K=B3y7mw8QkPS%2Fwg1SgpitZrmWlMpfDYU6OCmeVzQdCrQ8%2BmCJQnTpEX9lY6ZXIFiiTa1T3fGfqNnW91UNAiJNHmdH3%2Fkqh6PeiB0FaGuh29Dih1wvcHItnde1QL3J%2F8Ov8divlnydVz2yV9Dpv31tbIcAcMCYP88px1D%2F3r7kNVo%3D
2016-07-10 12:05:05 1468145105 DEBUG: Cart 1704: Standard IPN
2016-07-10 12:05:05 1468145105 DEBUG: Cart 1704: Validating order (PS1.5+)
2016-07-10 12:05:08 1468145105 DEBUG: Cart 1704: Order 269 / Le paiement a été autorisé et capturé par Paybox.
n (loop 0).
2016-07-10 12:05:06 1468145106 DEBUG: Cart 1704: Customer is back from Paybox payment page. Waiting order validation (loop 1).
2016-07-10 12:05:08 1468145108 DEBUG: Cart 1704: Customer is back from Paybox payment page. Waiting order validation (loop 2).
2016-07-10 12:05:09 1468145109 DEBUG: Cart 1704: Customer is back from Paybox payment page. Payment success.
2016-07-10 17:11:25 1468163484 DEBUG: URL to check 2
2016-07-10 17:11:25 1468163484 DEBUG: Checking Paybox URL https://tpeweb.paybox.com/load.html
2016-07-10 17:11:25 1468163484 DEBUG:   Valid url found: https://tpeweb.paybox.com/cgi/MYchoix_pagepaiement.cgi
2016-07-10 17:11:25 1468163484 DEBUG: Cart 1581: Redirecting customer to Paybox (CARTE, CB).
2016-07-10 17:12:21 1468163541 DEBUG: Call params: M=1700&R=1581%20-%20graziella%20tedesco&T=636355051&A=553343&B=0&C=MasterCard&D=1701&E=00000&G=D&H=51E3D519834E0BA3F3841C8B85391E7B014F6276&I=FRA&J=&N=&P=CARTE&Q=17%3A11%3A33&S=632352573&W=10072016&Y=FRA&K=f7qt2Qo8ADYsedJ0W%2Br0Zlokj37Rqp70LBvudy7C2u4N8lnu3mYjBPYm%2FtSsQYcfzznV4bju1CJrNg5Jx50eli47JpLMDneK8Ka4rhTOtvidOzrBh6%2FXDfDdYdKcYOJXOPcsl49AyMosY2WxbQT%2BISqgHTStbIMLB1o6hkfv7xc%3D
2016-07-10 17:12:21 1468163541 DEBUG: Cart 1581: Standard IPN
2016-07-10 17:12:21 1468163541 DEBUG: Cart 1581: Validating order (PS1.5+)
2016-07-10 17:12:23 1468163541 DEBUG: Cart 1581: Order 270 / Le paiement a été autorisé et capturé par Paybox.
n (loop 0).
2016-07-10 17:12:24 1468163544 DEBUG: Cart 1581: Customer is back from Paybox payment page. Payment success.
