2017-08-08 16:02:21 1502200940 DEBUG: URL to check 2
2017-08-08 16:02:21 1502200940 DEBUG: Checking Paybox URL https://tpeweb.paybox.com/load.html
2017-08-08 16:02:21 1502200940 DEBUG:   Valid url found: https://tpeweb.paybox.com/cgi/MYchoix_pagepaiement.cgi
2017-08-08 16:02:21 1502200940 DEBUG: Cart 15654: Redirecting customer to Paybox (CARTE, CB).
2017-08-08 16:03:13 1502200993 DEBUG: Call params: M=17600&R=15654%20-%20Virginie%20Dufaut&T=737861353&A=032356&B=0&C=Visa&D=2002&E=00000&F=Y&G=O&I=FRA&J=38&N=497410&O=Y&P=3DSECURE&Q=16%3A02%3A22&S=726964035&W=08082017&Y=FRA&K=KPI7i%2F27NwxWdWnYDH%2BR1QxFkmG1nUySulqZN2VZemzw1%2FPm9lh6bWVwXIMJiHCcJHQGVn%2BPZnmF3WeNTEgtqv4J7W7v1ZL9E6mJziBEZ7BgeR89giFUjnEEhGhssk9i0%2B7Vfr4OZvi5bWXcRde1QwoAWt5Pgu0dr1EQaN%2BHkcw%3D
2017-08-08 16:03:13 1502200993 DEBUG: Cart 15654: Standard IPN
2017-08-08 16:03:13 1502200993 DEBUG: Cart 15654: Validating order
2017-08-08 16:03:14 1502200994 DEBUG: Cart 15654: Customer is back from Paybox payment page. Waiting order validation (loop 0).
2017-08-08 16:03:14 1502200993 DEBUG: Cart 15654: Order 1524 / Le paiement a été autorisé et capturé par Paybox.
2017-08-08 16:03:15 1502200995 DEBUG: Cart 15654: Customer is back from Paybox payment page. Payment success.
2017-08-08 16:03:33 1502201013 DEBUG: Call params: M=17600&R=15654%20-%20Virginie%20Dufaut&T=737861353&A=032356&B=0&C=Visa&D=2002&E=00000&F=Y&G=O&I=FRA&J=38&N=497410&O=Y&P=3DSECURE&Q=16%3A02%3A22&S=726964035&W=08082017&Y=FRA&K=KPI7i%2F27NwxWdWnYDH%2BR1QxFkmG1nUySulqZN2VZemzw1%2FPm9lh6bWVwXIMJiHCcJHQGVn%2BPZnmF3WeNTEgtqv4J7W7v1ZL9E6mJziBEZ7BgeR89giFUjnEEhGhssk9i0%2B7Vfr4OZvi5bWXcRde1QwoAWt5Pgu0dr1EQaN%2BHkcw%3D
2017-08-08 16:03:33 1502201013 DEBUG: Cart 15654: (IPN) Cart already being validated as order.
2017-08-08 16:44:39 1502203478 DEBUG: URL to check 2
2017-08-08 16:44:39 1502203478 DEBUG: Checking Paybox URL https://tpeweb.paybox.com/load.html
2017-08-08 16:44:39 1502203478 DEBUG:   Valid url found: https://tpeweb.paybox.com/cgi/MYchoix_pagepaiement.cgi
2017-08-08 16:44:39 1502203478 DEBUG: Cart 16226: Redirecting customer to Paybox (CARTE, CB).
2017-08-08 16:46:41 1502203601 DEBUG: Call params: M=6150&R=16226%20-%20christine%20primard-moins&T=737870015&A=630311&B=0&C=MasterCard&D=1710&E=00000&F=Y&G=O&I=FRA&J=20&N=513165&O=Y&P=3DSECURE&Q=16%3A44%3A39&S=726972862&W=08082017&Y=FRA&K=FfLTAiV8sec4qFRTanxfBJQy6khLxxR9Ij1vecWDidqj8H2gAEc9ls37QCUia37x14HLIYYQzDu5v01vvkDha79E5gwD6UEePo8I8uR0BO2GWwKOBX0Mbu%2FRW%2B4OjCmKdVJ2LW5MlA0O3yFwBTh1%2Fy7%2Bc%2Fhj%2BKn66jtf3L2BfTw%3D
2017-08-08 16:46:41 1502203601 DEBUG: Cart 16226: Standard IPN
2017-08-08 16:46:41 1502203601 DEBUG: Cart 16226: Validating order
2017-08-08 16:46:41 1502203601 DEBUG: Cart 16226: Customer is back from Paybox payment page. Waiting order validation (loop 0).
2017-08-08 16:46:42 1502203601 DEBUG: Cart 16226: Order 1525 / Le paiement a été autorisé et capturé par Paybox.
2017-08-08 16:46:42 1502203602 DEBUG: Cart 16226: Customer is back from Paybox payment page. Payment success.
2017-08-08 16:47:01 1502203621 DEBUG: Call params: M=6150&R=16226%20-%20christine%20primard-moins&T=737870015&A=630311&B=0&C=MasterCard&D=1710&E=00000&F=Y&G=O&I=FRA&J=20&N=513165&O=Y&P=3DSECURE&Q=16%3A44%3A39&S=726972862&W=08082017&Y=FRA&K=FfLTAiV8sec4qFRTanxfBJQy6khLxxR9Ij1vecWDidqj8H2gAEc9ls37QCUia37x14HLIYYQzDu5v01vvkDha79E5gwD6UEePo8I8uR0BO2GWwKOBX0Mbu%2FRW%2B4OjCmKdVJ2LW5MlA0O3yFwBTh1%2Fy7%2Bc%2Fhj%2BKn66jtf3L2BfTw%3D
2017-08-08 16:47:01 1502203621 DEBUG: Cart 16226: (IPN) Cart already being validated as order.
