2017-08-27 11:45:38 1503827137 DEBUG: URL to check 2
2017-08-27 11:45:38 1503827137 DEBUG: Checking Paybox URL https://tpeweb.paybox.com/load.html
2017-08-27 11:45:38 1503827137 DEBUG:   Valid url found: https://tpeweb.paybox.com/cgi/MYframepagepaiement_ip.cgi
2017-08-27 11:45:38 1503827137 DEBUG: Cart 16665: Redirecting customer to Paybox (CARTE, CB).
2017-08-27 13:12:39 1503832359 DEBUG: URL to check 2
2017-08-27 13:12:39 1503832359 DEBUG: Checking Paybox URL https://tpeweb.paybox.com/load.html
2017-08-27 13:12:39 1503832359 DEBUG:   Valid url found: https://tpeweb.paybox.com/cgi/MYframepagepaiement_ip.cgi
2017-08-27 13:12:39 1503832359 DEBUG: Cart 17142: Redirecting customer to Paybox (CARTE, CB).
2017-08-27 13:15:19 1503832519 DEBUG: Call params: M=2250&R=17142%20-%20Laurence%20SION&T=741879158&A=256107&B=0&C=Visa&D=1909&E=00000&F=Y&G=O&I=FRA&J=80&N=456188&O=Y&P=3DSECURE&Q=13%3A12%3A40&S=730508462&W=27082017&Y=FRA&K=0YJlKFORE2lJFyrO9YbG5c94lgdgwh3cHSYAy63GKw5eej40g6USt2eQGeedwbevfEfYtX%2F4LicsgcaWaRENVarlevmwssAv2ykFmegYHL7gXFTN4V2epfoXNwqTxjEpbR2n9%2Bi5eMl1asfey1JtzzZ61s3SLnJuvtNAkYzhAbg%3D
2017-08-27 13:15:19 1503832519 DEBUG: Cart 17142: Standard IPN
2017-08-27 13:15:19 1503832519 DEBUG: Cart 17142: Validating order
2017-08-27 13:15:20 1503832519 DEBUG: Cart 17142: Customer is back from Paybox payment page. Waiting order validation (loop 0).
2017-08-27 13:15:21 1503832521 DEBUG: Cart 17142: Customer is back from Paybox payment page. Waiting order validation (loop 1).
2017-08-27 13:15:22 1503832522 DEBUG: Cart 17142: Customer is back from Paybox payment page. Waiting order validation (loop 2).
2017-08-27 13:15:22 1503832519 DEBUG: Cart 17142: Order 1596 / Le paiement a été autorisé et capturé par Paybox.
2017-08-27 13:15:23 1503832523 DEBUG: Cart 17142: Customer is back from Paybox payment page. Payment success.
2017-08-27 17:36:16 1503848176 DEBUG: URL to check 2
2017-08-27 17:36:16 1503848176 DEBUG: Checking Paybox URL https://tpeweb.paybox.com/load.html
2017-08-27 17:36:16 1503848176 DEBUG:   Valid url found: https://tpeweb.paybox.com/cgi/MYframepagepaiement_ip.cgi
2017-08-27 17:36:16 1503848176 DEBUG: Cart 16665: Redirecting customer to Paybox (CARTE, CB).
2017-08-27 23:22:26 1503868946 DEBUG: URL to check 2
2017-08-27 23:22:26 1503868946 DEBUG: Checking Paybox URL https://tpeweb.paybox.com/load.html
2017-08-27 23:22:26 1503868946 DEBUG:   Valid url found: https://tpeweb.paybox.com/cgi/MYchoix_pagepaiement.cgi
2017-08-27 23:22:26 1503868946 DEBUG: Cart 17182: Redirecting customer to Paybox (CARTE, CB).
2017-08-27 23:27:00 1503869220 DEBUG: Cart 17182: Payment was canceled by user on Paybox payment page.
