2017-11-05 12:52:14 1509882734 DEBUG: URL to check 2
2017-11-05 12:52:14 1509882734 DEBUG: Checking Paybox URL https://tpeweb.paybox.com/load.html
2017-11-05 12:52:14 1509882734 DEBUG:   Valid url found: https://tpeweb.paybox.com/cgi/MYchoix_pagepaiement.cgi
2017-11-05 12:52:14 1509882734 DEBUG: Cart 19475: Redirecting customer to Paybox (CARTE, CB).
2017-11-05 12:54:01 1509882841 DEBUG: Call params: M=5742&R=19475%20-%20Joyce%20GROTINO&T=762363033&A=558330&B=0&C=Visa&D=1911&E=00000&F=Y&G=O&I=FRA&J=01&N=497598&O=Y&P=3DSECURE&Q=12%3A52%3A15&S=747272978&W=05112017&Y=FRA&K=W%2FqF4o6dmfCftAMrN%2Fxit4571JJGCL00W5VFE6BDC%2B%2BgWoT0%2B%2B1XZKNWTc3X1OXj9zI9eEu%2BUCRIg8dv37x0j7fSmUGC2aIjf5fivgKmi0BKwOeAu5UzW%2BIKiUpNDVnmITCTVdElv%2Fm7uCZje%2B4mu84NSluMi9Qrv3TGXGwCKHw%3D
2017-11-05 12:54:01 1509882841 DEBUG: Cart 19475: Standard IPN
2017-11-05 12:54:01 1509882841 DEBUG: Cart 19475: Validating order
2017-11-05 12:54:01 1509882841 DEBUG: Cart 19475: Customer is back from Paybox payment page. Waiting order validation (loop 0).
2017-11-05 12:54:02 1509882842 DEBUG: Cart 19475: Customer is back from Paybox payment page. Waiting order validation (loop 1).
2017-11-05 12:54:03 1509882841 DEBUG: Cart 19475: Order 1762 / Le paiement a été autorisé et capturé par Paybox.
2017-11-05 12:54:03 1509882843 DEBUG: Cart 19475: Customer is back from Paybox payment page. Payment success.
2017-11-05 12:54:04 1509882844 DEBUG: Call params: M=5742&R=19475%20-%20Joyce%20GROTINO&T=762363033&A=558330&B=0&C=Visa&D=1911&E=00000&F=Y&G=O&I=FRA&J=01&N=497598&O=Y&P=3DSECURE&Q=12%3A52%3A15&S=747272978&W=05112017&Y=FRA&K=W%2FqF4o6dmfCftAMrN%2Fxit4571JJGCL00W5VFE6BDC%2B%2BgWoT0%2B%2B1XZKNWTc3X1OXj9zI9eEu%2BUCRIg8dv37x0j7fSmUGC2aIjf5fivgKmi0BKwOeAu5UzW%2BIKiUpNDVnmITCTVdElv%2Fm7uCZje%2B4mu84NSluMi9Qrv3TGXGwCKHw%3D
2017-11-05 12:54:04 1509882844 DEBUG: Cart 19475: (IPN) Cart already being validated as order.
2017-11-05 22:27:34 1509917253 DEBUG: URL to check 2
2017-11-05 22:27:34 1509917253 DEBUG: Checking Paybox URL https://tpeweb.paybox.com/load.html
2017-11-05 22:27:34 1509917253 DEBUG:   Valid url found: https://tpeweb.paybox.com/cgi/MYchoix_pagepaiement.cgi
2017-11-05 22:27:34 1509917253 DEBUG: Cart 19480: Redirecting customer to Paybox (CARTE, CB).
2017-11-05 22:29:34 1509917374 DEBUG: Call params: M=1892&R=19480%20-%20Guillemette%20Moles&T=762574286&A=498072&B=0&C=MasterCard&D=1904&E=00000&F=Y&G=O&I=FRA&J=06&N=513162&O=Y&P=3DSECURE&Q=22%3A27%3A36&S=747433761&W=05112017&Y=FRA&K=cn2462WaszmBTR6mVOf77AcQD%2Bi%2BNzjndiw7nM5WPtlqJaMgSdZ1Xp9iFm0ygBNIwH5TgBmJi7mbw1hgh0ZSU21Ncdq2I7GDSgKOIh%2BYjJ80Dn0Xsl7cxVlvNpswUZkY2BNYFurFK1%2F5zL5CZYcpVFN5I5ZRGx%2F1qZASQmtJHec%3D
2017-11-05 22:29:34 1509917374 DEBUG: Cart 19480: Standard IPN
2017-11-05 22:29:34 1509917374 DEBUG: Cart 19480: Validating order
2017-11-05 22:29:35 1509917375 DEBUG: Cart 19480: Customer is back from Paybox payment page. Waiting order validation (loop 0).
2017-11-05 22:29:36 1509917374 DEBUG: Cart 19480: Order 1763 / Le paiement a été autorisé et capturé par Paybox.
2017-11-05 22:29:36 1509917376 DEBUG: Cart 19480: Customer is back from Paybox payment page. Payment success.
2017-11-05 22:29:36 1509917376 DEBUG: Call params: M=1892&R=19480%20-%20Guillemette%20Moles&T=762574286&A=498072&B=0&C=MasterCard&D=1904&E=00000&F=Y&G=O&I=FRA&J=06&N=513162&O=Y&P=3DSECURE&Q=22%3A27%3A36&S=747433761&W=05112017&Y=FRA&K=cn2462WaszmBTR6mVOf77AcQD%2Bi%2BNzjndiw7nM5WPtlqJaMgSdZ1Xp9iFm0ygBNIwH5TgBmJi7mbw1hgh0ZSU21Ncdq2I7GDSgKOIh%2BYjJ80Dn0Xsl7cxVlvNpswUZkY2BNYFurFK1%2F5zL5CZYcpVFN5I5ZRGx%2F1qZASQmtJHec%3D
2017-11-05 22:29:36 1509917376 DEBUG: Cart 19480: (IPN) Cart already being validated as order.
