2017-12-07 09:35:52 1512635752 DEBUG: URL to check 2
2017-12-07 09:35:52 1512635752 DEBUG: Checking Paybox URL https://tpeweb.paybox.com/load.html
2017-12-07 09:35:52 1512635752 DEBUG:   Valid url found: https://tpeweb.paybox.com/cgi/MYchoix_pagepaiement.cgi
2017-12-07 09:35:52 1512635752 DEBUG: Cart 19853: Redirecting customer to Paybox (CARTE, CB).
2017-12-07 09:38:48 1512635928 DEBUG: Call params: M=6492&R=19853%20-%20valerian%20laude&T=772500369&A=353862&B=0&C=MasterCard&D=2002&E=00000&F=Y&G=O&I=FRA&J=85&N=513770&O=Y&P=3DSECURE&Q=09%3A35%3A54&S=756151766&W=07122017&Y=FRA&K=ZyRGz4BFezWBUv%2FxRuBqljz7pUDeBE%2Bjcf%2ByK2esJMs8J2gFyGDz2HVOPhMdBTCfY6%2FtQT2DxtnEw4ku%2BS6WLAHnd56PWgkNUfUclCu2cCLljac0ieuE7SAeqXlJ3SPy23DhhQF6UTctRNGNE%2FEQlVUa62gieQnG2T%2BIz3E9YDM%3D
2017-12-07 09:38:48 1512635928 DEBUG: Cart 19853: Standard IPN
2017-12-07 09:38:48 1512635928 DEBUG: Cart 19853: Validating order
2017-12-07 09:38:49 1512635929 DEBUG: Cart 19853: Customer is back from Paybox payment page. Waiting order validation (loop 0).
2017-12-07 09:38:50 1512635930 DEBUG: Cart 19853: Customer is back from Paybox payment page. Waiting order validation (loop 1).
2017-12-07 09:38:51 1512635931 DEBUG: Cart 19853: Customer is back from Paybox payment page. Waiting order validation (loop 2).
2017-12-07 09:38:51 1512635928 DEBUG: Cart 19853: Order 1810 / Le paiement a été autorisé et capturé par Paybox.
2017-12-07 09:38:52 1512635931 DEBUG: Call params: M=6492&R=19853%20-%20valerian%20laude&T=772500369&A=353862&B=0&C=MasterCard&D=2002&E=00000&F=Y&G=O&I=FRA&J=85&N=513770&O=Y&P=3DSECURE&Q=09%3A35%3A54&S=756151766&W=07122017&Y=FRA&K=ZyRGz4BFezWBUv%2FxRuBqljz7pUDeBE%2Bjcf%2ByK2esJMs8J2gFyGDz2HVOPhMdBTCfY6%2FtQT2DxtnEw4ku%2BS6WLAHnd56PWgkNUfUclCu2cCLljac0ieuE7SAeqXlJ3SPy23DhhQF6UTctRNGNE%2FEQlVUa62gieQnG2T%2BIz3E9YDM%3D
2017-12-07 09:38:52 1512635931 DEBUG: Cart 19853: (IPN) Cart already being validated as order.
2017-12-07 09:38:52 1512635932 DEBUG: Cart 19853: Customer is back from Paybox payment page. Payment success.
2017-12-07 14:40:40 1512654039 DEBUG: URL to check 2
2017-12-07 14:40:40 1512654039 DEBUG: Checking Paybox URL https://tpeweb.paybox.com/load.html
2017-12-07 14:40:40 1512654039 DEBUG:   Valid url found: https://tpeweb.paybox.com/cgi/MYchoix_pagepaiement.cgi
2017-12-07 14:40:40 1512654039 DEBUG: Cart 19855: Redirecting customer to Paybox (CARTE, CB).
2017-12-07 14:44:37 1512654277 DEBUG: Call params: M=12314&R=19855%20-%20vanessa%20thevenot&T=772589217&A=510612&B=0&C=MasterCard&D=1806&E=00000&F=Y&G=O&I=FRA&J=36&N=513283&O=Y&P=3DSECURE&Q=14%3A40%3A41&S=756234775&W=07122017&Y=FRA&K=HKzlIiR%2F5FMhsqFWvgmmOrUcmmnZuckmtL0XVYYzta2EK3%2BWFdu07n1RBsSX9VQObyXr%2Frp0cEDa9Fqd5Zc0AtcYH3tynV6ESXr%2BT5ZEV8%2FloI%2BpOwrJ7q5EiIfUU5k6vt0Hr6Zhdr0eDIblzPd3XDoTJHWaTNukSeeydCqX5Rs%3D
2017-12-07 14:44:37 1512654277 DEBUG: Cart 19855: Standard IPN
2017-12-07 14:44:37 1512654277 DEBUG: Cart 19855: Validating order
2017-12-07 14:44:37 1512654277 DEBUG: Cart 19855: Customer is back from Paybox payment page. Waiting order validation (loop 0).
2017-12-07 14:44:38 1512654278 DEBUG: Cart 19855: Customer is back from Paybox payment page. Waiting order validation (loop 1).
2017-12-07 14:44:39 1512654277 DEBUG: Cart 19855: Order 1811 / Le paiement a été autorisé et capturé par Paybox.
2017-12-07 14:44:39 1512654279 DEBUG: Call params: M=12314&R=19855%20-%20vanessa%20thevenot&T=772589217&A=510612&B=0&C=MasterCard&D=1806&E=00000&F=Y&G=O&I=FRA&J=36&N=513283&O=Y&P=3DSECURE&Q=14%3A40%3A41&S=756234775&W=07122017&Y=FRA&K=HKzlIiR%2F5FMhsqFWvgmmOrUcmmnZuckmtL0XVYYzta2EK3%2BWFdu07n1RBsSX9VQObyXr%2Frp0cEDa9Fqd5Zc0AtcYH3tynV6ESXr%2BT5ZEV8%2FloI%2BpOwrJ7q5EiIfUU5k6vt0Hr6Zhdr0eDIblzPd3XDoTJHWaTNukSeeydCqX5Rs%3D
2017-12-07 14:44:39 1512654279 DEBUG: Cart 19855: (IPN) Cart already being validated as order.
2017-12-07 14:44:40 1512654280 DEBUG: Cart 19855: Customer is back from Paybox payment page. Payment success.
2017-12-07 18:22:24 1512667344 DEBUG: URL to check 2
2017-12-07 18:22:24 1512667344 DEBUG: Checking Paybox URL https://tpeweb.paybox.com/load.html
2017-12-07 18:22:24 1512667344 DEBUG:   Valid url found: https://tpeweb.paybox.com/cgi/MYchoix_pagepaiement.cgi
2017-12-07 18:22:24 1512667344 DEBUG: Cart 19857: Redirecting customer to Paybox (CARTE, CB).
2017-12-07 18:23:20 1512667400 DEBUG: Call params: M=3514&R=19857%20-%20florent%20kowalski&T=772653338&A=923613&B=0&C=Visa&D=1905&E=00000&F=Y&G=O&I=FRA&J=51&N=497422&O=Y&P=3DSECURE&Q=18%3A22%3A25&S=756293898&W=07122017&Y=FRA&K=OnbdrHQoEn2035emhQ%2BBWrztxQD9CvAhl1knqhkHfm2rRtFOZcUnAh0vXiEF%2Bznn%2BM4PolJAzMAcnnxk%2FUBnIZY9kBLIYcU0%2FnSTG2tMd8gEEDALIoIMh69k8XjiAcNSe9ch%2BBPUHGw8RIj1RtdNKwxNx9aDRKkWTkGGagSwytE%3D
2017-12-07 18:23:20 1512667400 DEBUG: Cart 19857: Standard IPN
2017-12-07 18:23:20 1512667400 DEBUG: Cart 19857: Validating order
2017-12-07 18:23:20 1512667400 DEBUG: Cart 19857: Customer is back from Paybox payment page. Waiting order validation (loop 0).
2017-12-07 18:23:21 1512667401 DEBUG: Cart 19857: Customer is back from Paybox payment page. Waiting order validation (loop 1).
2017-12-07 18:23:21 1512667400 DEBUG: Cart 19857: Order 1812 / Le paiement a été autorisé et capturé par Paybox.
2017-12-07 18:23:22 1512667402 DEBUG: Call params: M=3514&R=19857%20-%20florent%20kowalski&T=772653338&A=923613&B=0&C=Visa&D=1905&E=00000&F=Y&G=O&I=FRA&J=51&N=497422&O=Y&P=3DSECURE&Q=18%3A22%3A25&S=756293898&W=07122017&Y=FRA&K=OnbdrHQoEn2035emhQ%2BBWrztxQD9CvAhl1knqhkHfm2rRtFOZcUnAh0vXiEF%2Bznn%2BM4PolJAzMAcnnxk%2FUBnIZY9kBLIYcU0%2FnSTG2tMd8gEEDALIoIMh69k8XjiAcNSe9ch%2BBPUHGw8RIj1RtdNKwxNx9aDRKkWTkGGagSwytE%3D
2017-12-07 18:23:22 1512667402 DEBUG: Cart 19857: (IPN) Cart already being validated as order.
2017-12-07 18:23:23 1512667403 DEBUG: Cart 19857: Customer is back from Paybox payment page. Payment success.
