2017-03-16 08:35:51 1489649751 DEBUG: URL to check 2
2017-03-16 08:35:51 1489649751 DEBUG: Checking Paybox URL https://tpeweb.paybox.com/load.html
2017-03-16 08:35:51 1489649751 DEBUG:   Valid url found: https://tpeweb.paybox.com/cgi/MYchoix_pagepaiement.cgi
2017-03-16 08:35:51 1489649751 DEBUG: Cart 10049: Redirecting customer to Paybox (CARTE, CB).
2017-03-16 08:37:14 1489649834 DEBUG: Call params: M=4040&R=10049%20-%20Therese%20Lagache&T=696764715&A=397634&B=0&C=Visa&D=1802&E=00000&F=Y&G=O&I=FRA&J=90&N=497874&O=Y&P=3DSECURE&Q=08%3A35%3A52&S=692869524&W=16032017&Y=FRA&K=dL%2F4ORw0hKTt2sw6kL2ySEkGFJGN3wyisxrsYDQIMLU0dTx4H5d5Tie1FSjKnOoGqFmVkn0WXwDK7SaxvsZVWbR8ItpezZE5PMPktOdTpjm0rsbndjbse1%2BMD2pyxcykZndYYig%2FenEsTax7SDL2V3%2BnFSRdcRwWFnHNaT4c90s%3D
2017-03-16 08:37:15 1489649834 DEBUG: Cart 10049: Standard IPN
2017-03-16 08:37:15 1489649834 DEBUG: Cart 10049: Validating order
2017-03-16 08:37:15 1489649835 DEBUG: Cart 10049: Customer is back from Paybox payment page. Waiting order validation (loop 0).
2017-03-16 08:37:16 1489649834 DEBUG: Cart 10049: Order 804 / Le paiement a été autorisé et capturé par Paybox.
2017-03-16 08:37:16 1489649836 DEBUG: Cart 10049: Customer is back from Paybox payment page. Payment success.
2017-03-16 12:30:07 1489663807 DEBUG: URL to check 2
2017-03-16 12:30:07 1489663807 DEBUG: Checking Paybox URL https://tpeweb.paybox.com/load.html
2017-03-16 12:30:07 1489663807 DEBUG:   Valid url found: https://tpeweb.paybox.com/cgi/MYchoix_pagepaiement.cgi
2017-03-16 12:30:07 1489663807 DEBUG: Cart 10866: Redirecting customer to Paybox (CARTE, CB).
2017-03-16 12:31:59 1489663919 DEBUG: Call params: M=4625&R=10866%20-%20Berit%20Elise%20Bye&T=696852786&A=185245&B=0&C=MasterCard&D=1809&E=00000&F=Y&G=O&I=NOR&J=36&N=545478&O=Y&P=3DSECURE&Q=12%3A30%3A08&S=692937017&W=16032017&Y=NOR&K=3mRDv4l%2Bapoy1zhdgEzkqdqOChVVgE7dM9RZ1II7W2GxwjUEwkN%2F34U8mjsOSeArliCOJIIlp82bx7aNOVbv0c3%2FEMKwyOC%2FmaYgGnL2ADfi8AQ7f3XtWT4jMMjgiRdBe5N%2Bx7UovemPW9CJEyU%2B%2FqpDuPoiT8m0PcL9HGjZboE%3D
2017-03-16 12:31:59 1489663919 DEBUG: Cart 10866: Standard IPN
2017-03-16 12:31:59 1489663919 DEBUG: Cart 10866: Validating order
2017-03-16 12:31:59 1489663919 DEBUG: Cart 10866: Customer is back from Paybox payment page. Waiting order validation (loop 0).
2017-03-16 12:32:00 1489663919 DEBUG: Cart 10866: Order 805 / Le paiement a été autorisé et capturé par Paybox.
2017-03-16 12:32:00 1489663920 DEBUG: Cart 10866: Customer is back from Paybox payment page. Payment success.
2017-03-16 12:54:32 1489665272 DEBUG: URL to check 2
2017-03-16 12:54:32 1489665272 DEBUG: Checking Paybox URL https://tpeweb.paybox.com/load.html
2017-03-16 12:54:33 1489665272 DEBUG:   Valid url found: https://tpeweb.paybox.com/cgi/MYframepagepaiement_ip.cgi
2017-03-16 12:54:33 1489665272 DEBUG: Cart 10859: Redirecting customer to Paybox (CARTE, CB).
2017-03-16 21:08:50 1489694930 DEBUG: URL to check 2
2017-03-16 21:08:50 1489694930 DEBUG: Checking Paybox URL https://tpeweb.paybox.com/load.html
2017-03-16 21:08:50 1489694930 DEBUG:   Valid url found: https://tpeweb.paybox.com/cgi/MYframepagepaiement_ip.cgi
2017-03-16 21:08:50 1489694930 DEBUG: Cart 10878: Redirecting customer to Paybox (CARTE, CB).
2017-03-16 21:09:40 1489694980 DEBUG: Call params: M=13930&R=10878%20-%20Charlotte%20%20Quintard&T=697010977&A=511096&B=0&C=Visa&D=1801&E=00000&F=Y&G=O&I=FRA&J=97&N=497040&O=Y&P=3DSECURE&Q=21%3A08%3A50&S=693054866&W=16032017&Y=FRA&K=3fqGxtEKW91pRCRTW60JrqXfoCrCzfDpOUVW1WdyQKPI9PsQHJLxEcZ9%2B0IZ2j%2BFXkb4rZtdzoqPDIBRuxVvfILIVmvrSqxvhEmhhWmg7zUILhKO5pIN8u3EE2PN%2FwHaafNKOwcLVZqRJnfqu0XFi6Ke6zvsI11gU619Eg8%2BFxw%3D
2017-03-16 21:09:40 1489694980 DEBUG: Cart 10878: Standard IPN
2017-03-16 21:09:40 1489694980 DEBUG: Cart 10878: Validating order
2017-03-16 21:09:40 1489694980 DEBUG: Cart 10878: Customer is back from Paybox payment page. Waiting order validation (loop 0).
2017-03-16 21:09:41 1489694980 DEBUG: Cart 10878: Order 806 / Le paiement a été autorisé et capturé par Paybox.
2017-03-16 21:09:41 1489694981 DEBUG: Cart 10878: Customer is back from Paybox payment page. Payment success.
