2017-03-06 16:11:39 1488813099 DEBUG: URL to check 2
2017-03-06 16:11:39 1488813099 DEBUG: Checking Paybox URL https://tpeweb.paybox.com/load.html
2017-03-06 16:11:39 1488813099 DEBUG:   Valid url found: https://tpeweb.paybox.com/cgi/MYchoix_pagepaiement.cgi
2017-03-06 16:11:39 1488813099 DEBUG: Cart 10258: Redirecting customer to Paybox (CARTE, CB).
2017-03-06 16:12:37 1488813157 DEBUG: Call params: M=5025&R=10258%20-%20karine%20frechet&T=693906612&A=852346&B=0&C=MasterCard&D=1809&E=00000&F=Y&G=O&I=FRA&J=86&N=513770&O=Y&P=3DSECURE&Q=16%3A11%3A40&S=690450102&W=06032017&Y=FRA&K=wS4OM%2BpRTuR0k84ONMvzmsHmp3quZe7f81Ek0MuhfJTGgdKSkyp29%2FZl5Z2NUlw1oJxyz4BS89wlKwsvOskrTdDPF04mi8dXIcEXZDTFqf66F3NN59jVIK8ga6KVtBTRr7EVo1P1FlAEsmxCWJF%2Fcpqpe9LEDf%2FOduRYqXoyvTQ%3D
2017-03-06 16:12:37 1488813157 DEBUG: Cart 10258: Standard IPN
2017-03-06 16:12:37 1488813157 DEBUG: Cart 10258: Validating order
2017-03-06 16:12:38 1488813158 DEBUG: Cart 10258: Customer is back from Paybox payment page. Waiting order validation (loop 0).
2017-03-06 16:12:39 1488813159 DEBUG: Cart 10258: Customer is back from Paybox payment page. Waiting order validation (loop 1).
2017-03-06 16:12:39 1488813157 DEBUG: Cart 10258: Order 758 / Le paiement a été autorisé et capturé par Paybox.
2017-03-06 16:12:40 1488813160 DEBUG: Cart 10258: Customer is back from Paybox payment page. Payment success.
2017-03-06 17:41:30 1488818490 DEBUG: URL to check 2
2017-03-06 17:41:30 1488818490 DEBUG: Checking Paybox URL https://tpeweb.paybox.com/load.html
2017-03-06 17:41:30 1488818490 DEBUG:   Valid url found: https://tpeweb.paybox.com/cgi/MYchoix_pagepaiement.cgi
2017-03-06 17:41:30 1488818490 DEBUG: Cart 10398: Redirecting customer to Paybox (CARTE, CB).
2017-03-06 17:43:27 1488818607 DEBUG: Call params: M=8900&R=10398%20-%20Bonnier%20Aurelie&T=693934407&A=335942&B=0&C=Visa&D=1803&E=00000&F=Y&G=O&I=FRA&J=73&N=497355&O=Y&P=3DSECURE&Q=17%3A41%3A31&S=690474422&W=06032017&Y=FRA&K=3gDalHJpTzeo8oaAScfHTIeOdoG44wcCVMLv3kgorQqZ23%2BXy%2FjdRJKPHa4Ls%2FFyrlVoVgNBrmNFENS5%2F6PGgFEpCu0QXTYTpdWAD6Bi6jfW2hWvDA7ZYPfIN5kM1LiMiBZRg3%2Fn6CfNBvk1SmXka%2Fpdu%2BCUEzISPGMci8Qbhy8%3D
2017-03-06 17:43:27 1488818607 DEBUG: Cart 10398: Standard IPN
2017-03-06 17:43:27 1488818607 DEBUG: Cart 10398: Validating order
2017-03-06 17:43:29 1488818607 DEBUG: Cart 10398: Order 759 / Le paiement a été autorisé et capturé par Paybox.
2017-03-06 17:43:29 1488818609 DEBUG: Cart 10398: Customer is back from Paybox payment page. Payment success.
2017-03-06 18:47:25 1488822445 DEBUG: URL to check 2
2017-03-06 18:47:25 1488822445 DEBUG: Checking Paybox URL https://tpeweb.paybox.com/load.html
2017-03-06 18:47:25 1488822445 DEBUG:   Valid url found: https://tpeweb.paybox.com/cgi/MYframepagepaiement_ip.cgi
2017-03-06 18:47:25 1488822445 DEBUG: Cart 10401: Redirecting customer to Paybox (CARTE, CB).
2017-03-06 18:49:17 1488822557 DEBUG: Call params: M=17700&R=10401%20-%20SEVERINE%20GIRARD&T=693954787&A=254068&B=0&C=MasterCard&D=1812&E=00000&F=Y&G=O&I=FRA&J=58&N=513141&O=Y&P=3DSECURE&Q=18%3A47%3A26&S=690492940&W=06032017&Y=FRA&K=pzMRaFMyWiHOJy%2BLA5fHaFbpiDYAP1VEtcTMPkvE3NTETzikkObaXcn1c4JVQigUDiJpiBlxTHZyoCNRwmptaDl1J56xckj6l866Tl82p9CtAf%2F3MHkhDb9i69XbUkHzRWs7Ttv9TyYnD8oquwd0mR6EYxyYn4l6ScrGidSCbv4%3D
2017-03-06 18:49:17 1488822557 DEBUG: Cart 10401: Standard IPN
2017-03-06 18:49:17 1488822557 DEBUG: Cart 10401: Validating order
2017-03-06 18:49:17 1488822557 DEBUG: Cart 10401: Customer is back from Paybox payment page. Waiting order validation (loop 0).
2017-03-06 18:49:18 1488822557 DEBUG: Cart 10401: Order 760 / Le paiement a été autorisé et capturé par Paybox.
2017-03-06 18:49:19 1488822559 DEBUG: Cart 10401: Customer is back from Paybox payment page. Payment success.
2017-03-06 23:00:34 1488837634 DEBUG: URL to check 2
2017-03-06 23:00:34 1488837634 DEBUG: Checking Paybox URL https://tpeweb.paybox.com/load.html
2017-03-06 23:00:35 1488837634 DEBUG:   Valid url found: https://tpeweb.paybox.com/cgi/MYframepagepaiement_ip.cgi
2017-03-06 23:00:35 1488837634 DEBUG: Cart 10425: Redirecting customer to Paybox (CARTE, CB).
