2015-11-22 17:05:15 1448208315 DEBUG: URL to check 2
2015-11-22 17:05:15 1448208315 DEBUG: Checking Paybox URL https://tpeweb.paybox.com/load.html
2015-11-22 17:05:15 1448208315 DEBUG:   Valid url found: https://tpeweb.paybox.com/cgi/MYchoix_pagepaiement.cgi
2015-11-22 17:05:15 1448208315 DEBUG: Cart 298: Redirecting customer to Paybox (CARTE, CB).
2015-11-22 17:06:16 1448208376 DEBUG: Call params: M=2297&R=298%20-%20jacques%20%20willem&T=1178026678&A=251156&B=0&C=MasterCard&D=1609&E=00000&G=D&H=EADDEEEF9C15491AEA45D8228E14A4265DDEC3FD&I=FRA&J=&N=&P=CARTE&Q=17%3A05%3A22&S=76765497&W=22112015&Y=FRA&K=aCl2JY4BKl4ZtGuwSLw4kvH3L1KQ19kj5xjd0Wf6yev2VtLerKmL8vrctCNRqifnsCqqpU0LbZB3%2FVemyhM%2FwiQkfbgTUyodwefOTRPDMzftEO1zILLUItnsgwU1tUex5Y1%2FHM6kVnnoOta0l6ZwebU2mR%2BDsuhbIgJqTkrnhRM%3D
2015-11-22 17:06:16 1448208376 DEBUG: Cart 298: Standard IPN
2015-11-22 17:06:16 1448208376 DEBUG: Cart 298: Validating order (PS1.5+)
2015-11-22 17:06:20 1448208376 DEBUG: Cart 298: Order 79 / Le paiement a été autorisé et capturé par Paybox.
on (loop 0).
2015-11-22 17:06:17 1448208377 DEBUG: Cart 298: Customer is back from Paybox payment page. Waiting order validation (loop 1).
2015-11-22 17:06:18 1448208378 DEBUG: Cart 298: Customer is back from Paybox payment page. Waiting order validation (loop 2).
2015-11-22 17:06:19 1448208379 DEBUG: Cart 298: Customer is back from Paybox payment page. Waiting order validation (loop 3).
2015-11-22 17:06:21 1448208381 DEBUG: Cart 298: Customer is back from Paybox payment page. Payment success.
2015-11-22 20:07:08 1448219228 DEBUG: URL to check 2
2015-11-22 20:07:08 1448219228 DEBUG: Checking Paybox URL https://tpeweb.paybox.com/load.html
2015-11-22 20:07:08 1448219228 DEBUG:   Valid url found: https://tpeweb.paybox.com/cgi/MYchoix_pagepaiement.cgi
2015-11-22 20:07:08 1448219228 DEBUG: Cart 299: Redirecting customer to Paybox (CARTE, CB).
2015-11-22 20:08:15 1448219295 DEBUG: Call params: M=5900&R=299%20-%20chrystel%20vitalis&T=1178078467&A=528993&B=0&C=Visa&D=1806&E=00000&G=D&H=6D75B78B5F3796C4AF0FCF1202576493BBA53B26&I=FRA&J=&N=&P=CARTE&Q=20%3A07%3A09&S=76808426&W=22112015&Y=FRA&K=IugxgebEf4w1cyz1oeS7ia61oKkC5sAUX1fHFp%2BdoMg74HGmEaotVtmirsVGjennMB7YA4atdkc0CjvgWGfv7FKAapNQds21Zfj3WMVrIegCxhOKNeJE9W688Puq1t0nYy1GuESLk19SvmG6r%2FD0IrO663dVfWunPhTI1dQ2qBU%3D
2015-11-22 20:08:15 1448219295 DEBUG: Cart 299: Standard IPN
2015-11-22 20:08:15 1448219295 DEBUG: Cart 299: Validating order (PS1.5+)
2015-11-22 20:08:15 1448219295 DEBUG: Cart 299: Customer is back from Paybox payment page. Waiting order validation (loop 0).
2015-11-22 20:08:17 1448219297 DEBUG: Cart 299: Customer is back from Paybox payment page. Waiting order validation (loop 1).
2015-11-22 20:08:17 1448219295 DEBUG: Cart 299: Order 80 / Le paiement a été autorisé et capturé par Paybox.
2015-11-22 20:08:18 1448219298 DEBUG: Cart 299: Customer is back from Paybox payment page. Payment success.
