2017-07-07 00:18:30 1499379510 DEBUG: URL to check 2
2017-07-07 00:18:30 1499379510 DEBUG: Checking Paybox URL https://tpeweb.paybox.com/load.html
2017-07-07 00:18:30 1499379510 DEBUG:   Valid url found: https://tpeweb.paybox.com/cgi/MYchoix_pagepaiement.cgi
2017-07-07 00:18:30 1499379510 DEBUG: Cart 14737: Redirecting customer to Paybox (CARTE, CB).
2017-07-07 00:20:36 1499379636 DEBUG: Call params: M=3660&R=14737%20-%20Veronique%20HIPPOCRATE&T=729592202&A=934984&B=0&C=Visa&D=1710&E=00000&F=Y&G=O&I=MTQ&J=54&N=497040&O=Y&P=3DSECURE&Q=00%3A18%3A33&S=719464759&W=07072017&Y=FRA&K=fuz5F002pJUhFjeg0qA3J7C2RPk8QKXZP6FrTpDexRh5rMqcWDd6LUiOqho05j4EIls3IYOegpCW5n5XqCd0PdK%2FF4TOv8%2FYorNm8hxUsJQfG%2BErHiai%2BIhaAIV75BMG0sLKPWxLSchPwjNRSngKKnk3Gd4nXJAVNcsev3AAM14%3D
2017-07-07 00:20:36 1499379636 DEBUG: Cart 14737: Standard IPN
2017-07-07 00:20:36 1499379636 DEBUG: Cart 14737: Validating order
2017-07-07 00:20:37 1499379637 DEBUG: Cart 14737: Customer is back from Paybox payment page. Waiting order validation (loop 0).
2017-07-07 00:20:38 1499379636 DEBUG: Cart 14737: Order 1372 / Le paiement a été autorisé et capturé par Paybox.
2017-07-07 00:20:38 1499379638 DEBUG: Cart 14737: Customer is back from Paybox payment page. Payment success.
2017-07-07 00:20:56 1499379656 DEBUG: Call params: M=3660&R=14737%20-%20Veronique%20HIPPOCRATE&T=729592202&A=934984&B=0&C=Visa&D=1710&E=00000&F=Y&G=O&I=MTQ&J=54&N=497040&O=Y&P=3DSECURE&Q=00%3A18%3A33&S=719464759&W=07072017&Y=FRA&K=fuz5F002pJUhFjeg0qA3J7C2RPk8QKXZP6FrTpDexRh5rMqcWDd6LUiOqho05j4EIls3IYOegpCW5n5XqCd0PdK%2FF4TOv8%2FYorNm8hxUsJQfG%2BErHiai%2BIhaAIV75BMG0sLKPWxLSchPwjNRSngKKnk3Gd4nXJAVNcsev3AAM14%3D
2017-07-07 00:20:56 1499379656 DEBUG: Cart 14737: (IPN) Cart already being validated as order.
2017-07-07 11:55:32 1499421332 DEBUG: URL to check 2
2017-07-07 11:55:32 1499421332 DEBUG: Checking Paybox URL https://tpeweb.paybox.com/load.html
2017-07-07 11:55:32 1499421332 DEBUG:   Valid url found: https://tpeweb.paybox.com/cgi/MYframepagepaiement_ip.cgi
2017-07-07 11:55:32 1499421332 DEBUG: Cart 14861: Redirecting customer to Paybox (CARTE, CB).
2017-07-07 11:57:36 1499421456 DEBUG: Call params: M=17600&R=14861%20-%20Estelle%20Legal&T=729673173&A=951253&B=0&C=Visa&D=1809&E=00000&F=Y&G=O&I=FRA&J=32&N=497606&O=Y&P=3DSECURE&Q=11%3A55%3A36&S=719547524&W=07072017&Y=FRA&K=VfnfvkI%2BcZzVSmvFCgBeMovYsjE43L6OptC0vx5%2FDgrrpUT6PsdWsvYfOCsy83wV7cn7vOI3ASMTPpdaas6RdlmMZ0VJ3OXj%2FRLYirMpF%2BR0Az%2F5K35HN5%2BlEdFUZn3rwHk8mCMqhALD61Z%2F3oeuZpyHZVCobqtKZHyIilCUs7o%3D
2017-07-07 11:57:36 1499421456 DEBUG: Cart 14861: Standard IPN
2017-07-07 11:57:36 1499421456 DEBUG: Cart 14861: Validating order
2017-07-07 11:57:38 1499421458 DEBUG: Cart 14861: Customer is back from Paybox payment page. Waiting order validation (loop 0).
2017-07-07 11:57:38 1499421456 DEBUG: Cart 14861: Order 1374 / Le paiement a été autorisé et capturé par Paybox.
2017-07-07 11:57:50 1499421470 DEBUG: Cart 14861: Customer is back from Paybox payment page. Payment success.
2017-07-07 11:57:56 1499421476 DEBUG: Call params: M=17600&R=14861%20-%20Estelle%20Legal&T=729673173&A=951253&B=0&C=Visa&D=1809&E=00000&F=Y&G=O&I=FRA&J=32&N=497606&O=Y&P=3DSECURE&Q=11%3A55%3A36&S=719547524&W=07072017&Y=FRA&K=VfnfvkI%2BcZzVSmvFCgBeMovYsjE43L6OptC0vx5%2FDgrrpUT6PsdWsvYfOCsy83wV7cn7vOI3ASMTPpdaas6RdlmMZ0VJ3OXj%2FRLYirMpF%2BR0Az%2F5K35HN5%2BlEdFUZn3rwHk8mCMqhALD61Z%2F3oeuZpyHZVCobqtKZHyIilCUs7o%3D
2017-07-07 11:57:56 1499421476 DEBUG: Cart 14861: (IPN) Cart already being validated as order.
2017-07-07 16:23:55 1499437435 DEBUG: Cart 13995: Order 1249 / Order amount changed : 250.220000 => 78.800000
2017-07-07 16:23:55 1499437435 DEBUG: Cart 13995: Order 1249 / Order amount changed : 250.220000 => 78.800000
2017-07-07 16:23:55 1499437435 DEBUG: Cart 13995: Order 1249 / Order amount changed : 250.220000 => 78.800000
2017-07-07 16:40:40 1499438440 DEBUG: URL to check 2
2017-07-07 16:40:40 1499438440 DEBUG: Checking Paybox URL https://tpeweb.paybox.com/load.html
2017-07-07 16:40:41 1499438440 DEBUG:   Valid url found: https://tpeweb.paybox.com/cgi/MYchoix_pagepaiement.cgi
2017-07-07 16:40:41 1499438440 DEBUG: Cart 14874: Redirecting customer to Paybox (CARTE, CB).
2017-07-07 16:42:44 1499438564 DEBUG: Call params: M=17600&R=14874%20-%20Nathalie%20Delponte&T=729761619&B=0&C=MasterCard&D=2001&E=00151&F=Y&G=O&I=FRA&J=--&N=513770&O=Y&P=3DSECURE&Q=16%3A40%3A42&S=719632528&W=07072017&Y=FRA&K=YHw7AxCQRDbBv2XP8Klt0SK6V7wS3CAzeMhAtKKufyjO225welLWKKnj%2BBiQaJ499roxXkuW7mv%2F7wbK7DrWbfE1xAt%2BtJCVuyhwM0atwDSgBq4Fy%2Fr2Qvj654kg%2BWpe%2FvUR%2FdqRLvfgsXHp1VaXHRNj9djgghOThfA%2BPrCptoo%3D
2017-07-07 16:42:44 1499438564 DEBUG: Cart 14874: (IPN) Payment was refused by Paybox (151).
2017-07-07 16:44:47 1499438687 DEBUG: Call params: M=17600&R=14874%20-%20Nathalie%20Delponte&T=729761619&B=0&C=MasterCard&D=2001&E=00151&F=Y&G=O&I=FRA&J=--&N=513770&O=Y&P=3DSECURE&Q=16%3A40%3A42&S=719633174&W=07072017&Y=FRA&K=ib30NeyWzJAu6a%2Fd4KxNNRg1%2Bavr0rrozJIvxpE5kGnoGj3xl3ehuvkvH3Yz%2F131rfWodNql%2BXBgrRDL%2BuSik3AVLNjxo7RorMLlk2K8TMx1aUmdR3wvyVV4irybMH9YMvyAFPZzgo0OcbFCM9N06IfqFy9AJGbDnq%2BBaBFLkW8%3D
2017-07-07 16:44:47 1499438687 DEBUG: Cart 14874: (IPN) Payment was refused by Paybox (151).
2017-07-07 16:48:56 1499438936 DEBUG: Call params: M=17600&R=14874%20-%20Nathalie%20Delponte&T=729761619&B=0&C=MasterCard&D=2001&E=00151&F=Y&G=O&I=FRA&J=--&N=513770&O=Y&P=3DSECURE&Q=16%3A40%3A42&S=719634244&W=07072017&Y=FRA&K=xBN4ogPkTHueIjnfBMT9eACcWAQCF6RPQcTNVkcFPh3aMd6H%2F6pE6rTFKgk6Rh9tH5ScE%2Fbh9LnTUPPVpEzqRoQo3mM3VjaJlnBhl24gxqdEGx5XRBKnIw5vqCwhnHnZZTLUcR6t4vvVzYKTBF%2BVr3wVBbeb5JmlOPYTdhC7gZs%3D
2017-07-07 16:48:56 1499438936 DEBUG: Cart 14874: (IPN) Payment was refused by Paybox (151).
2017-07-07 16:48:59 1499438939 DEBUG: Cart 14874: Customer is back from Paybox payment page. Payment refused by Paybox (151).
2017-07-07 16:57:41 1499439461 DEBUG: URL to check 2
2017-07-07 16:57:41 1499439461 DEBUG: Checking Paybox URL https://tpeweb.paybox.com/load.html
2017-07-07 16:57:41 1499439461 DEBUG:   Valid url found: https://tpeweb.paybox.com/cgi/MYchoix_pagepaiement.cgi
2017-07-07 16:57:41 1499439461 DEBUG: Cart 14874: Redirecting customer to Paybox (CARTE, CB).
2017-07-07 16:59:08 1499439548 DEBUG: Call params: M=19550&R=14874%20-%20Nathalie%20Delponte&T=729766844&A=680845&B=0&C=Visa&D=1909&E=00000&F=Y&G=O&I=FRA&J=09&N=453337&O=Y&P=3DSECURE&Q=16%3A57%3A42&S=719637264&W=07072017&Y=FRA&K=UnWuCswaiFZrUiUQiA29CSQ4yoifl0j5KPfAVAMkLgs6TWkZJGt%2BT3V%2BHH%2BoOtcPGG%2BcRIdF2Xt%2F7GH37L30Sahea8TvJ6zlDYTXyi3NFYnKUEixVEMcUSRaSEObcTbHWETj54zEB7pAWH1LKCey3S%2Fqy5Fx8Q9CCPRs1h9qVbM%3D
2017-07-07 16:59:09 1499439548 DEBUG: Cart 14874: Standard IPN
2017-07-07 16:59:09 1499439548 DEBUG: Cart 14874: Validating order
2017-07-07 16:59:09 1499439549 DEBUG: Cart 14874: Customer is back from Paybox payment page. Waiting order validation (loop 0).
2017-07-07 16:59:10 1499439548 DEBUG: Cart 14874: Order 1375 / Le paiement a été autorisé et capturé par Paybox.
2017-07-07 16:59:10 1499439550 DEBUG: Call params: M=19550&R=14874%20-%20Nathalie%20Delponte&T=729766844&A=680845&B=0&C=Visa&D=1909&E=00000&F=Y&G=O&I=FRA&J=09&N=453337&O=Y&P=3DSECURE&Q=16%3A57%3A42&S=719637264&W=07072017&Y=FRA&K=UnWuCswaiFZrUiUQiA29CSQ4yoifl0j5KPfAVAMkLgs6TWkZJGt%2BT3V%2BHH%2BoOtcPGG%2BcRIdF2Xt%2F7GH37L30Sahea8TvJ6zlDYTXyi3NFYnKUEixVEMcUSRaSEObcTbHWETj54zEB7pAWH1LKCey3S%2Fqy5Fx8Q9CCPRs1h9qVbM%3D
2017-07-07 16:59:10 1499439550 DEBUG: Cart 14874: (IPN) Cart already being validated as order.
2017-07-07 16:59:10 1499439550 DEBUG: Cart 14874: Customer is back from Paybox payment page. Payment success.
2017-07-07 21:53:37 1499457217 DEBUG: URL to check 2
2017-07-07 21:53:37 1499457217 DEBUG: Checking Paybox URL https://tpeweb.paybox.com/load.html
2017-07-07 21:53:37 1499457217 DEBUG:   Valid url found: https://tpeweb.paybox.com/cgi/MYchoix_pagepaiement.cgi
2017-07-07 21:53:37 1499457217 DEBUG: Cart 14880: Redirecting customer to Paybox (CARTE, CB).
2017-07-07 21:54:34 1499457274 DEBUG: Call params: M=25500&R=14880%20-%20Christine%20Leopold&T=729831973&B=0&C=CB&D=1804&E=00004&I=FRA&J=94&N=523283&P=3DSECURE&Q=21%3A53%3A37&S=719700035&W=07072017&K=M5zHNUzzAsOD0qF5%2FjiLFhlTvCAmf%2B804w20rPKZMSDoI%2BLh1RLwWAnarFG4qKoZVk8nu4qT8LmyU3jWqSipwyri5goozyOlb2mqk3B8qtDHc2jP8t7C%2FX3q6R%2B31FtZbaNHRjJl7LWpC3tQ6DI6MQUwTJhCdjguoiWrPdnPGkA%3D
2017-07-07 21:54:34 1499457274 DEBUG: Cart 14880: (IPN) Payment was refused by Paybox (4).
2017-07-07 21:57:48 1499457468 DEBUG: Call params: M=25500&R=14880%20-%20Christine%20Leopold&T=729831973&A=655668&B=0&C=MasterCard&D=1804&E=00000&F=Y&G=O&I=FRA&J=94&N=513283&O=Y&P=3DSECURE&Q=21%3A53%3A37&S=719700190&W=07072017&Y=FRA&K=DavFUCxeSHWPi8L%2FiLMsHrK3BO4ueUA%2BiyoBsAzi%2Bw8QwvBG02iyRqJSqfOJg3KgF%2BFx5msXsi7Hx8inGOXpaYOwVhJtM1BTNHLo52vW5yWxGC%2BJR83vh5ftIkcOSOtd532iJlAAYwXZlw1Ux%2FYYoB4IApj27Hu7hfHIXrJWcq0%3D
2017-07-07 21:57:48 1499457468 DEBUG: Cart 14880: Standard IPN
2017-07-07 21:57:48 1499457468 DEBUG: Cart 14880: Validating order
2017-07-07 21:57:48 1499457468 DEBUG: Cart 14880: Customer is back from Paybox payment page. Waiting order validation (loop 0).
2017-07-07 21:57:49 1499457468 DEBUG: Cart 14880: Order 1377 / Le paiement a été autorisé et capturé par Paybox.
2017-07-07 21:57:49 1499457469 DEBUG: Cart 14880: Customer is back from Paybox payment page. Payment success.
2017-07-07 21:58:08 1499457488 DEBUG: Call params: M=25500&R=14880%20-%20Christine%20Leopold&T=729831973&A=655668&B=0&C=MasterCard&D=1804&E=00000&F=Y&G=O&I=FRA&J=94&N=513283&O=Y&P=3DSECURE&Q=21%3A53%3A37&S=719700190&W=07072017&Y=FRA&K=DavFUCxeSHWPi8L%2FiLMsHrK3BO4ueUA%2BiyoBsAzi%2Bw8QwvBG02iyRqJSqfOJg3KgF%2BFx5msXsi7Hx8inGOXpaYOwVhJtM1BTNHLo52vW5yWxGC%2BJR83vh5ftIkcOSOtd532iJlAAYwXZlw1Ux%2FYYoB4IApj27Hu7hfHIXrJWcq0%3D
2017-07-07 21:58:08 1499457488 DEBUG: Cart 14880: (IPN) Cart already being validated as order.
