2018-09-28 16:29:48 1538144987 DEBUG: URL to check 2
2018-09-28 16:29:48 1538144987 DEBUG: Checking Paybox URL https://tpeweb.paybox.com/load.html
2018-09-28 16:29:48 1538144987 DEBUG:   Valid url found: https://tpeweb.paybox.com/cgi/MYchoix_pagepaiement.cgi
2018-09-28 16:29:48 1538144987 DEBUG: Cart 28338: Redirecting customer to Paybox (CARTE, CB).
2018-09-28 16:31:07 1538145067 DEBUG: Call params: M=6579&R=28338%20-%20Daniel%20Dallarmi&T=52994032&A=584662&B=0&C=MasterCard&D=2104&E=00000&F=Y&G=O&I=FRA&J=19&N=513778&O=Y&P=3DSECURE&Q=16%3A29%3A43&S=929933025&W=28092018&Y=FRA&K=OE3EUAvjRkCz0xYMXdOOL9jiuwkpwL%2FNvv0QUxCUDzP5uXI2NV%2FhFaFKEtXppqDoJKAsCbgF6ugtOxFTIyWRNGDbgPCPTKNs6v250DfQHD1QoUCKrsQ4aqBY86hxKZqaf8Epueeuo3xg2HEiOv%2BKjf8FMGLApY%2FGzDaQDiuDjYQ%3D
2018-09-28 16:31:07 1538145067 DEBUG: Cart 28338: Standard IPN
2018-09-28 16:31:07 1538145067 DEBUG: Cart 28338: Validating order
2018-09-28 16:31:07 1538145067 DEBUG: Cart 28338: Customer is back from Paybox payment page. Waiting order validation (loop 0).
2018-09-28 16:31:08 1538145067 DEBUG: Cart 28338: Order 3330 / Le paiement a été autorisé et capturé par Paybox.
2018-09-28 16:31:08 1538145068 DEBUG: Cart 28338: Customer is back from Paybox payment page. Payment success.
2018-09-28 20:13:37 1538158417 DEBUG: URL to check 2
2018-09-28 20:13:37 1538158417 DEBUG: Checking Paybox URL https://tpeweb.paybox.com/load.html
2018-09-28 20:13:38 1538158417 DEBUG:   Valid url found: https://tpeweb.paybox.com/cgi/MYchoix_pagepaiement.cgi
2018-09-28 20:13:38 1538158417 DEBUG: Cart 28340: Redirecting customer to Paybox (CARTE, CB).
2018-09-28 20:14:30 1538158470 DEBUG: Call params: M=17359&R=28340%20-%20pricilya%20aurora&T=53077337&A=316247&B=0&C=Visa&D=1906&E=00000&F=Y&G=O&I=FRA&J=59&N=497040&O=Y&P=3DSECURE&Q=20%3A13%3A31&S=930002931&W=28092018&Y=FRA&K=o5maXgDqxTiGDHVlPMbv2fz3oSFaKga1mVhnMGH0a5Ubh%2BVCzGHFCFsme3aEVlOMZ3cJvTkq%2BW9ibQFs48Ju8wPTqVznxWRcBABrHf0IksPrFrv8uuSL%2BLn0QoPWZ1Z8YU3M8BVS3Zk%2BF5JVNLh%2BUU1rQdFiE2EUoVBtjNrVQco%3D
2018-09-28 20:14:30 1538158470 DEBUG: Cart 28340: Standard IPN
2018-09-28 20:14:30 1538158470 DEBUG: Cart 28340: Validating order
2018-09-28 20:14:30 1538158470 DEBUG: Cart 28340: Customer is back from Paybox payment page. Waiting order validation (loop 0).
2018-09-28 20:14:31 1538158470 DEBUG: Cart 28340: Order 3331 / Le paiement a été autorisé et capturé par Paybox.
2018-09-28 20:14:32 1538158472 DEBUG: Cart 28340: Customer is back from Paybox payment page. Payment success.
