2017-04-29 01:21:24 1493421684 DEBUG: URL to check 2
2017-04-29 01:21:24 1493421684 DEBUG: Checking Paybox URL https://tpeweb.paybox.com/load.html
2017-04-29 01:21:24 1493421684 DEBUG:   Valid url found: https://tpeweb.paybox.com/cgi/MYchoix_pagepaiement.cgi
2017-04-29 01:21:24 1493421684 DEBUG: Cart 12292: Redirecting customer to Paybox (CARTE, CB).
2017-04-29 01:26:13 1493421973 DEBUG: Call params: M=2320&R=12292%20-%20Michel%20Jacquinot&T=709482861&A=905173&B=0&C=Visa&D=1905&E=00000&F=Y&G=O&I=BEL&J=51&N=445471&O=Y&P=3DSECURE&Q=01%3A21%3A25&S=702928234&W=29042017&Y=BEL&K=Pi%2F5YsmhwMO9vpnMI0FT03ECJDIp8Z2u6dEoPCSaejIgdJZsmrKfHSqFGrxYlD20DkNWwGsyBmYDbhd1NrB7ADoojLmfS7WUShEMNlU%2FoDlaNk5mPe5n3hZ4Dped%2FxJfdJgT22JHl59WA18ZtiZoxzVDs%2Bzq5TWWwUzjVr7GVTI%3D
2017-04-29 01:26:13 1493421973 DEBUG: Cart 12292: Standard IPN
2017-04-29 01:26:13 1493421973 DEBUG: Cart 12292: Validating order
2017-04-29 01:26:14 1493421974 DEBUG: Cart 12292: Customer is back from Paybox payment page. Waiting order validation (loop 0).
2017-04-29 01:26:15 1493421973 DEBUG: Cart 12292: Order 990 / Le paiement a été autorisé et capturé par Paybox.
2017-04-29 01:26:15 1493421975 DEBUG: Cart 12292: Customer is back from Paybox payment page. Payment success.
2017-04-29 01:26:33 1493421993 DEBUG: Call params: M=2320&R=12292%20-%20Michel%20Jacquinot&T=709482861&A=905173&B=0&C=Visa&D=1905&E=00000&F=Y&G=O&I=BEL&J=51&N=445471&O=Y&P=3DSECURE&Q=01%3A21%3A25&S=702928234&W=29042017&Y=BEL&K=Pi%2F5YsmhwMO9vpnMI0FT03ECJDIp8Z2u6dEoPCSaejIgdJZsmrKfHSqFGrxYlD20DkNWwGsyBmYDbhd1NrB7ADoojLmfS7WUShEMNlU%2FoDlaNk5mPe5n3hZ4Dped%2FxJfdJgT22JHl59WA18ZtiZoxzVDs%2Bzq5TWWwUzjVr7GVTI%3D
2017-04-29 01:26:33 1493421993 DEBUG: Cart 12292: (IPN) Cart already being validated as order.
2017-04-29 15:49:26 1493473766 DEBUG: URL to check 2
2017-04-29 15:49:26 1493473766 DEBUG: Checking Paybox URL https://tpeweb.paybox.com/load.html
2017-04-29 15:49:26 1493473766 DEBUG:   Valid url found: https://tpeweb.paybox.com/cgi/MYchoix_pagepaiement.cgi
2017-04-29 15:49:26 1493473766 DEBUG: Cart 11861: Redirecting customer to Paybox (CARTE, CB).
2017-04-29 15:50:55 1493473855 DEBUG: Call params: M=7275&R=11861%20-%20Magdalena%20ESNAULT&T=709636315&A=734203&B=0&C=Visa&D=1901&E=00000&F=Y&G=O&I=FRA&J=63&N=497040&O=Y&P=3DSECURE&Q=15%3A49%3A27&S=703060606&W=29042017&Y=FRA&K=s7J1H0GEo9IoD3yQ8gKPj6%2Bsk3o3OJqhqpzLXOmpuO4ZDHqYbMDFIuYIpgXrhAIZGUM4WRlVADOn8F%2F5m9ihSBNzBgFLUfWBylm6I5%2BK5nhAYp54x4Tyy3RiO19%2BFrZ1CDJKpFZjL74LXzLdHViIlPHbHw%2BAzye9QVVqFSrN8Cs%3D
2017-04-29 15:50:55 1493473855 DEBUG: Cart 11861: Standard IPN
2017-04-29 15:50:55 1493473855 DEBUG: Cart 11861: Validating order
2017-04-29 15:50:56 1493473856 DEBUG: Cart 11861: Customer is back from Paybox payment page. Waiting order validation (loop 0).
2017-04-29 15:50:57 1493473857 DEBUG: Cart 11861: Customer is back from Paybox payment page. Waiting order validation (loop 1).
2017-04-29 15:50:57 1493473855 DEBUG: Cart 11861: Order 991 / Le paiement a été autorisé et capturé par Paybox.
2017-04-29 15:50:58 1493473858 DEBUG: Cart 11861: Customer is back from Paybox payment page. Payment success.
2017-04-29 15:51:15 1493473875 DEBUG: Call params: M=7275&R=11861%20-%20Magdalena%20ESNAULT&T=709636315&A=734203&B=0&C=Visa&D=1901&E=00000&F=Y&G=O&I=FRA&J=63&N=497040&O=Y&P=3DSECURE&Q=15%3A49%3A27&S=703060606&W=29042017&Y=FRA&K=s7J1H0GEo9IoD3yQ8gKPj6%2Bsk3o3OJqhqpzLXOmpuO4ZDHqYbMDFIuYIpgXrhAIZGUM4WRlVADOn8F%2F5m9ihSBNzBgFLUfWBylm6I5%2BK5nhAYp54x4Tyy3RiO19%2BFrZ1CDJKpFZjL74LXzLdHViIlPHbHw%2BAzye9QVVqFSrN8Cs%3D
2017-04-29 15:51:15 1493473875 DEBUG: Cart 11861: (IPN) Cart already being validated as order.
