2017-01-04 16:23:20 1483543400 DEBUG: URL to check 2
2017-01-04 16:23:20 1483543400 DEBUG: Checking Paybox URL https://tpeweb.paybox.com/load.html
2017-01-04 16:23:20 1483543400 DEBUG:   Valid url found: https://tpeweb.paybox.com/cgi/MYframepagepaiement_ip.cgi
2017-01-04 16:23:20 1483543400 DEBUG: Cart 6485: Redirecting customer to Paybox (CARTE, CB).
2017-01-04 16:24:15 1483543455 DEBUG: Call params: M=2397&R=6485%20-%20Roksana%20Golebiowska&T=678528026&A=049254&B=0&C=MasterCard&D=2008&E=00000&F=A&G=O&I=POL&J=63&N=557506&O=Y&P=3DSECURE&Q=16%3A23%3A21&S=676772494&W=04012017&Y=POL&K=v0VqWONsAj38dsfGtd5K9FRJswysRgNCjSQfpFrM1e9hP48AJbxFhUQlqHWWXgTF7bYjQ7II2JhnUPG4Wf6I7KLn9MhDLlR0N6uk6Cd74NJY3q6lBAwTVeeZRTofPXlCIkVgob17U1UWIslpW3UzUA4IDKV5%2BdnlQiQkQz6m5CA%3D
2017-01-04 16:24:15 1483543455 DEBUG: Cart 6485: Standard IPN
2017-01-04 16:24:15 1483543455 DEBUG: Cart 6485: Validating order
2017-01-04 16:24:15 1483543455 DEBUG: Cart 6485: Customer is back from Paybox payment page. Waiting order validation (loop 0).
2017-01-04 16:24:16 1483543455 DEBUG: Cart 6485: Order 541 / Le paiement a été autorisé et capturé par Paybox.
2017-01-04 16:24:16 1483543456 DEBUG: Cart 6485: Customer is back from Paybox payment page. Payment success.
2017-01-04 16:24:35 1483543475 DEBUG: Call params: M=2397&R=6485%20-%20Roksana%20Golebiowska&T=678528026&A=049254&B=0&C=MasterCard&D=2008&E=00000&F=A&G=O&I=POL&J=63&N=557506&O=Y&P=3DSECURE&Q=16%3A23%3A21&S=676772494&W=04012017&Y=POL&K=v0VqWONsAj38dsfGtd5K9FRJswysRgNCjSQfpFrM1e9hP48AJbxFhUQlqHWWXgTF7bYjQ7II2JhnUPG4Wf6I7KLn9MhDLlR0N6uk6Cd74NJY3q6lBAwTVeeZRTofPXlCIkVgob17U1UWIslpW3UzUA4IDKV5%2BdnlQiQkQz6m5CA%3D
2017-01-04 16:24:35 1483543475 DEBUG: Cart 6485: (IPN) Cart already being validated as order.
2017-01-04 17:21:52 1483546912 DEBUG: URL to check 2
2017-01-04 17:21:52 1483546912 DEBUG: Checking Paybox URL https://tpeweb.paybox.com/load.html
2017-01-04 17:21:52 1483546912 DEBUG:   Valid url found: https://tpeweb.paybox.com/cgi/MYchoix_pagepaiement.cgi
2017-01-04 17:21:52 1483546912 DEBUG: Cart 6507: Redirecting customer to Paybox (CARTE, CB).
2017-01-04 17:54:47 1483548887 DEBUG: URL to check 2
2017-01-04 17:54:47 1483548887 DEBUG: Checking Paybox URL https://tpeweb.paybox.com/load.html
2017-01-04 17:54:47 1483548887 DEBUG:   Valid url found: https://tpeweb.paybox.com/cgi/MYchoix_pagepaiement.cgi
2017-01-04 17:54:47 1483548887 DEBUG: Cart 6508: Redirecting customer to Paybox (CARTE, CB).
2017-01-04 17:59:17 1483549157 DEBUG: Call params: M=4294&R=6508%20-%20MICHEL%20COURRIAS&T=678556134&B=0&C=CB&D=1810&E=00040&F=N&G=N&I=FRA&J=18&N=497040&O=Y&P=3DSECURE&Q=17%3A54%3A48&S=676795617&W=04012017&K=qEvurC9GI3sVFpIGoiwh8tje9T0WFGuZDCwqm3DAQRmwA96rJnOQjEKTXn7%2F3Kdv6DzwI%2BLNi5SOzEbMMJG0cXtIuL5R4DpIhjstYvg10jUDAmKbG1HY%2FwjrBygND5M3AjbTHyk4LZ83y1iVgaK33%2FRWdlrGgOFgQuA7sSujTAE%3D
2017-01-04 17:59:17 1483549157 DEBUG: Cart 6508: (IPN) Payment was refused by Paybox (40).
2017-01-04 18:04:46 1483549486 DEBUG: Call params: M=4294&R=6508%20-%20MICHEL%20COURRIAS&T=678556134&B=0&C=CB&D=1810&E=00040&F=N&G=N&I=FRA&J=18&N=497040&O=Y&P=3DSECURE&Q=17%3A54%3A48&S=676796695&W=04012017&K=DjP7izFUbCGk5FTRM%2BD9VLFUrEfq8o89zlsrKOxsSwT2DdnjmVyWKRYssUvOjNf8CCErYE3lr19KFKMNbUPl80w%2BYpQIlvYRZdp%2BfGlIrjsACWXzhp7ZSfoBa7Nr0gSLnj3ZfIxtfjaL40%2BVcbiuL2rvL%2FUtUKnukKj0aa5nLts%3D
2017-01-04 18:04:46 1483549486 DEBUG: Cart 6508: (IPN) Payment was refused by Paybox (40).
2017-01-04 23:17:05 1483568225 DEBUG: URL to check 2
2017-01-04 23:17:05 1483568225 DEBUG: Checking Paybox URL https://tpeweb.paybox.com/load.html
2017-01-04 23:17:05 1483568225 DEBUG:   Valid url found: https://tpeweb.paybox.com/cgi/MYchoix_pagepaiement.cgi
2017-01-04 23:17:05 1483568225 DEBUG: Cart 6520: Redirecting customer to Paybox (CARTE, CB).
2017-01-04 23:20:56 1483568456 DEBUG: Call params: M=2297&R=6520%20-%20Mathieu%20Mottet&T=678631008&A=924110&B=0&C=Visa&D=1802&E=00000&F=Y&G=O&I=FRA&J=56&N=497037&O=Y&P=3DSECURE&Q=23%3A17%3A06&S=676858844&W=04012017&Y=FRA&K=c7iERAGqEUuXhoSskVbhSgIvs%2FfEKpVqXVh8fDoz65FNXQU7oKV5kpTKMgc4IhI00Ce8c37ZmpZhJmwrr6fkHmUyAYdUkPTHfhFWj5FWIetYngNX0Et5Sd7RLaHMqXEHd8fWR6K%2F4RJqXxj7ubOj0R8HfGndRvyYLvHhG8Zwydc%3D
2017-01-04 23:20:57 1483568456 DEBUG: Cart 6520: Standard IPN
2017-01-04 23:20:57 1483568456 DEBUG: Cart 6520: Validating order
2017-01-04 23:20:57 1483568457 DEBUG: Cart 6520: Customer is back from Paybox payment page. Waiting order validation (loop 0).
2017-01-04 23:20:57 1483568456 DEBUG: Cart 6520: Order 546 / Le paiement a été autorisé et capturé par Paybox.
2017-01-04 23:20:58 1483568458 DEBUG: Cart 6520: Customer is back from Paybox payment page. Payment success.
2017-01-04 23:21:17 1483568477 DEBUG: Call params: M=2297&R=6520%20-%20Mathieu%20Mottet&T=678631008&A=924110&B=0&C=Visa&D=1802&E=00000&F=Y&G=O&I=FRA&J=56&N=497037&O=Y&P=3DSECURE&Q=23%3A17%3A06&S=676858844&W=04012017&Y=FRA&K=c7iERAGqEUuXhoSskVbhSgIvs%2FfEKpVqXVh8fDoz65FNXQU7oKV5kpTKMgc4IhI00Ce8c37ZmpZhJmwrr6fkHmUyAYdUkPTHfhFWj5FWIetYngNX0Et5Sd7RLaHMqXEHd8fWR6K%2F4RJqXxj7ubOj0R8HfGndRvyYLvHhG8Zwydc%3D
2017-01-04 23:21:17 1483568477 DEBUG: Cart 6520: (IPN) Cart already being validated as order.
