2016-08-30 09:12:53 1472541173 DEBUG: URL to check 2
2016-08-30 09:12:53 1472541173 DEBUG: Checking Paybox URL https://tpeweb.paybox.com/load.html
2016-08-30 09:12:53 1472541173 DEBUG:   Valid url found: https://tpeweb.paybox.com/cgi/MYchoix_pagepaiement.cgi
2016-08-30 09:12:53 1472541173 DEBUG: Cart 2753: Redirecting customer to Paybox (CARTE, CB).
2016-08-30 09:13:35 1472541215 DEBUG: Call params: M=5694&R=2753%20-%20Anne-Sophie%20Fauconnier&T=642513008&B=0&C=MasterCard&D=1801&E=00159&F=%20&G=N&H=21E2CBBA1B1DF7E92C6BA84DF8DF7C575AD7DCD9&I=FRA&J=&N=&O=U&P=3DSECURE&Q=09%3A12%3A54&S=638626207&W=30082016&Y=FRA&K=EMsv7J0YC85zE%2FxMa0UDhphso%2B2D%2BJqiEy%2FAObcEnlDjXhJdq9NElRpmvt%2FX3GogFJ14Qz0A80hwEEPzojg0d9%2BD80p2j9lH0VkLJFuYfZIK7DF%2BnL9Bf%2FYH0%2FRAtU1mYS9f3QK2PqFl8MTbmmai4uptPcPQxU0YBZyAsEYvLZs%3D
2016-08-30 09:13:35 1472541215 DEBUG: Cart 2753: (IPN) Payment was refused by Paybox (159).
2016-08-30 09:15:15 1472541315 DEBUG: Call params: M=5694&R=2753%20-%20Anne-Sophie%20Fauconnier&T=642513008&B=0&C=MasterCard&D=1801&E=00159&F=%20&G=N&H=21E2CBBA1B1DF7E92C6BA84DF8DF7C575AD7DCD9&I=FRA&J=&N=&O=U&P=3DSECURE&Q=09%3A12%3A54&S=638626472&W=30082016&Y=FRA&K=Dlipv4donfPFvTa0Ijnv07lh31QrFnH%2Bc3%2Bv35IXiU3aWJ2PrtYV6rmp56ti5bKkoRwnliAz8oTQJdRJExR7hShbT%2FV9eJPIaZOEzPgZRG3G%2BcH%2FP%2FeB2Dfc7fQrP0R1V55eVp9Wn23owvmMHSTDry5XIP0RZ2p8XZ1AUK4sltI%3D
2016-08-30 09:15:15 1472541315 DEBUG: Cart 2753: (IPN) Payment was refused by Paybox (159).
2016-08-30 16:09:11 1472566151 DEBUG: URL to check 2
2016-08-30 16:09:12 1472566151 DEBUG: Checking Paybox URL https://tpeweb.paybox.com/load.html
2016-08-30 16:09:12 1472566151 DEBUG:   Valid url found: https://tpeweb.paybox.com/cgi/MYchoix_pagepaiement.cgi
2016-08-30 16:09:12 1472566151 DEBUG: Cart 2873: Redirecting customer to Paybox (CARTE, CB).
2016-08-30 16:10:18 1472566218 DEBUG: Call params: M=2597&R=2873%20-%20LeA%20LOISON&T=642589722&B=0&C=MasterCard&D=1801&E=00159&F=%20&G=N&H=21E2CBBA1B1DF7E92C6BA84DF8DF7C575AD7DCD9&I=FRA&J=&N=&O=U&P=3DSECURE&Q=16%3A09%3A13&S=638703794&W=30082016&Y=FRA&K=Vd0JIDfyRHEIhdKAKeY8FTbgaxWDmrAIEnZelQQBvd0kRCdrEAx2yJqcTfVYOTfM9XkokX3xLscb8grWJQXuegFG1qBSKbHhMPS%2FHF0fkcyCLu8QBjqEUJ1MYFrt59ocBUeTjpwHjhUdY%2FGrXJfzjjWUCt33ye%2F%2Fdn4WTr%2B%2BGIc%3D
2016-08-30 16:10:18 1472566218 DEBUG: Cart 2873: (IPN) Payment was refused by Paybox (159).
2016-08-30 16:11:48 1472566308 DEBUG: Call params: M=2597&R=2873%20-%20LeA%20LOISON&T=642589722&B=0&C=MasterCard&D=1801&E=00159&F=%20&G=N&H=21E2CBBA1B1DF7E92C6BA84DF8DF7C575AD7DCD9&I=FRA&J=&N=&O=U&P=3DSECURE&Q=16%3A09%3A13&S=638704094&W=30082016&Y=FRA&K=JfbaWVGy6tCoge7RzK1VGgthjt0NpSwt48IB0M1zhvBBiG%2FXCJkz%2FqEnjO%2F01M0Iqcs5hOeAtz2ZI4Y08z5vr47dUAjTM7g3RAgQd4an%2B0TQ1JQUTrX%2FR7sqJVIQghjmpVAhHSj89Qfr9C6mnGXAMTMAq2BI4D%2BX7GOK109OkmY%3D
2016-08-30 16:11:48 1472566308 DEBUG: Cart 2873: (IPN) Payment was refused by Paybox (159).
2016-08-30 16:31:13 1472567473 DEBUG: URL to check 2
2016-08-30 16:31:13 1472567473 DEBUG: Checking Paybox URL https://tpeweb.paybox.com/load.html
2016-08-30 16:31:13 1472567473 DEBUG:   Valid url found: https://tpeweb.paybox.com/cgi/MYchoix_pagepaiement.cgi
2016-08-30 16:31:13 1472567473 DEBUG: Cart 2873: Redirecting customer to Paybox (CARTE, CB).
2016-08-30 16:31:54 1472567514 DEBUG: Cart 2873: Customer is back from Paybox payment page. Payment refused by Paybox (159).
2016-08-30 16:35:40 1472567740 DEBUG: URL to check 2
2016-08-30 16:35:40 1472567740 DEBUG: Checking Paybox URL https://tpeweb.paybox.com/load.html
2016-08-30 16:35:40 1472567740 DEBUG:   Valid url found: https://tpeweb.paybox.com/cgi/MYchoix_pagepaiement.cgi
2016-08-30 16:35:40 1472567740 DEBUG: Cart 2873: Redirecting customer to Paybox (CARTE, CB).
2016-08-30 16:36:10 1472567770 DEBUG: Call params: M=2297&R=2873%20-%20LeA%20LOISON&T=642594733&B=0&C=MasterCard&D=1801&E=00159&F=%20&G=N&H=21E2CBBA1B1DF7E92C6BA84DF8DF7C575AD7DCD9&I=FRA&J=&N=&O=U&P=3DSECURE&Q=16%3A35%3A41&S=638708658&W=30082016&Y=FRA&K=rclgmZqhyGzEUTDxYn0iks%2F%2FkI92u9T7qn9baUFoath%2FF%2Fbr4nbQEPB1DFd4GYXvCVAryXvw4G9ayUMkXKSHJEbpSv9dL9qImvD5xL1VprCdmmH%2B%2BPIdDwljmTVFVrxGuuLgKzqqH%2B%2FB9acZ2WdbFLyI9HNEw%2FTidsKuHZwDNyg%3D
2016-08-30 16:36:10 1472567770 DEBUG: Cart 2873: (IPN) Payment was refused by Paybox (159).
2016-08-30 16:38:39 1472567919 DEBUG: Call params: M=2297&R=2873%20-%20LeA%20LOISON&T=642594733&B=0&C=MasterCard&D=1801&E=00159&F=%20&G=N&H=21E2CBBA1B1DF7E92C6BA84DF8DF7C575AD7DCD9&I=FRA&J=&N=&O=U&P=3DSECURE&Q=16%3A35%3A41&S=638709144&W=30082016&Y=FRA&K=cO28m4v0UYewxsN76NLT0tXO58xgjteaZZrhYKWSul1ZClNkkgRMhqVaHnlDhodvYKxduQH%2Bab70ZGy%2BTY5yA%2FfLydT4KgAdvbqR6ABS8F53fkA1LDslRpsDCn2YItJxzr%2FxlTa%2BwlNxrLm0EQLxHVuy71uUKj5USTt94xvQfY4%3D
2016-08-30 16:38:39 1472567919 DEBUG: Cart 2873: (IPN) Payment was refused by Paybox (159).
2016-08-30 16:48:08 1472568488 DEBUG: URL to check 2
2016-08-30 16:48:08 1472568488 DEBUG: Checking Paybox URL https://tpeweb.paybox.com/load.html
2016-08-30 16:48:08 1472568488 DEBUG:   Valid url found: https://tpeweb.paybox.com/cgi/MYchoix_pagepaiement.cgi
2016-08-30 16:48:08 1472568488 DEBUG: Cart 2873: Redirecting customer to Paybox (CARTE, CB).
2016-08-30 16:48:39 1472568519 DEBUG: Call params: M=2297&R=2873%20-%20LeA%20LOISON&T=642594733&B=0&C=MasterCard&D=1801&E=00159&F=%20&G=N&H=21E2CBBA1B1DF7E92C6BA84DF8DF7C575AD7DCD9&I=FRA&J=&N=&O=U&P=3DSECURE&Q=16%3A35%3A41&S=638710990&W=30082016&Y=FRA&K=oyt0YUUmX0FXcBBbIMasHaEiCgJPKdUe5I5ilkE1pUZl8umKBpuIpJoOh2HtUqsYywjRxDQ8pjSa3yHynGDc14bsZTuQChPF%2Fnp7fJY42d3SiM3kBXqeXj%2B05mqCicB8f%2F5ZZ2iyhHKUJqOJDpNoSoLBbieppcYd3dH8TnMMUuI%3D
2016-08-30 16:48:39 1472568519 DEBUG: Cart 2873: (IPN) Payment was refused by Paybox (159).
2016-08-30 16:48:42 1472568522 DEBUG: Cart 2873: Customer is back from Paybox payment page. Payment refused by Paybox (159).
