2016-12-03 00:01:11 1480719671 DEBUG: Call params: M=2297&R=5229%20-%20marie%20camus&T=670539641&B=0&C=CB&D=1612&E=00040&F=N&G=N&I=FRA&J=13&N=497040&O=Y&P=3DSECURE&Q=23%3A57%3A37&S=669566829&W=02122016&K=Qf64kpTB85v4QD%2BAHTB0AvWHR3jd7HAIEoXhSEbxq5WE2AS%2FzePv1zK%2FfIgmZGv%2FCIdIoZczx7FDU8zCesncLnQpspmU34AtuQaBfAzEVDevTLkcBjjW4A%2FIwcE%2FvVPdAf6XDqGVJRXfAUQkLQvwoafrbRT1D6Dwvy6zhwDCt%2BM%3D
2016-12-03 00:01:11 1480719671 DEBUG: Cart 5229: (IPN) Payment was refused by Paybox (40).
2016-12-03 00:03:23 1480719803 DEBUG: Call params: M=2297&R=5229%20-%20marie%20camus&T=670539641&A=682725&B=0&C=Visa&D=1612&E=00000&F=Y&G=O&I=FRA&J=13&N=497040&O=Y&P=3DSECURE&Q=23%3A57%3A37&S=669567295&W=02122016&Y=FRA&K=VGmq%2F1jqkX8vkHSPb7%2BtoBf0vqIq9rY2BusnBow1luwEE5DFrV84ApT9KHilTOUoxGf7ufNBFUHKmBrExbapP6iaVM8DWKfk%2F3OplwueQTZhQDxblgsYr3MkuuasVuUA9jnpqF2IQF8RELZ%2BldkqSvO38VO5CV7QLiekAQgaXBI%3D
2016-12-03 00:03:23 1480719803 DEBUG: Cart 5229: Standard IPN
2016-12-03 00:03:23 1480719803 DEBUG: Cart 5229: Validating order
2016-12-03 00:03:24 1480719804 DEBUG: Cart 5229: Customer is back from Paybox payment page. Waiting order validation (loop 0).
2016-12-03 00:03:25 1480719803 DEBUG: Cart 5229: Order 502 / Le paiement a été autorisé et capturé par Paybox.
2016-12-03 00:03:25 1480719805 DEBUG: Cart 5229: Customer is back from Paybox payment page. Payment success.
2016-12-03 21:19:46 1480796386 DEBUG: URL to check 2
2016-12-03 21:19:46 1480796386 DEBUG: Checking Paybox URL https://tpeweb.paybox.com/load.html
2016-12-03 21:19:46 1480796386 DEBUG:   Valid url found: https://tpeweb.paybox.com/cgi/MYframepagepaiement_ip.cgi
2016-12-03 21:19:46 1480796386 DEBUG: Cart 5250: Redirecting customer to Paybox (CARTE, CB).
2016-12-03 21:20:42 1480796442 DEBUG: Call params: M=2297&R=5250%20-%20Charlotte%20Davodet&T=670744403&B=0&C=CB&D=1812&E=00040&F=N&G=O&I=FRA&J=17&N=513165&O=Y&P=3DSECURE&Q=21%3A19%3A47&S=669763590&W=03122016&K=Zl4Z1wW8LP8o%2BY3JfQBYJ1BLDMCLJppMRORPnAl3VAGT6oyMpO7qK4kIrNvkCLQxB%2Fj9SW6U76jNHweXmhrO9L5uH3a5WeUtIVIY66ZmNvgWpW8Ol2AZ7prdDn8OGvmCctas3g1KwUN9U%2BXEZ7jeJ07LppoPCfkOZdp8VwddKDw%3D
2016-12-03 21:20:42 1480796442 DEBUG: Cart 5250: (IPN) Payment was refused by Paybox (40).
2016-12-03 21:24:20 1480796660 DEBUG: Cart 5250: Payment was canceled by user on Paybox payment page.
2016-12-03 21:25:06 1480796706 DEBUG: URL to check 2
2016-12-03 21:25:06 1480796706 DEBUG: Checking Paybox URL https://tpeweb.paybox.com/load.html
2016-12-03 21:25:06 1480796706 DEBUG:   Valid url found: https://tpeweb.paybox.com/cgi/MYframepagepaiement_ip.cgi
2016-12-03 21:25:06 1480796706 DEBUG: Cart 5250: Redirecting customer to Paybox (CARTE, CB).
2016-12-03 21:26:24 1480796784 DEBUG: Call params: M=2297&R=5250%20-%20Charlotte%20Davodet&T=670744403&B=0&C=CB&D=1812&E=00040&F=N&G=O&I=FRA&J=90&N=513162&O=Y&P=3DSECURE&Q=21%3A19%3A47&S=669764295&W=03122016&K=Fi7i%2BpZb8RqK8A29QF524K51TrGvvc1yY0tQNLJ%2Fy1EVHeC%2B1p84YaBfJuhXbdYmi7uv7ARVZRMZs%2FRlq2niKKQYy%2BIzK8AFKJeiIyO5gxSp%2FTfDCtKu6RnOgY2OX2ll1Ajo0rdoT77jB6oPJp%2F7c2l9psngjtyij2uQnfgr%2By0%3D
2016-12-03 21:26:24 1480796784 DEBUG: Cart 5250: (IPN) Payment was refused by Paybox (40).
2016-12-03 21:26:45 1480796805 DEBUG: Cart 5250: Payment was canceled by user on Paybox payment page.
