2016-05-25 12:25:12 1464171911 DEBUG: URL to check 2
2016-05-25 12:25:12 1464171911 DEBUG: Checking Paybox URL https://tpeweb.paybox.com/load.html
2016-05-25 12:25:12 1464171911 DEBUG:   Valid url found: https://tpeweb.paybox.com/cgi/MYframepagepaiement_ip.cgi
2016-05-25 12:25:12 1464171911 DEBUG: Cart 1072: Redirecting customer to Paybox (CARTE, CB).
2016-05-25 12:28:59 1464172139 DEBUG: Call params: M=2297&R=1072%20-%20Franck%20Audic&T=630300951&A=666421&B=0&C=MasterCard&D=1606&E=00000&G=D&H=E256A3B2130A5480F55C4970819EC7FB2EC36F2B&I=FRA&J=&N=&P=CARTE&Q=12%3A25%3A13&S=626231085&W=25052016&Y=FRA&K=SFYF7%2FZFQAb15eTH8QgQtmeXEAd%2Fw8UuJ3aQ%2FymbNu4wIAOWsd4%2B6jVNC26DhMo%2F%2BOHamfnfnOmLNeZk%2F9QdZhMbCCP2mqxFCdhw%2BVniDJUhBjJlFB9qvwgfdBh8LkYOQBov3jZQjpuTfMFX6KEvPQILJiMD8yhrYndwXks3QXo%3D
2016-05-25 12:28:59 1464172139 DEBUG: Cart 1072: Standard IPN
2016-05-25 12:28:59 1464172139 DEBUG: Cart 1072: Validating order (PS1.5+)
2016-05-25 12:28:59 1464172139 DEBUG: Cart 1072: Customer is back from Paybox payment page. Waiting order validation (loop 0).
2016-05-25 12:29:01 1464172141 DEBUG: Cart 1072: Customer is back from Paybox payment page. Waiting order validation (loop 1).
2016-05-25 12:29:01 1464172139 DEBUG: Cart 1072: Order 202 / Le paiement a été autorisé et capturé par Paybox.
2016-05-25 12:29:02 1464172142 DEBUG: Cart 1072: Customer is back from Paybox payment page. Payment success.
2016-05-25 17:46:48 1464191208 DEBUG: URL to check 2
2016-05-25 17:46:48 1464191208 DEBUG: Checking Paybox URL https://tpeweb.paybox.com/load.html
2016-05-25 17:46:48 1464191208 DEBUG:   Valid url found: https://tpeweb.paybox.com/cgi/MYchoix_pagepaiement.cgi
2016-05-25 17:46:48 1464191208 DEBUG: Cart 1076: Redirecting customer to Paybox (CARTE, CB).
2016-05-25 17:48:43 1464191323 DEBUG: Call params: M=3678&R=1076%20-%20David%20Harris&T=630343162&A=048397&B=0&C=Visa&D=1810&E=00000&G=D&H=0B603C060766873E0DBA3E6F6986A7E5AB928386&I=GBR&J=&N=&P=CARTE&Q=17%3A46%3A49&S=626272410&W=25052016&Y=GBR&K=r0FbbhJWHrw1SoN7%2F6g0OLgSfqOUG0Wv9rOnXjAnxHczi6Pb5GaNeA9R7d77LXh20ojLSqJIeRqPXHDHurw5O5DdIVsSFJTvTcTnmhKQJshQQwDgjP%2F0IsSt%2Bt9QOZcU1swIHiCWEh03aoCUz7ueX0h4kTt4pmb%2FZBQypaEpS%2BQ%3D
2016-05-25 17:48:43 1464191323 DEBUG: Cart 1076: Standard IPN
2016-05-25 17:48:43 1464191323 DEBUG: Cart 1076: Validating order (PS1.5+)
2016-05-25 17:48:43 1464191323 DEBUG: Cart 1076: Customer is back from Paybox payment page. Waiting order validation (loop 0).
2016-05-25 17:48:44 1464191324 DEBUG: Cart 1076: Customer is back from Paybox payment page. Waiting order validation (loop 1).
2016-05-25 17:48:45 1464191325 DEBUG: Cart 1076: Customer is back from Paybox payment page. Waiting order validation (loop 2).
2016-05-25 17:48:45 1464191323 DEBUG: Cart 1076: Order 203 / Le paiement a été autorisé et capturé par Paybox.
2016-05-25 17:48:46 1464191326 DEBUG: Cart 1076: Customer is back from Paybox payment page. Payment success.
2016-05-25 20:51:15 1464202275 DEBUG: URL to check 2
2016-05-25 20:51:15 1464202275 DEBUG: Checking Paybox URL https://tpeweb.paybox.com/load.html
2016-05-25 20:51:15 1464202275 DEBUG:   Valid url found: https://tpeweb.paybox.com/cgi/MYchoix_pagepaiement.cgi
2016-05-25 20:51:15 1464202275 DEBUG: Cart 1078: Redirecting customer to Paybox (CARTE, CB).
2016-05-25 20:51:48 1464202308 DEBUG: Call params: M=4594&R=1078%20-%20carine%20beyrand&T=630365309&A=127620&B=0&C=Visa&D=1804&E=00000&G=D&H=DEEC9F3DE1E12415DBE3CE48CDE5F25AA90CD263&I=FRA&J=&N=&P=CARTE&Q=20%3A51%3A16&S=626294113&W=25052016&Y=FRA&K=DRBT2rrZKzuVWfdTSP5%2FS%2F4p6%2FDAG47CSVjZYHFBrlvDbLWbVyeyr0i1kAhQPgCv5HA9JLf3qExa2G57B%2FdK38iI%2FwL1zurh8X%2Bn4FsLomaSa1N7eP41Eu8SKmKUwloyTHLmwHS3kJIlW9iChwmsLSrf8CZu%2FFacVBtvwNBUQ5M%3D
2016-05-25 20:51:48 1464202308 DEBUG: Cart 1078: Standard IPN
2016-05-25 20:51:48 1464202308 DEBUG: Cart 1078: Validating order (PS1.5+)
2016-05-25 20:51:48 1464202308 DEBUG: Cart 1078: Customer is back from Paybox payment page. Waiting order validation (loop 0).
2016-05-25 20:51:50 1464202308 DEBUG: Cart 1078: Order 204 / Le paiement a été autorisé et capturé par Paybox.
2016-05-25 20:51:50 1464202310 DEBUG: Cart 1078: Customer is back from Paybox payment page. Payment success.
