2016-08-31 00:26:33 1472595993 DEBUG: URL to check 2
2016-08-31 00:26:33 1472595993 DEBUG: Checking Paybox URL https://tpeweb.paybox.com/load.html
2016-08-31 00:26:34 1472595993 DEBUG:   Valid url found: https://tpeweb.paybox.com/cgi/MYchoix_pagepaiement.cgi
2016-08-31 00:26:34 1472595993 DEBUG: Cart 2892: Redirecting customer to Paybox (CARTE, CB).
2016-08-31 00:28:59 1472596139 DEBUG: Call params: M=3100&R=2892%20-%20Catty%20Topin&T=642660872&B=0&C=CB&D=1801&E=00004&H=54A16BAC1F09C4E10958FE4849E79254FD4E97B9&I=FRA&J=&N=&P=3DSECURE&Q=00%3A26%3A35&S=638776019&W=31082016&K=DPEmztPnu8quRmjgNwOnVFpfsOudkRpELkyi3EEXdZPkbgfSfSpGJ6OMCC9XUQege%2FMYFQekvV5E9CkxzOSkOL0qWVdIVoGaXmkTFh1kTSuynKZrC7wO%2BohJRhERsai7x7dWvj6s%2FKv0L9%2FhiPyREmxexDi0kWODe7v4S4Gb1%2B0%3D
2016-08-31 00:28:59 1472596139 DEBUG: Cart 2892: (IPN) Payment was refused by Paybox (4).
2016-08-31 17:22:40 1472656960 DEBUG: URL to check 2
2016-08-31 17:22:40 1472656960 DEBUG: Checking Paybox URL https://tpeweb.paybox.com/load.html
2016-08-31 17:22:40 1472656960 DEBUG:   Valid url found: https://tpeweb.paybox.com/cgi/MYchoix_pagepaiement.cgi
2016-08-31 17:22:40 1472656960 DEBUG: Cart 2911: Redirecting customer to Paybox (CARTE, CB).
2016-08-31 17:23:42 1472657022 DEBUG: Call params: M=2297&R=2911%20-%20Marion%20Bourdin&T=642766325&B=0&C=MasterCard&D=1704&E=00159&F=%20&G=N&H=21E2CBBA1B1DF7E92C6BA84DF8DF7C575AD7DCD9&I=FRA&J=&N=&O=U&P=3DSECURE&Q=17%3A22%3A41&S=638886263&W=31082016&Y=FRA&K=EGWuX609t5m%2Fh4wjJtKdbazL7nUm3eOr%2BQ3DM8kU%2BxmwycPjUZprl2O9nHiCySVQPh7CYeIymFHLWNoOU%2FpUbuSh%2FmmDwUWrTnsnuSqCJODcHW2x8j5xUbweiA1QbpvoypoOvzF0xqsboe%2F2esZtNO5I0nGX1eRAFdsW3oHsYzQ%3D
2016-08-31 17:23:42 1472657022 DEBUG: Cart 2911: (IPN) Payment was refused by Paybox (159).
2016-08-31 17:25:33 1472657133 DEBUG: Call params: M=2297&R=2911%20-%20Marion%20Bourdin&T=642766325&B=0&C=MasterCard&D=1704&E=00159&F=%20&G=N&H=21E2CBBA1B1DF7E92C6BA84DF8DF7C575AD7DCD9&I=FRA&J=&N=&O=U&P=3DSECURE&Q=17%3A22%3A41&S=638886566&W=31082016&Y=FRA&K=ry6K4DVSDf5l7Xjz7Je7LAobdkVddldORNWKkUT50X%2F%2FLMI2hlZXlWhWcbjWYMpOrzzBbwcrS%2FEx8J9%2BRpSSFs%2FD5s5uW%2FQG59T3VcL4jcdyYiUVS2%2B6odAyMNXb6e09qlKsYqBf4In03XcngLMXhfVn%2FCd83H5u%2BNo2mwLOm3A%3D
2016-08-31 17:25:33 1472657133 DEBUG: Cart 2911: (IPN) Payment was refused by Paybox (159).
2016-08-31 17:25:52 1472657152 DEBUG: Cart 2911: Payment was canceled by user on Paybox payment page.
2016-08-31 17:30:23 1472657423 DEBUG: URL to check 2
2016-08-31 17:30:23 1472657423 DEBUG: Checking Paybox URL https://tpeweb.paybox.com/load.html
2016-08-31 17:30:23 1472657423 DEBUG:   Valid url found: https://tpeweb.paybox.com/cgi/MYchoix_pagepaiement.cgi
2016-08-31 17:30:23 1472657423 DEBUG: Cart 2911: Redirecting customer to Paybox (CARTE, CB).
2016-08-31 17:30:49 1472657449 DEBUG: Call params: M=2297&R=2911%20-%20Marion%20Bourdin&T=642766325&B=0&C=MasterCard&D=1704&E=00159&F=%20&G=N&H=21E2CBBA1B1DF7E92C6BA84DF8DF7C575AD7DCD9&I=FRA&J=&N=&O=U&P=3DSECURE&Q=17%3A22%3A41&S=638887532&W=31082016&Y=FRA&K=LVH0q%2BMcNr%2BS9YLFywVMV%2FGACcBVckGCxKkL1ex2%2FUQJpmpe%2FsL3oMtJiUbuIKyUdken8oIgrzPzVbzGHPdVJ6AKYcIfsZGFqVL3K1c8nDz8N5M3acGB%2Bm825eZo5YAgK1eY0as2U7%2BAdm9nDEIHnRMBUkKn2rSm5fGFX3w1fh8%3D
2016-08-31 17:30:49 1472657449 DEBUG: Cart 2911: (IPN) Payment was refused by Paybox (159).
2016-08-31 17:30:52 1472657452 DEBUG: Cart 2911: Customer is back from Paybox payment page. Payment refused by Paybox (159).
