2016-12-16 08:17:26 1481872646 DEBUG: URL to check 2
2016-12-16 08:17:26 1481872646 DEBUG: Checking Paybox URL https://tpeweb.paybox.com/load.html
2016-12-16 08:17:26 1481872646 DEBUG:   Valid url found: https://tpeweb.paybox.com/cgi/MYchoix_pagepaiement.cgi
2016-12-16 08:17:26 1481872646 DEBUG: Cart 5121: Redirecting customer to Paybox (CARTE, CB).
2016-12-16 08:17:30 1481872650 DEBUG: Cart 5121: Payment was canceled by user on Paybox payment page.
2016-12-16 08:18:05 1481872685 DEBUG: URL to check 2
2016-12-16 08:18:05 1481872685 DEBUG: Checking Paybox URL https://tpeweb.paybox.com/load.html
2016-12-16 08:18:05 1481872685 DEBUG:   Valid url found: https://tpeweb.paybox.com/cgi/MYchoix_pagepaiement.cgi
2016-12-16 08:18:05 1481872685 DEBUG: Cart 5121: Redirecting customer to Paybox (CARTE, CB).
2016-12-16 08:19:17 1481872757 DEBUG: Call params: M=1593&R=5121%20-%20caroline%20clorennec&T=674272178&A=266341&B=0&C=Visa&D=1909&E=00000&F=Y&G=O&I=FRA&J=37&N=497414&O=Y&P=3DSECURE&Q=08%3A18%3A06&S=673007882&W=16122016&Y=FRA&K=BfbhGjK13XNPnwVi1vmZ2J7r9WIhcC3SUIDfT59UN%2BdTrK8TpM7VUgx39Kd%2B3YpIqhyfipMgs%2F8cD3c17rB7o70hbKWOUQE4FdDxmNRe7yZACV1tam7WMOhu85BcE6biIcHqylDdRCsO9pEvWsc%2Bksn2rnymVGIPSWWREuHElJ0%3D
2016-12-16 08:19:17 1481872757 DEBUG: Cart 5121: Standard IPN
2016-12-16 08:19:17 1481872757 DEBUG: Cart 5121: Validating order
2016-12-16 08:19:17 1481872757 DEBUG: Cart 5121: Customer is back from Paybox payment page. Waiting order validation (loop 0).
2016-12-16 08:19:18 1481872758 DEBUG: Cart 5121: Customer is back from Paybox payment page. Waiting order validation (loop 1).
2016-12-16 08:19:19 1481872757 DEBUG: Cart 5121: Order 521 / Le paiement a été autorisé et capturé par Paybox.
2016-12-16 08:19:19 1481872759 DEBUG: Cart 5121: Customer is back from Paybox payment page. Payment success.
2016-12-16 12:53:21 1481889201 DEBUG: URL to check 2
2016-12-16 12:53:21 1481889201 DEBUG: Checking Paybox URL https://tpeweb.paybox.com/load.html
2016-12-16 12:53:21 1481889201 DEBUG:   Valid url found: https://tpeweb.paybox.com/cgi/MYchoix_pagepaiement.cgi
2016-12-16 12:53:21 1481889201 DEBUG: Cart 5639: Redirecting customer to Paybox (CARTE, CB).
2016-12-16 12:54:40 1481889280 DEBUG: URL to check 2
2016-12-16 12:54:40 1481889280 DEBUG: Checking Paybox URL https://tpeweb.paybox.com/load.html
2016-12-16 12:54:40 1481889280 DEBUG:   Valid url found: https://tpeweb.paybox.com/cgi/MYchoix_pagepaiement.cgi
2016-12-16 12:54:40 1481889280 DEBUG: Cart 5639: Redirecting customer to Paybox (CARTE, CB).
2016-12-16 16:10:26 1481901026 DEBUG: URL to check 2
2016-12-16 16:10:26 1481901026 DEBUG: Checking Paybox URL https://tpeweb.paybox.com/load.html
2016-12-16 16:10:26 1481901026 DEBUG:   Valid url found: https://tpeweb.paybox.com/cgi/MYchoix_pagepaiement.cgi
2016-12-16 16:10:26 1481901026 DEBUG: Cart 5646: Redirecting customer to Paybox (CARTE, CB).
2016-12-16 16:11:59 1481901119 DEBUG: Call params: M=2597&R=5646%20-%20Anne-Catherine%20Dufros&T=674386786&A=008334&B=0&C=MasterCard&D=1702&E=00000&F=Y&G=O&I=FRA&J=20&N=513029&O=Y&P=3DSECURE&Q=16%3A10%3A27&S=673118638&W=16122016&Y=FRA&K=NOKzagQxBytAjM5gCx%2BfRUfYHoRWvst7AuVEULZjreKT9PVUiyoCvUc8NpQl0X8KqYOnRgh0lcNEIWuCg74CFuF8NFwHcQ5K9j2dKsu4cCChZ3UoZkbUqbw9%2BF44Tz1rzbaubiH9%2BABxvQf%2FaGi6aMKtu9XtRQlnGog9CX8V%2F%2FQ%3D
2016-12-16 16:11:59 1481901119 DEBUG: Cart 5646: Standard IPN
2016-12-16 16:11:59 1481901119 DEBUG: Cart 5646: Validating order
2016-12-16 16:12:00 1481901120 DEBUG: Cart 5646: Customer is back from Paybox payment page. Waiting order validation (loop 0).
2016-12-16 16:12:01 1481901121 DEBUG: Cart 5646: Customer is back from Paybox payment page. Waiting order validation (loop 1).
2016-12-16 16:12:02 1481901119 DEBUG: Cart 5646: Order 523 / Le paiement a été autorisé et capturé par Paybox.
2016-12-16 16:12:02 1481901122 DEBUG: Cart 5646: Customer is back from Paybox payment page. Payment success.
