2017-07-11 11:30:47 1499765447 DEBUG: URL to check 2
2017-07-11 11:30:47 1499765447 DEBUG: Checking Paybox URL https://tpeweb.paybox.com/load.html
2017-07-11 11:30:47 1499765447 DEBUG:   Valid url found: https://tpeweb.paybox.com/cgi/MYchoix_pagepaiement.cgi
2017-07-11 11:30:47 1499765447 DEBUG: Cart 15027: Redirecting customer to Paybox (CARTE, CB).
2017-07-11 11:32:12 1499765532 DEBUG: Cart 15027: Payment was canceled by user on Paybox payment page.
2017-07-11 11:35:59 1499765758 DEBUG: URL to check 2
2017-07-11 11:35:59 1499765758 DEBUG: Checking Paybox URL https://tpeweb.paybox.com/load.html
2017-07-11 11:35:59 1499765758 DEBUG:   Valid url found: https://tpeweb.paybox.com/cgi/MYchoix_pagepaiement.cgi
2017-07-11 11:35:59 1499765758 DEBUG: Cart 15027: Redirecting customer to Paybox (CARTE, CB).
2017-07-11 11:37:10 1499765830 DEBUG: Call params: M=13650&R=15027%20-%20Christina%20Tonning%20vland&T=730521443&A=667016&B=0&C=MasterCard&D=1810&E=00000&F=Y&G=O&I=NOR&J=67&N=541306&O=Y&P=3DSECURE&Q=11%3A30%3A48&S=720420210&W=11072017&Y=NOR&K=Lt5zkdNA2ge1%2F%2Bjw6ix70g2WYG3O7awDWP0143YubyorYTQ2Vj8Ju0dOVOuX6SvwE%2Fu6jsrheD0O8QKkEUZjmJAtBY6ydEsXvdI1iscW9vjvcgFVJV%2F%2BDECJgV%2FG%2BY6OoNqnUvav2P5itFNRAcpHi3nkCR92%2Ba%2F9L8ihB2OUO6s%3D
2017-07-11 11:37:10 1499765830 DEBUG: Cart 15027: Standard IPN
2017-07-11 11:37:10 1499765830 DEBUG: Cart 15027: Validating order
2017-07-11 11:37:11 1499765831 DEBUG: Cart 15027: Customer is back from Paybox payment page. Waiting order validation (loop 0).
2017-07-11 11:37:12 1499765830 DEBUG: Cart 15027: Order 1395 / Le paiement a été autorisé et capturé par Paybox.
2017-07-11 11:37:12 1499765832 DEBUG: Cart 15027: Customer is back from Paybox payment page. Payment success.
2017-07-11 11:37:30 1499765850 DEBUG: Call params: M=13650&R=15027%20-%20Christina%20Tonning%20vland&T=730521443&A=667016&B=0&C=MasterCard&D=1810&E=00000&F=Y&G=O&I=NOR&J=67&N=541306&O=Y&P=3DSECURE&Q=11%3A30%3A48&S=720420210&W=11072017&Y=NOR&K=Lt5zkdNA2ge1%2F%2Bjw6ix70g2WYG3O7awDWP0143YubyorYTQ2Vj8Ju0dOVOuX6SvwE%2Fu6jsrheD0O8QKkEUZjmJAtBY6ydEsXvdI1iscW9vjvcgFVJV%2F%2BDECJgV%2FG%2BY6OoNqnUvav2P5itFNRAcpHi3nkCR92%2Ba%2F9L8ihB2OUO6s%3D
2017-07-11 11:37:30 1499765850 DEBUG: Cart 15027: (IPN) Cart already being validated as order.
2017-07-11 15:00:38 1499778038 DEBUG: URL to check 2
2017-07-11 15:00:38 1499778038 DEBUG: Checking Paybox URL https://tpeweb.paybox.com/load.html
2017-07-11 15:00:38 1499778038 DEBUG:   Valid url found: https://tpeweb.paybox.com/cgi/MYframepagepaiement_ip.cgi
2017-07-11 15:00:38 1499778038 DEBUG: Cart 15022: Redirecting customer to Paybox (CARTE, CB).
2017-07-11 15:01:09 1499778069 DEBUG: Call params: M=30500&R=15022%20-%20Marina%20Moschetta&T=730579685&B=0&C=CB&D=1803&E=00004&I=ITA&J=18&N=465858&P=CARTE&Q=15%3A00%3A40&S=720477245&W=11072017&K=VECGwsMppWsjGXMZ3Kday%2B3P3EG%2FeHm82i%2BYscZk6E71De95HE1qd6w2uuiJRgxkeRg9EjsEmNANLBQum8le93mvvOopjfto4QQYQBzNi6sYZejwaUuRK7VdFdYXakn0hTVhvnUT5UdOU8XDKyaD5Y%2Fu8Y0Dzo872cbbrN4y%2FJ4%3D
2017-07-11 15:01:09 1499778069 DEBUG: Cart 15022: (IPN) Payment was refused by Paybox (4).
2017-07-11 15:01:42 1499778102 DEBUG: Call params: M=30500&R=15022%20-%20Marina%20Moschetta&T=730579685&B=0&C=CB&D=1803&E=00004&I=ITA&J=18&N=465858&P=CARTE&Q=15%3A00%3A40&S=720477424&W=11072017&K=da7W0%2Bfh8Nd3RrlDT869FhR4GFDVmdffwuzjs9k0NDsVvVfzt1m1gVGj3OdWQ630tTpcPaNbNIBY1Kp24hdDZIXI9Kaj28bJHXe%2BJtUYiEZmLJ7PW%2B7VKy4%2Frpr8I4R4sBiFL95amHhL07hHYHFS1xfa2bpN2J0CAu5Ju9DXjWQ%3D
2017-07-11 15:01:42 1499778102 DEBUG: Cart 15022: (IPN) Payment was refused by Paybox (4).
2017-07-11 15:05:02 1499778302 DEBUG: Call params: M=30500&R=15022%20-%20Marina%20Moschetta&T=730579685&B=0&C=CB&D=1803&E=00004&I=ITA&J=18&N=465858&P=CARTE&Q=15%3A00%3A40&S=720478457&W=11072017&K=O%2BZX09HgT1dIvx%2BuGySOroa1hJ%2FLVTg4qfsGTXt8U3VaICpTxS4KYXUw2BHn3XuViSnaMWH8lR7GNz3h9Zrmoaf7EU6x3Awl9W77cpFcffE7Ma04ImAmHS1fwDTL2ohQAN424ksQYcyENJu2e8NptwH3q2WTT%2BaG0EMEqBRFCCQ%3D
2017-07-11 15:05:02 1499778302 DEBUG: Cart 15022: (IPN) Payment was refused by Paybox (4).
2017-07-11 15:05:05 1499778305 DEBUG: Cart 15022: Customer is back from Paybox payment page. Payment refused by Paybox (4).
2017-07-11 15:15:45 1499778945 DEBUG: URL to check 2
2017-07-11 15:15:45 1499778945 DEBUG: Checking Paybox URL https://tpeweb.paybox.com/load.html
2017-07-11 15:15:46 1499778945 DEBUG:   Valid url found: https://tpeweb.paybox.com/cgi/MYchoix_pagepaiement.cgi
2017-07-11 15:15:46 1499778945 DEBUG: Cart 15022: Redirecting customer to Paybox (CARTE, CB).
2017-07-11 15:16:05 1499778965 DEBUG: Call params: M=30000&R=15022%20-%20Marina%20Moschetta&T=730584051&B=0&C=CB&D=1803&E=00004&I=AUT&J=18&N=465858&P=3DSECURE&Q=15%3A15%3A47&S=720481783&W=11072017&K=2IQF%2B7lOJHIlKCrAc7%2FJs58k494DdHkl2CinZMJ9D%2B867t1%2Fe%2Bikt2TgP76gokwfraA3V9uUYoGZS9Uoh2n5hNGSZfs1Y5o1tl4prSZ7M0tgCaa%2F2AeQNcT%2B0gNdJxtU1u1pMmQ%2Fv%2FgAxyvi4MLwo8RNHONnaaawDB%2BU8MKmQW8%3D
2017-07-11 15:16:05 1499778965 DEBUG: Cart 15022: (IPN) Payment was refused by Paybox (4).
2017-07-11 15:16:25 1499778985 DEBUG: Cart 15022: Payment was canceled by user on Paybox payment page.
2017-07-11 15:23:51 1499779431 DEBUG: URL to check 2
2017-07-11 15:23:51 1499779431 DEBUG: Checking Paybox URL https://tpeweb.paybox.com/load.html
2017-07-11 15:23:51 1499779431 DEBUG:   Valid url found: https://tpeweb.paybox.com/cgi/MYchoix_pagepaiement.cgi
2017-07-11 15:23:51 1499779431 DEBUG: Cart 15032: Redirecting customer to Paybox (CARTE, CB).
2017-07-11 15:24:23 1499779463 DEBUG: URL to check 2
2017-07-11 15:24:23 1499779463 DEBUG: Checking Paybox URL https://tpeweb.paybox.com/load.html
2017-07-11 15:24:23 1499779463 DEBUG:   Valid url found: https://tpeweb.paybox.com/cgi/MYchoix_pagepaiement.cgi
2017-07-11 15:24:23 1499779463 DEBUG: Cart 15032: Redirecting customer to Paybox (CARTE, CB).
2017-07-11 15:24:26 1499779465 DEBUG: URL to check 2
2017-07-11 15:24:26 1499779465 DEBUG: Checking Paybox URL https://tpeweb.paybox.com/load.html
2017-07-11 15:24:26 1499779465 DEBUG:   Valid url found: https://tpeweb.paybox.com/cgi/MYchoix_pagepaiement.cgi
2017-07-11 15:24:26 1499779465 DEBUG: Cart 15032: Redirecting customer to Paybox (CARTE, CB).
2017-07-11 15:25:49 1499779549 DEBUG: Call params: M=30000&R=15032%20-%20Brigitte%20DECROUY&T=730586341&A=213858&B=0&C=Visa&D=1905&E=00000&F=Y&G=O&I=FRA&J=35&N=497355&O=Y&P=3DSECURE&Q=15%3A23%3A52&S=720484394&W=11072017&Y=FRA&K=zAmqBK2hnNRQi0Ebnre8Xmnd0aKH%2B3QgvPOZPfPXa%2BVivZvhNBoiGnyhZ0%2FaW0JiO2QCKWA8BEOR2N99SMLOoDqHRayIcXy6VRjb1GEc9ShF6NUOnkf5%2BflTlEeIG8mGmKGCVX1gCDLOphyKel6fv%2FH57%2FQpk6o%2F5W5WAWaB0OY%3D
2017-07-11 15:25:50 1499779550 DEBUG: Cart 15032: Customer is back from Paybox payment page. Waiting order validation (loop 0).
2017-07-11 15:25:50 1499779549 DEBUG: Cart 15032: Standard IPN
2017-07-11 15:25:50 1499779549 DEBUG: Cart 15032: Validating order
2017-07-11 15:25:51 1499779551 DEBUG: Cart 15032: Customer is back from Paybox payment page. Waiting order validation (loop 1).
2017-07-11 15:25:52 1499779549 DEBUG: Cart 15032: Order 1397 / Le paiement a été autorisé et capturé par Paybox.
2017-07-11 15:25:52 1499779552 DEBUG: Cart 15032: Customer is back from Paybox payment page. Payment success.
2017-07-11 15:26:09 1499779569 DEBUG: Call params: M=30000&R=15032%20-%20Brigitte%20DECROUY&T=730586341&A=213858&B=0&C=Visa&D=1905&E=00000&F=Y&G=O&I=FRA&J=35&N=497355&O=Y&P=3DSECURE&Q=15%3A23%3A52&S=720484394&W=11072017&Y=FRA&K=zAmqBK2hnNRQi0Ebnre8Xmnd0aKH%2B3QgvPOZPfPXa%2BVivZvhNBoiGnyhZ0%2FaW0JiO2QCKWA8BEOR2N99SMLOoDqHRayIcXy6VRjb1GEc9ShF6NUOnkf5%2BflTlEeIG8mGmKGCVX1gCDLOphyKel6fv%2FH57%2FQpk6o%2F5W5WAWaB0OY%3D
2017-07-11 15:26:09 1499779569 DEBUG: Cart 15032: (IPN) Cart already being validated as order.
2017-07-11 15:26:21 1499779581 DEBUG: Cart 15032: Customer is back from Paybox payment page. Payment success.
2017-07-11 16:08:41 1499782121 DEBUG: Cart 13317: Order 1387 / Order amount changed : 120.280000 => 31.450000
2017-07-11 16:08:41 1499782121 DEBUG: Cart 13317: Order 1387 / Order amount changed : 120.280000 => 31.450000
2017-07-11 16:08:41 1499782121 DEBUG: Cart 13317: Order 1387 / Order amount changed : 120.280000 => 31.450000
2017-07-11 16:28:38 1499783318 DEBUG: URL to check 2
2017-07-11 16:28:38 1499783318 DEBUG: Checking Paybox URL https://tpeweb.paybox.com/load.html
2017-07-11 16:28:38 1499783318 DEBUG:   Valid url found: https://tpeweb.paybox.com/cgi/MYframepagepaiement_ip.cgi
2017-07-11 16:28:38 1499783318 DEBUG: Cart 15036: Redirecting customer to Paybox (CARTE, CB).
2017-07-11 16:30:31 1499783431 DEBUG: URL to check 2
2017-07-11 16:30:31 1499783431 DEBUG: Checking Paybox URL https://tpeweb.paybox.com/load.html
2017-07-11 16:30:31 1499783431 DEBUG:   Valid url found: https://tpeweb.paybox.com/cgi/MYframepagepaiement_ip.cgi
2017-07-11 16:30:31 1499783431 DEBUG: Cart 15036: Redirecting customer to Paybox (CARTE, CB).
2017-07-11 16:30:34 1499783434 DEBUG: Call params: M=14100&R=15036%20-%20Noemie%20%20Hoffmann&T=730604691&A=259305&B=0&C=MasterCard&D=1712&E=00000&F=Y&G=O&I=FRA&J=00&N=513162&O=Y&P=3DSECURE&Q=16%3A28%3A39&S=720503641&W=11072017&Y=FRA&K=GE8GPvqxwkFqUFm9oPhE1Zd1qHaB6S1BEOQFLYwiezwQb3BeLPa7GXDkYcbky1TSxASvWQDxKaJ%2Bk24Mc1T24jEmNx2nZF7iNJtpIJtwfpUNAisKRUAQfWuYwFMjOnokA5bJAjCCfWsCWMT40gjxWgMNwsfyP1xP2c3dHa39O8Y%3D
2017-07-11 16:30:34 1499783434 DEBUG: Cart 15036: Standard IPN
2017-07-11 16:30:34 1499783434 DEBUG: Cart 15036: Validating order
2017-07-11 16:30:34 1499783434 DEBUG: Cart 15036: Customer is back from Paybox payment page. Waiting order validation (loop 0).
2017-07-11 16:30:35 1499783434 DEBUG: Cart 15036: Order 1399 / Le paiement a été autorisé et capturé par Paybox.
2017-07-11 16:30:35 1499783435 DEBUG: Cart 15036: Customer is back from Paybox payment page. Payment success.
2017-07-11 17:07:25 1499785645 DEBUG: URL to check 2
2017-07-11 17:07:25 1499785645 DEBUG: Checking Paybox URL https://tpeweb.paybox.com/load.html
2017-07-11 17:07:25 1499785645 DEBUG:   Valid url found: https://tpeweb.paybox.com/cgi/MYchoix_pagepaiement.cgi
2017-07-11 17:07:25 1499785645 DEBUG: Cart 13968: Redirecting customer to Paybox (CARTE, CB).
2017-07-11 17:08:05 1499785685 DEBUG: Call params: M=37500&R=13968%20-%20xavier%20Monnier&T=730615506&A=082804&B=0&C=Visa&D=1903&E=00000&F=Y&G=O&I=GBR&J=38&N=465901&O=Y&P=3DSECURE&Q=17%3A07%3A26&S=720514609&W=11072017&Y=GBR&K=dLxgMhJfGvyGUEHkxo5ho6t%2BDVxRIPGzbMLx0Q0e0pmwDzsdnIAI1z0SYgFk5APiOttgV3Dbp2msoHj1wNbCJMPK0gtKAWMnQK9O%2FvU%2BpZh3q0pGW5b5ATbXyozHtc6F%2FQct8qK9dKRgBekG46I4Xl3k%2BPoe13sv5QQHaZ%2Bkcxk%3D
2017-07-11 17:08:05 1499785685 DEBUG: Cart 13968: Standard IPN
2017-07-11 17:08:05 1499785685 DEBUG: Cart 13968: Validating order
2017-07-11 17:08:05 1499785685 DEBUG: Cart 13968: Customer is back from Paybox payment page. Waiting order validation (loop 0).
2017-07-11 17:08:06 1499785685 DEBUG: Cart 13968: Order 1400 / Le paiement a été autorisé et capturé par Paybox.
2017-07-11 17:08:06 1499785686 DEBUG: Cart 13968: Customer is back from Paybox payment page. Payment success.
2017-07-11 17:08:25 1499785705 DEBUG: Call params: M=37500&R=13968%20-%20xavier%20Monnier&T=730615506&A=082804&B=0&C=Visa&D=1903&E=00000&F=Y&G=O&I=GBR&J=38&N=465901&O=Y&P=3DSECURE&Q=17%3A07%3A26&S=720514609&W=11072017&Y=GBR&K=dLxgMhJfGvyGUEHkxo5ho6t%2BDVxRIPGzbMLx0Q0e0pmwDzsdnIAI1z0SYgFk5APiOttgV3Dbp2msoHj1wNbCJMPK0gtKAWMnQK9O%2FvU%2BpZh3q0pGW5b5ATbXyozHtc6F%2FQct8qK9dKRgBekG46I4Xl3k%2BPoe13sv5QQHaZ%2Bkcxk%3D
2017-07-11 17:08:25 1499785705 DEBUG: Cart 13968: (IPN) Cart already being validated as order.
2017-07-11 17:12:30 1499785950 DEBUG: Cart 13317: Order 1387 / Order amount changed : 120.280000 => 31.450000
2017-07-11 18:36:57 1499791017 DEBUG: URL to check 2
2017-07-11 18:36:57 1499791017 DEBUG: Checking Paybox URL https://tpeweb.paybox.com/load.html
2017-07-11 18:36:57 1499791017 DEBUG:   Valid url found: https://tpeweb.paybox.com/cgi/MYchoix_pagepaiement.cgi
2017-07-11 18:36:57 1499791017 DEBUG: Cart 15049: Redirecting customer to Paybox (CARTE, CB).
2017-07-11 18:38:37 1499791117 DEBUG: Call params: M=6887&R=15049%20-%20Toulliou%20Amandine&T=730638625&A=238531&B=0&C=MasterCard&D=1903&E=00000&F=Y&G=O&I=FRA&J=90&N=513111&O=Y&P=3DSECURE&Q=18%3A36%3A59&S=720539912&W=11072017&Y=FRA&K=Q%2FFo0SfafZSWQ9VEhfGgGSzqxR3%2BQRdACz6HUb27HmO7OURlX3dndiVe9%2Bjt%2FcOD1Qa3z5ELcmilBjIv51oop67Ozr%2Bd2lxZsrUUhmbmIcuDx%2BpfMogFYl0a6J0Y8MV%2Bo1wTljcrOI5U1bq6YgqoYeIUDLsJTlWAecKikl7eST4%3D
2017-07-11 18:38:37 1499791117 DEBUG: Cart 15049: Standard IPN
2017-07-11 18:38:37 1499791117 DEBUG: Cart 15049: Validating order
2017-07-11 18:38:38 1499791117 DEBUG: Cart 15049: Order 1401 / Le paiement a été autorisé et capturé par Paybox.
2017-07-11 18:38:57 1499791137 DEBUG: Call params: M=6887&R=15049%20-%20Toulliou%20Amandine&T=730638625&A=238531&B=0&C=MasterCard&D=1903&E=00000&F=Y&G=O&I=FRA&J=90&N=513111&O=Y&P=3DSECURE&Q=18%3A36%3A59&S=720539912&W=11072017&Y=FRA&K=Q%2FFo0SfafZSWQ9VEhfGgGSzqxR3%2BQRdACz6HUb27HmO7OURlX3dndiVe9%2Bjt%2FcOD1Qa3z5ELcmilBjIv51oop67Ozr%2Bd2lxZsrUUhmbmIcuDx%2BpfMogFYl0a6J0Y8MV%2Bo1wTljcrOI5U1bq6YgqoYeIUDLsJTlWAecKikl7eST4%3D
2017-07-11 18:38:57 1499791137 DEBUG: Cart 15049: (IPN) Cart already being validated as order.
2017-07-11 18:39:24 1499791164 DEBUG: Cart 15049: Customer is back from Paybox payment page. Payment success.
2017-07-11 18:57:07 1499792227 DEBUG: URL to check 2
2017-07-11 18:57:07 1499792227 DEBUG: Checking Paybox URL https://tpeweb.paybox.com/load.html
2017-07-11 18:57:07 1499792227 DEBUG:   Valid url found: https://tpeweb.paybox.com/cgi/MYchoix_pagepaiement.cgi
2017-07-11 18:57:07 1499792227 DEBUG: Cart 15000: Redirecting customer to Paybox (CARTE, CB).
2017-07-11 18:58:14 1499792294 DEBUG: Call params: M=26000&R=15000%20-%20MYRIAM%20LAFFONT&T=730643929&B=0&C=CB&D=1912&E=00004&I=FRA&J=77&N=497674&P=3DSECURE&Q=18%3A57%3A08&S=720545687&W=11072017&K=pgFQFlRJMh1H7%2FBPA%2B%2BjaJkFvlUoqgRJHAv1%2FgfZ3FlePP1vYh30%2BRpJVulkAMenEpM1btXyKNQjEYRcMQVr2t07H778BEK2GkHZxbfG7AY%2FBG4Q%2FD%2FVgy3FFVhftEA1gbzU9SQocgPNA%2BfOEGHvVd02ZEh%2FxxcpvsU2mtciSsg%3D
2017-07-11 18:58:14 1499792294 DEBUG: Cart 15000: (IPN) Payment was refused by Paybox (4).
2017-07-11 18:59:31 1499792371 DEBUG: Call params: M=26000&R=15000%20-%20MYRIAM%20LAFFONT&T=730643929&A=875117&B=0&C=Visa&D=1912&E=00000&F=Y&G=O&I=FRA&J=77&N=497874&O=Y&P=3DSECURE&Q=18%3A57%3A08&S=720545865&W=11072017&Y=FRA&K=Y14ZQi9tjcaLB1D3fBAOuP5jcOPnV7%2BeiifCMGPfLfu9aF8pq47jDp7exsZqUF%2FQnwkAqXBtdgN3YpQ327sgoM3ljzGBRbf4WcAZMbe7yoMUWf188ntxEUS92hPxZPSgoaZIzN%2BGx7aoTlBMXfzBZysic96A8rO7IBcgjvBcD3I%3D
2017-07-11 18:59:31 1499792371 DEBUG: Cart 15000: Standard IPN
2017-07-11 18:59:31 1499792371 DEBUG: Cart 15000: Validating order
2017-07-11 18:59:31 1499792371 DEBUG: Cart 15000: Customer is back from Paybox payment page. Waiting order validation (loop 0).
2017-07-11 18:59:32 1499792371 DEBUG: Cart 15000: Order 1402 / Le paiement a été autorisé et capturé par Paybox.
2017-07-11 18:59:32 1499792372 DEBUG: Cart 15000: Customer is back from Paybox payment page. Payment success.
2017-07-11 18:59:51 1499792391 DEBUG: Call params: M=26000&R=15000%20-%20MYRIAM%20LAFFONT&T=730643929&A=875117&B=0&C=Visa&D=1912&E=00000&F=Y&G=O&I=FRA&J=77&N=497874&O=Y&P=3DSECURE&Q=18%3A57%3A08&S=720545865&W=11072017&Y=FRA&K=Y14ZQi9tjcaLB1D3fBAOuP5jcOPnV7%2BeiifCMGPfLfu9aF8pq47jDp7exsZqUF%2FQnwkAqXBtdgN3YpQ327sgoM3ljzGBRbf4WcAZMbe7yoMUWf188ntxEUS92hPxZPSgoaZIzN%2BGx7aoTlBMXfzBZysic96A8rO7IBcgjvBcD3I%3D
2017-07-11 18:59:51 1499792391 DEBUG: Cart 15000: (IPN) Cart already being validated as order.
2017-07-11 20:56:13 1499799373 DEBUG: URL to check 2
2017-07-11 20:56:13 1499799373 DEBUG: Checking Paybox URL https://tpeweb.paybox.com/load.html
2017-07-11 20:56:13 1499799373 DEBUG:   Valid url found: https://tpeweb.paybox.com/cgi/MYchoix_pagepaiement.cgi
2017-07-11 20:56:13 1499799373 DEBUG: Cart 15053: Redirecting customer to Paybox (CARTE, CB).
2017-07-11 21:07:35 1499800055 DEBUG: URL to check 2
2017-07-11 21:07:35 1499800055 DEBUG: Checking Paybox URL https://tpeweb.paybox.com/load.html
2017-07-11 21:07:35 1499800055 DEBUG:   Valid url found: https://tpeweb.paybox.com/cgi/MYchoix_pagepaiement.cgi
2017-07-11 21:07:35 1499800055 DEBUG: Cart 15053: Redirecting customer to Paybox (CARTE, CB).
2017-07-11 21:10:29 1499800229 DEBUG: Call params: M=13560&R=15053%20-%20elodie%20Morisod&T=730673840&A=211028&B=0&C=MasterCard&D=1802&E=00000&F=Y&G=O&I=CHE&J=74&N=513659&O=Y&P=3DSECURE&Q=21%3A07%3A35&S=720578178&W=11072017&Y=CHE&K=OWLzaGlZa%2BBS4U9V3BsHClaL9hExwA6BCspHMVnNsxUqXxZ7j%2BvZqpmYYRXmB8J0EYng5p3fHC6iLX02%2FtsVcUNtvNp7PUsXSoj06m7pK9PM4yspAX8BCHB7PHE3Mn%2BD%2BWk0%2FSw9Q4q1L7p0krZlfTFZqGGwxztMgIiagxY%2Fc3s%3D
2017-07-11 21:10:29 1499800229 DEBUG: Cart 15053: Standard IPN
2017-07-11 21:10:29 1499800229 DEBUG: Cart 15053: Validating order
2017-07-11 21:10:30 1499800230 DEBUG: Cart 15053: Customer is back from Paybox payment page. Waiting order validation (loop 0).
2017-07-11 21:10:30 1499800229 DEBUG: Cart 15053: Order 1403 / Le paiement a été autorisé et capturé par Paybox.
2017-07-11 21:10:31 1499800231 DEBUG: Cart 15053: Customer is back from Paybox payment page. Payment success.
2017-07-11 21:10:49 1499800249 DEBUG: Call params: M=13560&R=15053%20-%20elodie%20Morisod&T=730673840&A=211028&B=0&C=MasterCard&D=1802&E=00000&F=Y&G=O&I=CHE&J=74&N=513659&O=Y&P=3DSECURE&Q=21%3A07%3A35&S=720578178&W=11072017&Y=CHE&K=OWLzaGlZa%2BBS4U9V3BsHClaL9hExwA6BCspHMVnNsxUqXxZ7j%2BvZqpmYYRXmB8J0EYng5p3fHC6iLX02%2FtsVcUNtvNp7PUsXSoj06m7pK9PM4yspAX8BCHB7PHE3Mn%2BD%2BWk0%2FSw9Q4q1L7p0krZlfTFZqGGwxztMgIiagxY%2Fc3s%3D
2017-07-11 21:10:49 1499800249 DEBUG: Cart 15053: (IPN) Cart already being validated as order.
2017-07-11 21:17:38 1499800658 DEBUG: URL to check 2
2017-07-11 21:17:38 1499800658 DEBUG: Checking Paybox URL https://tpeweb.paybox.com/load.html
2017-07-11 21:17:38 1499800658 DEBUG:   Valid url found: https://tpeweb.paybox.com/cgi/MYchoix_pagepaiement.cgi
2017-07-11 21:17:38 1499800658 DEBUG: Cart 15056: Redirecting customer to Paybox (CARTE, CB).
2017-07-11 21:18:44 1499800724 DEBUG: Call params: M=9100&R=15056%20-%20anais%20ridel&T=730676305&A=633523&B=0&C=Visa&D=1805&E=00000&F=Y&G=O&I=FRA&J=94&N=497203&O=Y&P=3DSECURE&Q=21%3A17%3A39&S=720580566&W=11072017&Y=FRA&K=FvRihwTosDs%2FDL0XF0Cr9p9NDfcB9eCTQC4e8YLxeBfJEBeolYMgM1Kxf3RK24VSuOTkx2ahCMbE14jcgOxuJw8VdfmiSLEO%2FLLTWpfCVeKw5f2TTlq4HfyLzWo2X22Ls7Qpr2B6kPLGoeLGLylh77gKXrT5Li3s7pjvq4CAluU%3D
2017-07-11 21:18:44 1499800724 DEBUG: Cart 15056: Standard IPN
2017-07-11 21:18:44 1499800724 DEBUG: Cart 15056: Validating order
2017-07-11 21:18:45 1499800725 DEBUG: Cart 15056: Customer is back from Paybox payment page. Waiting order validation (loop 0).
2017-07-11 21:18:45 1499800724 DEBUG: Cart 15056: Order 1404 / Le paiement a été autorisé et capturé par Paybox.
2017-07-11 21:18:46 1499800726 DEBUG: Cart 15056: Customer is back from Paybox payment page. Payment success.
2017-07-11 21:19:04 1499800744 DEBUG: Call params: M=9100&R=15056%20-%20anais%20ridel&T=730676305&A=633523&B=0&C=Visa&D=1805&E=00000&F=Y&G=O&I=FRA&J=94&N=497203&O=Y&P=3DSECURE&Q=21%3A17%3A39&S=720580566&W=11072017&Y=FRA&K=FvRihwTosDs%2FDL0XF0Cr9p9NDfcB9eCTQC4e8YLxeBfJEBeolYMgM1Kxf3RK24VSuOTkx2ahCMbE14jcgOxuJw8VdfmiSLEO%2FLLTWpfCVeKw5f2TTlq4HfyLzWo2X22Ls7Qpr2B6kPLGoeLGLylh77gKXrT5Li3s7pjvq4CAluU%3D
2017-07-11 21:19:04 1499800744 DEBUG: Cart 15056: (IPN) Cart already being validated as order.
