2017-06-06 11:52:34 1496742754 DEBUG: URL to check 2
2017-06-06 11:52:34 1496742754 DEBUG: Checking Paybox URL https://tpeweb.paybox.com/load.html
2017-06-06 11:52:34 1496742754 DEBUG:   Valid url found: https://tpeweb.paybox.com/cgi/MYchoix_pagepaiement.cgi
2017-06-06 11:52:34 1496742754 DEBUG: Cart 13547: Redirecting customer to Paybox (CARTE, CB).
2017-06-06 11:54:10 1496742850 DEBUG: Cart 13547: Payment was canceled by user on Paybox payment page.
2017-06-06 11:55:10 1496742909 DEBUG: URL to check 2
2017-06-06 11:55:10 1496742909 DEBUG: Checking Paybox URL https://tpeweb.paybox.com/load.html
2017-06-06 11:55:10 1496742909 DEBUG:   Valid url found: https://tpeweb.paybox.com/cgi/MYchoix_pagepaiement.cgi
2017-06-06 11:55:10 1496742909 DEBUG: Cart 13547: Redirecting customer to Paybox (CARTE, CB).
2017-06-06 11:56:11 1496742971 DEBUG: Call params: M=40200&R=13547%20-%20NICOLE%20FLAHAUT&T=718659682&A=162442&B=0&C=Visa&D=2003&E=00000&F=Y&G=O&I=FRA&J=06&N=497886&O=Y&P=3DSECURE&Q=11%3A55%3A10&S=710871661&W=06062017&Y=FRA&K=yJZn5jHnubgO49%2Fr4ERx2gh13h1dhF4GUZURJKbhkfR0yNMgBOl93YEtoudCj4wBlWYu2ScrjuQfePIaXIYK8Wfidtb8sYeAk%2BRvVicGjXUYlfUAzM5rs6s26kBhgoXqBmpEqUToWQi%2Bf2yuz1w%2FyNcTCb0sc%2B3iZWha2zvKVxU%3D
2017-06-06 11:56:11 1496742971 DEBUG: Cart 13547: Standard IPN
2017-06-06 11:56:11 1496742971 DEBUG: Cart 13547: Validating order
2017-06-06 11:56:11 1496742971 DEBUG: Cart 13547: Customer is back from Paybox payment page. Waiting order validation (loop 0).
2017-06-06 11:56:12 1496742972 DEBUG: Cart 13547: Customer is back from Paybox payment page. Waiting order validation (loop 1).
2017-06-06 11:56:13 1496742971 DEBUG: Cart 13547: Order 1200 / Le paiement a été autorisé et capturé par Paybox.
2017-06-06 11:56:14 1496742974 DEBUG: Cart 13547: Customer is back from Paybox payment page. Payment success.
2017-06-06 11:56:31 1496742991 DEBUG: Call params: M=40200&R=13547%20-%20NICOLE%20FLAHAUT&T=718659682&A=162442&B=0&C=Visa&D=2003&E=00000&F=Y&G=O&I=FRA&J=06&N=497886&O=Y&P=3DSECURE&Q=11%3A55%3A10&S=710871661&W=06062017&Y=FRA&K=yJZn5jHnubgO49%2Fr4ERx2gh13h1dhF4GUZURJKbhkfR0yNMgBOl93YEtoudCj4wBlWYu2ScrjuQfePIaXIYK8Wfidtb8sYeAk%2BRvVicGjXUYlfUAzM5rs6s26kBhgoXqBmpEqUToWQi%2Bf2yuz1w%2FyNcTCb0sc%2B3iZWha2zvKVxU%3D
2017-06-06 11:56:31 1496742991 DEBUG: Cart 13547: (IPN) Cart already being validated as order.
2017-06-06 14:23:30 1496751809 DEBUG: URL to check 2
2017-06-06 14:23:30 1496751809 DEBUG: Checking Paybox URL https://tpeweb.paybox.com/load.html
2017-06-06 14:23:30 1496751809 DEBUG:   Valid url found: https://tpeweb.paybox.com/cgi/MYchoix_pagepaiement.cgi
2017-06-06 14:23:30 1496751809 DEBUG: Cart 13714: Redirecting customer to Paybox (CARTE, CB).
2017-06-06 15:12:13 1496754733 DEBUG: URL to check 2
2017-06-06 15:12:13 1496754733 DEBUG: Checking Paybox URL https://tpeweb.paybox.com/load.html
2017-06-06 15:12:13 1496754733 DEBUG:   Valid url found: https://tpeweb.paybox.com/cgi/MYchoix_pagepaiement.cgi
2017-06-06 15:12:13 1496754733 DEBUG: Cart 13716: Redirecting customer to Paybox (CARTE, CB).
2017-06-06 15:13:15 1496754795 DEBUG: Call params: M=19550&R=13716%20-%20NICOLE%20LEGLENE&T=718737429&A=470150&B=0&C=MasterCard&D=2104&E=00000&F=Y&G=O&I=FRA&J=07&N=529434&O=Y&P=3DSECURE&Q=15%3A12%3A14&S=710935577&W=06062017&Y=FRA&K=aSnsFdUS0FpiwNBfcDZCJVxZ4EduSZVkHU3OPdXhdtymnirN3Gjvt5zKvDsG5qLC8gtnmO4F8oAhsCaRoQRTREsqMXB2mdwZEOSdpYrHlYsckxp1e26r%2FFNIwJroZ1%2Fyva7dJfxTqToPo6vLO1yGULPyLCgjgjoWy%2FBPyUgGhdE%3D
2017-06-06 15:13:15 1496754795 DEBUG: Cart 13716: Standard IPN
2017-06-06 15:13:15 1496754795 DEBUG: Cart 13716: Validating order
2017-06-06 15:13:15 1496754795 DEBUG: Cart 13716: Customer is back from Paybox payment page. Waiting order validation (loop 0).
2017-06-06 15:13:17 1496754797 DEBUG: Cart 13716: Customer is back from Paybox payment page. Waiting order validation (loop 1).
2017-06-06 15:13:17 1496754795 DEBUG: Cart 13716: Order 1201 / Le paiement a été autorisé et capturé par Paybox.
2017-06-06 15:13:17 1496754797 DEBUG: Call params: M=19550&R=13716%20-%20NICOLE%20LEGLENE&T=718737429&A=470150&B=0&C=MasterCard&D=2104&E=00000&F=Y&G=O&I=FRA&J=07&N=529434&O=Y&P=3DSECURE&Q=15%3A12%3A14&S=710935577&W=06062017&Y=FRA&K=aSnsFdUS0FpiwNBfcDZCJVxZ4EduSZVkHU3OPdXhdtymnirN3Gjvt5zKvDsG5qLC8gtnmO4F8oAhsCaRoQRTREsqMXB2mdwZEOSdpYrHlYsckxp1e26r%2FFNIwJroZ1%2Fyva7dJfxTqToPo6vLO1yGULPyLCgjgjoWy%2FBPyUgGhdE%3D
2017-06-06 15:13:17 1496754797 DEBUG: Cart 13716: (IPN) Cart already being validated as order.
2017-06-06 15:13:18 1496754798 DEBUG: Cart 13716: Customer is back from Paybox payment page. Payment success.
2017-06-06 15:52:09 1496757129 DEBUG: URL to check 2
2017-06-06 15:52:09 1496757129 DEBUG: Checking Paybox URL https://tpeweb.paybox.com/load.html
2017-06-06 15:52:09 1496757129 DEBUG:   Valid url found: https://tpeweb.paybox.com/cgi/MYchoix_pagepaiement.cgi
2017-06-06 15:52:09 1496757129 DEBUG: Cart 13718: Redirecting customer to Paybox (CARTE, CB).
2017-06-06 15:53:18 1496757198 DEBUG: Call params: M=2600&R=13718%20-%20Lucile%20Linard&T=718757128&A=412297&B=0&C=Visa&D=1905&E=00000&F=Y&G=O&I=FRA&J=68&N=497049&O=Y&P=3DSECURE&Q=15%3A52%3A10&S=710950653&W=06062017&Y=FRA&K=TpqRVhsWX8iN%2FSV64HmtBYvJSLLzrfnh79SeItOOwDPAksLYfghXe4w5t8%2ByF8PSlVW3yO87OhrLi2Ak4MYiMgQXc%2BQcxPLDfdL4pKxYcyCo0UHzAvxo%2BFJCv5GCIyj2EywekC%2Bf5%2BxPDXB25XZfCZWn%2FpbwloEor%2FRHyHIOBgc%3D
2017-06-06 15:53:18 1496757198 DEBUG: Cart 13718: Standard IPN
2017-06-06 15:53:18 1496757198 DEBUG: Cart 13718: Validating order
2017-06-06 15:53:18 1496757198 DEBUG: Cart 13718: Customer is back from Paybox payment page. Waiting order validation (loop 0).
2017-06-06 15:53:19 1496757199 DEBUG: Cart 13718: Customer is back from Paybox payment page. Waiting order validation (loop 1).
2017-06-06 15:53:20 1496757198 DEBUG: Cart 13718: Order 1202 / Le paiement a été autorisé et capturé par Paybox.
2017-06-06 15:53:21 1496757200 DEBUG: Cart 13718: Customer is back from Paybox payment page. Payment success.
2017-06-06 17:37:09 1496763429 DEBUG: URL to check 2
2017-06-06 17:37:09 1496763429 DEBUG: Checking Paybox URL https://tpeweb.paybox.com/load.html
2017-06-06 17:37:09 1496763429 DEBUG:   Valid url found: https://tpeweb.paybox.com/cgi/MYchoix_pagepaiement.cgi
2017-06-06 17:37:09 1496763429 DEBUG: Cart 13416: Redirecting customer to Paybox (CARTE, CB).
2017-06-06 17:38:19 1496763499 DEBUG: Call params: M=6300&R=13416%20-%20FAUBERTEAU%20Geraldine&T=718807904&A=113566&B=0&C=MasterCard&D=1812&E=00000&F=A&G=O&I=FRA&J=95&N=513286&O=Y&P=3DSECURE&Q=17%3A37%3A10&S=710986669&W=06062017&Y=FRA&K=JC99b5N6hV0EcoOdVys5rsUdd1nSNKRCw7H%2FMAi8BIu2t8wUGLgqD79aLcrBq5CJP%2B198g5urIqcBKXp6OSFJfhK59Iq1Hg16nXW68R6RbkzpxhrA8DBsDAYQZzA%2FdVrEuhuDabAuo%2FoI7uycSW6RRLQSggFQJxVZmnZrVxpQUM%3D
2017-06-06 17:38:19 1496763499 DEBUG: Cart 13416: Standard IPN
2017-06-06 17:38:19 1496763499 DEBUG: Cart 13416: Validating order
2017-06-06 17:38:19 1496763499 DEBUG: Cart 13416: Customer is back from Paybox payment page. Waiting order validation (loop 0).
2017-06-06 17:38:20 1496763500 DEBUG: Cart 13416: Customer is back from Paybox payment page. Waiting order validation (loop 1).
2017-06-06 17:38:20 1496763499 DEBUG: Cart 13416: Order 1204 / Le paiement a été autorisé et capturé par Paybox.
2017-06-06 17:38:21 1496763501 DEBUG: Cart 13416: Customer is back from Paybox payment page. Payment success.
2017-06-06 22:08:30 1496779710 DEBUG: URL to check 2
2017-06-06 22:08:30 1496779710 DEBUG: Checking Paybox URL https://tpeweb.paybox.com/load.html
2017-06-06 22:08:30 1496779710 DEBUG:   Valid url found: https://tpeweb.paybox.com/cgi/MYchoix_pagepaiement.cgi
2017-06-06 22:08:30 1496779710 DEBUG: Cart 13729: Redirecting customer to Paybox (CARTE, CB).
2017-06-06 22:09:31 1496779771 DEBUG: Call params: M=2250&R=13729%20-%20Cecile%20FABRE&T=718907066&A=885506&B=0&C=MasterCard&D=1709&E=00000&F=Y&G=O&I=FRA&J=52&N=513130&O=Y&P=3DSECURE&Q=22%3A08%3A31&S=711059693&W=06062017&Y=FRA&K=tQngfA5fEgAG6691U%2FEif1KTPd1Emlt3jOKnAq2YeOUqTarC7zesRyb0A34FDqyQt9JGL6%2FXHpaWmkPXGVbuLApU4Q1Crr%2Bn5h1dZJ2NSIWHN%2BN615D33%2FF8mthBlnnUhGsOXyumAKMZa3yIoymD58O5mlMqfjbqZxSd%2B%2F9gYd0%3D
2017-06-06 22:09:31 1496779771 DEBUG: Cart 13729: Standard IPN
2017-06-06 22:09:31 1496779771 DEBUG: Cart 13729: Validating order
2017-06-06 22:09:31 1496779771 DEBUG: Cart 13729: Customer is back from Paybox payment page. Waiting order validation (loop 0).
2017-06-06 22:09:32 1496779771 DEBUG: Cart 13729: Order 1206 / Le paiement a été autorisé et capturé par Paybox.
2017-06-06 22:09:33 1496779773 DEBUG: Cart 13729: Customer is back from Paybox payment page. Payment success.
