2017-10-09 11:00:52 1507539651 DEBUG: URL to check 2
2017-10-09 11:00:52 1507539651 DEBUG: Checking Paybox URL https://tpeweb.paybox.com/load.html
2017-10-09 11:00:52 1507539651 DEBUG:   Valid url found: https://tpeweb.paybox.com/cgi/MYchoix_pagepaiement.cgi
2017-10-09 11:00:52 1507539651 DEBUG: Cart 18621: Redirecting customer to Paybox (CARTE, CB).
2017-10-09 11:02:16 1507539736 DEBUG: Call params: M=10992&R=18621%20-%20joy%20astrid%20poinsot&T=754615510&A=322311&B=0&C=MasterCard&D=1909&E=00000&F=Y&G=O&I=FRA&J=11&N=513742&O=Y&P=3DSECURE&Q=11%3A00%3A52&S=741290757&W=09102017&Y=FRA&K=xHZqzkKVlLyRONkTvyfbdjlxa5ibuGAL%2F1BK6FMXBnaNEdXeKm0WVUE9%2BAWLMIgrOsQMJedYNO3MP0CBxKG4LDR%2B%2FEI%2F4Dz1c12ZqfbnVm7Qz49t9AyEuG7AURc05d66p%2BsZ%2BqqjXsH%2BmvGI5XZCs34HObP5o3xC3Z5WKfTI158%3D
2017-10-09 11:02:16 1507539736 DEBUG: Cart 18621: Standard IPN
2017-10-09 11:02:16 1507539736 DEBUG: Cart 18621: Validating order
2017-10-09 11:02:16 1507539736 DEBUG: Cart 18621: Customer is back from Paybox payment page. Waiting order validation (loop 0).
2017-10-09 11:02:17 1507539736 DEBUG: Cart 18621: Order 1725 / Le paiement a été autorisé et capturé par Paybox.
2017-10-09 11:02:17 1507539737 DEBUG: Cart 18621: Customer is back from Paybox payment page. Payment success.
2017-10-09 11:02:17 1507539737 DEBUG: Call params: M=10992&R=18621%20-%20joy%20astrid%20poinsot&T=754615510&A=322311&B=0&C=MasterCard&D=1909&E=00000&F=Y&G=O&I=FRA&J=11&N=513742&O=Y&P=3DSECURE&Q=11%3A00%3A52&S=741290757&W=09102017&Y=FRA&K=xHZqzkKVlLyRONkTvyfbdjlxa5ibuGAL%2F1BK6FMXBnaNEdXeKm0WVUE9%2BAWLMIgrOsQMJedYNO3MP0CBxKG4LDR%2B%2FEI%2F4Dz1c12ZqfbnVm7Qz49t9AyEuG7AURc05d66p%2BsZ%2BqqjXsH%2BmvGI5XZCs34HObP5o3xC3Z5WKfTI158%3D
2017-10-09 11:02:17 1507539737 DEBUG: Cart 18621: (IPN) Cart already being validated as order.
2017-10-09 13:22:52 1507548171 DEBUG: URL to check 2
2017-10-09 13:22:52 1507548171 DEBUG: Checking Paybox URL https://tpeweb.paybox.com/load.html
2017-10-09 13:22:52 1507548171 DEBUG:   Valid url found: https://tpeweb.paybox.com/cgi/MYchoix_pagepaiement.cgi
2017-10-09 13:22:52 1507548171 DEBUG: Cart 18624: Redirecting customer to Paybox (CARTE, CB).
2017-10-09 13:25:11 1507548311 DEBUG: Call params: M=8992&R=18624%20-%20nathalie%20ASTIER&T=754658268&A=437212&B=0&C=MasterCard&D=1910&E=00000&F=Y&G=O&I=FRA&J=60&N=529556&O=Y&P=3DSECURE&Q=13%3A22%3A54&S=741330664&W=09102017&Y=FRA&K=mQ4jNaJdCyL08pJGUCH54lSSoWpSQOTXE0UwCY7RRSj6958ixUqc4qBA2rmRCP2y8PtxC26YPeKQBu6U%2BTK8oO3BUtw%2BsPClxXOrHRZg%2FFVLz6TFxzrfNhzN4WH433ijZuYMRfYGu5YznAWIw8Fv%2FBoVCtD%2Fon0VgSCOCCeZEjc%3D
2017-10-09 13:25:11 1507548311 DEBUG: Cart 18624: Standard IPN
2017-10-09 13:25:11 1507548311 DEBUG: Cart 18624: Validating order
2017-10-09 13:25:11 1507548311 DEBUG: Cart 18624: Customer is back from Paybox payment page. Waiting order validation (loop 0).
2017-10-09 13:25:12 1507548312 DEBUG: Cart 18624: Customer is back from Paybox payment page. Waiting order validation (loop 1).
2017-10-09 13:25:12 1507548311 DEBUG: Cart 18624: Order 1726 / Le paiement a été autorisé et capturé par Paybox.
2017-10-09 13:25:13 1507548313 DEBUG: Call params: M=8992&R=18624%20-%20nathalie%20ASTIER&T=754658268&A=437212&B=0&C=MasterCard&D=1910&E=00000&F=Y&G=O&I=FRA&J=60&N=529556&O=Y&P=3DSECURE&Q=13%3A22%3A54&S=741330664&W=09102017&Y=FRA&K=mQ4jNaJdCyL08pJGUCH54lSSoWpSQOTXE0UwCY7RRSj6958ixUqc4qBA2rmRCP2y8PtxC26YPeKQBu6U%2BTK8oO3BUtw%2BsPClxXOrHRZg%2FFVLz6TFxzrfNhzN4WH433ijZuYMRfYGu5YznAWIw8Fv%2FBoVCtD%2Fon0VgSCOCCeZEjc%3D
2017-10-09 13:25:13 1507548313 DEBUG: Cart 18624: (IPN) Cart already being validated as order.
2017-10-09 13:25:14 1507548314 DEBUG: Cart 18624: Customer is back from Paybox payment page. Payment success.
