2017-10-06 11:40:26 1507282823 DEBUG: URL to check 2
2017-10-06 11:40:26 1507282823 DEBUG: Checking Paybox URL https://tpeweb.paybox.com/load.html
2017-10-06 11:40:26 1507282823 DEBUG:   Valid url found: https://tpeweb.paybox.com/cgi/MYframepagepaiement_ip.cgi
2017-10-06 11:40:26 1507282823 DEBUG: Cart 18534: Redirecting customer to Paybox (CARTE, CB).
2017-10-06 11:42:29 1507282949 DEBUG: Call params: M=17887&R=18534%20-%20David%20Brigonet&T=754052688&A=965623&B=0&C=Visa&D=1806&E=00000&F=Y&G=O&I=FRA&J=92&N=497355&O=Y&P=3DSECURE&Q=11%3A40%3A26&S=740741178&W=06102017&Y=FRA&K=bajygqxxkLHX0DrO9Qx4uNAAxuj6mzYh2KG0dO%2FMIK8H%2FzKEiEdSYHPqE9hoSelWcxlXhUP%2BXKpeufvcI8d7x0SQE9oVPh4ZEsGcyng4jcmrE87tyNJwiKT1WdFKy93kM%2BfgV7jcfSGTHgCZU4KapmRNDPX4huA3UqfuOWyARZ4%3D
2017-10-06 11:42:29 1507282949 DEBUG: Cart 18534: Standard IPN
2017-10-06 11:42:29 1507282949 DEBUG: Cart 18534: Validating order
2017-10-06 11:42:29 1507282949 DEBUG: Cart 18534: Customer is back from Paybox payment page. Waiting order validation (loop 0).
2017-10-06 11:42:31 1507282951 DEBUG: Cart 18534: Customer is back from Paybox payment page. Waiting order validation (loop 1).
2017-10-06 11:42:32 1507282952 DEBUG: Cart 18534: Customer is back from Paybox payment page. Payment success.
2017-10-06 11:42:32 1507282949 DEBUG: Cart 18534: Order 1720 / Le paiement a été autorisé et capturé par Paybox.
2017-10-06 11:42:32 1507282952 DEBUG: Call params: M=17887&R=18534%20-%20David%20Brigonet&T=754052688&A=965623&B=0&C=Visa&D=1806&E=00000&F=Y&G=O&I=FRA&J=92&N=497355&O=Y&P=3DSECURE&Q=11%3A40%3A26&S=740741178&W=06102017&Y=FRA&K=bajygqxxkLHX0DrO9Qx4uNAAxuj6mzYh2KG0dO%2FMIK8H%2FzKEiEdSYHPqE9hoSelWcxlXhUP%2BXKpeufvcI8d7x0SQE9oVPh4ZEsGcyng4jcmrE87tyNJwiKT1WdFKy93kM%2BfgV7jcfSGTHgCZU4KapmRNDPX4huA3UqfuOWyARZ4%3D
2017-10-06 11:42:32 1507282952 DEBUG: Cart 18534: (IPN) Cart already being validated as order.
2017-10-06 16:01:17 1507298477 DEBUG: URL to check 2
2017-10-06 16:01:17 1507298477 DEBUG: Checking Paybox URL https://tpeweb.paybox.com/load.html
2017-10-06 16:01:18 1507298477 DEBUG:   Valid url found: https://tpeweb.paybox.com/cgi/MYchoix_pagepaiement.cgi
2017-10-06 16:01:18 1507298477 DEBUG: Cart 18529: Redirecting customer to Paybox (CARTE, CB).
2017-10-06 16:03:09 1507298589 DEBUG: URL to check 2
2017-10-06 16:03:09 1507298589 DEBUG: Checking Paybox URL https://tpeweb.paybox.com/load.html
2017-10-06 16:03:09 1507298589 DEBUG:   Valid url found: https://tpeweb.paybox.com/cgi/MYchoix_pagepaiement.cgi
2017-10-06 16:03:09 1507298589 DEBUG: Cart 18529: Redirecting customer to Paybox (CARTE, CB).
2017-10-06 16:12:32 1507299152 DEBUG: URL to check 2
2017-10-06 16:12:32 1507299152 DEBUG: Checking Paybox URL https://tpeweb.paybox.com/load.html
2017-10-06 16:12:33 1507299152 DEBUG:   Valid url found: https://tpeweb.paybox.com/cgi/MYchoix_pagepaiement.cgi
2017-10-06 16:12:33 1507299152 DEBUG: Cart 18529: Redirecting customer to Paybox (CARTE, CB).
2017-10-06 16:13:59 1507299239 DEBUG: Call params: M=8465&R=18529%20-%20guilene%20batail&T=754113119&A=752234&B=0&C=MasterCard&D=1906&E=00000&F=Y&G=O&I=FRA&J=75&N=513162&O=Y&P=3DSECURE&Q=16%3A03%3A09&S=740802613&W=06102017&Y=FRA&K=KDcO1Y4nnlZuradZ%2F9zAZlPAQlZaOIAn7HWCwt6Thi3ixJtsBxrGSaY5GS3cd8enqP38kQ3%2BOTQ5GYfcj2WyY0Clt068UXiC3ULUiv2hqYnP2FT05fpVX0FvUsaRKo5EgwY9eAb3iIOeghrsrELta572DpJbWbu2FWiWj1Pf56c%3D
2017-10-06 16:14:00 1507299239 DEBUG: Cart 18529: Standard IPN
2017-10-06 16:14:00 1507299239 DEBUG: Cart 18529: Validating order
2017-10-06 16:14:00 1507299240 DEBUG: Cart 18529: Customer is back from Paybox payment page. Waiting order validation (loop 0).
2017-10-06 16:14:01 1507299241 DEBUG: Cart 18529: Customer is back from Paybox payment page. Waiting order validation (loop 1).
2017-10-06 16:14:01 1507299239 DEBUG: Cart 18529: Order 1721 / Le paiement a été autorisé et capturé par Paybox.
2017-10-06 16:14:01 1507299241 DEBUG: Call params: M=8465&R=18529%20-%20guilene%20batail&T=754113119&A=752234&B=0&C=MasterCard&D=1906&E=00000&F=Y&G=O&I=FRA&J=75&N=513162&O=Y&P=3DSECURE&Q=16%3A03%3A09&S=740802613&W=06102017&Y=FRA&K=KDcO1Y4nnlZuradZ%2F9zAZlPAQlZaOIAn7HWCwt6Thi3ixJtsBxrGSaY5GS3cd8enqP38kQ3%2BOTQ5GYfcj2WyY0Clt068UXiC3ULUiv2hqYnP2FT05fpVX0FvUsaRKo5EgwY9eAb3iIOeghrsrELta572DpJbWbu2FWiWj1Pf56c%3D
2017-10-06 16:14:01 1507299241 DEBUG: Cart 18529: (IPN) Cart already being validated as order.
2017-10-06 16:14:02 1507299242 DEBUG: Cart 18529: Customer is back from Paybox payment page. Payment success.
