2017-07-16 13:34:51 1500204890 DEBUG: URL to check 2
2017-07-16 13:34:51 1500204890 DEBUG: Checking Paybox URL https://tpeweb.paybox.com/load.html
2017-07-16 13:34:51 1500204890 DEBUG:   Valid url found: https://tpeweb.paybox.com/cgi/MYchoix_pagepaiement.cgi
2017-07-16 13:34:51 1500204890 DEBUG: Cart 15215: Redirecting customer to Paybox (CARTE, CB).
2017-07-16 13:38:10 1500205090 DEBUG: Call params: M=11100&R=15215%20-%20Elodie%20Decoster&T=732008300&A=237690&B=0&C=Visa&D=1811&E=00000&F=Y&G=O&I=FRA&J=79&N=497040&O=Y&P=3DSECURE&Q=13%3A34%3A56&S=721676493&W=16072017&Y=FRA&K=r%2Bj8l4lCq6LxuRX7SduR%2BotUgJAPfQepL%2FobQqcEO6YL3m55Dnw7h0N578YghEO1%2BZLrhUkd7wuGwe32DtM7Zf8icf%2B14%2BMo69SfUEgi7Y8i8ytwffxkHa10AM0ebqkqqjTS0e6hpsMRM0hktJ9skkxW5ZoV7KySFCM8KdsP26E%3D
2017-07-16 13:38:10 1500205090 DEBUG: Cart 15215: Standard IPN
2017-07-16 13:38:10 1500205090 DEBUG: Cart 15215: Validating order
2017-07-16 13:38:12 1500205092 DEBUG: Cart 15215: Customer is back from Paybox payment page. Waiting order validation (loop 0).
2017-07-16 13:38:12 1500205090 DEBUG: Cart 15215: Order 1422 / Le paiement a été autorisé et capturé par Paybox.
2017-07-16 13:38:13 1500205093 DEBUG: Cart 15215: Customer is back from Paybox payment page. Payment success.
2017-07-16 21:48:56 1500234536 DEBUG: URL to check 2
2017-07-16 21:48:56 1500234536 DEBUG: Checking Paybox URL https://tpeweb.paybox.com/load.html
2017-07-16 21:48:56 1500234536 DEBUG:   Valid url found: https://tpeweb.paybox.com/cgi/MYchoix_pagepaiement.cgi
2017-07-16 21:48:56 1500234536 DEBUG: Cart 15208: Redirecting customer to Paybox (CARTE, CB).
2017-07-16 21:50:08 1500234608 DEBUG: Call params: M=5475&R=15208%20-%20sladana%20pusic&T=732150874&A=619013&B=0&C=Visa&D=1912&E=00000&F=Y&G=O&I=FRA&J=27&N=497598&O=Y&P=3DSECURE&Q=21%3A48%3A57&S=721783575&W=16072017&Y=FRA&K=j3oYKrf%2F5DQPuiKpD5wnbgpQtePjEzo6UO5H%2FGhr9mBtrRr7l4oAgWk6CpRtdCDQHde2aPrXLH50%2Bw%2B80SvkRniwKiXTE2WD%2B0BP6XNlmvBFAdbQMQ6CCHqlRMmCCdxDUK4aTeDC9klZkH1idjnjRDD0S89o92U0qR864J6F0%2Bo%3D
2017-07-16 21:50:08 1500234608 DEBUG: Cart 15208: Standard IPN
2017-07-16 21:50:08 1500234608 DEBUG: Cart 15208: Validating order
2017-07-16 21:50:08 1500234608 DEBUG: Cart 15208: Customer is back from Paybox payment page. Waiting order validation (loop 0).
2017-07-16 21:50:09 1500234609 DEBUG: Cart 15208: Customer is back from Paybox payment page. Waiting order validation (loop 1).
2017-07-16 21:50:10 1500234608 DEBUG: Cart 15208: Order 1423 / Le paiement a été autorisé et capturé par Paybox.
2017-07-16 21:50:10 1500234610 DEBUG: Cart 15208: Customer is back from Paybox payment page. Payment success.
2017-07-16 23:58:12 1500242292 DEBUG: URL to check 2
2017-07-16 23:58:12 1500242292 DEBUG: Checking Paybox URL https://tpeweb.paybox.com/load.html
2017-07-16 23:58:13 1500242292 DEBUG:   Valid url found: https://tpeweb.paybox.com/cgi/MYframepagepaiement_ip.cgi
2017-07-16 23:58:13 1500242292 DEBUG: Cart 15229: Redirecting customer to Paybox (CARTE, CB).
