2015-12-01 10:13:04 1448961184 DEBUG: URL to check 2
2015-12-01 10:13:04 1448961184 DEBUG: Checking Paybox URL https://tpeweb.paybox.com/load.html
2015-12-01 10:13:04 1448961184 DEBUG:   Valid url found: https://tpeweb.paybox.com/cgi/MYchoix_pagepaiement.cgi
2015-12-01 10:13:04 1448961184 DEBUG: Cart 309: Redirecting customer to Paybox (CARTE, CB).
2015-12-01 10:13:37 1448961217 DEBUG: Call params: M=12280&R=309%20-%20Brigitte%20Soyez&T=1180733565&A=087070&B=0&C=Visa&D=1804&E=00000&G=D&H=7EE0658D22581412ADAEEC030C6169E421E79A37&I=FRA&J=&N=&P=CARTE&Q=10%3A13%3A06&S=79026469&W=01122015&Y=FRA&K=eEBM6qKsX0Kg1KBdWOf1IOTEZE%2FEzYN%2FngXlZKklng8UioDnQvCo6spLK8ZhBdbh%2FtjcoauuHZlc8ehX3BIWpcxAtsmHdk3eS3bJ3TebfKQN9DNHGks9LivlhNARe2A5HvjngR7JunfdVrMqTLBGICLnkj1Fdcdk3WGVUQh3STo%3D
2015-12-01 10:13:37 1448961217 DEBUG: Cart 309: Standard IPN
2015-12-01 10:13:37 1448961217 DEBUG: Cart 309: Validating order (PS1.5+)
2015-12-01 10:13:37 1448961217 DEBUG: Cart 309: Customer is back from Paybox payment page. Waiting order validation (loop 0).
2015-12-01 10:13:39 1448961219 DEBUG: Cart 309: Customer is back from Paybox payment page. Waiting order validation (loop 1).
2015-12-01 10:13:39 1448961217 DEBUG: Cart 309: Order 92 / Le paiement a été autorisé et capturé par Paybox.
2015-12-01 10:13:41 1448961221 DEBUG: Cart 309: Customer is back from Paybox payment page. Payment success.
2015-12-01 13:21:57 1448972516 DEBUG: URL to check 2
2015-12-01 13:21:57 1448972516 DEBUG: Checking Paybox URL https://tpeweb.paybox.com/load.html
2015-12-01 13:21:57 1448972516 DEBUG:   Valid url found: https://tpeweb.paybox.com/cgi/MYchoix_pagepaiement.cgi
2015-12-01 13:21:57 1448972516 DEBUG: Cart 330: Redirecting customer to Paybox (CARTE, CB).
2015-12-01 13:27:49 1448972869 DEBUG: Call params: M=1795&R=330%20-%20franck%20beaupoil&T=1180823641&A=865146&B=0&C=Visa&D=1809&E=00000&G=D&H=1C4DEDA979CDAB610EDE5F10943E4DBCFC3273F4&I=FRA&J=&N=&P=CARTE&Q=13%3A21%3A58&S=79102725&W=01122015&Y=FRA&K=Tw0GJfRxObboGYbIYV3vtXzrhzKVPoK%2FuKIy7rHdqYZwP73JnGOTHA%2BMOg7z82dAA%2FQCvsH5vRqVQDIzaDdrzTfhsaC1vMyLfKOOckzdGHXIQed1hu8IfbD8qbiOpaIEDjgbnznGU1j%2BcwsigJLTnPsTzshRDehhRSp3THo6rvw%3D
2015-12-01 13:27:49 1448972869 DEBUG: Cart 330: Standard IPN
2015-12-01 13:27:49 1448972869 DEBUG: Cart 330: Validating order (PS1.5+)
2015-12-01 13:27:52 1448972869 DEBUG: Cart 330: Order 93 / Le paiement a été autorisé et capturé par Paybox.
on (loop 0).
2015-12-01 13:27:51 1448972871 DEBUG: Cart 330: Customer is back from Paybox payment page. Waiting order validation (loop 1).
2015-12-01 13:27:52 1448972872 DEBUG: Cart 330: Customer is back from Paybox payment page. Payment success.
