2017-12-06 12:00:08 1512558005 DEBUG: URL to check 2
2017-12-06 12:00:08 1512558005 DEBUG: Checking Paybox URL https://tpeweb.paybox.com/load.html
2017-12-06 12:00:08 1512558005 DEBUG:   Valid url found: https://tpeweb.paybox.com/cgi/MYchoix_pagepaiement.cgi
2017-12-06 12:00:08 1512558005 DEBUG: Cart 19848: Redirecting customer to Paybox (CARTE, CB).
2017-12-06 12:05:21 1512558321 DEBUG: Call params: M=12443&R=19848%20-%20Danilo%20Stefani&T=772275735&B=0&C=CB&D=1901&E=00040&F=N&G=O&I=ITA&J=53&N=558686&O=Y&P=3DSECURE&Q=12%3A00%3A09&S=755930153&W=06122017&K=AoPzpSwOcERcpIunl9PK5E1qzBHqrNtjYB2K4YYW8i4Oee6eYnHJ0YtIX7zMVUHPnGF6pUsXS124djViD9DsDxinBN9bUOrQKA1KPVWK7De1tmA0BN1Fn0Bg2exGerAQ5BccDXGx18ZRsMCk0BdNIrJFtlqMmNx5ZUSgA4bHjjY%3D
2017-12-06 12:05:21 1512558321 DEBUG: Cart 19848: (IPN) Payment was refused by Paybox (40).
2017-12-06 12:08:57 1512558537 DEBUG: Call params: M=12443&R=19848%20-%20Danilo%20Stefani&T=772275735&B=0&C=CB&D=1901&E=00040&F=N&G=O&I=ITA&J=53&N=558686&O=Y&P=3DSECURE&Q=12%3A00%3A09&S=755931708&W=06122017&K=uzGUGRKWjrticUwfnKM1G%2FbXJyjj3FeaBeUEJmObJU0i7kqQaUVbVT0WrumJpei1XWMno8XBxIEKUpjrchQLM7WskuuP1EUfiNGdIF0JEfQniXTMK2PFx9EbT%2FSLc%2FJQCXeLS6t2SRiVMSQnRSh%2FQ7N2CtotMH5auZHu0prP54k%3D
2017-12-06 12:08:57 1512558537 DEBUG: Cart 19848: (IPN) Payment was refused by Paybox (40).
2017-12-06 12:09:02 1512558542 DEBUG: Cart 19848: Payment was canceled by user on Paybox payment page.
2017-12-06 13:47:47 1512564466 DEBUG: URL to check 2
2017-12-06 13:47:47 1512564466 DEBUG: Checking Paybox URL https://tpeweb.paybox.com/load.html
2017-12-06 13:47:47 1512564466 DEBUG:   Valid url found: https://tpeweb.paybox.com/cgi/MYchoix_pagepaiement.cgi
2017-12-06 13:47:47 1512564466 DEBUG: Cart 19764: Redirecting customer to Paybox (CARTE, CB).
2017-12-06 13:48:40 1512564520 DEBUG: Call params: M=5946&R=19764%20-%20Kim%20Blauvelt-van%20Gent&T=772307565&A=649720&B=0&C=MasterCard&D=1811&E=00000&F=Y&G=O&I=NLD&J=44&N=524886&O=Y&P=3DSECURE&Q=13%3A47%3A48&S=755961320&W=06122017&Y=NLD&K=LJyBawaSxLbmYk9Ny7HGBkPl6F9XUX0Cvji4dPGrnnNFOVbc3BHltw1OfBto0DqdX7nKyisk7DqNxfd2F9K7pYUm8MYnNYiJ24Z3srul7ISSCuPDV7bFIQDeRf11zVDdtUawKBgXMjlN4yJC1G%2F6iAPbPSgZqWspwnhdHOLywZY%3D
2017-12-06 13:48:40 1512564520 DEBUG: Cart 19764: Standard IPN
2017-12-06 13:48:40 1512564520 DEBUG: Cart 19764: Validating order
2017-12-06 13:48:41 1512564521 DEBUG: Cart 19764: Customer is back from Paybox payment page. Waiting order validation (loop 0).
2017-12-06 13:48:42 1512564522 DEBUG: Cart 19764: Customer is back from Paybox payment page. Waiting order validation (loop 1).
2017-12-06 13:48:42 1512564520 DEBUG: Cart 19764: Order 1809 / Le paiement a été autorisé et capturé par Paybox.
2017-12-06 13:48:42 1512564522 DEBUG: Call params: M=5946&R=19764%20-%20Kim%20Blauvelt-van%20Gent&T=772307565&A=649720&B=0&C=MasterCard&D=1811&E=00000&F=Y&G=O&I=NLD&J=44&N=524886&O=Y&P=3DSECURE&Q=13%3A47%3A48&S=755961320&W=06122017&Y=NLD&K=LJyBawaSxLbmYk9Ny7HGBkPl6F9XUX0Cvji4dPGrnnNFOVbc3BHltw1OfBto0DqdX7nKyisk7DqNxfd2F9K7pYUm8MYnNYiJ24Z3srul7ISSCuPDV7bFIQDeRf11zVDdtUawKBgXMjlN4yJC1G%2F6iAPbPSgZqWspwnhdHOLywZY%3D
2017-12-06 13:48:42 1512564522 DEBUG: Cart 19764: (IPN) Cart already being validated as order.
2017-12-06 13:48:43 1512564523 DEBUG: Cart 19764: Customer is back from Paybox payment page. Payment success.
