2015-09-13 09:47:54 1442130473 DEBUG: URL to check 2
2015-09-13 09:47:54 1442130473 DEBUG: Checking Paybox URL https://tpeweb.paybox.com/load.html
2015-09-13 09:47:54 1442130473 DEBUG:   Valid url found: https://tpeweb.paybox.com/cgi/MYchoix_pagepaiement.cgi
2015-09-13 09:47:54 1442130473 DEBUG: Cart 58: Redirecting customer to Paybox (CARTE, CB).
2015-09-13 09:55:57 1442130957 DEBUG: Call params: M=2297&R=58%20-%20Celine%20%20DEPOISIER&T=280184235&A=348241&B=0&C=Visa&D=1510&E=00000&G=D&H=8855C27ADB0B2791ACB5D6FCFCBE3306C31C0031&I=FRA&J=&N=&P=CARTE&Q=09%3A47%3A56&S=285617133&W=13092015&Y=FRA&K=OxuA1j4WElj1SfrO7WcIVUGX0uXZDFiNMHxFWnO%2B3u9YAJxY39Adl0kKsOlHV4yE1gG9KqCDDX7lFq82dNekxIB2KRhNLKVlwxOqQWWyOAfwJmowq1OH4vE%2BnZUPj7No3sj2b8uztztECnoWnQco%2B4Orn7iXXyyYuMZVMz4hPcc%3D
2015-09-13 09:55:57 1442130957 DEBUG: Cart 58: Standard IPN
2015-09-13 09:55:57 1442130957 DEBUG: Cart 58: Validating order (PS1.5+)
2015-09-13 09:55:59 1442130957 DEBUG: Cart 58: Order 20 / Le paiement a été autorisé et capturé par Paybox.
on (loop 0).
2015-09-13 09:55:59 1442130959 DEBUG: Cart 58: Customer is back from Paybox payment page. Payment success.
2015-09-13 17:05:47 1442156746 DEBUG: URL to check 2
2015-09-13 17:05:47 1442156746 DEBUG: Checking Paybox URL https://tpeweb.paybox.com/load.html
2015-09-13 17:05:47 1442156746 DEBUG:   Valid url found: https://tpeweb.paybox.com/cgi/MYchoix_pagepaiement.cgi
2015-09-13 17:05:47 1442156746 DEBUG: Cart 60: Redirecting customer to Paybox (CARTE, CB).
2015-09-13 17:06:27 1442156787 DEBUG: Call params: M=9882&R=60%20-%20Julie%20brahmi&T=280226819&A=406313&B=0&C=MasterCard&D=1802&E=00000&G=D&H=61008997D219F29D2480F61E21E82AFDA7F325E2&I=FRA&J=&N=&P=CARTE&Q=17%3A05%3A49&S=285658204&W=13092015&Y=FRA&K=AHQ5LIWn%2FoGYSSqzoAJl9RBX0uQbQJ7AP1zaBI9nuLenfyMPJ%2BgT1aiLTyKSKBHO37bBuSODRJ9gg7ZS5PvpD8It1dw8k5yXwlN9a4mFZ0RQT2Rzn1wAkFevx9co5ry48vefZzRTfdbfdbrK58qvhtYzHLiN%2FvdlXew9qbIuL8g%3D
2015-09-13 17:06:27 1442156787 DEBUG: Cart 60: Standard IPN
2015-09-13 17:06:27 1442156787 DEBUG: Cart 60: Validating order (PS1.5+)
2015-09-13 17:06:29 1442156787 DEBUG: Cart 60: Order 21 / Le paiement a été autorisé et capturé par Paybox.
on (loop 0).
2015-09-13 17:06:30 1442156790 DEBUG: Cart 60: Customer is back from Paybox payment page. Payment success.
