2020-07-11 15:46:02 1594475162 DEBUG: URL to check 2
2020-07-11 15:46:02 1594475162 DEBUG: Checking Verifone e-commerce URL https://tpeweb.paybox.com/load.html
2020-07-11 15:46:02 1594475162 DEBUG:   Valid url found: https://tpeweb.paybox.com/cgi/MYframepagepaiement_ip.cgi
2020-07-11 15:46:02 1594475162 DEBUG: Cart 45873: Redirecting customer to Verifone e-commerce (CARTE, CB).
2020-07-11 18:11:33 1594483893 DEBUG: Cart 45873: Payment was canceled by user on Verifone e-commerce payment page.
2020-07-11 19:55:12 1594490112 DEBUG: URL to check 2
2020-07-11 19:55:12 1594490112 DEBUG: Checking Verifone e-commerce URL https://tpeweb.paybox.com/load.html
2020-07-11 19:55:12 1594490112 DEBUG:   Valid url found: https://tpeweb.paybox.com/cgi/MYframepagepaiement_ip.cgi
2020-07-11 19:55:12 1594490112 DEBUG: Cart 45876: Redirecting customer to Verifone e-commerce (CARTE, CB).
2020-07-11 19:58:29 1594490309 DEBUG: Call params: M=21147&R=45876%20-%20Anais%20%20Garcia&T=1488613176&A=443346&B=0&C=MasterCard&D=2106&E=00000&F=Y&G=O&I=FRA&J=96&N=513162&O=Y&P=CARTE&Q=19%3A55%3A12&S=339611803&W=11072020&Y=FRA&Z=0-0&K=YMyFtwu6iQkxGJVSYjZSZaIemFb0xFg8mnYhb%2BTHL3elarFmUT17BQSZFAcRQudcttRWveaFprCwW55kSyqT7Iq8MLXFTrhV3vEaj6ceCxYxrLCITZDTZgWZJ6Vacono%2FWIssR0IoDWw3g1cYStwPkU1viTjctmCp3XV4R8Zel8%3D
2020-07-11 19:58:29 1594490309 DEBUG: Cart 45876: Standard IPN
2020-07-11 19:58:29 1594490309 DEBUG: Cart 45876: Validating order
2020-07-11 19:58:30 1594490310 DEBUG: Cart 45876: Customer is back from Verifone e-commerce payment page. Waiting order validation (loop 0).
2020-07-11 19:58:31 1594490311 DEBUG: Cart 45876: Customer is back from Verifone e-commerce payment page. Waiting order validation (loop 1).
2020-07-11 19:58:32 1594490312 DEBUG: Cart 45876: Customer is back from Verifone e-commerce payment page. Waiting order validation (loop 2).
2020-07-11 19:58:33 1594490313 DEBUG: Cart 45876: Customer is back from Verifone e-commerce payment page. Waiting order validation (loop 3).
2020-07-11 19:58:33 1594490309 DEBUG: Cart 45876: Order 4920 validated, creating details
2020-07-11 19:58:33 1594490309 DEBUG: Cart 45876: Order 4920 / Le paiement a été autorisé et capturé par Paybox.
2020-07-11 19:58:34 1594490314 DEBUG: Cart 45876: Customer is back from Verifone e-commerce payment page. Payment success.
2020-07-11 20:25:18 1594491918 DEBUG: URL to check 2
2020-07-11 20:25:18 1594491918 DEBUG: Checking Verifone e-commerce URL https://tpeweb.paybox.com/load.html
2020-07-11 20:25:18 1594491918 DEBUG:   Valid url found: https://tpeweb.paybox.com/cgi/MYframepagepaiement_ip.cgi
2020-07-11 20:25:18 1594491918 DEBUG: Cart 45878: Redirecting customer to Verifone e-commerce (CARTE, CB).
